#
# A fatal error has been detected by the Java Runtime Environment:
#
#  EXCEPTION_ACCESS_VIOLATION (0xc0000005) at pc=0x00007ff9e83fe850, pid=11380, tid=6492
#
# JRE version: OpenJDK Runtime Environment (11.0.6+8) (build 11.0.6+8-b520.66)
# Java VM: OpenJDK 64-Bit Server VM (11.0.6+8-b520.66, mixed mode, sharing, tiered, compressed oops, g1 gc, windows-amd64)
# Problematic frame:
# C  [ig9icd64.dll+0x6e850]
#
# No core dump will be written. Minidumps are not enabled by default on client versions of Windows
#
# If you would like to submit a bug report, please visit:
#   http://bugreport.java.com/bugreport/crash.jsp
# The crash happened outside the Java Virtual Machine in native code.
# See problematic frame for where to report the bug.
#

---------------  S U M M A R Y ------------

Command Line: -XX:TieredStopAtLevel=1 -Xverify:none -Dspring.output.ansi.enabled=always -Dcom.sun.management.jmxremote -Dspring.jmx.enabled=true -Dspring.liveBeansView.mbeanDomain -Dspring.application.admin.enabled=true -javaagent:C:\Program Files\JetBrains\IntelliJ IDEA 2019.3.5\lib\idea_rt.jar=52350:C:\Program Files\JetBrains\IntelliJ IDEA 2019.3.5\bin -Dfile.encoding=UTF-8 com.khryniewicki.projectX.ProjectXApplication

Host: Intel(R) Core(TM) i5-7300HQ CPU @ 2.50GHz, 4 cores, 7G,  Windows 10 , 64 bit Build 18362 (10.0.18362.1110)
Time: Sat Dec  5 10:14:00 2020 ?rodkowoeuropejski czas stand. elapsed time: 10 seconds (0d 0h 0m 10s)

---------------  T H R E A D  ---------------

Current thread (0x00000181474bb800):  JavaThread "Game" [_thread_in_native, id=6492, stack(0x0000001fa0000000,0x0000001fa0100000)]

Stack: [0x0000001fa0000000,0x0000001fa0100000],  sp=0x0000001fa00fd7f0,  free space=1013k
Native frames: (J=compiled Java code, j=interpreted, Vv=VM code, C=native code)
C  [ig9icd64.dll+0x6e850]

Java frames: (J=compiled Java code, j=interpreted, Vv=VM code)
j  org.lwjgl.opengl.GL11C.nglTexImage2D(IIIIIIIIJ)V+0
J 4500 c1 com.khryniewicki.projectX.graphics.Texture.getPixels([I)I (171 bytes) @ 0x000001812de3605c [0x000001812de35cc0+0x000000000000039c]
j  com.khryniewicki.projectX.graphics.Texture.load(Ljava/lang/String;)I+87
j  com.khryniewicki.projectX.graphics.Texture.<init>(Ljava/lang/String;)V+7
j  com.khryniewicki.projectX.utils.SpellUtil.<clinit>()V+414
v  ~StubRoutines::call_stub
j  com.khryniewicki.projectX.game.attack.spells.spellbook.fire.Fire.setTexture()V+5
j  com.khryniewicki.projectX.game.attack.spells.spellbook.fire.Fire.<init>()V+9
j  com.khryniewicki.projectX.game.attack.spells.spell_instances.SpellRegistry.fill()V+11
j  com.khryniewicki.projectX.game.user_interface.menu.menus.LoadingMenu.initSpells()V+5
j  com.khryniewicki.projectX.game.user_interface.menu.menus.LoadingMenu.update()V+22
j  com.khryniewicki.projectX.game.engine.GameLoopImp.loop()V+55
j  com.khryniewicki.projectX.game.user_interface.menu.menus.LoadingMenu.execute()V+24
j  com.khryniewicki.projectX.game.engine.Game.initLoadingMenu()V+5
j  com.khryniewicki.projectX.game.engine.Game.run()V+5
j  java.lang.Thread.run()V+11 java.base@11.0.6
v  ~StubRoutines::call_stub

siginfo: EXCEPTION_ACCESS_VIOLATION (0xc0000005), reading address 0x00000181615357e0


Register to memory mapping:

RIP=0x00007ff9e83fe850 ig9icd64.dll
RAX=0x0000000000000053 is an unknown value
RBX=0x0000018164bf6700 points into unknown readable memory: 47 70 4c 00 47 70 4c 00
RCX=0x0 is NULL
RDX=0x00000181615357e0 is an unknown value
RSP=0x0000001fa00fd7f0 is pointing into the stack for thread: 0x00000181474bb800
RBP=0x0000001fa00fd920 is pointing into the stack for thread: 0x00000181474bb800
RSI=0x000000000000055d is an unknown value
RDI=0x0000018164bf9080 points into unknown readable memory: 00 00 00 00 00 00 00 00
R8 =0x0000000000000008 is an unknown value
R9 =0x0 is NULL
R10=0x0000000000000002 is an unknown value
R11=0x0000000000002988 is an unknown value
R12=0x00007ff9e8390000 ig9icd64.dll
R13=0x00000000000001c1 is an unknown value
R14=0x0000000000002988 is an unknown value
R15=0x0000000000000001 is an unknown value


Registers:
RAX=0x0000000000000053, RBX=0x0000018164bf6700, RCX=0x0000000000000000, RDX=0x00000181615357e0
RSP=0x0000001fa00fd7f0, RBP=0x0000001fa00fd920, RSI=0x000000000000055d, RDI=0x0000018164bf9080
R8 =0x0000000000000008, R9 =0x0000000000000000, R10=0x0000000000000002, R11=0x0000000000002988
R12=0x00007ff9e8390000, R13=0x00000000000001c1, R14=0x0000000000002988, R15=0x0000000000000001
RIP=0x00007ff9e83fe850, EFLAGS=0x0000000000010202

Top of Stack: (sp=0x0000001fa00fd7f0)
0x0000001fa00fd7f0:   0000000000000000 0000000000000000
0x0000001fa00fd800:   0000000000000000 0000000000000000
0x0000001fa00fd810:   0000018161532e60 00007ff9e8cdeb20
0x0000001fa00fd820:   0000000000000000 0000001fa00fd920
0x0000001fa00fd830:   0000001fa00fda10 0000000000000000
0x0000001fa00fd840:   0000000000000049 00007ff900000001
0x0000001fa00fd850:   000001816082e040 0000000000000000
0x0000001fa00fd860:   0000000000000001 00007ff9e88dd54c
0x0000001fa00fd870:   00007ff9e8fdc650 0000018147916240
0x0000001fa00fd880:   00000a6200000a62 0000004900000000
0x0000001fa00fd890:   0000298800000004 000001816082e040
0x0000001fa00fd8a0:   00000004480d0049 00000000000029c0
0x0000001fa00fd8b0:   0000018163ee0000 0000000000000000
0x0000001fa00fd8c0:   0000000000000a62 0000000000000a62
0x0000001fa00fd8d0:   0000018144994d00 0000018144994ce0
0x0000001fa00fd8e0:   0000000000000000 0000000000000000 

Instructions: (pc=0x00007ff9e83fe850)
0x00007ff9e83fe750:   c9 49 c1 ea 04 4d 85 d2 0f 84 cd 00 00 00 66 90
0x00007ff9e83fe760:   f3 0f 6f 02 41 ff c1 48 83 c2 10 41 8b c1 66 0f
0x00007ff9e83fe770:   e7 07 48 83 c7 10 49 3b c2 72 e5 e9 ab 00 00 00
0x00007ff9e83fe780:   4d 85 c9 74 6c 66 66 66 0f 1f 84 00 00 00 00 00
0x00007ff9e83fe790:   f3 0f 6f 02 41 ff c2 f3 0f 6f 4a 10 f3 0f 6f 52
0x00007ff9e83fe7a0:   20 f3 0f 6f 5a 30 f3 0f 6f 62 40 f3 0f 6f 6a 50
0x00007ff9e83fe7b0:   f3 0f 6f 72 60 f3 0f 6f 7a 70 48 83 ea 80 66 0f
0x00007ff9e83fe7c0:   e7 07 66 0f e7 4f 10 66 0f e7 57 20 66 0f e7 5f
0x00007ff9e83fe7d0:   30 66 0f e7 67 40 66 0f e7 6f 50 66 0f e7 77 60
0x00007ff9e83fe7e0:   66 0f e7 7f 70 48 83 ef 80 41 8b c2 49 3b c1 72
0x00007ff9e83fe7f0:   9f 41 83 e0 7f 74 34 45 8b d0 44 8b c9 49 c1 ea
0x00007ff9e83fe800:   04 4d 85 d2 74 25 66 66 0f 1f 84 00 00 00 00 00
0x00007ff9e83fe810:   f3 0f 6f 02 41 ff c1 66 0f e7 07 48 83 c7 10 41
0x00007ff9e83fe820:   8b c1 48 83 c2 10 49 3b c2 72 e5 0f 28 74 24 10
0x00007ff9e83fe830:   0f 28 3c 24 41 83 e0 0f 74 49 45 8b d0 44 8b c9
0x00007ff9e83fe840:   49 c1 ea 02 4d 85 d2 74 1e 0f 1f 80 00 00 00 00
0x00007ff9e83fe850:   8b 02 41 ff c1 89 07 48 83 c2 04 48 83 c7 04 41
0x00007ff9e83fe860:   8b c1 49 3b c2 72 e9 41 83 e0 03 76 16 48 2b d7
0x00007ff9e83fe870:   0f b6 04 3a ff c1 88 07 48 8d 7f 01 8b c1 49 3b
0x00007ff9e83fe880:   c0 72 ed 48 83 c4 20 5f c3 cc cc cc cc cc cc cc
0x00007ff9e83fe890:   40 53 48 83 ec 20 48 8b 02 48 8b d9 48 8d 0d 45
0x00007ff9e83fe8a0:   d7 bd 00 4c 8b 40 08 48 3b c1 75 57 48 8d 15 4f
0x00007ff9e83fe8b0:   2a e1 00 b9 38 00 00 00 e8 1f 2f 48 00 33 c9 48
0x00007ff9e83fe8c0:   85 c0 74 28 48 89 08 48 89 48 08 48 89 48 10 48
0x00007ff9e83fe8d0:   89 48 18 89 48 20 c6 40 24 01 48 89 48 28 c6 40
0x00007ff9e83fe8e0:   30 01 48 89 43 30 48 83 c4 20 5b c3 48 8b c1 48
0x00007ff9e83fe8f0:   89 4b 30 48 83 c4 20 5b c3 48 89 43 30 48 83 c4
0x00007ff9e83fe900:   20 5b c3 48 8b ca 49 8b c0 ff 15 e9 bc 9f 00 48
0x00007ff9e83fe910:   89 43 30 48 83 c4 20 5b c3 cc cc cc cc cc cc cc
0x00007ff9e83fe920:   40 53 48 83 ec 20 48 8b da 48 8b d1 48 8b 0b 48
0x00007ff9e83fe930:   85 c9 74 2d 48 8b 01 48 8b 40 10 ff 15 b7 bc 9f
0x00007ff9e83fe940:   00 48 8b 0b 48 85 c9 74 11 48 8b 01 ba 01 00 00 


Stack slot to memory mapping:
stack at sp + 0 slots: 0x0 is NULL
stack at sp + 1 slots: 0x0 is NULL
stack at sp + 2 slots: 0x0 is NULL
stack at sp + 3 slots: 0x0 is NULL
stack at sp + 4 slots: 0x0000018161532e60 is an unknown value
stack at sp + 5 slots: 0x00007ff9e8cdeb20 ig9icd64.dll
stack at sp + 6 slots: 0x0 is NULL
stack at sp + 7 slots: 0x0000001fa00fd920 is pointing into the stack for thread: 0x00000181474bb800


---------------  P R O C E S S  ---------------

Threads class SMR info:
_java_thread_list=0x0000018147e542c0, length=21, elements={
0x000001814378f800, 0x0000018143792000, 0x00000181437b2000, 0x00000181437b3000,
0x00000181437b4000, 0x00000181437b7000, 0x000001814376e800, 0x0000018144824000,
0x0000018144824800, 0x0000018144981000, 0x0000018144c3f800, 0x0000018145466800,
0x0000018145bbf800, 0x000001814731a800, 0x00000181474bb800, 0x00000181474b7800,
0x00000181474c1800, 0x00000181474c0800, 0x00000181474bf000, 0x00000181474b6000,
0x00000181474b9000
}

Java Threads: ( => current thread )
  0x000001814378f800 JavaThread "Reference Handler" daemon [_thread_blocked, id=1012, stack(0x0000001f9da00000,0x0000001f9db00000)]
  0x0000018143792000 JavaThread "Finalizer" daemon [_thread_blocked, id=14252, stack(0x0000001f9db00000,0x0000001f9dc00000)]
  0x00000181437b2000 JavaThread "Signal Dispatcher" daemon [_thread_blocked, id=13672, stack(0x0000001f9dc00000,0x0000001f9dd00000)]
  0x00000181437b3000 JavaThread "Attach Listener" daemon [_thread_blocked, id=3636, stack(0x0000001f9dd00000,0x0000001f9de00000)]
  0x00000181437b4000 JavaThread "C1 CompilerThread0" daemon [_thread_blocked, id=13512, stack(0x0000001f9de00000,0x0000001f9df00000)]
  0x00000181437b7000 JavaThread "Sweeper thread" daemon [_thread_blocked, id=15308, stack(0x0000001f9df00000,0x0000001f9e000000)]
  0x000001814376e800 JavaThread "Common-Cleaner" daemon [_thread_blocked, id=4156, stack(0x0000001f9e000000,0x0000001f9e100000)]
  0x0000018144824000 JavaThread "Monitor Ctrl-Break" daemon [_thread_in_native, id=7736, stack(0x0000001f9e100000,0x0000001f9e200000)]
  0x0000018144824800 JavaThread "Service Thread" daemon [_thread_blocked, id=11420, stack(0x0000001f9e200000,0x0000001f9e300000)]
  0x0000018144981000 JavaThread "RMI TCP Accept-0" daemon [_thread_in_native, id=13720, stack(0x0000001f9e300000,0x0000001f9e400000)]
  0x0000018144c3f800 JavaThread "RMI TCP Connection(1)-192.168.99.1" daemon [_thread_in_native, id=14800, stack(0x0000001f9eb00000,0x0000001f9ec00000)]
  0x0000018145466800 JavaThread "RMI Scheduler(0)" daemon [_thread_blocked, id=5308, stack(0x0000001f9ec00000,0x0000001f9ed00000)]
  0x0000018145bbf800 JavaThread "Timer-0" [_thread_blocked, id=2096, stack(0x0000001f9ef00000,0x0000001f9f000000)]
  0x000001814731a800 JavaThread "Live Reload Server" daemon [_thread_in_native, id=9636, stack(0x0000001f9f300000,0x0000001f9f400000)]
=>0x00000181474bb800 JavaThread "Game" [_thread_in_native, id=6492, stack(0x0000001fa0000000,0x0000001fa0100000)]
  0x00000181474b7800 JavaThread "DestroyJavaVM" [_thread_blocked, id=9004, stack(0x0000001f9d300000,0x0000001f9d400000)]
  0x00000181474c1800 JavaThread "RMI TCP Connection(2)-192.168.99.1" daemon [_thread_in_native, id=13964, stack(0x0000001fa0800000,0x0000001fa0900000)]
  0x00000181474c0800 JavaThread "Java2D Disposer" daemon [_thread_blocked, id=1432, stack(0x0000001fa0900000,0x0000001fa0a00000)]
  0x00000181474bf000 JavaThread "RMI TCP Connection(3)-192.168.99.1" daemon [_thread_in_native, id=10116, stack(0x0000001fa0a00000,0x0000001fa0b00000)]
  0x00000181474b6000 JavaThread "Thread-6" [_thread_blocked, id=13920, stack(0x0000001fa0700000,0x0000001fa0800000)]
  0x00000181474b9000 JavaThread "restartedMain" [_thread_in_Java, id=10372, stack(0x0000001f9ed00000,0x0000001f9ee00000)]

Other Threads:
  0x0000018143788000 VMThread "VM Thread" [stack: 0x0000001f9d900000,0x0000001f9da00000] [id=5356]
  0x0000018144299800 WatcherThread [stack: 0x0000001f9e600000,0x0000001f9e700000] [id=14484]
  0x000001812777b800 GCTaskThread "GC Thread#0" [stack: 0x0000001f9d400000,0x0000001f9d500000] [id=9796]
  0x00000181449a1800 GCTaskThread "GC Thread#1" [stack: 0x0000001f9e400000,0x0000001f9e500000] [id=8060]
  0x00000181449a2000 GCTaskThread "GC Thread#2" [stack: 0x0000001f9e500000,0x0000001f9e600000] [id=4900]
  0x00000181453dd000 GCTaskThread "GC Thread#3" [stack: 0x0000001f9ea00000,0x0000001f9eb00000] [id=3728]
  0x00000181277aa000 ConcurrentGCThread "G1 Main Marker" [stack: 0x0000001f9d500000,0x0000001f9d600000] [id=3028]
  0x00000181277ab800 ConcurrentGCThread "G1 Conc#0" [stack: 0x0000001f9d600000,0x0000001f9d700000] [id=5960]
  0x0000018143621800 ConcurrentGCThread "G1 Refine#0" [stack: 0x0000001f9d700000,0x0000001f9d800000] [id=1996]
  0x0000018143622800 ConcurrentGCThread "G1 Young RemSet Sampling" [stack: 0x0000001f9d800000,0x0000001f9d900000] [id=1952]

Threads with active compile tasks:

VM state:not at safepoint (normal execution)

VM Mutex/Monitor currently owned by a thread: None

Heap address: 0x0000000081c00000, size: 2020 MB, Compressed Oops mode: 32-bit
Narrow klass base: 0x0000000800000000, Narrow klass shift: 3
Compressed class space size: 1073741824 Address: 0x0000000840000000

Heap:
 garbage-first heap   total 290816K, used 186658K [0x0000000081c00000, 0x0000000100000000)
  region size 1024K, 16 young (16384K), 1 survivors (1024K)
 Metaspace       used 39908K, capacity 41382K, committed 41600K, reserved 1085440K
  class space    used 5015K, capacity 5638K, committed 5760K, reserved 1048576K
Heap Regions: E=young(eden), S=young(survivor), O=old, HS=humongous(starts), HC=humongous(continues), CS=collection set, F=free, A=archive, TAMS=top-at-mark-start (previous, next)
|   0|0x0000000081c00000, 0x0000000081cfffb0, 0x0000000081d00000| 99%| O|  |TAMS 0x0000000081c00000, 0x0000000081c00000| Untracked 
|   1|0x0000000081d00000, 0x0000000081e00000, 0x0000000081e00000|100%| O|  |TAMS 0x0000000081d00000, 0x0000000081d00000| Untracked 
|   2|0x0000000081e00000, 0x0000000081effff0, 0x0000000081f00000| 99%| O|  |TAMS 0x0000000081e00000, 0x0000000081e00000| Untracked 
|   3|0x0000000081f00000, 0x0000000081fffff0, 0x0000000082000000| 99%| O|  |TAMS 0x0000000081f00000, 0x0000000081f00000| Untracked 
|   4|0x0000000082000000, 0x00000000820fffe8, 0x0000000082100000| 99%| O|  |TAMS 0x0000000082000000, 0x0000000082000000| Untracked 
|   5|0x0000000082100000, 0x0000000082200000, 0x0000000082200000|100%| O|  |TAMS 0x0000000082100000, 0x0000000082100000| Untracked 
|   6|0x0000000082200000, 0x0000000082300000, 0x0000000082300000|100%| O|  |TAMS 0x0000000082200000, 0x0000000082200000| Untracked 
|   7|0x0000000082300000, 0x00000000823fffd0, 0x0000000082400000| 99%| O|  |TAMS 0x0000000082300000, 0x0000000082300000| Untracked 
|   8|0x0000000082400000, 0x00000000824fffe8, 0x0000000082500000| 99%| O|  |TAMS 0x0000000082400000, 0x0000000082400000| Untracked 
|   9|0x0000000082500000, 0x00000000825fffe0, 0x0000000082600000| 99%| O|  |TAMS 0x0000000082500000, 0x0000000082500000| Untracked 
|  10|0x0000000082600000, 0x00000000826fffe8, 0x0000000082700000| 99%| O|  |TAMS 0x0000000082600000, 0x0000000082600000| Untracked 
|  11|0x0000000082700000, 0x00000000827fff68, 0x0000000082800000| 99%| O|  |TAMS 0x0000000082700000, 0x0000000082700000| Untracked 
|  12|0x0000000082800000, 0x00000000828fffe0, 0x0000000082900000| 99%| O|  |TAMS 0x0000000082800000, 0x0000000082800000| Untracked 
|  13|0x0000000082900000, 0x00000000829ffff0, 0x0000000082a00000| 99%| O|  |TAMS 0x0000000082900000, 0x0000000082900000| Untracked 
|  14|0x0000000082a00000, 0x0000000082b00000, 0x0000000082b00000|100%|HS|  |TAMS 0x0000000082a00000, 0x0000000082a00000| Untracked 
|  15|0x0000000082b00000, 0x0000000082c00000, 0x0000000082c00000|100%|HC|  |TAMS 0x0000000082b00000, 0x0000000082b00000| Untracked 
|  16|0x0000000082c00000, 0x0000000082d00000, 0x0000000082d00000|100%|HC|  |TAMS 0x0000000082c00000, 0x0000000082c00000| Untracked 
|  17|0x0000000082d00000, 0x0000000082e00000, 0x0000000082e00000|100%|HC|  |TAMS 0x0000000082d00000, 0x0000000082d00000| Untracked 
|  18|0x0000000082e00000, 0x0000000082f00000, 0x0000000082f00000|100%|HC|  |TAMS 0x0000000082e00000, 0x0000000082e00000| Untracked 
|  19|0x0000000082f00000, 0x0000000082fb9d20, 0x0000000083000000| 72%| O|  |TAMS 0x0000000082f00000, 0x0000000082f00000| Untracked 
|  20|0x0000000083000000, 0x00000000830d8050, 0x0000000083100000| 84%| O|  |TAMS 0x0000000083000000, 0x0000000083000000| Untracked 
|  21|0x0000000083100000, 0x0000000083200000, 0x0000000083200000|100%|HS|  |TAMS 0x0000000083100000, 0x0000000083100000| Untracked 
|  22|0x0000000083200000, 0x00000000832b8160, 0x0000000083300000| 71%| O|  |TAMS 0x0000000083200000, 0x0000000083200000| Untracked 
|  23|0x0000000083300000, 0x0000000083400000, 0x0000000083400000|100%|HS|  |TAMS 0x0000000083300000, 0x0000000083300000| Untracked 
|  24|0x0000000083400000, 0x00000000834ff830, 0x0000000083500000| 99%| O|  |TAMS 0x0000000083400000, 0x0000000083400000| Untracked 
|  25|0x0000000083500000, 0x000000008353c398, 0x0000000083600000| 23%| O|  |TAMS 0x0000000083500000, 0x0000000083500000| Untracked 
|  26|0x0000000083600000, 0x0000000083700000, 0x0000000083700000|100%|HS|  |TAMS 0x0000000083600000, 0x0000000083600000| Untracked 
|  27|0x0000000083700000, 0x0000000083800000, 0x0000000083800000|100%|HC|  |TAMS 0x0000000083700000, 0x0000000083700000| Untracked 
|  28|0x0000000083800000, 0x0000000083900000, 0x0000000083900000|100%|HC|  |TAMS 0x0000000083800000, 0x0000000083800000| Untracked 
|  29|0x0000000083900000, 0x0000000083a00000, 0x0000000083a00000|100%|HS|  |TAMS 0x0000000083900000, 0x0000000083900000| Untracked 
|  30|0x0000000083a00000, 0x0000000083b00000, 0x0000000083b00000|100%|HC|  |TAMS 0x0000000083a00000, 0x0000000083a00000| Untracked 
|  31|0x0000000083b00000, 0x0000000083c00000, 0x0000000083c00000|100%|HC|  |TAMS 0x0000000083b00000, 0x0000000083b00000| Untracked 
|  32|0x0000000083c00000, 0x0000000083d00000, 0x0000000083d00000|100%|HC|  |TAMS 0x0000000083c00000, 0x0000000083c00000| Untracked 
|  33|0x0000000083d00000, 0x0000000083e00000, 0x0000000083e00000|100%|HC|  |TAMS 0x0000000083d00000, 0x0000000083d00000| Untracked 
|  34|0x0000000083e00000, 0x0000000083f00000, 0x0000000083f00000|100%|HS|  |TAMS 0x0000000083e00000, 0x0000000083e00000| Untracked 
|  35|0x0000000083f00000, 0x0000000084000000, 0x0000000084000000|100%|HC|  |TAMS 0x0000000083f00000, 0x0000000083f00000| Untracked 
|  36|0x0000000084000000, 0x0000000084100000, 0x0000000084100000|100%|HC|  |TAMS 0x0000000084000000, 0x0000000084000000| Untracked 
|  37|0x0000000084100000, 0x0000000084200000, 0x0000000084200000|100%|HC|  |TAMS 0x0000000084100000, 0x0000000084100000| Untracked 
|  38|0x0000000084200000, 0x0000000084300000, 0x0000000084300000|100%|HC|  |TAMS 0x0000000084200000, 0x0000000084200000| Untracked 
|  39|0x0000000084300000, 0x0000000084400000, 0x0000000084400000|100%|HC|  |TAMS 0x0000000084300000, 0x0000000084300000| Untracked 
|  40|0x0000000084400000, 0x0000000084500000, 0x0000000084500000|100%|HC|  |TAMS 0x0000000084400000, 0x0000000084400000| Untracked 
|  41|0x0000000084500000, 0x0000000084600000, 0x0000000084600000|100%|HC|  |TAMS 0x0000000084500000, 0x0000000084500000| Untracked 
|  42|0x0000000084600000, 0x0000000084700000, 0x0000000084700000|100%|HS|  |TAMS 0x0000000084600000, 0x0000000084600000| Untracked 
|  43|0x0000000084700000, 0x0000000084800000, 0x0000000084800000|100%|HC|  |TAMS 0x0000000084700000, 0x0000000084700000| Untracked 
|  44|0x0000000084800000, 0x0000000084900000, 0x0000000084900000|100%|HS|  |TAMS 0x0000000084800000, 0x0000000084800000| Untracked 
|  45|0x0000000084900000, 0x0000000084a00000, 0x0000000084a00000|100%|HC|  |TAMS 0x0000000084900000, 0x0000000084900000| Untracked 
|  46|0x0000000084a00000, 0x0000000084b00000, 0x0000000084b00000|100%|HC|  |TAMS 0x0000000084a00000, 0x0000000084a00000| Untracked 
|  47|0x0000000084b00000, 0x0000000084c00000, 0x0000000084c00000|100%|HC|  |TAMS 0x0000000084b00000, 0x0000000084b00000| Untracked 
|  48|0x0000000084c00000, 0x0000000084d00000, 0x0000000084d00000|100%|HC|  |TAMS 0x0000000084c00000, 0x0000000084c00000| Untracked 
|  49|0x0000000084d00000, 0x0000000084e00000, 0x0000000084e00000|100%|HS|  |TAMS 0x0000000084d00000, 0x0000000084d00000| Untracked 
|  50|0x0000000084e00000, 0x0000000084f00000, 0x0000000084f00000|100%|HC|  |TAMS 0x0000000084e00000, 0x0000000084e00000| Untracked 
|  51|0x0000000084f00000, 0x0000000085000000, 0x0000000085000000|100%|HC|  |TAMS 0x0000000084f00000, 0x0000000084f00000| Untracked 
|  52|0x0000000085000000, 0x0000000085100000, 0x0000000085100000|100%|HS|  |TAMS 0x0000000085000000, 0x0000000085000000| Untracked 
|  53|0x0000000085100000, 0x0000000085190b10, 0x0000000085200000| 56%| O|  |TAMS 0x0000000085100000, 0x0000000085100000| Untracked 
|  54|0x0000000085200000, 0x0000000085300000, 0x0000000085300000|100%|HS|  |TAMS 0x0000000085200000, 0x0000000085200000| Untracked 
|  55|0x0000000085300000, 0x0000000085400000, 0x0000000085400000|100%|HC|  |TAMS 0x0000000085300000, 0x0000000085300000| Untracked 
|  56|0x0000000085400000, 0x0000000085500000, 0x0000000085500000|100%|HC|  |TAMS 0x0000000085400000, 0x0000000085400000| Untracked 
|  57|0x0000000085500000, 0x0000000085600000, 0x0000000085600000|100%|HS|  |TAMS 0x0000000085500000, 0x0000000085500000| Untracked 
|  58|0x0000000085600000, 0x0000000085700000, 0x0000000085700000|100%|HC|  |TAMS 0x0000000085600000, 0x0000000085600000| Untracked 
|  59|0x0000000085700000, 0x0000000085800000, 0x0000000085800000|100%|HC|  |TAMS 0x0000000085700000, 0x0000000085700000| Untracked 
|  60|0x0000000085800000, 0x0000000085900000, 0x0000000085900000|100%|HC|  |TAMS 0x0000000085800000, 0x0000000085800000| Untracked 
|  61|0x0000000085900000, 0x0000000085a00000, 0x0000000085a00000|100%|HS|  |TAMS 0x0000000085900000, 0x0000000085900000| Untracked 
|  62|0x0000000085a00000, 0x0000000085b00000, 0x0000000085b00000|100%|HC|  |TAMS 0x0000000085a00000, 0x0000000085a00000| Untracked 
|  63|0x0000000085b00000, 0x0000000085c00000, 0x0000000085c00000|100%|HC|  |TAMS 0x0000000085b00000, 0x0000000085b00000| Untracked 
|  64|0x0000000085c00000, 0x0000000085d00000, 0x0000000085d00000|100%|HC|  |TAMS 0x0000000085c00000, 0x0000000085c00000| Untracked 
|  65|0x0000000085d00000, 0x0000000085e00000, 0x0000000085e00000|100%|HS|  |TAMS 0x0000000085d00000, 0x0000000085d00000| Untracked 
|  66|0x0000000085e00000, 0x0000000085f00000, 0x0000000085f00000|100%|HC|  |TAMS 0x0000000085e00000, 0x0000000085e00000| Untracked 
|  67|0x0000000085f00000, 0x0000000086000000, 0x0000000086000000|100%|HS|  |TAMS 0x0000000085f00000, 0x0000000085f00000| Untracked 
|  68|0x0000000086000000, 0x0000000086100000, 0x0000000086100000|100%|HC|  |TAMS 0x0000000086000000, 0x0000000086000000| Untracked 
|  69|0x0000000086100000, 0x0000000086200000, 0x0000000086200000|100%|HC|  |TAMS 0x0000000086100000, 0x0000000086100000| Untracked 
|  70|0x0000000086200000, 0x0000000086300000, 0x0000000086300000|100%|HC|  |TAMS 0x0000000086200000, 0x0000000086200000| Untracked 
|  71|0x0000000086300000, 0x0000000086400000, 0x0000000086400000|100%|HC|  |TAMS 0x0000000086300000, 0x0000000086300000| Untracked 
|  72|0x0000000086400000, 0x0000000086500000, 0x0000000086500000|100%|HS|  |TAMS 0x0000000086400000, 0x0000000086400000| Untracked 
|  73|0x0000000086500000, 0x0000000086600000, 0x0000000086600000|100%|HC|  |TAMS 0x0000000086500000, 0x0000000086500000| Untracked 
|  74|0x0000000086600000, 0x0000000086700000, 0x0000000086700000|100%|HC|  |TAMS 0x0000000086600000, 0x0000000086600000| Untracked 
|  75|0x0000000086700000, 0x0000000086800000, 0x0000000086800000|100%|HC|  |TAMS 0x0000000086700000, 0x0000000086700000| Untracked 
|  76|0x0000000086800000, 0x0000000086900000, 0x0000000086900000|100%|HC|  |TAMS 0x0000000086800000, 0x0000000086800000| Untracked 
|  77|0x0000000086900000, 0x0000000086a00000, 0x0000000086a00000|100%|HC|  |TAMS 0x0000000086900000, 0x0000000086900000| Untracked 
|  78|0x0000000086a00000, 0x0000000086b00000, 0x0000000086b00000|100%|HC|  |TAMS 0x0000000086a00000, 0x0000000086a00000| Untracked 
|  79|0x0000000086b00000, 0x0000000086c00000, 0x0000000086c00000|100%|HC|  |TAMS 0x0000000086b00000, 0x0000000086b00000| Untracked 
|  80|0x0000000086c00000, 0x0000000086d00000, 0x0000000086d00000|100%|HC|  |TAMS 0x0000000086c00000, 0x0000000086c00000| Untracked 
|  81|0x0000000086d00000, 0x0000000086e00000, 0x0000000086e00000|100%|HC|  |TAMS 0x0000000086d00000, 0x0000000086d00000| Untracked 
|  82|0x0000000086e00000, 0x0000000086f00000, 0x0000000086f00000|100%|HC|  |TAMS 0x0000000086e00000, 0x0000000086e00000| Untracked 
|  83|0x0000000086f00000, 0x0000000087000000, 0x0000000087000000|100%|HC|  |TAMS 0x0000000086f00000, 0x0000000086f00000| Untracked 
|  84|0x0000000087000000, 0x0000000087100000, 0x0000000087100000|100%|HC|  |TAMS 0x0000000087000000, 0x0000000087000000| Untracked 
|  85|0x0000000087100000, 0x0000000087200000, 0x0000000087200000|100%|HS|  |TAMS 0x0000000087100000, 0x0000000087100000| Untracked 
|  86|0x0000000087200000, 0x0000000087300000, 0x0000000087300000|100%|HC|  |TAMS 0x0000000087200000, 0x0000000087200000| Untracked 
|  87|0x0000000087300000, 0x0000000087400000, 0x0000000087400000|100%|HC|  |TAMS 0x0000000087300000, 0x0000000087300000| Untracked 
|  88|0x0000000087400000, 0x0000000087500000, 0x0000000087500000|100%|HC|  |TAMS 0x0000000087400000, 0x0000000087400000| Untracked 
|  89|0x0000000087500000, 0x0000000087600000, 0x0000000087600000|100%|HC|  |TAMS 0x0000000087500000, 0x0000000087500000| Untracked 
|  90|0x0000000087600000, 0x0000000087700000, 0x0000000087700000|100%|HC|  |TAMS 0x0000000087600000, 0x0000000087600000| Untracked 
|  91|0x0000000087700000, 0x0000000087800000, 0x0000000087800000|100%|HC|  |TAMS 0x0000000087700000, 0x0000000087700000| Untracked 
|  92|0x0000000087800000, 0x0000000087900000, 0x0000000087900000|100%|HC|  |TAMS 0x0000000087800000, 0x0000000087800000| Untracked 
|  93|0x0000000087900000, 0x0000000087a00000, 0x0000000087a00000|100%|HC|  |TAMS 0x0000000087900000, 0x0000000087900000| Untracked 
|  94|0x0000000087a00000, 0x0000000087b00000, 0x0000000087b00000|100%|HC|  |TAMS 0x0000000087a00000, 0x0000000087a00000| Untracked 
|  95|0x0000000087b00000, 0x0000000087c00000, 0x0000000087c00000|100%|HC|  |TAMS 0x0000000087b00000, 0x0000000087b00000| Untracked 
|  96|0x0000000087c00000, 0x0000000087d00000, 0x0000000087d00000|100%|HC|  |TAMS 0x0000000087c00000, 0x0000000087c00000| Untracked 
|  97|0x0000000087d00000, 0x0000000087e00000, 0x0000000087e00000|100%|HC|  |TAMS 0x0000000087d00000, 0x0000000087d00000| Untracked 
|  98|0x0000000087e00000, 0x0000000087ef7600, 0x0000000087f00000| 96%| O|  |TAMS 0x0000000087e00000, 0x0000000087e00000| Untracked 
|  99|0x0000000087f00000, 0x0000000088000000, 0x0000000088000000|100%|HS|  |TAMS 0x0000000087f00000, 0x0000000087f00000| Untracked 
| 100|0x0000000088000000, 0x0000000088100000, 0x0000000088100000|100%|HC|  |TAMS 0x0000000088000000, 0x0000000088000000| Untracked 
| 101|0x0000000088100000, 0x0000000088200000, 0x0000000088200000|100%|HC|  |TAMS 0x0000000088100000, 0x0000000088100000| Untracked 
| 102|0x0000000088200000, 0x0000000088300000, 0x0000000088300000|100%|HC|  |TAMS 0x0000000088200000, 0x0000000088200000| Untracked 
| 103|0x0000000088300000, 0x0000000088400000, 0x0000000088400000|100%|HC|  |TAMS 0x0000000088300000, 0x0000000088300000| Untracked 
| 104|0x0000000088400000, 0x0000000088500000, 0x0000000088500000|100%|HS|  |TAMS 0x0000000088400000, 0x0000000088400000| Untracked 
| 105|0x0000000088500000, 0x000000008856c228, 0x0000000088600000| 42%| O|  |TAMS 0x0000000088500000, 0x0000000088500000| Untracked 
| 106|0x0000000088600000, 0x0000000088700000, 0x0000000088700000|100%|HS|  |TAMS 0x0000000088600000, 0x0000000088600000| Untracked 
| 107|0x0000000088700000, 0x0000000088800000, 0x0000000088800000|100%|HC|  |TAMS 0x0000000088700000, 0x0000000088700000| Untracked 
| 108|0x0000000088800000, 0x0000000088900000, 0x0000000088900000|100%|HC|  |TAMS 0x0000000088800000, 0x0000000088800000| Untracked 
| 109|0x0000000088900000, 0x0000000088a00000, 0x0000000088a00000|100%|HS|  |TAMS 0x0000000088900000, 0x0000000088900000| Untracked 
| 110|0x0000000088a00000, 0x0000000088b00000, 0x0000000088b00000|100%|HC|  |TAMS 0x0000000088a00000, 0x0000000088a00000| Untracked 
| 111|0x0000000088b00000, 0x0000000088c00000, 0x0000000088c00000|100%|HC|  |TAMS 0x0000000088b00000, 0x0000000088b00000| Untracked 
| 112|0x0000000088c00000, 0x0000000088d00000, 0x0000000088d00000|100%|HC|  |TAMS 0x0000000088c00000, 0x0000000088c00000| Untracked 
| 113|0x0000000088d00000, 0x0000000088e00000, 0x0000000088e00000|100%|HC|  |TAMS 0x0000000088d00000, 0x0000000088d00000| Untracked 
| 114|0x0000000088e00000, 0x0000000088f00000, 0x0000000088f00000|100%|HC|  |TAMS 0x0000000088e00000, 0x0000000088e00000| Untracked 
| 115|0x0000000088f00000, 0x0000000089000000, 0x0000000089000000|100%|HC|  |TAMS 0x0000000088f00000, 0x0000000088f00000| Untracked 
| 116|0x0000000089000000, 0x0000000089100000, 0x0000000089100000|100%|HS|  |TAMS 0x0000000089000000, 0x0000000089000000| Untracked 
| 117|0x0000000089100000, 0x0000000089200000, 0x0000000089200000|100%|HC|  |TAMS 0x0000000089100000, 0x0000000089100000| Untracked 
| 118|0x0000000089200000, 0x0000000089300000, 0x0000000089300000|100%|HC|  |TAMS 0x0000000089200000, 0x0000000089200000| Untracked 
| 119|0x0000000089300000, 0x0000000089400000, 0x0000000089400000|100%|HC|  |TAMS 0x0000000089300000, 0x0000000089300000| Untracked 
| 120|0x0000000089400000, 0x0000000089500000, 0x0000000089500000|100%|HC|  |TAMS 0x0000000089400000, 0x0000000089400000| Untracked 
| 121|0x0000000089500000, 0x0000000089600000, 0x0000000089600000|100%|HC|  |TAMS 0x0000000089500000, 0x0000000089500000| Untracked 
| 122|0x0000000089600000, 0x0000000089700000, 0x0000000089700000|100%|HC|  |TAMS 0x0000000089600000, 0x0000000089600000| Untracked 
| 123|0x0000000089700000, 0x0000000089800000, 0x0000000089800000|100%|HC|  |TAMS 0x0000000089700000, 0x0000000089700000| Untracked 
| 124|0x0000000089800000, 0x0000000089900000, 0x0000000089900000|100%|HC|  |TAMS 0x0000000089800000, 0x0000000089800000| Untracked 
| 125|0x0000000089900000, 0x0000000089a00000, 0x0000000089a00000|100%|HC|  |TAMS 0x0000000089900000, 0x0000000089900000| Untracked 
| 126|0x0000000089a00000, 0x0000000089b00000, 0x0000000089b00000|100%|HC|  |TAMS 0x0000000089a00000, 0x0000000089a00000| Untracked 
| 127|0x0000000089b00000, 0x0000000089c00000, 0x0000000089c00000|100%|HC|  |TAMS 0x0000000089b00000, 0x0000000089b00000| Untracked 
| 128|0x0000000089c00000, 0x0000000089d00000, 0x0000000089d00000|100%|HC|  |TAMS 0x0000000089c00000, 0x0000000089c00000| Untracked 
| 129|0x0000000089d00000, 0x0000000089e00000, 0x0000000089e00000|100%|HC|  |TAMS 0x0000000089d00000, 0x0000000089d00000| Untracked 
| 130|0x0000000089e00000, 0x0000000089f00000, 0x0000000089f00000|100%|HC|  |TAMS 0x0000000089e00000, 0x0000000089e00000| Untracked 
| 131|0x0000000089f00000, 0x000000008a000000, 0x000000008a000000|100%|HC|  |TAMS 0x0000000089f00000, 0x0000000089f00000| Untracked 
| 132|0x000000008a000000, 0x000000008a100000, 0x000000008a100000|100%|HC|  |TAMS 0x000000008a000000, 0x000000008a000000| Untracked 
| 133|0x000000008a100000, 0x000000008a200000, 0x000000008a200000|100%|HC|  |TAMS 0x000000008a100000, 0x000000008a100000| Untracked 
| 134|0x000000008a200000, 0x000000008a300000, 0x000000008a300000|100%|HC|  |TAMS 0x000000008a200000, 0x000000008a200000| Untracked 
| 135|0x000000008a300000, 0x000000008a400000, 0x000000008a400000|100%|HC|  |TAMS 0x000000008a300000, 0x000000008a300000| Untracked 
| 136|0x000000008a400000, 0x000000008a500000, 0x000000008a500000|100%|HC|  |TAMS 0x000000008a400000, 0x000000008a400000| Untracked 
| 137|0x000000008a500000, 0x000000008a600000, 0x000000008a600000|100%|HC|  |TAMS 0x000000008a500000, 0x000000008a500000| Untracked 
| 138|0x000000008a600000, 0x000000008a700000, 0x000000008a700000|100%|HC|  |TAMS 0x000000008a600000, 0x000000008a600000| Untracked 
| 139|0x000000008a700000, 0x000000008a800000, 0x000000008a800000|100%|HC|  |TAMS 0x000000008a700000, 0x000000008a700000| Untracked 
| 140|0x000000008a800000, 0x000000008a900000, 0x000000008a900000|100%|HC|  |TAMS 0x000000008a800000, 0x000000008a800000| Untracked 
| 141|0x000000008a900000, 0x000000008aa00000, 0x000000008aa00000|100%|HC|  |TAMS 0x000000008a900000, 0x000000008a900000| Untracked 
| 142|0x000000008aa00000, 0x000000008ab00000, 0x000000008ab00000|100%|HC|  |TAMS 0x000000008aa00000, 0x000000008aa00000| Untracked 
| 143|0x000000008ab00000, 0x000000008ac00000, 0x000000008ac00000|100%|HS|  |TAMS 0x000000008ab00000, 0x000000008ab00000| Untracked 
| 144|0x000000008ac00000, 0x000000008ad00000, 0x000000008ad00000|100%|HC|  |TAMS 0x000000008ac00000, 0x000000008ac00000| Untracked 
| 145|0x000000008ad00000, 0x000000008ae00000, 0x000000008ae00000|100%|HC|  |TAMS 0x000000008ad00000, 0x000000008ad00000| Untracked 
| 146|0x000000008ae00000, 0x000000008af00000, 0x000000008af00000|100%|HC|  |TAMS 0x000000008ae00000, 0x000000008ae00000| Untracked 
| 147|0x000000008af00000, 0x000000008b000000, 0x000000008b000000|100%|HC|  |TAMS 0x000000008af00000, 0x000000008af00000| Untracked 
| 148|0x000000008b000000, 0x000000008b100000, 0x000000008b100000|100%|HC|  |TAMS 0x000000008b000000, 0x000000008b000000| Untracked 
| 149|0x000000008b100000, 0x000000008b200000, 0x000000008b200000|100%|HC|  |TAMS 0x000000008b100000, 0x000000008b100000| Untracked 
| 150|0x000000008b200000, 0x000000008b300000, 0x000000008b300000|100%|HC|  |TAMS 0x000000008b200000, 0x000000008b200000| Untracked 
| 151|0x000000008b300000, 0x000000008b400000, 0x000000008b400000|100%|HC|  |TAMS 0x000000008b300000, 0x000000008b300000| Untracked 
| 152|0x000000008b400000, 0x000000008b500000, 0x000000008b500000|100%|HC|  |TAMS 0x000000008b400000, 0x000000008b400000| Untracked 
| 153|0x000000008b500000, 0x000000008b600000, 0x000000008b600000|100%|HC|  |TAMS 0x000000008b500000, 0x000000008b500000| Untracked 
| 154|0x000000008b600000, 0x000000008b700000, 0x000000008b700000|100%|HC|  |TAMS 0x000000008b600000, 0x000000008b600000| Untracked 
| 155|0x000000008b700000, 0x000000008b800000, 0x000000008b800000|100%|HC|  |TAMS 0x000000008b700000, 0x000000008b700000| Untracked 
| 156|0x000000008b800000, 0x000000008b900000, 0x000000008b900000|100%|HC|  |TAMS 0x000000008b800000, 0x000000008b800000| Untracked 
| 157|0x000000008b900000, 0x000000008ba00000, 0x000000008ba00000|100%|HC|  |TAMS 0x000000008b900000, 0x000000008b900000| Untracked 
| 158|0x000000008ba00000, 0x000000008bb00000, 0x000000008bb00000|100%|HC|  |TAMS 0x000000008ba00000, 0x000000008ba00000| Untracked 
| 159|0x000000008bb00000, 0x000000008bc00000, 0x000000008bc00000|100%|HC|  |TAMS 0x000000008bb00000, 0x000000008bb00000| Untracked 
| 160|0x000000008bc00000, 0x000000008bd00000, 0x000000008bd00000|100%|HC|  |TAMS 0x000000008bc00000, 0x000000008bc00000| Untracked 
| 161|0x000000008bd00000, 0x000000008be00000, 0x000000008be00000|100%|HC|  |TAMS 0x000000008bd00000, 0x000000008bd00000| Untracked 
| 162|0x000000008be00000, 0x000000008bf00000, 0x000000008bf00000|100%|HC|  |TAMS 0x000000008be00000, 0x000000008be00000| Untracked 
| 163|0x000000008bf00000, 0x000000008c000000, 0x000000008c000000|100%|HC|  |TAMS 0x000000008bf00000, 0x000000008bf00000| Untracked 
| 164|0x000000008c000000, 0x000000008c100000, 0x000000008c100000|100%|HC|  |TAMS 0x000000008c000000, 0x000000008c000000| Untracked 
| 165|0x000000008c100000, 0x000000008c200000, 0x000000008c200000|100%|HC|  |TAMS 0x000000008c100000, 0x000000008c100000| Untracked 
| 166|0x000000008c200000, 0x000000008c300000, 0x000000008c300000|100%|HC|  |TAMS 0x000000008c200000, 0x000000008c200000| Untracked 
| 167|0x000000008c300000, 0x000000008c400000, 0x000000008c400000|100%|HC|  |TAMS 0x000000008c300000, 0x000000008c300000| Untracked 
| 168|0x000000008c400000, 0x000000008c500000, 0x000000008c500000|100%|HC|  |TAMS 0x000000008c400000, 0x000000008c400000| Untracked 
| 169|0x000000008c500000, 0x000000008c600000, 0x000000008c600000|100%|HC|  |TAMS 0x000000008c500000, 0x000000008c500000| Untracked 
| 170|0x000000008c600000, 0x000000008c600000, 0x000000008c700000|  0%| F|  |TAMS 0x000000008c600000, 0x000000008c600000| Untracked 
| 171|0x000000008c700000, 0x000000008c700000, 0x000000008c800000|  0%| F|  |TAMS 0x000000008c700000, 0x000000008c700000| Untracked 
| 172|0x000000008c800000, 0x000000008c800000, 0x000000008c900000|  0%| F|  |TAMS 0x000000008c800000, 0x000000008c800000| Untracked 
| 173|0x000000008c900000, 0x000000008c900000, 0x000000008ca00000|  0%| F|  |TAMS 0x000000008c900000, 0x000000008c900000| Untracked 
| 174|0x000000008ca00000, 0x000000008ca00000, 0x000000008cb00000|  0%| F|  |TAMS 0x000000008ca00000, 0x000000008ca00000| Untracked 
| 175|0x000000008cb00000, 0x000000008cb00000, 0x000000008cc00000|  0%| F|  |TAMS 0x000000008cb00000, 0x000000008cb00000| Untracked 
| 176|0x000000008cc00000, 0x000000008cc00000, 0x000000008cd00000|  0%| F|  |TAMS 0x000000008cc00000, 0x000000008cc00000| Untracked 
| 177|0x000000008cd00000, 0x000000008cd00000, 0x000000008ce00000|  0%| F|  |TAMS 0x000000008cd00000, 0x000000008cd00000| Untracked 
| 178|0x000000008ce00000, 0x000000008ce00000, 0x000000008cf00000|  0%| F|  |TAMS 0x000000008ce00000, 0x000000008ce00000| Untracked 
| 179|0x000000008cf00000, 0x000000008cf00000, 0x000000008d000000|  0%| F|  |TAMS 0x000000008cf00000, 0x000000008cf00000| Untracked 
| 180|0x000000008d000000, 0x000000008d000000, 0x000000008d100000|  0%| F|  |TAMS 0x000000008d000000, 0x000000008d000000| Untracked 
| 181|0x000000008d100000, 0x000000008d100000, 0x000000008d200000|  0%| F|  |TAMS 0x000000008d100000, 0x000000008d100000| Untracked 
| 182|0x000000008d200000, 0x000000008d200000, 0x000000008d300000|  0%| F|  |TAMS 0x000000008d200000, 0x000000008d200000| Untracked 
| 183|0x000000008d300000, 0x000000008d300000, 0x000000008d400000|  0%| F|  |TAMS 0x000000008d300000, 0x000000008d300000| Untracked 
| 184|0x000000008d400000, 0x000000008d400000, 0x000000008d500000|  0%| F|  |TAMS 0x000000008d400000, 0x000000008d400000| Untracked 
| 185|0x000000008d500000, 0x000000008d500000, 0x000000008d600000|  0%| F|  |TAMS 0x000000008d500000, 0x000000008d500000| Untracked 
| 186|0x000000008d600000, 0x000000008d600000, 0x000000008d700000|  0%| F|  |TAMS 0x000000008d600000, 0x000000008d600000| Untracked 
| 187|0x000000008d700000, 0x000000008d700000, 0x000000008d800000|  0%| F|  |TAMS 0x000000008d700000, 0x000000008d700000| Untracked 
| 188|0x000000008d800000, 0x000000008d800000, 0x000000008d900000|  0%| F|  |TAMS 0x000000008d800000, 0x000000008d800000| Untracked 
| 189|0x000000008d900000, 0x000000008d900000, 0x000000008da00000|  0%| F|  |TAMS 0x000000008d900000, 0x000000008d900000| Untracked 
| 190|0x000000008da00000, 0x000000008da00000, 0x000000008db00000|  0%| F|  |TAMS 0x000000008da00000, 0x000000008da00000| Untracked 
| 191|0x000000008db00000, 0x000000008db00000, 0x000000008dc00000|  0%| F|  |TAMS 0x000000008db00000, 0x000000008db00000| Untracked 
| 192|0x000000008dc00000, 0x000000008dc00000, 0x000000008dd00000|  0%| F|  |TAMS 0x000000008dc00000, 0x000000008dc00000| Untracked 
| 193|0x000000008dd00000, 0x000000008dd00000, 0x000000008de00000|  0%| F|  |TAMS 0x000000008dd00000, 0x000000008dd00000| Untracked 
| 194|0x000000008de00000, 0x000000008de00000, 0x000000008df00000|  0%| F|  |TAMS 0x000000008de00000, 0x000000008de00000| Untracked 
| 195|0x000000008df00000, 0x000000008df00000, 0x000000008e000000|  0%| F|  |TAMS 0x000000008df00000, 0x000000008df00000| Untracked 
| 196|0x000000008e000000, 0x000000008e000000, 0x000000008e100000|  0%| F|  |TAMS 0x000000008e000000, 0x000000008e000000| Untracked 
| 197|0x000000008e100000, 0x000000008e100000, 0x000000008e200000|  0%| F|  |TAMS 0x000000008e100000, 0x000000008e100000| Untracked 
| 198|0x000000008e200000, 0x000000008e200000, 0x000000008e300000|  0%| F|  |TAMS 0x000000008e200000, 0x000000008e200000| Untracked 
| 199|0x000000008e300000, 0x000000008e300000, 0x000000008e400000|  0%| F|  |TAMS 0x000000008e300000, 0x000000008e300000| Untracked 
| 200|0x000000008e400000, 0x000000008e400000, 0x000000008e500000|  0%| F|  |TAMS 0x000000008e400000, 0x000000008e400000| Untracked 
| 201|0x000000008e500000, 0x000000008e500000, 0x000000008e600000|  0%| F|  |TAMS 0x000000008e500000, 0x000000008e500000| Untracked 
| 202|0x000000008e600000, 0x000000008e600000, 0x000000008e700000|  0%| F|  |TAMS 0x000000008e600000, 0x000000008e600000| Untracked 
| 203|0x000000008e700000, 0x000000008e700000, 0x000000008e800000|  0%| F|  |TAMS 0x000000008e700000, 0x000000008e700000| Untracked 
| 204|0x000000008e800000, 0x000000008e800000, 0x000000008e900000|  0%| F|  |TAMS 0x000000008e800000, 0x000000008e800000| Untracked 
| 205|0x000000008e900000, 0x000000008e900000, 0x000000008ea00000|  0%| F|  |TAMS 0x000000008e900000, 0x000000008e900000| Untracked 
| 206|0x000000008ea00000, 0x000000008ea00000, 0x000000008eb00000|  0%| F|  |TAMS 0x000000008ea00000, 0x000000008ea00000| Untracked 
| 207|0x000000008eb00000, 0x000000008eb00000, 0x000000008ec00000|  0%| F|  |TAMS 0x000000008eb00000, 0x000000008eb00000| Untracked 
| 208|0x000000008ec00000, 0x000000008ec00000, 0x000000008ed00000|  0%| F|  |TAMS 0x000000008ec00000, 0x000000008ec00000| Untracked 
| 209|0x000000008ed00000, 0x000000008ed00000, 0x000000008ee00000|  0%| F|  |TAMS 0x000000008ed00000, 0x000000008ed00000| Untracked 
| 210|0x000000008ee00000, 0x000000008ee00000, 0x000000008ef00000|  0%| F|  |TAMS 0x000000008ee00000, 0x000000008ee00000| Untracked 
| 211|0x000000008ef00000, 0x000000008ef00000, 0x000000008f000000|  0%| F|  |TAMS 0x000000008ef00000, 0x000000008ef00000| Untracked 
| 212|0x000000008f000000, 0x000000008f000000, 0x000000008f100000|  0%| F|  |TAMS 0x000000008f000000, 0x000000008f000000| Untracked 
| 213|0x000000008f100000, 0x000000008f100000, 0x000000008f200000|  0%| F|  |TAMS 0x000000008f100000, 0x000000008f100000| Untracked 
| 214|0x000000008f200000, 0x000000008f200000, 0x000000008f300000|  0%| F|  |TAMS 0x000000008f200000, 0x000000008f200000| Untracked 
| 215|0x000000008f300000, 0x000000008f300000, 0x000000008f400000|  0%| F|  |TAMS 0x000000008f300000, 0x000000008f300000| Untracked 
| 216|0x000000008f400000, 0x000000008f400000, 0x000000008f500000|  0%| F|  |TAMS 0x000000008f400000, 0x000000008f400000| Untracked 
| 217|0x000000008f500000, 0x000000008f500000, 0x000000008f600000|  0%| F|  |TAMS 0x000000008f500000, 0x000000008f500000| Untracked 
| 218|0x000000008f600000, 0x000000008f600000, 0x000000008f700000|  0%| F|  |TAMS 0x000000008f600000, 0x000000008f600000| Untracked 
| 219|0x000000008f700000, 0x000000008f700000, 0x000000008f800000|  0%| F|  |TAMS 0x000000008f700000, 0x000000008f700000| Untracked 
| 220|0x000000008f800000, 0x000000008f800000, 0x000000008f900000|  0%| F|  |TAMS 0x000000008f800000, 0x000000008f800000| Untracked 
| 221|0x000000008f900000, 0x000000008f900000, 0x000000008fa00000|  0%| F|  |TAMS 0x000000008f900000, 0x000000008f900000| Untracked 
| 222|0x000000008fa00000, 0x000000008fa00000, 0x000000008fb00000|  0%| F|  |TAMS 0x000000008fa00000, 0x000000008fa00000| Untracked 
| 223|0x000000008fb00000, 0x000000008fb00000, 0x000000008fc00000|  0%| F|  |TAMS 0x000000008fb00000, 0x000000008fb00000| Untracked 
| 224|0x000000008fc00000, 0x000000008fc00000, 0x000000008fd00000|  0%| F|  |TAMS 0x000000008fc00000, 0x000000008fc00000| Untracked 
| 225|0x000000008fd00000, 0x000000008fd00000, 0x000000008fe00000|  0%| F|  |TAMS 0x000000008fd00000, 0x000000008fd00000| Untracked 
| 226|0x000000008fe00000, 0x000000008fe00000, 0x000000008ff00000|  0%| F|  |TAMS 0x000000008fe00000, 0x000000008fe00000| Untracked 
| 227|0x000000008ff00000, 0x000000008ff00000, 0x0000000090000000|  0%| F|  |TAMS 0x000000008ff00000, 0x000000008ff00000| Untracked 
| 228|0x0000000090000000, 0x00000000900cedd0, 0x0000000090100000| 80%| S|CS|TAMS 0x0000000090000000, 0x0000000090000000| Complete 
| 229|0x0000000090100000, 0x0000000090100000, 0x0000000090200000|  0%| F|  |TAMS 0x0000000090100000, 0x0000000090100000| Untracked 
| 230|0x0000000090200000, 0x0000000090200000, 0x0000000090300000|  0%| F|  |TAMS 0x0000000090200000, 0x0000000090200000| Untracked 
| 231|0x0000000090300000, 0x0000000090300000, 0x0000000090400000|  0%| F|  |TAMS 0x0000000090300000, 0x0000000090300000| Untracked 
| 232|0x0000000090400000, 0x0000000090400000, 0x0000000090500000|  0%| F|  |TAMS 0x0000000090400000, 0x0000000090400000| Untracked 
| 233|0x0000000090500000, 0x0000000090500000, 0x0000000090600000|  0%| F|  |TAMS 0x0000000090500000, 0x0000000090500000| Untracked 
| 234|0x0000000090600000, 0x0000000090600000, 0x0000000090700000|  0%| F|  |TAMS 0x0000000090600000, 0x0000000090600000| Untracked 
| 235|0x0000000090700000, 0x0000000090700000, 0x0000000090800000|  0%| F|  |TAMS 0x0000000090700000, 0x0000000090700000| Untracked 
| 236|0x0000000090800000, 0x0000000090800000, 0x0000000090900000|  0%| F|  |TAMS 0x0000000090800000, 0x0000000090800000| Untracked 
| 237|0x0000000090900000, 0x0000000090900000, 0x0000000090a00000|  0%| F|  |TAMS 0x0000000090900000, 0x0000000090900000| Untracked 
| 238|0x0000000090a00000, 0x0000000090a00000, 0x0000000090b00000|  0%| F|  |TAMS 0x0000000090a00000, 0x0000000090a00000| Untracked 
| 239|0x0000000090b00000, 0x0000000090b00000, 0x0000000090c00000|  0%| F|  |TAMS 0x0000000090b00000, 0x0000000090b00000| Untracked 
| 240|0x0000000090c00000, 0x0000000090c00000, 0x0000000090d00000|  0%| F|  |TAMS 0x0000000090c00000, 0x0000000090c00000| Untracked 
| 241|0x0000000090d00000, 0x0000000090d00000, 0x0000000090e00000|  0%| F|  |TAMS 0x0000000090d00000, 0x0000000090d00000| Untracked 
| 242|0x0000000090e00000, 0x0000000090e00000, 0x0000000090f00000|  0%| F|  |TAMS 0x0000000090e00000, 0x0000000090e00000| Untracked 
| 243|0x0000000090f00000, 0x0000000090f00000, 0x0000000091000000|  0%| F|  |TAMS 0x0000000090f00000, 0x0000000090f00000| Untracked 
| 244|0x0000000091000000, 0x0000000091000000, 0x0000000091100000|  0%| F|  |TAMS 0x0000000091000000, 0x0000000091000000| Untracked 
| 245|0x0000000091100000, 0x0000000091100000, 0x0000000091200000|  0%| F|  |TAMS 0x0000000091100000, 0x0000000091100000| Untracked 
| 246|0x0000000091200000, 0x0000000091200000, 0x0000000091300000|  0%| F|  |TAMS 0x0000000091200000, 0x0000000091200000| Untracked 
| 247|0x0000000091300000, 0x0000000091300000, 0x0000000091400000|  0%| F|  |TAMS 0x0000000091300000, 0x0000000091300000| Untracked 
| 248|0x0000000091400000, 0x0000000091400000, 0x0000000091500000|  0%| F|  |TAMS 0x0000000091400000, 0x0000000091400000| Untracked 
| 249|0x0000000091500000, 0x0000000091500000, 0x0000000091600000|  0%| F|  |TAMS 0x0000000091500000, 0x0000000091500000| Untracked 
| 250|0x0000000091600000, 0x0000000091600000, 0x0000000091700000|  0%| F|  |TAMS 0x0000000091600000, 0x0000000091600000| Untracked 
| 251|0x0000000091700000, 0x0000000091700000, 0x0000000091800000|  0%| F|  |TAMS 0x0000000091700000, 0x0000000091700000| Untracked 
| 252|0x0000000091800000, 0x0000000091800000, 0x0000000091900000|  0%| F|  |TAMS 0x0000000091800000, 0x0000000091800000| Untracked 
| 253|0x0000000091900000, 0x0000000091900000, 0x0000000091a00000|  0%| F|  |TAMS 0x0000000091900000, 0x0000000091900000| Untracked 
| 254|0x0000000091a00000, 0x0000000091a00000, 0x0000000091b00000|  0%| F|  |TAMS 0x0000000091a00000, 0x0000000091a00000| Untracked 
| 255|0x0000000091b00000, 0x0000000091b00000, 0x0000000091c00000|  0%| F|  |TAMS 0x0000000091b00000, 0x0000000091b00000| Untracked 
| 256|0x0000000091c00000, 0x0000000091c00000, 0x0000000091d00000|  0%| F|  |TAMS 0x0000000091c00000, 0x0000000091c00000| Untracked 
| 257|0x0000000091d00000, 0x0000000091d00000, 0x0000000091e00000|  0%| F|  |TAMS 0x0000000091d00000, 0x0000000091d00000| Untracked 
| 258|0x0000000091e00000, 0x0000000091e00000, 0x0000000091f00000|  0%| F|  |TAMS 0x0000000091e00000, 0x0000000091e00000| Untracked 
| 259|0x0000000091f00000, 0x0000000091f00000, 0x0000000092000000|  0%| F|  |TAMS 0x0000000091f00000, 0x0000000091f00000| Untracked 
| 260|0x0000000092000000, 0x0000000092000000, 0x0000000092100000|  0%| F|  |TAMS 0x0000000092000000, 0x0000000092000000| Untracked 
| 261|0x0000000092100000, 0x0000000092100000, 0x0000000092200000|  0%| F|  |TAMS 0x0000000092100000, 0x0000000092100000| Untracked 
| 262|0x0000000092200000, 0x0000000092200000, 0x0000000092300000|  0%| F|  |TAMS 0x0000000092200000, 0x0000000092200000| Untracked 
| 263|0x0000000092300000, 0x0000000092300000, 0x0000000092400000|  0%| F|  |TAMS 0x0000000092300000, 0x0000000092300000| Untracked 
| 264|0x0000000092400000, 0x0000000092400000, 0x0000000092500000|  0%| F|  |TAMS 0x0000000092400000, 0x0000000092400000| Untracked 
| 265|0x0000000092500000, 0x0000000092500000, 0x0000000092600000|  0%| F|  |TAMS 0x0000000092500000, 0x0000000092500000| Untracked 
| 266|0x0000000092600000, 0x0000000092600000, 0x0000000092700000|  0%| F|  |TAMS 0x0000000092600000, 0x0000000092600000| Untracked 
| 267|0x0000000092700000, 0x0000000092700000, 0x0000000092800000|  0%| F|  |TAMS 0x0000000092700000, 0x0000000092700000| Untracked 
| 268|0x0000000092800000, 0x0000000092900000, 0x0000000092900000|100%| E|  |TAMS 0x0000000092800000, 0x0000000092800000| Complete 
| 269|0x0000000092900000, 0x0000000092a00000, 0x0000000092a00000|100%| E|CS|TAMS 0x0000000092900000, 0x0000000092900000| Complete 
| 270|0x0000000092a00000, 0x0000000092b00000, 0x0000000092b00000|100%| E|CS|TAMS 0x0000000092a00000, 0x0000000092a00000| Complete 
| 271|0x0000000092b00000, 0x0000000092c00000, 0x0000000092c00000|100%| E|CS|TAMS 0x0000000092b00000, 0x0000000092b00000| Complete 
| 272|0x0000000092c00000, 0x0000000092d00000, 0x0000000092d00000|100%| E|CS|TAMS 0x0000000092c00000, 0x0000000092c00000| Complete 
| 273|0x0000000092d00000, 0x0000000092e00000, 0x0000000092e00000|100%| E|CS|TAMS 0x0000000092d00000, 0x0000000092d00000| Complete 
| 274|0x0000000092e00000, 0x0000000092f00000, 0x0000000092f00000|100%| E|CS|TAMS 0x0000000092e00000, 0x0000000092e00000| Complete 
| 275|0x0000000092f00000, 0x0000000093000000, 0x0000000093000000|100%| E|CS|TAMS 0x0000000092f00000, 0x0000000092f00000| Complete 
| 276|0x0000000093000000, 0x0000000093100000, 0x0000000093100000|100%| E|CS|TAMS 0x0000000093000000, 0x0000000093000000| Complete 
| 277|0x0000000093100000, 0x0000000093200000, 0x0000000093200000|100%| E|CS|TAMS 0x0000000093100000, 0x0000000093100000| Complete 
| 278|0x0000000093200000, 0x0000000093300000, 0x0000000093300000|100%| E|CS|TAMS 0x0000000093200000, 0x0000000093200000| Complete 
| 279|0x0000000093300000, 0x0000000093400000, 0x0000000093400000|100%| E|CS|TAMS 0x0000000093300000, 0x0000000093300000| Complete 
| 280|0x0000000093400000, 0x0000000093500000, 0x0000000093500000|100%| E|CS|TAMS 0x0000000093400000, 0x0000000093400000| Complete 
| 281|0x0000000093500000, 0x0000000093600000, 0x0000000093600000|100%| E|CS|TAMS 0x0000000093500000, 0x0000000093500000| Complete 
| 282|0x0000000093600000, 0x0000000093700000, 0x0000000093700000|100%| E|CS|TAMS 0x0000000093600000, 0x0000000093600000| Complete 
| 283|0x0000000093700000, 0x0000000093800000, 0x0000000093800000|100%| E|CS|TAMS 0x0000000093700000, 0x0000000093700000| Complete 

Card table byte_map: [0x000001813ca40000,0x000001813ce40000] _byte_map_base: 0x000001813c632000

Marking Bits (Prev, Next): (CMBitMap*) 0x00000181277a1810, (CMBitMap*) 0x00000181277a17d8
 Prev Bits: [0x000001813f1d0000, 0x0000018141160000)
 Next Bits: [0x000001813d240000, 0x000001813f1d0000)

Polling page: 0x0000018127820000

Metaspace:

Usage:
  Non-class:     34.91 MB capacity,    34.08 MB ( 98%) used,   689.72 KB (  2%) free+waste,   161.38 KB ( <1%) overhead. 
      Class:      5.51 MB capacity,     4.90 MB ( 89%) used,   541.83 KB ( 10%) free+waste,    81.00 KB (  1%) overhead. 
       Both:     40.41 MB capacity,    38.97 MB ( 96%) used,     1.20 MB (  3%) free+waste,   242.38 KB ( <1%) overhead. 

Virtual space:
  Non-class space:       36.00 MB reserved,      35.00 MB ( 97%) committed 
      Class space:        1.00 GB reserved,       5.63 MB ( <1%) committed 
             Both:        1.04 GB reserved,      40.63 MB (  4%) committed 

Chunk freelists:
   Non-Class:  32.00 KB
       Class:  26.00 KB
        Both:  58.00 KB

MaxMetaspaceSize: 17179869184.00 GB
CompressedClassSpaceSize: 1.00 GB

CodeHeap 'non-profiled nmethods': size=238912Kb used=8489Kb max_used=8489Kb free=230422Kb
 bounds [0x000001812d6d0000, 0x000001812df20000, 0x000001813c020000]
CodeHeap 'non-nmethods': size=6848Kb used=1627Kb max_used=1627Kb free=5220Kb
 bounds [0x000001812d020000, 0x000001812d290000, 0x000001812d6d0000]
 total_blobs=6473 nmethods=5005 adapters=1121
 compilation: enabled
              stopped_count=0, restarted_count=0
 full_count=0

Compilation events (20 events):
Event: 10.727 Thread 0x00000181437b4000 4972       1       org.springframework.boot.autoconfigure.condition.FilteringSpringBootCondition::<init> (5 bytes)
Event: 10.727 Thread 0x00000181437b4000 nmethod 4972 0x000001812df0d210 code [0x000001812df0d3e0, 0x000001812df0d5e0]
Event: 10.728 Thread 0x00000181437b4000 4973       1       org.springframework.boot.autoconfigure.condition.ConditionOutcome::match (10 bytes)
Event: 10.728 Thread 0x00000181437b4000 nmethod 4973 0x000001812df0d710 code [0x000001812df0d8e0, 0x000001812df0db90]
Event: 10.740 Thread 0x00000181437b4000 4974       1       java.util.Arrays::sort (47 bytes)
Event: 10.740 Thread 0x00000181437b4000 nmethod 4974 0x000001812df0dc90 code [0x000001812df0de80, 0x000001812df0e0c0]
Event: 10.740 Thread 0x00000181437b4000 4975   !   1       org.springframework.boot.autoconfigure.condition.SpringBootCondition::matches (118 bytes)
Event: 10.741 Thread 0x00000181437b4000 nmethod 4975 0x000001812df0e210 code [0x000001812df0e520, 0x000001812df0efa0]
Event: 10.741 Thread 0x00000181437b4000 4976       1       org.springframework.boot.autoconfigure.condition.SpringBootCondition::getClassOrMethodName (58 bytes)
Event: 10.743 Thread 0x00000181437b4000 nmethod 4976 0x000001812df0f710 code [0x000001812df0f940, 0x000001812df0fe50]
Event: 10.743 Thread 0x00000181437b4000 4977       1       org.springframework.boot.autoconfigure.condition.SpringBootCondition::recordEvaluation (25 bytes)
Event: 10.743 Thread 0x00000181437b4000 nmethod 4977 0x000001812df10090 code [0x000001812df10260, 0x000001812df104a0]
Event: 10.743 Thread 0x00000181437b4000 4979       1       org.springframework.core.type.filter.AbstractTypeHierarchyTraversingFilter::<init> (26 bytes)
Event: 10.743 Thread 0x00000181437b4000 nmethod 4979 0x000001812df10610 code [0x000001812df107e0, 0x000001812df10a00]
Event: 10.743 Thread 0x00000181437b4000 4978       1       java.lang.reflect.Constructor::getParameterCount (6 bytes)
Event: 10.743 Thread 0x00000181437b4000 nmethod 4978 0x000001812df10b10 code [0x000001812df10cc0, 0x000001812df10df8]
Event: 10.743 Thread 0x00000181437b4000 4980       1       org.springframework.core.type.filter.AssignableTypeFilter::matchSuperClass (6 bytes)
Event: 10.743 Thread 0x00000181437b4000 nmethod 4980 0x000001812df10e90 code [0x000001812df11040, 0x000001812df11190]
Event: 10.746 Thread 0x00000181437b4000 4981       1       java.util.ArrayList::sort (45 bytes)
Event: 10.746 Thread 0x00000181437b4000 nmethod 4981 0x000001812df11210 code [0x000001812df113e0, 0x000001812df115c0]

GC Heap History (20 events):
Event: 9.305 GC heap before
{Heap before GC invocations=43 (full 0):
 garbage-first heap   total 227328K, used 113133K [0x0000000081c00000, 0x0000000100000000)
  region size 1024K, 4 young (4096K), 3 survivors (3072K)
 Metaspace       used 39696K, capacity 41183K, committed 41472K, reserved 1085440K
  class space    used 4984K, capacity 5551K, committed 5632K, reserved 1048576K
}
Event: 9.306 GC heap after
{Heap after GC invocations=44 (full 0):
 garbage-first heap   total 227328K, used 104505K [0x0000000081c00000, 0x0000000100000000)
  region size 1024K, 2 young (2048K), 2 survivors (2048K)
 Metaspace       used 39696K, capacity 41183K, committed 41472K, reserved 1085440K
  class space    used 4984K, capacity 5551K, committed 5632K, reserved 1048576K
}
Event: 9.409 GC heap before
{Heap before GC invocations=45 (full 0):
 garbage-first heap   total 227328K, used 113721K [0x0000000081c00000, 0x0000000100000000)
  region size 1024K, 3 young (3072K), 2 survivors (2048K)
 Metaspace       used 39696K, capacity 41183K, committed 41472K, reserved 1085440K
  class space    used 4984K, capacity 5551K, committed 5632K, reserved 1048576K
}
Event: 9.411 GC heap after
{Heap after GC invocations=46 (full 0):
 garbage-first heap   total 227328K, used 113992K [0x0000000081c00000, 0x0000000100000000)
  region size 1024K, 2 young (2048K), 2 survivors (2048K)
 Metaspace       used 39696K, capacity 41183K, committed 41472K, reserved 1085440K
  class space    used 4984K, capacity 5551K, committed 5632K, reserved 1048576K
}
Event: 9.621 GC heap before
{Heap before GC invocations=47 (full 0):
 garbage-first heap   total 227328K, used 124232K [0x0000000081c00000, 0x0000000100000000)
  region size 1024K, 4 young (4096K), 2 survivors (2048K)
 Metaspace       used 39696K, capacity 41183K, committed 41472K, reserved 1085440K
  class space    used 4984K, capacity 5551K, committed 5632K, reserved 1048576K
}
Event: 9.622 GC heap after
{Heap after GC invocations=48 (full 0):
 garbage-first heap   total 227328K, used 104980K [0x0000000081c00000, 0x0000000100000000)
  region size 1024K, 2 young (2048K), 2 survivors (2048K)
 Metaspace       used 39696K, capacity 41183K, committed 41472K, reserved 1085440K
  class space    used 4984K, capacity 5551K, committed 5632K, reserved 1048576K
}
Event: 9.677 GC heap before
{Heap before GC invocations=49 (full 0):
 garbage-first heap   total 227328K, used 114196K [0x0000000081c00000, 0x0000000100000000)
  region size 1024K, 7 young (7168K), 2 survivors (2048K)
 Metaspace       used 39696K, capacity 41183K, committed 41472K, reserved 1085440K
  class space    used 4984K, capacity 5551K, committed 5632K, reserved 1048576K
}
Event: 9.678 GC heap after
{Heap after GC invocations=50 (full 0):
 garbage-first heap   total 227328K, used 110084K [0x0000000081c00000, 0x0000000100000000)
  region size 1024K, 2 young (2048K), 2 survivors (2048K)
 Metaspace       used 39696K, capacity 41183K, committed 41472K, reserved 1085440K
  class space    used 4984K, capacity 5551K, committed 5632K, reserved 1048576K
}
Event: 9.731 GC heap before
{Heap before GC invocations=51 (full 0):
 garbage-first heap   total 227328K, used 115204K [0x0000000081c00000, 0x0000000100000000)
  region size 1024K, 3 young (3072K), 2 survivors (2048K)
 Metaspace       used 39696K, capacity 41183K, committed 41472K, reserved 1085440K
  class space    used 4984K, capacity 5551K, committed 5632K, reserved 1048576K
}
Event: 9.732 GC heap after
{Heap after GC invocations=52 (full 0):
 garbage-first heap   total 227328K, used 115203K [0x0000000081c00000, 0x0000000100000000)
  region size 1024K, 2 young (2048K), 2 survivors (2048K)
 Metaspace       used 39696K, capacity 41183K, committed 41472K, reserved 1085440K
  class space    used 4984K, capacity 5551K, committed 5632K, reserved 1048576K
}
Event: 9.819 GC heap before
{Heap before GC invocations=53 (full 0):
 garbage-first heap   total 227328K, used 120323K [0x0000000081c00000, 0x0000000100000000)
  region size 1024K, 3 young (3072K), 2 survivors (2048K)
 Metaspace       used 39696K, capacity 41183K, committed 41472K, reserved 1085440K
  class space    used 4984K, capacity 5551K, committed 5632K, reserved 1048576K
}
Event: 9.819 GC heap after
{Heap after GC invocations=54 (full 0):
 garbage-first heap   total 227328K, used 110105K [0x0000000081c00000, 0x0000000100000000)
  region size 1024K, 2 young (2048K), 2 survivors (2048K)
 Metaspace       used 39696K, capacity 41183K, committed 41472K, reserved 1085440K
  class space    used 4984K, capacity 5551K, committed 5632K, reserved 1048576K
}
Event: 9.905 GC heap before
{Heap before GC invocations=55 (full 0):
 garbage-first heap   total 227328K, used 117273K [0x0000000081c00000, 0x0000000100000000)
  region size 1024K, 7 young (7168K), 2 survivors (2048K)
 Metaspace       used 39740K, capacity 41239K, committed 41472K, reserved 1085440K
  class space    used 4992K, capacity 5591K, committed 5632K, reserved 1048576K
}
Event: 9.907 GC heap after
{Heap after GC invocations=56 (full 0):
 garbage-first heap   total 227328K, used 111134K [0x0000000081c00000, 0x0000000100000000)
  region size 1024K, 2 young (2048K), 2 survivors (2048K)
 Metaspace       used 39740K, capacity 41239K, committed 41472K, reserved 1085440K
  class space    used 4992K, capacity 5591K, committed 5632K, reserved 1048576K
}
Event: 10.240 GC heap before
{Heap before GC invocations=57 (full 0):
 garbage-first heap   total 227328K, used 146974K [0x0000000081c00000, 0x0000000100000000)
  region size 1024K, 4 young (4096K), 2 survivors (2048K)
 Metaspace       used 39795K, capacity 41247K, committed 41472K, reserved 1085440K
  class space    used 5000K, capacity 5594K, committed 5632K, reserved 1048576K
}
Event: 10.243 GC heap after
{Heap after GC invocations=58 (full 0):
 garbage-first heap   total 227328K, used 145835K [0x0000000081c00000, 0x0000000100000000)
  region size 1024K, 1 young (1024K), 1 survivors (1024K)
 Metaspace       used 39795K, capacity 41247K, committed 41472K, reserved 1085440K
  class space    used 5000K, capacity 5594K, committed 5632K, reserved 1048576K
}
Event: 10.270 GC heap before
{Heap before GC invocations=58 (full 0):
 garbage-first heap   total 227328K, used 175531K [0x0000000081c00000, 0x0000000100000000)
  region size 1024K, 4 young (4096K), 1 survivors (1024K)
 Metaspace       used 39804K, capacity 41247K, committed 41472K, reserved 1085440K
  class space    used 5000K, capacity 5594K, committed 5632K, reserved 1048576K
}
Event: 10.294 GC heap after
{Heap after GC invocations=59 (full 1):
 garbage-first heap   total 290816K, used 171495K [0x0000000081c00000, 0x0000000100000000)
  region size 1024K, 0 young (0K), 0 survivors (0K)
 Metaspace       used 39804K, capacity 41247K, committed 41472K, reserved 1085440K
  class space    used 5000K, capacity 5594K, committed 5632K, reserved 1048576K
}
Event: 10.741 GC heap before
{Heap before GC invocations=59 (full 1):
 garbage-first heap   total 290816K, used 227815K [0x0000000081c00000, 0x0000000100000000)
  region size 1024K, 55 young (56320K), 0 survivors (0K)
 Metaspace       used 39904K, capacity 41376K, committed 41600K, reserved 1085440K
  class space    used 5014K, capacity 5637K, committed 5760K, reserved 1048576K
}
Event: 10.743 GC heap after
{Heap after GC invocations=60 (full 1):
 garbage-first heap   total 290816K, used 172322K [0x0000000081c00000, 0x0000000100000000)
  region size 1024K, 1 young (1024K), 1 survivors (1024K)
 Metaspace       used 39904K, capacity 41376K, committed 41600K, reserved 1085440K
  class space    used 5014K, capacity 5637K, committed 5760K, reserved 1048576K
}

Deoptimization events (0 events):
No events

Classes redefined (0 events):
No events

Internal exceptions (20 events):
Event: 10.663 Thread 0x00000181474b9000 Exception <a 'java/security/PrivilegedActionException'{0x00000000912bdda0}> (0x00000000912bdda0) thrown at [c:/BuildAgent/work/5ff2f6c26000d570/src/hotspot/share/prims/jvm.cpp, line 1297]
Event: 10.663 Thread 0x00000181474b9000 Exception <a 'java/security/PrivilegedActionException'{0x00000000912be318}> (0x00000000912be318) thrown at [c:/BuildAgent/work/5ff2f6c26000d570/src/hotspot/share/prims/jvm.cpp, line 1297]
Event: 10.663 Thread 0x00000181474b9000 Exception <a 'java/security/PrivilegedActionException'{0x00000000912bf840}> (0x00000000912bf840) thrown at [c:/BuildAgent/work/5ff2f6c26000d570/src/hotspot/share/prims/jvm.cpp, line 1297]
Event: 10.663 Thread 0x00000181474b9000 Exception <a 'java/security/PrivilegedActionException'{0x00000000912bfdb8}> (0x00000000912bfdb8) thrown at [c:/BuildAgent/work/5ff2f6c26000d570/src/hotspot/share/prims/jvm.cpp, line 1297]
Event: 10.663 Thread 0x00000181474b9000 Exception <a 'java/security/PrivilegedActionException'{0x00000000912c12e0}> (0x00000000912c12e0) thrown at [c:/BuildAgent/work/5ff2f6c26000d570/src/hotspot/share/prims/jvm.cpp, line 1297]
Event: 10.663 Thread 0x00000181474b9000 Exception <a 'java/security/PrivilegedActionException'{0x00000000912c1858}> (0x00000000912c1858) thrown at [c:/BuildAgent/work/5ff2f6c26000d570/src/hotspot/share/prims/jvm.cpp, line 1297]
Event: 10.663 Thread 0x00000181474b9000 Exception <a 'java/security/PrivilegedActionException'{0x00000000912c2de8}> (0x00000000912c2de8) thrown at [c:/BuildAgent/work/5ff2f6c26000d570/src/hotspot/share/prims/jvm.cpp, line 1297]
Event: 10.663 Thread 0x00000181474b9000 Exception <a 'java/security/PrivilegedActionException'{0x00000000912c3360}> (0x00000000912c3360) thrown at [c:/BuildAgent/work/5ff2f6c26000d570/src/hotspot/share/prims/jvm.cpp, line 1297]
Event: 10.663 Thread 0x00000181474b9000 Exception <a 'java/security/PrivilegedActionException'{0x00000000912c48f0}> (0x00000000912c48f0) thrown at [c:/BuildAgent/work/5ff2f6c26000d570/src/hotspot/share/prims/jvm.cpp, line 1297]
Event: 10.663 Thread 0x00000181474b9000 Exception <a 'java/security/PrivilegedActionException'{0x00000000912c4e68}> (0x00000000912c4e68) thrown at [c:/BuildAgent/work/5ff2f6c26000d570/src/hotspot/share/prims/jvm.cpp, line 1297]
Event: 10.664 Thread 0x00000181474b9000 Exception <a 'java/security/PrivilegedActionException'{0x00000000912c63f8}> (0x00000000912c63f8) thrown at [c:/BuildAgent/work/5ff2f6c26000d570/src/hotspot/share/prims/jvm.cpp, line 1297]
Event: 10.664 Thread 0x00000181474b9000 Exception <a 'java/security/PrivilegedActionException'{0x00000000912c6970}> (0x00000000912c6970) thrown at [c:/BuildAgent/work/5ff2f6c26000d570/src/hotspot/share/prims/jvm.cpp, line 1297]
Event: 10.664 Thread 0x00000181474b9000 Exception <a 'java/security/PrivilegedActionException'{0x00000000912c7e98}> (0x00000000912c7e98) thrown at [c:/BuildAgent/work/5ff2f6c26000d570/src/hotspot/share/prims/jvm.cpp, line 1297]
Event: 10.664 Thread 0x00000181474b9000 Exception <a 'java/security/PrivilegedActionException'{0x00000000912c8410}> (0x00000000912c8410) thrown at [c:/BuildAgent/work/5ff2f6c26000d570/src/hotspot/share/prims/jvm.cpp, line 1297]
Event: 10.664 Thread 0x00000181474b9000 Exception <a 'java/security/PrivilegedActionException'{0x00000000912c99a0}> (0x00000000912c99a0) thrown at [c:/BuildAgent/work/5ff2f6c26000d570/src/hotspot/share/prims/jvm.cpp, line 1297]
Event: 10.664 Thread 0x00000181474b9000 Exception <a 'java/security/PrivilegedActionException'{0x00000000912c9f18}> (0x00000000912c9f18) thrown at [c:/BuildAgent/work/5ff2f6c26000d570/src/hotspot/share/prims/jvm.cpp, line 1297]
Event: 10.664 Thread 0x00000181474b9000 Exception <a 'java/security/PrivilegedActionException'{0x00000000912cb448}> (0x00000000912cb448) thrown at [c:/BuildAgent/work/5ff2f6c26000d570/src/hotspot/share/prims/jvm.cpp, line 1297]
Event: 10.664 Thread 0x00000181474b9000 Exception <a 'java/security/PrivilegedActionException'{0x00000000912cb9c0}> (0x00000000912cb9c0) thrown at [c:/BuildAgent/work/5ff2f6c26000d570/src/hotspot/share/prims/jvm.cpp, line 1297]
Event: 10.664 Thread 0x00000181474b9000 Exception <a 'java/security/PrivilegedActionException'{0x00000000912ccef0}> (0x00000000912ccef0) thrown at [c:/BuildAgent/work/5ff2f6c26000d570/src/hotspot/share/prims/jvm.cpp, line 1297]
Event: 10.664 Thread 0x00000181474b9000 Exception <a 'java/security/PrivilegedActionException'{0x00000000912cd468}> (0x00000000912cd468) thrown at [c:/BuildAgent/work/5ff2f6c26000d570/src/hotspot/share/prims/jvm.cpp, line 1297]

Events (20 events):
Event: 10.726 loading class org/eclipse/jetty/webapp/WebAppContext
Event: 10.726 loading class org/eclipse/jetty/webapp/WebAppContext done
Event: 10.727 loading class io/undertow/Undertow
Event: 10.727 loading class io/undertow/Undertow done
Event: 10.727 loading class org/xnio/SslClientAuthMode
Event: 10.727 loading class org/xnio/SslClientAuthMode done
Event: 10.741 Executing VM operation: G1CollectForAllocation
Event: 10.743 Executing VM operation: G1CollectForAllocation done
Event: 10.749 loading class freemarker/template/Configuration
Event: 10.749 loading class freemarker/template/Configuration done
Event: 10.749 loading class freemarker/template$Configuration
Event: 10.749 loading class freemarker/template$Configuration done
Event: 10.750 loading class com/samskivert/mustache/Template
Event: 10.750 loading class com/samskivert/mustache/Template done
Event: 10.750 loading class com/samskivert/mustache$Template
Event: 10.750 loading class com/samskivert/mustache$Template done
Event: 10.750 loading class groovy/text/TemplateEngine
Event: 10.750 loading class groovy/text/TemplateEngine done
Event: 10.751 loading class groovy/text$TemplateEngine
Event: 10.751 loading class groovy/text$TemplateEngine done


Dynamic libraries:
0x00007ff7906b0000 - 0x00007ff7906ba000 	C:\Program Files\JetBrains\IntelliJ IDEA 2019.3.5\jbr\bin\java.exe
0x00007ffa2c400000 - 0x00007ffa2c5f0000 	C:\WINDOWS\SYSTEM32\ntdll.dll
0x00007ffa2a660000 - 0x00007ffa2a712000 	C:\WINDOWS\System32\KERNEL32.DLL
0x00007ffa29770000 - 0x00007ffa29a15000 	C:\WINDOWS\System32\KERNELBASE.dll
0x00007ffa29380000 - 0x00007ffa2947a000 	C:\WINDOWS\System32\ucrtbase.dll
0x00007ffa0ccb0000 - 0x00007ffa0ccc9000 	C:\Program Files\JetBrains\IntelliJ IDEA 2019.3.5\jbr\bin\jli.dll
0x00007ffa2a4b0000 - 0x00007ffa2a644000 	C:\WINDOWS\System32\USER32.dll
0x00007ffa29c80000 - 0x00007ffa29ca1000 	C:\WINDOWS\System32\win32u.dll
0x00007ffa2b540000 - 0x00007ffa2b566000 	C:\WINDOWS\System32\GDI32.dll
0x00007ffa29480000 - 0x00007ffa29616000 	C:\WINDOWS\System32\gdi32full.dll
0x00007ffa29620000 - 0x00007ffa296be000 	C:\WINDOWS\System32\msvcp_win.dll
0x00007ffa11900000 - 0x00007ffa11917000 	C:\Program Files\JetBrains\IntelliJ IDEA 2019.3.5\jbr\bin\VCRUNTIME140.dll
0x00007ffa193a0000 - 0x00007ffa19624000 	C:\WINDOWS\WinSxS\amd64_microsoft.windows.common-controls_6595b64144ccf1df_6.0.18362.1198_none_9e820b57e45ad92f\COMCTL32.dll
0x00007ffa2b610000 - 0x00007ffa2b6ae000 	C:\WINDOWS\System32\msvcrt.dll
0x00007ffa2b890000 - 0x00007ffa2bbc5000 	C:\WINDOWS\System32\combase.dll
0x00007ffa2a800000 - 0x00007ffa2a920000 	C:\WINDOWS\System32\RPCRT4.dll
0x00007ffa296c0000 - 0x00007ffa29740000 	C:\WINDOWS\System32\bcryptPrimitives.dll
0x00007ffa2b500000 - 0x00007ffa2b52e000 	C:\WINDOWS\System32\IMM32.DLL
0x00007ffa0b3e0000 - 0x00007ffa0b47d000 	C:\Program Files\JetBrains\IntelliJ IDEA 2019.3.5\jbr\bin\msvcp140.dll
0x00007ff9eb1e0000 - 0x00007ff9ebc9d000 	C:\Program Files\JetBrains\IntelliJ IDEA 2019.3.5\jbr\bin\server\jvm.dll
0x00007ffa2b7e0000 - 0x00007ffa2b883000 	C:\WINDOWS\System32\ADVAPI32.dll
0x00007ffa2b570000 - 0x00007ffa2b607000 	C:\WINDOWS\System32\sechost.dll
0x00007ffa2a790000 - 0x00007ffa2a798000 	C:\WINDOWS\System32\PSAPI.DLL
0x00007ffa15e20000 - 0x00007ffa15e29000 	C:\WINDOWS\SYSTEM32\WSOCK32.dll
0x00007ffa2b490000 - 0x00007ffa2b4ff000 	C:\WINDOWS\System32\WS2_32.dll
0x00007ffa24500000 - 0x00007ffa24524000 	C:\WINDOWS\SYSTEM32\WINMM.dll
0x00007ffa22820000 - 0x00007ffa2282a000 	C:\WINDOWS\SYSTEM32\VERSION.dll
0x00007ffa244d0000 - 0x00007ffa244fd000 	C:\WINDOWS\SYSTEM32\WINMMBASE.dll
0x00007ffa2a460000 - 0x00007ffa2a4aa000 	C:\WINDOWS\System32\cfgmgr32.dll
0x00007ffa29310000 - 0x00007ffa29321000 	C:\WINDOWS\System32\kernel.appcore.dll
0x00007ffa253f0000 - 0x00007ffa25401000 	C:\Program Files\JetBrains\IntelliJ IDEA 2019.3.5\jbr\bin\verify.dll
0x00007ffa27b20000 - 0x00007ffa27d14000 	C:\WINDOWS\SYSTEM32\DBGHELP.DLL
0x00007ffa15600000 - 0x00007ffa1562a000 	C:\WINDOWS\SYSTEM32\dbgcore.DLL
0x00007ffa253c0000 - 0x00007ffa253e9000 	C:\Program Files\JetBrains\IntelliJ IDEA 2019.3.5\jbr\bin\java.dll
0x00007ffa25390000 - 0x00007ffa2539f000 	C:\Program Files\JetBrains\IntelliJ IDEA 2019.3.5\jbr\bin\instrument.dll
0x00007ffa23e60000 - 0x00007ffa23e78000 	C:\Program Files\JetBrains\IntelliJ IDEA 2019.3.5\jbr\bin\zip.dll
0x00007ffa25320000 - 0x00007ffa2532b000 	C:\Program Files\JetBrains\IntelliJ IDEA 2019.3.5\jbr\bin\jimage.dll
0x00007ffa2ada0000 - 0x00007ffa2b487000 	C:\WINDOWS\System32\SHELL32.dll
0x00007ffa2bc80000 - 0x00007ffa2bd29000 	C:\WINDOWS\System32\shcore.dll
0x00007ffa29cb0000 - 0x00007ffa2a431000 	C:\WINDOWS\System32\windows.storage.dll
0x00007ffa292e0000 - 0x00007ffa29303000 	C:\WINDOWS\System32\profapi.dll
0x00007ffa29330000 - 0x00007ffa2937a000 	C:\WINDOWS\System32\powrprof.dll
0x00007ffa292b0000 - 0x00007ffa292c0000 	C:\WINDOWS\System32\UMPDC.dll
0x00007ffa2bd30000 - 0x00007ffa2bd82000 	C:\WINDOWS\System32\shlwapi.dll
0x00007ffa2a440000 - 0x00007ffa2a457000 	C:\WINDOWS\System32\cryptsp.dll
0x00007ffa23e40000 - 0x00007ffa23e5a000 	C:\Program Files\JetBrains\IntelliJ IDEA 2019.3.5\jbr\bin\net.dll
0x00007ffa21270000 - 0x00007ffa21360000 	C:\WINDOWS\SYSTEM32\WINHTTP.dll
0x00007ffa28ae0000 - 0x00007ffa28b47000 	C:\WINDOWS\system32\mswsock.dll
0x00007ffa23e20000 - 0x00007ffa23e34000 	C:\Program Files\JetBrains\IntelliJ IDEA 2019.3.5\jbr\bin\nio.dll
0x00007ffa23dc0000 - 0x00007ffa23dda000 	C:\Program Files\JetBrains\IntelliJ IDEA 2019.3.5\bin\breakgen64.dll
0x00007ffa28820000 - 0x00007ffa288eb000 	C:\WINDOWS\SYSTEM32\DNSAPI.dll
0x00007ffa2a650000 - 0x00007ffa2a658000 	C:\WINDOWS\System32\NSI.dll
0x00007ffa287e0000 - 0x00007ffa2881a000 	C:\WINDOWS\SYSTEM32\IPHLPAPI.DLL
0x00007ffa23170000 - 0x00007ffa2317a000 	C:\Windows\System32\rasadhlp.dll
0x00007ffa20320000 - 0x00007ffa20397000 	C:\WINDOWS\System32\fwpuclnt.dll
0x00007ffa29740000 - 0x00007ffa29766000 	C:\WINDOWS\System32\bcrypt.dll
0x00007ffa246a0000 - 0x00007ffa246aa000 	C:\Program Files\JetBrains\IntelliJ IDEA 2019.3.5\jbr\bin\management.dll
0x00007ffa23e10000 - 0x00007ffa23e1c000 	C:\Program Files\JetBrains\IntelliJ IDEA 2019.3.5\jbr\bin\management_ext.dll
0x00007ffa28630000 - 0x00007ffa28663000 	C:\WINDOWS\system32\rsaenh.dll
0x00007ffa291d0000 - 0x00007ffa291f5000 	C:\WINDOWS\SYSTEM32\USERENV.dll
0x00007ffa28cd0000 - 0x00007ffa28cdc000 	C:\WINDOWS\SYSTEM32\CRYPTBASE.dll
0x00007ffa20ae0000 - 0x00007ffa20af6000 	C:\WINDOWS\SYSTEM32\dhcpcsvc6.DLL
0x00007ffa20ac0000 - 0x00007ffa20adc000 	C:\WINDOWS\SYSTEM32\dhcpcsvc.DLL
0x00007ffa11670000 - 0x00007ffa11686000 	C:\WINDOWS\system32\napinsp.dll
0x00007ffa0ea90000 - 0x00007ffa0eaaa000 	C:\WINDOWS\system32\pnrpnsp.dll
0x00007ffa112f0000 - 0x00007ffa112fe000 	C:\WINDOWS\System32\winrnr.dll
0x00007ffa25240000 - 0x00007ffa2525c000 	C:\WINDOWS\system32\NLAapi.dll
0x00007ffa24b00000 - 0x00007ffa24b15000 	C:\WINDOWS\system32\wshbth.dll
0x00007ffa0b120000 - 0x00007ffa0b184000 	C:\Users\48607\AppData\Local\Temp\lwjgl48607\3.2.3-build-13\lwjgl.dll
0x00007ff9f1120000 - 0x00007ff9f1373000 	C:\Users\48607\AppData\Local\Temp\lwjgl48607\3.2.3-build-13\jemalloc.dll
0x00007ffa0afc0000 - 0x00007ffa0b022000 	C:\Users\48607\AppData\Local\Temp\lwjgl48607\3.2.3-build-13\glfw.dll
0x00007ffa26a00000 - 0x00007ffa26a99000 	C:\WINDOWS\system32\uxtheme.dll
0x00007ffa21530000 - 0x00007ffa21573000 	C:\WINDOWS\SYSTEM32\dinput8.dll
0x00007ffa21470000 - 0x00007ffa21481000 	C:\WINDOWS\SYSTEM32\xinput1_4.dll
0x00007ffa290a0000 - 0x00007ffa290ca000 	C:\WINDOWS\SYSTEM32\DEVOBJ.dll
0x00007ffa27280000 - 0x00007ffa272ad000 	C:\WINDOWS\SYSTEM32\dwmapi.dll
0x00007ffa0c360000 - 0x00007ffa0c47b000 	C:\WINDOWS\SYSTEM32\inputhost.dll
0x00007ffa26710000 - 0x00007ffa267e4000 	C:\WINDOWS\SYSTEM32\CoreMessaging.dll
0x00007ffa27700000 - 0x00007ffa277f0000 	C:\WINDOWS\SYSTEM32\PROPSYS.dll
0x00007ffa22940000 - 0x00007ffa22c6a000 	C:\WINDOWS\SYSTEM32\CoreUIComponents.dll
0x00007ffa2b6b0000 - 0x00007ffa2b775000 	C:\WINDOWS\System32\OLEAUT32.dll
0x00007ffa24ca0000 - 0x00007ffa24df3000 	C:\WINDOWS\SYSTEM32\wintypes.dll
0x00007ffa282b0000 - 0x00007ffa282e1000 	C:\WINDOWS\SYSTEM32\ntmarta.dll
0x00007ffa2be10000 - 0x00007ffa2bf45000 	C:\WINDOWS\System32\MSCTF.dll
0x00007ffa27a60000 - 0x00007ffa27a6e000 	C:\WINDOWS\SYSTEM32\HID.DLL
0x00007ffa2bf50000 - 0x00007ffa2c3c0000 	C:\WINDOWS\System32\SETUPAPI.DLL
0x00007ffa29b70000 - 0x00007ffa29bcc000 	C:\WINDOWS\System32\WINTRUST.dll
0x00007ffa292c0000 - 0x00007ffa292d2000 	C:\WINDOWS\System32\MSASN1.dll
0x00007ffa29a20000 - 0x00007ffa29b69000 	C:\WINDOWS\System32\CRYPT32.dll
0x00007ffa0bfd0000 - 0x00007ffa0c126000 	C:\WINDOWS\SYSTEM32\opengl32.dll
0x00007ffa0c7c0000 - 0x00007ffa0c7ec000 	C:\WINDOWS\SYSTEM32\GLU32.dll
0x00007ffa27f20000 - 0x00007ffa27f40000 	C:\WINDOWS\SYSTEM32\dxcore.dll
0x00007ff9e8390000 - 0x00007ff9e92da000 	C:\WINDOWS\System32\DriverStore\FileRepository\igdlh64.inf_amd64_baab50003164cdd5\ig9icd64.dll
0x00007ffa2abc0000 - 0x00007ffa2ad17000 	C:\WINDOWS\System32\ole32.dll
0x00007ffa27f40000 - 0x00007ffa2802b000 	C:\WINDOWS\system32\dxgi.dll
0x00007ffa1d5f0000 - 0x00007ffa1d797000 	C:\WINDOWS\System32\DriverStore\FileRepository\igdlh64.inf_amd64_baab50003164cdd5\igdgmm64.dll
0x00007ffa1ac60000 - 0x00007ffa1d54a000 	C:\WINDOWS\System32\DriverStore\FileRepository\igdlh64.inf_amd64_baab50003164cdd5\igc64.dll
0x00007ff9ea0a0000 - 0x00007ff9ea491000 	C:\WINDOWS\System32\DriverStore\FileRepository\igdlh64.inf_amd64_baab50003164cdd5\igdml64.dll
0x00007ffa0d670000 - 0x00007ffa0d70e000 	C:\WINDOWS\System32\TextInputFramework.dll
0x00007ffa16ed0000 - 0x00007ffa17177000 	C:\WINDOWS\System32\iertutil.dll
0x00007ffa2bbd0000 - 0x00007ffa2bc72000 	C:\WINDOWS\System32\clbcatq.dll
0x00007ffa095c0000 - 0x00007ffa09619000 	C:\Users\48607\AppData\Local\Temp\lwjgl48607\3.2.3-build-13\lwjgl_opengl.dll
0x00007ffa0a880000 - 0x00007ffa0aa21000 	C:\Program Files\JetBrains\IntelliJ IDEA 2019.3.5\jbr\bin\awt.dll
0x00007ffa26920000 - 0x00007ffa269af000 	C:\WINDOWS\SYSTEM32\apphelp.dll
0x00007ffa23ca0000 - 0x00007ffa23d25000 	C:\Program Files\JetBrains\IntelliJ IDEA 2019.3.5\jbr\bin\freetype.dll
0x00007ffa0cd10000 - 0x00007ffa0cdb8000 	C:\Program Files\JetBrains\IntelliJ IDEA 2019.3.5\jbr\bin\fontmanager.dll

dbghelp: loaded successfully - version: 4.0.5 - missing functions: none
symbol engine: initialized successfully - sym options: 0x614 - pdb path: .;C:\Program Files\JetBrains\IntelliJ IDEA 2019.3.5\jbr\bin;C:\WINDOWS\SYSTEM32;C:\WINDOWS\WinSxS\amd64_microsoft.windows.common-controls_6595b64144ccf1df_6.0.18362.1198_none_9e820b57e45ad92f;C:\Program Files\JetBrains\IntelliJ IDEA 2019.3.5\jbr\bin\server;C:\Program Files\JetBrains\IntelliJ IDEA 2019.3.5\bin;C:\Users\48607\AppData\Local\Temp\lwjgl48607\3.2.3-build-13;C:\WINDOWS\System32\DriverStore\FileRepository\igdlh64.inf_amd64_baab50003164cdd5

VM Arguments:
jvm_args: -XX:TieredStopAtLevel=1 -Xverify:none -Dspring.output.ansi.enabled=always -Dcom.sun.management.jmxremote -Dspring.jmx.enabled=true -Dspring.liveBeansView.mbeanDomain -Dspring.application.admin.enabled=true -javaagent:C:\Program Files\JetBrains\IntelliJ IDEA 2019.3.5\lib\idea_rt.jar=52350:C:\Program Files\JetBrains\IntelliJ IDEA 2019.3.5\bin -Dfile.encoding=UTF-8 
java_command: com.khryniewicki.projectX.ProjectXApplication
java_class_path (initial): C:\Users\48607\Desktop\Aplikacje\projectX\target\classes;C:\Users\48607\.m2\repository\org\springframework\spring-beans\5.2.6.RELEASE\spring-beans-5.2.6.RELEASE.jar;C:\Users\48607\.m2\repository\org\springframework\spring-core\5.2.5.RELEASE\spring-core-5.2.5.RELEASE.jar;C:\Users\48607\.m2\repository\org\springframework\spring-jcl\5.2.5.RELEASE\spring-jcl-5.2.5.RELEASE.jar;C:\Users\48607\.m2\repository\org\springframework\boot\spring-boot-starter-web\2.2.6.RELEASE\spring-boot-starter-web-2.2.6.RELEASE.jar;C:\Users\48607\.m2\repository\org\springframework\boot\spring-boot-starter\2.2.6.RELEASE\spring-boot-starter-2.2.6.RELEASE.jar;C:\Users\48607\.m2\repository\org\springframework\boot\spring-boot-starter-logging\2.2.6.RELEASE\spring-boot-starter-logging-2.2.6.RELEASE.jar;C:\Users\48607\.m2\repository\ch\qos\logback\logback-classic\1.2.3\logback-classic-1.2.3.jar;C:\Users\48607\.m2\repository\ch\qos\logback\logback-core\1.2.3\logback-core-1.2.3.jar;C:\Users\48607\.m2\repository\org\apache\logging\log4j\log4j-to-slf4j\2.12.1\log4j-to-slf4j-2.12.1.jar;C:\Users\48607\.m2\repository\org\apache\logging\log4j\log4j-api\2.12.1\log4j-api-2.12.1.jar;C:\Users\48607\.m2\repository\org\slf4j\jul-to-slf4j\1.7.30\jul-to-slf4j-1.7.30.jar;C:\Users\48607\.m2\repository\jakarta\annotation\jakarta.annotation-api\1.3.5\jakarta.annotation-api-1.3.5.jar;C:\Users\48607\.m2\repository\org\yaml\snakeyaml\1.25\snakeyaml-1.25.jar;C:\Users\48607\.m2\repository\org\springframework\boot\spring-boot-starter-json\2.2.6.RELEASE\spring-boot-starter-json-2.2.6.RELEASE.jar;C:\Users\48607\.m2\repository\com\fasterxml\jackson\core\jackson-databind\2.10.3\jackson-databind-2.10.3.jar;C:\Users\48607\.m2\repository\com\fasterxml\jackson\core\jackson-annotations\2.10.3\jackson-annotations-2.10.3.jar;C:\Users\48607\.m2\repository\com\fasterxml\jackson\core\jackson-core\2.10.3\jackson-core-2.10.3.jar;C:\Users\48607\.m2\repository\com\fasterxml\jackson\datatype\jackson-datatype-jdk8\2.
Launcher Type: SUN_STANDARD

[Global flags]
     bool BytecodeVerificationLocal                = false                                     {product} {command line}
     bool BytecodeVerificationRemote               = false                                     {product} {command line}
     intx CICompilerCount                          = 3                                         {product} {ergonomic}
     uint ConcGCThreads                            = 1                                         {product} {ergonomic}
     uint G1ConcRefinementThreads                  = 4                                         {product} {ergonomic}
   size_t G1HeapRegionSize                         = 1048576                                   {product} {ergonomic}
    uintx GCDrainStackTargetSize                   = 64                                        {product} {ergonomic}
   size_t InitialHeapSize                          = 134217728                                 {product} {ergonomic}
     bool ManagementServer                         = true                                      {product} {command line}
   size_t MarkStackSize                            = 4194304                                   {product} {ergonomic}
   size_t MaxHeapSize                              = 2118123520                                {product} {ergonomic}
   size_t MaxNewSize                               = 1270874112                                {product} {ergonomic}
   size_t MinHeapDeltaBytes                        = 1048576                                   {product} {ergonomic}
    uintx NonNMethodCodeHeapSize                   = 6973028                                {pd product} {ergonomic}
    uintx NonProfiledCodeHeapSize                  = 244685212                              {pd product} {ergonomic}
    uintx ProfiledCodeHeapSize                     = 0                                      {pd product} {ergonomic}
    uintx ReservedCodeCacheSize                    = 251658240                              {pd product} {ergonomic}
     bool SegmentedCodeCache                       = true                                      {product} {ergonomic}
     intx TieredStopAtLevel                        = 1                                         {product} {command line}
     bool UseCompressedClassPointers               = true                                 {lp64_product} {ergonomic}
     bool UseCompressedOops                        = true                                 {lp64_product} {ergonomic}
     bool UseG1GC                                  = true                                      {product} {ergonomic}
     bool UseLargePagesIndividualAllocation        = false                                  {pd product} {ergonomic}

Logging:
Log output configuration:
 #0: stdout all=warning uptime,level,tags
 #1: stderr all=off uptime,level,tags

Environment Variables:
JAVA_HOME=C:\Program Files\AdoptOpenJDK\jdk-11.0.3.7-hotspot
PATH=C:\Python38\Scripts\;C:\Python38\;C:\Program Files\AdoptOpenJDK\jdk-11.0.3.7-hotspot\bin;C:\WINDOWS\system32;C:\WINDOWS;C:\WINDOWS\System32\Wbem;C:\WINDOWS\System32\WindowsPowerShell\v1.0\;C:\WINDOWS\System32\OpenSSH\;C:\Program Files\Intel\WiFi\bin\;C:\Program Files\Common Files\Intel\WirelessCommon\;C:\Program Files\Git\cmd;C:\Program Files\mosquitto;C:\Program Files\AdoptOpenJDK\jdk-11.0.3.7-hotspot\bin;C:\Users\48607\Downloads\apache-maven-3.6.3\bin;C:\Program Files\nodejs\;C:\ProgramData\chocolatey\bin;C:\Program Files\MySQL\MySQL Shell 8.0\bin\;C:\Users\48607\AppData\Local\Microsoft\WindowsApps;C:\Users\48607\AppData\Local\Programs\Microsoft VS Code\bin;C:\Program Files\Docker Toolbox;C:\Users\48607\AppData\Roaming\npm
USERNAME=48607
OS=Windows_NT
PROCESSOR_IDENTIFIER=Intel64 Family 6 Model 158 Stepping 9, GenuineIntel



---------------  S Y S T E M  ---------------

OS: Windows 10 , 64 bit Build 18362 (10.0.18362.1110)
HyperV virtualization detected

CPU:total 4 (initial active 4) (4 cores per cpu, 1 threads per core) family 6 model 158 stepping 9, cmov, cx8, fxsr, mmx, sse, sse2, sse3, ssse3, sse4.1, sse4.2, popcnt, avx, avx2, aes, clmul, erms, 3dnowpref, lzcnt, tsc, tscinvbit, bmi1, bmi2, adx, fma

Memory: 4k page, system-wide physical 8076M (2348M free)
TotalPageFile size 12428M (AvailPageFile size 3467M)
current process WorkingSet (physical memory assigned to process): 686M, peak: 711M
current process commit charge ("private bytes"): 733M, peak: 760M

vm_info: OpenJDK 64-Bit Server VM (11.0.6+8-b520.66) for windows-amd64 JRE (11.0.6+8-b520.66), built on Apr 20 2020 16:47:00 by "" with MS VC++ 14.0 (VS2015)

END.
