#
# A fatal error has been detected by the Java Runtime Environment:
#
#  EXCEPTION_ACCESS_VIOLATION (0xc0000005) at pc=0x00007fffc012e790, pid=13256, tid=14540
#
# JRE version: OpenJDK Runtime Environment (11.0.6+8) (build 11.0.6+8-b520.66)
# Java VM: OpenJDK 64-Bit Server VM (11.0.6+8-b520.66, mixed mode, sharing, tiered, compressed oops, g1 gc, windows-amd64)
# Problematic frame:
# C  [ig9icd64.dll+0x6e790]
#
# No core dump will be written. Minidumps are not enabled by default on client versions of Windows
#
# If you would like to submit a bug report, please visit:
#   http://bugreport.java.com/bugreport/crash.jsp
# The crash happened outside the Java Virtual Machine in native code.
# See problematic frame for where to report the bug.
#

---------------  S U M M A R Y ------------

Command Line: -XX:TieredStopAtLevel=1 -Xverify:none -Dspring.output.ansi.enabled=always -Dcom.sun.management.jmxremote -Dspring.jmx.enabled=true -Dspring.liveBeansView.mbeanDomain -Dspring.application.admin.enabled=true -javaagent:C:\Program Files\JetBrains\IntelliJ IDEA 2019.3.5\lib\idea_rt.jar=57114:C:\Program Files\JetBrains\IntelliJ IDEA 2019.3.5\bin -Dfile.encoding=UTF-8 com.khryniewicki.projectX.ProjectXApplication

Host: Intel(R) Core(TM) i5-7300HQ CPU @ 2.50GHz, 4 cores, 7G,  Windows 10 , 64 bit Build 18362 (10.0.18362.1110)
Time: Mon Dec 28 17:22:50 2020 ?rodkowoeuropejski czas stand. elapsed time: 15 seconds (0d 0h 0m 15s)

---------------  T H R E A D  ---------------

Current thread (0x0000021638d70000):  JavaThread "Game" [_thread_in_native, id=14540, stack(0x00000086e4e00000,0x00000086e4f00000)]

Stack: [0x00000086e4e00000,0x00000086e4f00000],  sp=0x00000086e4efd390,  free space=1012k
Native frames: (J=compiled Java code, j=interpreted, Vv=VM code, C=native code)
C  [ig9icd64.dll+0x6e790]

Java frames: (J=compiled Java code, j=interpreted, Vv=VM code)
j  org.lwjgl.opengl.GL11C.nglTexImage2D(IIIIIIIIJ)V+0
J 4699 c1 com.khryniewicki.projectX.graphics.Texture.getPixels([I)I (171 bytes) @ 0x00000216228ad35c [0x00000216228acfc0+0x000000000000039c]
j  com.khryniewicki.projectX.graphics.Texture.load(Ljava/lang/String;)I+105
j  com.khryniewicki.projectX.graphics.Texture.<init>(Ljava/lang/String;)V+7
j  com.khryniewicki.projectX.graphics.textures.SpellTextures.<clinit>()V+126
v  ~StubRoutines::call_stub
j  com.khryniewicki.projectX.game.attack.spells.spellbook.fire.Fire.setTexture()V+5
j  com.khryniewicki.projectX.game.attack.spells.spellbook.fire.Fire.<init>()V+9
j  com.khryniewicki.projectX.game.attack.spells.spell_instances.SpellRegistry.fill()V+11
j  com.khryniewicki.projectX.game.user_interface.menu.menus.LoadingMenu.initSpells()V+5
j  com.khryniewicki.projectX.game.user_interface.menu.menus.LoadingMenu.insideLoop()V+24
j  com.khryniewicki.projectX.game.engine.GameLoopImp.loop()V+17
j  com.khryniewicki.projectX.game.user_interface.menu.menus.LoadingMenu.execute()V+5
j  com.khryniewicki.projectX.game.engine.Game.loading_menu()V+5
j  com.khryniewicki.projectX.game.engine.Game.run()V+5
j  java.lang.Thread.run()V+11 java.base@11.0.6
v  ~StubRoutines::call_stub

siginfo: EXCEPTION_ACCESS_VIOLATION (0xc0000005), reading address 0x0000021650347ec0


Register to memory mapping:

RIP=0x00007fffc012e790 ig9icd64.dll
RAX=0x0000000000000011 is an unknown value
RBX=0x0000021653624800 points into unknown readable memory: 00 00 00 00 00 00 00 00
RCX=0x0 is NULL
RDX=0x0000021650347ec0 is an unknown value
RSP=0x00000086e4efd390 is pointing into the stack for thread: 0x0000021638d70000
RBP=0x00000086e4efd4c0 is pointing into the stack for thread: 0x0000021638d70000
RSI=0x0000000000000007 is an unknown value
RDI=0x0000021653625080 points into unknown readable memory: 00 00 00 00 00 00 00 00
R8 =0x0000000000001c60 is an unknown value
R9 =0x0000000000000038 is an unknown value
R10=0x0000000000000011 is an unknown value
R11=0x0000000000001c60 is an unknown value
R12=0x00007fffc00c0000 ig9icd64.dll
R13=0x00000000000001c1 is an unknown value
R14=0x0000000000001c60 is an unknown value
R15=0x0000000000000001 is an unknown value


Registers:
RAX=0x0000000000000011, RBX=0x0000021653624800, RCX=0x0000000000000000, RDX=0x0000021650347ec0
RSP=0x00000086e4efd390, RBP=0x00000086e4efd4c0, RSI=0x0000000000000007, RDI=0x0000021653625080
R8 =0x0000000000001c60, R9 =0x0000000000000038, R10=0x0000000000000011, R11=0x0000000000001c60
R12=0x00007fffc00c0000, R13=0x00000000000001c1, R14=0x0000000000001c60, R15=0x0000000000000001
RIP=0x00007fffc012e790, EFLAGS=0x0000000000010293

Top of Stack: (sp=0x00000086e4efd390)
0x00000086e4efd390:   0000000000000000 0000000000000000
0x00000086e4efd3a0:   0000000000000000 0000000000000000
0x00000086e4efd3b0:   0000021650347640 00007fffc0a0eb20
0x00000086e4efd3c0:   0000000000000000 00000086e4efd4c0
0x00000086e4efd3d0:   00000086e4efd5b0 0000000000000000
0x00000086e4efd3e0:   0000000000000049 00007fff00000001
0x00000086e4efd3f0:   000002164f6c1040 0000000000000000
0x00000086e4efd400:   0000000000000001 00007fffc060d54c
0x00000086e4efd410:   00007fffc0d0c650 000002163ba02580
0x00000086e4efd420:   0000071800000718 0000004900000000
0x00000086e4efd430:   00001c6000000004 000002164f6c1040
0x00000086e4efd440:   000000043bfe0049 0000000000001c80
0x00000086e4efd450:   0000021652990000 0000000000000000
0x00000086e4efd460:   0000000000000718 0000000000000718
0x00000086e4efd470:   000002163be122a0 000002163be12280
0x00000086e4efd480:   0000000000000000 0000000000000000 

Instructions: (pc=0x00007fffc012e790)
0x00007fffc012e690:   66 0f 60 c0 66 0f 61 c0 66 0f 70 c0 00 66 0f 64
0x00007fffc012e6a0:   c8 f3 0f 6f 02 49 03 d1 66 0f f7 c1 49 03 f9 41
0x00007fffc012e6b0:   8b c1 44 8b d1 4c 2b c0 0f 29 74 24 10 4d 8b c8
0x00007fffc012e6c0:   0f 29 3c 24 49 c1 e9 07 f6 c2 0f 0f 84 af 00 00
0x00007fffc012e6d0:   00 4d 85 c9 74 6b 66 66 0f 1f 84 00 00 00 00 00
0x00007fffc012e6e0:   f3 0f 6f 02 41 ff c2 f3 0f 6f 4a 10 41 8b c2 f3
0x00007fffc012e6f0:   0f 6f 52 20 f3 0f 6f 5a 30 f3 0f 6f 62 40 f3 0f
0x00007fffc012e700:   6f 6a 50 f3 0f 6f 72 60 f3 0f 6f 7a 70 66 0f e7
0x00007fffc012e710:   07 66 0f e7 4f 10 66 0f e7 57 20 66 0f e7 5f 30
0x00007fffc012e720:   66 0f e7 67 40 66 0f e7 6f 50 66 0f e7 77 60 66
0x00007fffc012e730:   0f e7 7f 70 48 83 ef 80 48 83 ea 80 49 3b c1 72
0x00007fffc012e740:   9f 41 83 e0 7f 0f 84 e0 00 00 00 45 8b d0 44 8b
0x00007fffc012e750:   c9 49 c1 ea 04 4d 85 d2 0f 84 cd 00 00 00 66 90
0x00007fffc012e760:   f3 0f 6f 02 41 ff c1 48 83 c2 10 41 8b c1 66 0f
0x00007fffc012e770:   e7 07 48 83 c7 10 49 3b c2 72 e5 e9 ab 00 00 00
0x00007fffc012e780:   4d 85 c9 74 6c 66 66 66 0f 1f 84 00 00 00 00 00
0x00007fffc012e790:   f3 0f 6f 02 41 ff c2 f3 0f 6f 4a 10 f3 0f 6f 52
0x00007fffc012e7a0:   20 f3 0f 6f 5a 30 f3 0f 6f 62 40 f3 0f 6f 6a 50
0x00007fffc012e7b0:   f3 0f 6f 72 60 f3 0f 6f 7a 70 48 83 ea 80 66 0f
0x00007fffc012e7c0:   e7 07 66 0f e7 4f 10 66 0f e7 57 20 66 0f e7 5f
0x00007fffc012e7d0:   30 66 0f e7 67 40 66 0f e7 6f 50 66 0f e7 77 60
0x00007fffc012e7e0:   66 0f e7 7f 70 48 83 ef 80 41 8b c2 49 3b c1 72
0x00007fffc012e7f0:   9f 41 83 e0 7f 74 34 45 8b d0 44 8b c9 49 c1 ea
0x00007fffc012e800:   04 4d 85 d2 74 25 66 66 0f 1f 84 00 00 00 00 00
0x00007fffc012e810:   f3 0f 6f 02 41 ff c1 66 0f e7 07 48 83 c7 10 41
0x00007fffc012e820:   8b c1 48 83 c2 10 49 3b c2 72 e5 0f 28 74 24 10
0x00007fffc012e830:   0f 28 3c 24 41 83 e0 0f 74 49 45 8b d0 44 8b c9
0x00007fffc012e840:   49 c1 ea 02 4d 85 d2 74 1e 0f 1f 80 00 00 00 00
0x00007fffc012e850:   8b 02 41 ff c1 89 07 48 83 c2 04 48 83 c7 04 41
0x00007fffc012e860:   8b c1 49 3b c2 72 e9 41 83 e0 03 76 16 48 2b d7
0x00007fffc012e870:   0f b6 04 3a ff c1 88 07 48 8d 7f 01 8b c1 49 3b
0x00007fffc012e880:   c0 72 ed 48 83 c4 20 5f c3 cc cc cc cc cc cc cc 


Stack slot to memory mapping:
stack at sp + 0 slots: 0x0 is NULL
stack at sp + 1 slots: 0x0 is NULL
stack at sp + 2 slots: 0x0 is NULL
stack at sp + 3 slots: 0x0 is NULL
stack at sp + 4 slots: 0x0000021650347640 is an unknown value
stack at sp + 5 slots: 0x00007fffc0a0eb20 ig9icd64.dll
stack at sp + 6 slots: 0x0 is NULL
stack at sp + 7 slots: 0x00000086e4efd4c0 is pointing into the stack for thread: 0x0000021638d70000


---------------  P R O C E S S  ---------------

Threads class SMR info:
_java_thread_list=0x000002163c254290, length=20, elements={
0x0000021637a33800, 0x0000021637a38000, 0x0000021637a58000, 0x0000021637a59000,
0x0000021637a5a000, 0x0000021637a81000, 0x0000021637a15000, 0x0000021638b08800,
0x0000021638b09800, 0x0000021638c7d800, 0x0000021639b80800, 0x0000021639a1f000,
0x0000021639e64000, 0x0000021638d70000, 0x0000021638d77000, 0x0000021638d75000,
0x0000021638d7b000, 0x0000021638d7b800, 0x0000021638d7a000, 0x0000021638d72800
}

Java Threads: ( => current thread )
  0x0000021637a33800 JavaThread "Reference Handler" daemon [_thread_blocked, id=6920, stack(0x00000086e2800000,0x00000086e2900000)]
  0x0000021637a38000 JavaThread "Finalizer" daemon [_thread_blocked, id=2308, stack(0x00000086e2900000,0x00000086e2a00000)]
  0x0000021637a58000 JavaThread "Signal Dispatcher" daemon [_thread_blocked, id=12496, stack(0x00000086e2a00000,0x00000086e2b00000)]
  0x0000021637a59000 JavaThread "Attach Listener" daemon [_thread_blocked, id=16096, stack(0x00000086e2b00000,0x00000086e2c00000)]
  0x0000021637a5a000 JavaThread "C1 CompilerThread0" daemon [_thread_in_vm, id=1608, stack(0x00000086e2c00000,0x00000086e2d00000)]
  0x0000021637a81000 JavaThread "Sweeper thread" daemon [_thread_blocked, id=15024, stack(0x00000086e2d00000,0x00000086e2e00000)]
  0x0000021637a15000 JavaThread "Common-Cleaner" daemon [_thread_blocked, id=92, stack(0x00000086e2e00000,0x00000086e2f00000)]
  0x0000021638b08800 JavaThread "Monitor Ctrl-Break" daemon [_thread_in_native, id=13260, stack(0x00000086e2f00000,0x00000086e3000000)]
  0x0000021638b09800 JavaThread "Service Thread" daemon [_thread_blocked, id=8480, stack(0x00000086e3000000,0x00000086e3100000)]
  0x0000021638c7d800 JavaThread "RMI TCP Accept-0" daemon [_thread_in_native, id=4624, stack(0x00000086e3400000,0x00000086e3500000)]
  0x0000021639b80800 JavaThread "RMI TCP Connection(4)-192.168.99.1" daemon [_thread_in_native, id=8620, stack(0x00000086e3800000,0x00000086e3900000)]
  0x0000021639a1f000 JavaThread "RMI Scheduler(0)" daemon [_thread_blocked, id=15280, stack(0x00000086e3a00000,0x00000086e3b00000)]
  0x0000021639e64000 JavaThread "Live Reload Server" daemon [_thread_in_native, id=6052, stack(0x00000086e4100000,0x00000086e4200000)]
=>0x0000021638d70000 JavaThread "Game" [_thread_in_native, id=14540, stack(0x00000086e4e00000,0x00000086e4f00000)]
  0x0000021638d77000 JavaThread "DestroyJavaVM" [_thread_blocked, id=10164, stack(0x00000086e2100000,0x00000086e2200000)]
  0x0000021638d75000 JavaThread "RMI TCP Connection(idle)" daemon [_thread_blocked, id=9964, stack(0x00000086e5400000,0x00000086e5500000)]
  0x0000021638d7b000 JavaThread "RMI TCP Connection(idle)" daemon [_thread_blocked, id=11008, stack(0x00000086e5500000,0x00000086e5600000)]
  0x0000021638d7b800 JavaThread "Java2D Disposer" daemon [_thread_blocked, id=14556, stack(0x00000086e5600000,0x00000086e5700000)]
  0x0000021638d7a000 JavaThread "Thread-5" [_thread_blocked, id=4888, stack(0x00000086e5700000,0x00000086e5800000)]
  0x0000021638d72800 JavaThread "restartedMain" [_thread_in_Java, id=2856, stack(0x00000086e3c00000,0x00000086e3d00000)]

Other Threads:
  0x0000021637a2e800 VMThread "VM Thread" [stack: 0x00000086e2700000,0x00000086e2800000] [id=6996]
  0x0000021638c5a000 WatcherThread [stack: 0x00000086e3500000,0x00000086e3600000] [id=4468]
  0x000002161d99f000 GCTaskThread "GC Thread#0" [stack: 0x00000086e2200000,0x00000086e2300000] [id=2404]
  0x0000021638c5e800 GCTaskThread "GC Thread#1" [stack: 0x00000086e3100000,0x00000086e3200000] [id=8]
  0x0000021638c6c800 GCTaskThread "GC Thread#2" [stack: 0x00000086e3200000,0x00000086e3300000] [id=9440]
  0x0000021639543000 GCTaskThread "GC Thread#3" [stack: 0x00000086e3900000,0x00000086e3a00000] [id=2588]
  0x000002161d9cd800 ConcurrentGCThread "G1 Main Marker" [stack: 0x00000086e2300000,0x00000086e2400000] [id=15296]
  0x000002161d9cf800 ConcurrentGCThread "G1 Conc#0" [stack: 0x00000086e2400000,0x00000086e2500000] [id=12748]
  0x000002161da3e800 ConcurrentGCThread "G1 Refine#0" [stack: 0x00000086e2500000,0x00000086e2600000] [id=7668]
  0x000002163853a000 ConcurrentGCThread "G1 Refine#1" [stack: 0x00000086e3300000,0x00000086e3400000] [id=4304]
  0x00000216378c5000 ConcurrentGCThread "G1 Young RemSet Sampling" [stack: 0x00000086e2600000,0x00000086e2700000] [id=6140]

Threads with active compile tasks:
C1 CompilerThread0  16038 5017       1       org.springframework.util.ConcurrentReferenceHashMap::putIfAbsent (8 bytes)

VM state:not at safepoint (normal execution)

VM Mutex/Monitor currently owned by a thread: None

Heap address: 0x0000000081c00000, size: 2020 MB, Compressed Oops mode: 32-bit
Narrow klass base: 0x0000000800000000, Narrow klass shift: 3
Compressed class space size: 1073741824 Address: 0x0000000840000000

Heap:
 garbage-first heap   total 178176K, used 128722K [0x0000000081c00000, 0x0000000100000000)
  region size 1024K, 18 young (18432K), 2 survivors (2048K)
 Metaspace       used 39814K, capacity 41243K, committed 41468K, reserved 1085440K
  class space    used 5003K, capacity 5635K, committed 5708K, reserved 1048576K
Heap Regions: E=young(eden), S=young(survivor), O=old, HS=humongous(starts), HC=humongous(continues), CS=collection set, F=free, A=archive, TAMS=top-at-mark-start (previous, next)
|   0|0x0000000081c00000, 0x0000000081d00000, 0x0000000081d00000|100%| O|  |TAMS 0x0000000081d00000, 0x0000000081c00000| Untracked 
|   1|0x0000000081d00000, 0x0000000081e00000, 0x0000000081e00000|100%| O|  |TAMS 0x0000000081e00000, 0x0000000081d00000| Untracked 
|   2|0x0000000081e00000, 0x0000000081f00000, 0x0000000081f00000|100%| O|  |TAMS 0x0000000081f00000, 0x0000000081e00000| Untracked 
|   3|0x0000000081f00000, 0x0000000082000000, 0x0000000082000000|100%| O|  |TAMS 0x0000000082000000, 0x0000000081f00000| Untracked 
|   4|0x0000000082000000, 0x0000000082100000, 0x0000000082100000|100%| O|  |TAMS 0x0000000082100000, 0x0000000082000000| Untracked 
|   5|0x0000000082100000, 0x0000000082200000, 0x0000000082200000|100%| O|  |TAMS 0x0000000082200000, 0x0000000082100000| Untracked 
|   6|0x0000000082200000, 0x0000000082300000, 0x0000000082300000|100%| O|  |TAMS 0x0000000082300000, 0x0000000082200000| Untracked 
|   7|0x0000000082300000, 0x0000000082400000, 0x0000000082400000|100%| O|  |TAMS 0x0000000082400000, 0x0000000082300000| Untracked 
|   8|0x0000000082400000, 0x0000000082500000, 0x0000000082500000|100%| O|  |TAMS 0x0000000082500000, 0x0000000082400000| Untracked 
|   9|0x0000000082500000, 0x0000000082600000, 0x0000000082600000|100%| O|  |TAMS 0x0000000082600000, 0x0000000082500000| Untracked 
|  10|0x0000000082600000, 0x0000000082700000, 0x0000000082700000|100%| O|  |TAMS 0x0000000082700000, 0x0000000082600000| Untracked 
|  11|0x0000000082700000, 0x0000000082800000, 0x0000000082800000|100%| O|  |TAMS 0x0000000082800000, 0x0000000082700000| Untracked 
|  12|0x0000000082800000, 0x0000000082900000, 0x0000000082900000|100%|HS|  |TAMS 0x0000000082900000, 0x0000000082800000| Complete 
|  13|0x0000000082900000, 0x0000000082a00000, 0x0000000082a00000|100%|HC|  |TAMS 0x0000000082a00000, 0x0000000082900000| Complete 
|  14|0x0000000082a00000, 0x0000000082b00000, 0x0000000082b00000|100%|HC|  |TAMS 0x0000000082b00000, 0x0000000082a00000| Complete 
|  15|0x0000000082b00000, 0x0000000082c00000, 0x0000000082c00000|100%|HC|  |TAMS 0x0000000082c00000, 0x0000000082b00000| Complete 
|  16|0x0000000082c00000, 0x0000000082d00000, 0x0000000082d00000|100%|HC|  |TAMS 0x0000000082d00000, 0x0000000082c00000| Complete 
|  17|0x0000000082d00000, 0x0000000082e00000, 0x0000000082e00000|100%|HS|  |TAMS 0x0000000082e00000, 0x0000000082d00000| Complete 
|  18|0x0000000082e00000, 0x0000000082f00000, 0x0000000082f00000|100%|HC|  |TAMS 0x0000000082f00000, 0x0000000082e00000| Complete 
|  19|0x0000000082f00000, 0x0000000083000000, 0x0000000083000000|100%|HC|  |TAMS 0x0000000083000000, 0x0000000082f00000| Complete 
|  20|0x0000000083000000, 0x0000000083100000, 0x0000000083100000|100%|HS|  |TAMS 0x0000000083100000, 0x0000000083000000| Complete 
|  21|0x0000000083100000, 0x0000000083200000, 0x0000000083200000|100%|HC|  |TAMS 0x0000000083200000, 0x0000000083100000| Complete 
|  22|0x0000000083200000, 0x0000000083300000, 0x0000000083300000|100%|HC|  |TAMS 0x0000000083300000, 0x0000000083200000| Complete 
|  23|0x0000000083300000, 0x0000000083400000, 0x0000000083400000|100%| O|  |TAMS 0x0000000083400000, 0x0000000083300000| Untracked 
|  24|0x0000000083400000, 0x0000000083500000, 0x0000000083500000|100%| O|  |TAMS 0x0000000083500000, 0x0000000083400000| Untracked 
|  25|0x0000000083500000, 0x0000000083600000, 0x0000000083600000|100%| O|  |TAMS 0x0000000083600000, 0x0000000083500000| Untracked 
|  26|0x0000000083600000, 0x0000000083700000, 0x0000000083700000|100%| O|  |TAMS 0x0000000083700000, 0x0000000083600000| Untracked 
|  27|0x0000000083700000, 0x0000000083800000, 0x0000000083800000|100%|HS|  |TAMS 0x0000000083800000, 0x0000000083700000| Complete 
|  28|0x0000000083800000, 0x0000000083900000, 0x0000000083900000|100%|HC|  |TAMS 0x0000000083900000, 0x0000000083800000| Complete 
|  29|0x0000000083900000, 0x0000000083a00000, 0x0000000083a00000|100%|HC|  |TAMS 0x0000000083a00000, 0x0000000083900000| Complete 
|  30|0x0000000083a00000, 0x0000000083b00000, 0x0000000083b00000|100%|HC|  |TAMS 0x0000000083b00000, 0x0000000083a00000| Complete 
|  31|0x0000000083b00000, 0x0000000083c00000, 0x0000000083c00000|100%|HC|  |TAMS 0x0000000083c00000, 0x0000000083b00000| Complete 
|  32|0x0000000083c00000, 0x0000000083d00000, 0x0000000083d00000|100%|HS|  |TAMS 0x0000000083d00000, 0x0000000083c00000| Complete 
|  33|0x0000000083d00000, 0x0000000083e00000, 0x0000000083e00000|100%|HC|  |TAMS 0x0000000083e00000, 0x0000000083d00000| Complete 
|  34|0x0000000083e00000, 0x0000000083f00000, 0x0000000083f00000|100%|HS|  |TAMS 0x0000000083f00000, 0x0000000083e00000| Complete 
|  35|0x0000000083f00000, 0x0000000084000000, 0x0000000084000000|100%|HC|  |TAMS 0x0000000084000000, 0x0000000083f00000| Complete 
|  36|0x0000000084000000, 0x0000000084100000, 0x0000000084100000|100%|HC|  |TAMS 0x0000000084100000, 0x0000000084000000| Complete 
|  37|0x0000000084100000, 0x0000000084200000, 0x0000000084200000|100%|HC|  |TAMS 0x0000000084200000, 0x0000000084100000| Complete 
|  38|0x0000000084200000, 0x0000000084200000, 0x0000000084300000|  0%| F|  |TAMS 0x0000000084200000, 0x0000000084200000| Untracked 
|  39|0x0000000084300000, 0x0000000084300000, 0x0000000084400000|  0%| F|  |TAMS 0x0000000084300000, 0x0000000084300000| Untracked 
|  40|0x0000000084400000, 0x0000000084400000, 0x0000000084500000|  0%| F|  |TAMS 0x0000000084400000, 0x0000000084400000| Untracked 
|  41|0x0000000084500000, 0x0000000084500000, 0x0000000084600000|  0%| F|  |TAMS 0x0000000084500000, 0x0000000084500000| Untracked 
|  42|0x0000000084600000, 0x0000000084700000, 0x0000000084700000|100%|HS|  |TAMS 0x0000000084700000, 0x0000000084600000| Complete 
|  43|0x0000000084700000, 0x0000000084800000, 0x0000000084800000|100%|HC|  |TAMS 0x0000000084800000, 0x0000000084700000| Complete 
|  44|0x0000000084800000, 0x0000000084900000, 0x0000000084900000|100%|HC|  |TAMS 0x0000000084900000, 0x0000000084800000| Complete 
|  45|0x0000000084900000, 0x0000000084a00000, 0x0000000084a00000|100%|HC|  |TAMS 0x0000000084a00000, 0x0000000084900000| Complete 
|  46|0x0000000084a00000, 0x0000000084b00000, 0x0000000084b00000|100%|HC|  |TAMS 0x0000000084b00000, 0x0000000084a00000| Complete 
|  47|0x0000000084b00000, 0x0000000084c00000, 0x0000000084c00000|100%|HS|  |TAMS 0x0000000084c00000, 0x0000000084b00000| Complete 
|  48|0x0000000084c00000, 0x0000000084d00000, 0x0000000084d00000|100%|HC|  |TAMS 0x0000000084d00000, 0x0000000084c00000| Complete 
|  49|0x0000000084d00000, 0x0000000084e00000, 0x0000000084e00000|100%|HC|  |TAMS 0x0000000084e00000, 0x0000000084d00000| Complete 
|  50|0x0000000084e00000, 0x0000000084f00000, 0x0000000084f00000|100%|HC|  |TAMS 0x0000000084f00000, 0x0000000084e00000| Complete 
|  51|0x0000000084f00000, 0x0000000085000000, 0x0000000085000000|100%|HC|  |TAMS 0x0000000085000000, 0x0000000084f00000| Complete 
|  52|0x0000000085000000, 0x0000000085100000, 0x0000000085100000|100%|HC|  |TAMS 0x0000000085100000, 0x0000000085000000| Complete 
|  53|0x0000000085100000, 0x0000000085200000, 0x0000000085200000|100%|HC|  |TAMS 0x0000000085200000, 0x0000000085100000| Complete 
|  54|0x0000000085200000, 0x0000000085300000, 0x0000000085300000|100%|HC|  |TAMS 0x0000000085300000, 0x0000000085200000| Complete 
|  55|0x0000000085300000, 0x0000000085400000, 0x0000000085400000|100%| O|  |TAMS 0x0000000085400000, 0x0000000085300000| Untracked 
|  56|0x0000000085400000, 0x0000000085500000, 0x0000000085500000|100%| O|  |TAMS 0x0000000085500000, 0x0000000085400000| Untracked 
|  57|0x0000000085500000, 0x0000000085600000, 0x0000000085600000|100%|HS|  |TAMS 0x0000000085600000, 0x0000000085500000| Complete 
|  58|0x0000000085600000, 0x0000000085700000, 0x0000000085700000|100%|HC|  |TAMS 0x0000000085700000, 0x0000000085600000| Complete 
|  59|0x0000000085700000, 0x0000000085800000, 0x0000000085800000|100%|HC|  |TAMS 0x0000000085800000, 0x0000000085700000| Complete 
|  60|0x0000000085800000, 0x0000000085900000, 0x0000000085900000|100%|HC|  |TAMS 0x0000000085900000, 0x0000000085800000| Complete 
|  61|0x0000000085900000, 0x0000000085a00000, 0x0000000085a00000|100%|HC|  |TAMS 0x0000000085a00000, 0x0000000085900000| Complete 
|  62|0x0000000085a00000, 0x0000000085b00000, 0x0000000085b00000|100%|HS|  |TAMS 0x0000000085b00000, 0x0000000085a00000| Complete 
|  63|0x0000000085b00000, 0x0000000085bf9000, 0x0000000085c00000| 97%| O|  |TAMS 0x0000000085bf9000, 0x0000000085b00000| Untracked 
|  64|0x0000000085c00000, 0x0000000085c00000, 0x0000000085d00000|  0%| F|  |TAMS 0x0000000085c00000, 0x0000000085c00000| Untracked 
|  65|0x0000000085d00000, 0x0000000085d00000, 0x0000000085e00000|  0%| F|  |TAMS 0x0000000085d00000, 0x0000000085d00000| Untracked 
|  66|0x0000000085e00000, 0x0000000085e00000, 0x0000000085f00000|  0%| F|  |TAMS 0x0000000085e00000, 0x0000000085e00000| Untracked 
|  67|0x0000000085f00000, 0x0000000086000000, 0x0000000086000000|100%| O|  |TAMS 0x0000000086000000, 0x0000000085f00000| Untracked 
|  68|0x0000000086000000, 0x0000000086100000, 0x0000000086100000|100%| O|  |TAMS 0x0000000086100000, 0x0000000086000000| Untracked 
|  69|0x0000000086100000, 0x0000000086200000, 0x0000000086200000|100%|HS|  |TAMS 0x0000000086200000, 0x0000000086100000| Complete 
|  70|0x0000000086200000, 0x0000000086300000, 0x0000000086300000|100%|HC|  |TAMS 0x0000000086300000, 0x0000000086200000| Complete 
|  71|0x0000000086300000, 0x0000000086400000, 0x0000000086400000|100%|HC|  |TAMS 0x0000000086400000, 0x0000000086300000| Complete 
|  72|0x0000000086400000, 0x0000000086500000, 0x0000000086500000|100%|HC|  |TAMS 0x0000000086500000, 0x0000000086400000| Complete 
|  73|0x0000000086500000, 0x0000000086600000, 0x0000000086600000|100%|HC|  |TAMS 0x0000000086600000, 0x0000000086500000| Complete 
|  74|0x0000000086600000, 0x0000000086700000, 0x0000000086700000|100%|HC|  |TAMS 0x0000000086700000, 0x0000000086600000| Complete 
|  75|0x0000000086700000, 0x0000000086800000, 0x0000000086800000|100%|HC|  |TAMS 0x0000000086800000, 0x0000000086700000| Complete 
|  76|0x0000000086800000, 0x0000000086900000, 0x0000000086900000|100%|HC|  |TAMS 0x0000000086900000, 0x0000000086800000| Complete 
|  77|0x0000000086900000, 0x0000000086a00000, 0x0000000086a00000|100%|HC|  |TAMS 0x0000000086a00000, 0x0000000086900000| Complete 
|  78|0x0000000086a00000, 0x0000000086b00000, 0x0000000086b00000|100%|HC|  |TAMS 0x0000000086b00000, 0x0000000086a00000| Complete 
|  79|0x0000000086b00000, 0x0000000086c00000, 0x0000000086c00000|100%|HC|  |TAMS 0x0000000086c00000, 0x0000000086b00000| Complete 
|  80|0x0000000086c00000, 0x0000000086d00000, 0x0000000086d00000|100%|HC|  |TAMS 0x0000000086d00000, 0x0000000086c00000| Complete 
|  81|0x0000000086d00000, 0x0000000086e00000, 0x0000000086e00000|100%|HC|  |TAMS 0x0000000086e00000, 0x0000000086d00000| Complete 
|  82|0x0000000086e00000, 0x0000000086f00000, 0x0000000086f00000|100%|HS|  |TAMS 0x0000000086f00000, 0x0000000086e00000| Complete 
|  83|0x0000000086f00000, 0x0000000087000000, 0x0000000087000000|100%|HC|  |TAMS 0x0000000087000000, 0x0000000086f00000| Complete 
|  84|0x0000000087000000, 0x0000000087100000, 0x0000000087100000|100%|HC|  |TAMS 0x0000000087100000, 0x0000000087000000| Complete 
|  85|0x0000000087100000, 0x0000000087200000, 0x0000000087200000|100%|HC|  |TAMS 0x0000000087200000, 0x0000000087100000| Complete 
|  86|0x0000000087200000, 0x0000000087300000, 0x0000000087300000|100%|HC|  |TAMS 0x0000000087300000, 0x0000000087200000| Complete 
|  87|0x0000000087300000, 0x0000000087400000, 0x0000000087400000|100%|HC|  |TAMS 0x0000000087400000, 0x0000000087300000| Complete 
|  88|0x0000000087400000, 0x0000000087500000, 0x0000000087500000|100%|HC|  |TAMS 0x0000000087500000, 0x0000000087400000| Complete 
|  89|0x0000000087500000, 0x0000000087600000, 0x0000000087600000|100%| O|  |TAMS 0x0000000087600000, 0x0000000087500000| Untracked 
|  90|0x0000000087600000, 0x0000000087700000, 0x0000000087700000|100%|HS|  |TAMS 0x0000000087700000, 0x0000000087600000| Complete 
|  91|0x0000000087700000, 0x0000000087800000, 0x0000000087800000|100%|HC|  |TAMS 0x0000000087800000, 0x0000000087700000| Complete 
|  92|0x0000000087800000, 0x0000000087900000, 0x0000000087900000|100%|HC|  |TAMS 0x0000000087900000, 0x0000000087800000| Complete 
|  93|0x0000000087900000, 0x0000000087a00000, 0x0000000087a00000|100%|HC|  |TAMS 0x0000000087a00000, 0x0000000087900000| Complete 
|  94|0x0000000087a00000, 0x0000000087b00000, 0x0000000087b00000|100%|HC|  |TAMS 0x0000000087b00000, 0x0000000087a00000| Complete 
|  95|0x0000000087b00000, 0x0000000087c00000, 0x0000000087c00000|100%|HC|  |TAMS 0x0000000087c00000, 0x0000000087b00000| Complete 
|  96|0x0000000087c00000, 0x0000000087d00000, 0x0000000087d00000|100%|HC|  |TAMS 0x0000000087d00000, 0x0000000087c00000| Complete 
|  97|0x0000000087d00000, 0x0000000087e00000, 0x0000000087e00000|100%|HC|  |TAMS 0x0000000087e00000, 0x0000000087d00000| Complete 
|  98|0x0000000087e00000, 0x0000000087f00000, 0x0000000087f00000|100%|HC|  |TAMS 0x0000000087f00000, 0x0000000087e00000| Complete 
|  99|0x0000000087f00000, 0x0000000088000000, 0x0000000088000000|100%|HC|  |TAMS 0x0000000088000000, 0x0000000087f00000| Complete 
| 100|0x0000000088000000, 0x0000000088100000, 0x0000000088100000|100%|HC|  |TAMS 0x0000000088100000, 0x0000000088000000| Complete 
| 101|0x0000000088100000, 0x0000000088200000, 0x0000000088200000|100%|HC|  |TAMS 0x0000000088200000, 0x0000000088100000| Complete 
| 102|0x0000000088200000, 0x0000000088300000, 0x0000000088300000|100%|HC|  |TAMS 0x0000000088300000, 0x0000000088200000| Complete 
| 103|0x0000000088300000, 0x0000000088400000, 0x0000000088400000|100%|HS|  |TAMS 0x0000000088400000, 0x0000000088300000| Complete 
| 104|0x0000000088400000, 0x0000000088500000, 0x0000000088500000|100%|HC|  |TAMS 0x0000000088500000, 0x0000000088400000| Complete 
| 105|0x0000000088500000, 0x0000000088600000, 0x0000000088600000|100%|HC|  |TAMS 0x0000000088600000, 0x0000000088500000| Complete 
| 106|0x0000000088600000, 0x0000000088700000, 0x0000000088700000|100%|HC|  |TAMS 0x0000000088700000, 0x0000000088600000| Complete 
| 107|0x0000000088700000, 0x0000000088800000, 0x0000000088800000|100%|HC|  |TAMS 0x0000000088800000, 0x0000000088700000| Complete 
| 108|0x0000000088800000, 0x0000000088900000, 0x0000000088900000|100%|HC|  |TAMS 0x0000000088900000, 0x0000000088800000| Complete 
| 109|0x0000000088900000, 0x0000000088a00000, 0x0000000088a00000|100%|HC|  |TAMS 0x0000000088a00000, 0x0000000088900000| Complete 
| 110|0x0000000088a00000, 0x0000000088b00000, 0x0000000088b00000|100%|HC|  |TAMS 0x0000000088b00000, 0x0000000088a00000| Complete 
| 111|0x0000000088b00000, 0x0000000088c00000, 0x0000000088c00000|100%|HC|  |TAMS 0x0000000088c00000, 0x0000000088b00000| Complete 
| 112|0x0000000088c00000, 0x0000000088d00000, 0x0000000088d00000|100%|HC|  |TAMS 0x0000000088d00000, 0x0000000088c00000| Complete 
| 113|0x0000000088d00000, 0x0000000088e00000, 0x0000000088e00000|100%|HC|  |TAMS 0x0000000088e00000, 0x0000000088d00000| Complete 
| 114|0x0000000088e00000, 0x0000000088f00000, 0x0000000088f00000|100%|HC|  |TAMS 0x0000000088f00000, 0x0000000088e00000| Complete 
| 115|0x0000000088f00000, 0x0000000089000000, 0x0000000089000000|100%|HC|  |TAMS 0x0000000089000000, 0x0000000088f00000| Complete 
| 116|0x0000000089000000, 0x0000000089000000, 0x0000000089100000|  0%| F|  |TAMS 0x0000000089000000, 0x0000000089000000| Untracked 
| 117|0x0000000089100000, 0x0000000089100000, 0x0000000089200000|  0%| F|  |TAMS 0x0000000089100000, 0x0000000089100000| Untracked 
| 118|0x0000000089200000, 0x0000000089200000, 0x0000000089300000|  0%| F|  |TAMS 0x0000000089200000, 0x0000000089200000| Untracked 
| 119|0x0000000089300000, 0x0000000089300000, 0x0000000089400000|  0%| F|  |TAMS 0x0000000089300000, 0x0000000089300000| Untracked 
| 120|0x0000000089400000, 0x0000000089400000, 0x0000000089500000|  0%| F|  |TAMS 0x0000000089400000, 0x0000000089400000| Untracked 
| 121|0x0000000089500000, 0x0000000089500000, 0x0000000089600000|  0%| F|  |TAMS 0x0000000089500000, 0x0000000089500000| Untracked 
| 122|0x0000000089600000, 0x0000000089600000, 0x0000000089700000|  0%| F|  |TAMS 0x0000000089600000, 0x0000000089600000| Untracked 
| 123|0x0000000089700000, 0x0000000089700000, 0x0000000089800000|  0%| F|  |TAMS 0x0000000089700000, 0x0000000089700000| Untracked 
| 124|0x0000000089800000, 0x0000000089800000, 0x0000000089900000|  0%| F|  |TAMS 0x0000000089800000, 0x0000000089800000| Untracked 
| 125|0x0000000089900000, 0x0000000089900000, 0x0000000089a00000|  0%| F|  |TAMS 0x0000000089900000, 0x0000000089900000| Untracked 
| 126|0x0000000089a00000, 0x0000000089a00000, 0x0000000089b00000|  0%| F|  |TAMS 0x0000000089a00000, 0x0000000089a00000| Untracked 
| 127|0x0000000089b00000, 0x0000000089b00000, 0x0000000089c00000|  0%| F|  |TAMS 0x0000000089b00000, 0x0000000089b00000| Untracked 
| 128|0x0000000089c00000, 0x0000000089c00000, 0x0000000089d00000|  0%| F|  |TAMS 0x0000000089c00000, 0x0000000089c00000| Untracked 
| 129|0x0000000089d00000, 0x0000000089d00000, 0x0000000089e00000|  0%| F|  |TAMS 0x0000000089d00000, 0x0000000089d00000| Untracked 
| 130|0x0000000089e00000, 0x0000000089e00000, 0x0000000089f00000|  0%| F|  |TAMS 0x0000000089e00000, 0x0000000089e00000| Untracked 
| 131|0x0000000089f00000, 0x0000000089f00000, 0x000000008a000000|  0%| F|  |TAMS 0x0000000089f00000, 0x0000000089f00000| Untracked 
| 132|0x000000008a000000, 0x000000008a000000, 0x000000008a100000|  0%| F|  |TAMS 0x000000008a000000, 0x000000008a000000| Untracked 
| 133|0x000000008a100000, 0x000000008a100000, 0x000000008a200000|  0%| F|  |TAMS 0x000000008a100000, 0x000000008a100000| Untracked 
| 134|0x000000008a200000, 0x000000008a200000, 0x000000008a300000|  0%| F|  |TAMS 0x000000008a200000, 0x000000008a200000| Untracked 
| 135|0x000000008a300000, 0x000000008a300000, 0x000000008a400000|  0%| F|  |TAMS 0x000000008a300000, 0x000000008a300000| Untracked 
| 136|0x000000008a400000, 0x000000008a400000, 0x000000008a500000|  0%| F|  |TAMS 0x000000008a400000, 0x000000008a400000| Untracked 
| 137|0x000000008a500000, 0x000000008a500000, 0x000000008a600000|  0%| F|  |TAMS 0x000000008a500000, 0x000000008a500000| Untracked 
| 138|0x000000008a600000, 0x000000008a600000, 0x000000008a700000|  0%| F|  |TAMS 0x000000008a600000, 0x000000008a600000| Untracked 
| 139|0x000000008a700000, 0x000000008a700000, 0x000000008a800000|  0%| F|  |TAMS 0x000000008a700000, 0x000000008a700000| Untracked 
| 140|0x000000008a800000, 0x000000008a800000, 0x000000008a900000|  0%| F|  |TAMS 0x000000008a800000, 0x000000008a800000| Untracked 
| 141|0x000000008a900000, 0x000000008a900000, 0x000000008aa00000|  0%| F|  |TAMS 0x000000008a900000, 0x000000008a900000| Untracked 
| 142|0x000000008aa00000, 0x000000008aa00000, 0x000000008ab00000|  0%| F|  |TAMS 0x000000008aa00000, 0x000000008aa00000| Untracked 
| 143|0x000000008ab00000, 0x000000008ab00000, 0x000000008ac00000|  0%| F|  |TAMS 0x000000008ab00000, 0x000000008ab00000| Untracked 
| 144|0x000000008ac00000, 0x000000008ac00000, 0x000000008ad00000|  0%| F|  |TAMS 0x000000008ac00000, 0x000000008ac00000| Untracked 
| 145|0x000000008ad00000, 0x000000008ad00000, 0x000000008ae00000|  0%| F|  |TAMS 0x000000008ad00000, 0x000000008ad00000| Untracked 
| 146|0x000000008ae00000, 0x000000008ae00000, 0x000000008af00000|  0%| F|  |TAMS 0x000000008ae00000, 0x000000008ae00000| Untracked 
| 147|0x000000008af00000, 0x000000008af00000, 0x000000008b000000|  0%| F|  |TAMS 0x000000008af00000, 0x000000008af00000| Untracked 
| 148|0x000000008b000000, 0x000000008b000000, 0x000000008b100000|  0%| F|  |TAMS 0x000000008b000000, 0x000000008b000000| Untracked 
| 149|0x000000008b100000, 0x000000008b100000, 0x000000008b200000|  0%| F|  |TAMS 0x000000008b100000, 0x000000008b100000| Untracked 
| 150|0x000000008b200000, 0x000000008b200000, 0x000000008b300000|  0%| F|  |TAMS 0x000000008b200000, 0x000000008b200000| Untracked 
| 151|0x000000008b300000, 0x000000008b300000, 0x000000008b400000|  0%| F|  |TAMS 0x000000008b300000, 0x000000008b300000| Untracked 
| 152|0x000000008b400000, 0x000000008b4bb820, 0x000000008b500000| 73%| S|CS|TAMS 0x000000008b400000, 0x000000008b400000| Complete 
| 153|0x000000008b500000, 0x000000008b600000, 0x000000008b600000|100%| S|CS|TAMS 0x000000008b500000, 0x000000008b500000| Complete 
| 154|0x000000008b600000, 0x000000008b600000, 0x000000008b700000|  0%| F|  |TAMS 0x000000008b600000, 0x000000008b600000| Untracked 
| 155|0x000000008b700000, 0x000000008b700000, 0x000000008b800000|  0%| F|  |TAMS 0x000000008b700000, 0x000000008b700000| Untracked 
| 156|0x000000008b800000, 0x000000008b800000, 0x000000008b900000|  0%| F|  |TAMS 0x000000008b800000, 0x000000008b800000| Untracked 
| 157|0x000000008b900000, 0x000000008b900000, 0x000000008ba00000|  0%| F|  |TAMS 0x000000008b900000, 0x000000008b900000| Untracked 
| 158|0x000000008ba00000, 0x000000008ba93b68, 0x000000008bb00000| 57%| E|  |TAMS 0x000000008ba00000, 0x000000008ba00000| Complete 
| 159|0x000000008bb00000, 0x000000008bc00000, 0x000000008bc00000|100%| E|CS|TAMS 0x000000008bb00000, 0x000000008bb00000| Complete 
| 160|0x000000008bc00000, 0x000000008bd00000, 0x000000008bd00000|100%| E|CS|TAMS 0x000000008bc00000, 0x000000008bc00000| Complete 
| 161|0x000000008bd00000, 0x000000008be00000, 0x000000008be00000|100%| E|CS|TAMS 0x000000008bd00000, 0x000000008bd00000| Complete 
| 162|0x000000008be00000, 0x000000008bf00000, 0x000000008bf00000|100%| E|CS|TAMS 0x000000008be00000, 0x000000008be00000| Complete 
| 163|0x000000008bf00000, 0x000000008c000000, 0x000000008c000000|100%| E|CS|TAMS 0x000000008bf00000, 0x000000008bf00000| Complete 
| 164|0x000000008c000000, 0x000000008c100000, 0x000000008c100000|100%| E|CS|TAMS 0x000000008c000000, 0x000000008c000000| Complete 
| 165|0x000000008c100000, 0x000000008c200000, 0x000000008c200000|100%| E|CS|TAMS 0x000000008c100000, 0x000000008c100000| Complete 
| 166|0x000000008c200000, 0x000000008c300000, 0x000000008c300000|100%| E|CS|TAMS 0x000000008c200000, 0x000000008c200000| Complete 
| 167|0x000000008c300000, 0x000000008c400000, 0x000000008c400000|100%| E|CS|TAMS 0x000000008c300000, 0x000000008c300000| Complete 
| 168|0x000000008c400000, 0x000000008c500000, 0x000000008c500000|100%| E|CS|TAMS 0x000000008c400000, 0x000000008c400000| Complete 
| 169|0x000000008c500000, 0x000000008c600000, 0x000000008c600000|100%| E|CS|TAMS 0x000000008c500000, 0x000000008c500000| Complete 
| 170|0x000000008c600000, 0x000000008c700000, 0x000000008c700000|100%| E|CS|TAMS 0x000000008c600000, 0x000000008c600000| Complete 
| 171|0x000000008c700000, 0x000000008c800000, 0x000000008c800000|100%| E|CS|TAMS 0x000000008c700000, 0x000000008c700000| Complete 
| 172|0x000000008c800000, 0x000000008c900000, 0x000000008c900000|100%| E|CS|TAMS 0x000000008c800000, 0x000000008c800000| Complete 
| 173|0x000000008c900000, 0x000000008ca00000, 0x000000008ca00000|100%| E|CS|TAMS 0x000000008c900000, 0x000000008c900000| Complete 

Card table byte_map: [0x0000021630e40000,0x0000021631240000] _byte_map_base: 0x0000021630a32000

Marking Bits (Prev, Next): (CMBitMap*) 0x000002161d9c4b20, (CMBitMap*) 0x000002161d9c4ae8
 Prev Bits: [0x00000216335d0000, 0x0000021635560000)
 Next Bits: [0x0000021631640000, 0x00000216335d0000)

Polling page: 0x000002161b760000

Metaspace:

Usage:
  Non-class:     34.77 MB capacity,    34.00 MB ( 98%) used,   636.17 KB (  2%) free+waste,   160.94 KB ( <1%) overhead. 
      Class:      5.50 MB capacity,     4.89 MB ( 89%) used,   550.48 KB ( 10%) free+waste,    80.81 KB (  1%) overhead. 
       Both:     40.28 MB capacity,    38.88 MB ( 97%) used,     1.16 MB (  3%) free+waste,   241.75 KB ( <1%) overhead. 

Virtual space:
  Non-class space:       36.00 MB reserved,      34.92 MB ( 97%) committed 
      Class space:        1.00 GB reserved,       5.57 MB ( <1%) committed 
             Both:        1.04 GB reserved,      40.50 MB (  4%) committed 

Chunk freelists:
   Non-Class:  24.00 KB
       Class:  29.00 KB
        Both:  53.00 KB

MaxMetaspaceSize: 17179869184.00 GB
CompressedClassSpaceSize: 1.00 GB

CodeHeap 'non-profiled nmethods': size=238912Kb used=8524Kb max_used=8524Kb free=230387Kb
 bounds [0x00000216220f0000, 0x0000021622950000, 0x0000021630a40000]
CodeHeap 'non-nmethods': size=6848Kb used=1626Kb max_used=1626Kb free=5221Kb
 bounds [0x0000021621a40000, 0x0000021621cb0000, 0x00000216220f0000]
 total_blobs=6484 nmethods=5017 adapters=1120
 compilation: enabled
              stopped_count=0, restarted_count=0
 full_count=0

Compilation events (20 events):
Event: 15.815 Thread 0x0000021637a5a000 4971       1       sun.nio.fs.WindowsPath::equals (30 bytes)
Event: 15.815 Thread 0x0000021637a5a000 nmethod 4971 0x000002162292d890 code [0x000002162292da40, 0x000002162292dc70]
Event: 15.815 Thread 0x0000021637a5a000 4973       1       sun.nio.fs.WindowsPath::normalize (5 bytes)
Event: 15.815 Thread 0x0000021637a5a000 nmethod 4973 0x000002162292dd10 code [0x000002162292dec0, 0x000002162292e010]
Event: 15.852 Thread 0x0000021637a5a000 4974       1       sun.net.www.protocol.file.FileURLConnection::getPermission (104 bytes)
Event: 15.853 Thread 0x0000021637a5a000 nmethod 4974 0x000002162292e090 code [0x000002162292e2c0, 0x000002162292e8b0]
Event: 15.862 Thread 0x0000021637a5a000 4975       1       java.io.FilterInputStream::available (8 bytes)
Event: 15.862 Thread 0x0000021637a5a000 nmethod 4975 0x000002162292ec10 code [0x000002162292edc0, 0x000002162292ef30]
Event: 15.938 Thread 0x0000021637a5a000 4976   !   1       java.net.URLClassLoader::getResourceAsStream (142 bytes)
Event: 15.939 Thread 0x0000021637a5a000 nmethod 4976 0x000002162292ef90 code [0x000002162292f1e0, 0x000002162292fa60]
Event: 15.942 Thread 0x0000021637a5a000 4977       1       org.springframework.core.io.ClassPathResource::getInputStream (88 bytes)
Event: 15.942 Thread 0x0000021637a5a000 nmethod 4977 0x000002162292ff90 code [0x0000021622930200, 0x00000216229307b0]
Event: 15.944 Thread 0x0000021637a5a000 4978       1       java.io.FileInputStream$1::close (11 bytes)
Event: 15.944 Thread 0x0000021637a5a000 nmethod 4978 0x0000021622930b10 code [0x0000021622930ce0, 0x0000021622931240]
Event: 15.947 Thread 0x0000021637a5a000 4979   !   1       com.sun.proxy.$Proxy0::annotationType (29 bytes)
Event: 15.947 Thread 0x0000021637a5a000 nmethod 4979 0x0000021622931410 code [0x00000216229315e0, 0x0000021622931840]
Event: 15.957 Thread 0x0000021637a5a000 4980       1       org.springframework.boot.autoconfigure.condition.ConditionMessage$Style$2::applyToItem (6 bytes)
Event: 15.957 Thread 0x0000021637a5a000 nmethod 4980 0x0000021622931990 code [0x0000021622931ba0, 0x0000021622931e80]
Event: 15.957 Thread 0x0000021637a5a000 4981       1       org.springframework.boot.autoconfigure.condition.ConditionMessage$Style$2::applyToItem (33 bytes)
Event: 15.958 Thread 0x0000021637a5a000 nmethod 4981 0x0000021622932010 code [0x0000021622932220, 0x0000021622932650]

GC Heap History (20 events):
Event: 14.886 GC heap before
{Heap before GC invocations=23 (full 0):
 garbage-first heap   total 178176K, used 80118K [0x0000000081c00000, 0x0000000100000000)
  region size 1024K, 3 young (3072K), 2 survivors (2048K)
 Metaspace       used 39649K, capacity 41106K, committed 41468K, reserved 1085440K
  class space    used 4981K, capacity 5589K, committed 5708K, reserved 1048576K
}
Event: 14.887 GC heap after
{Heap after GC invocations=24 (full 0):
 garbage-first heap   total 178176K, used 80053K [0x0000000081c00000, 0x0000000100000000)
  region size 1024K, 2 young (2048K), 2 survivors (2048K)
 Metaspace       used 39649K, capacity 41106K, committed 41468K, reserved 1085440K
  class space    used 4981K, capacity 5589K, committed 5708K, reserved 1048576K
}
Event: 15.014 GC heap before
{Heap before GC invocations=25 (full 0):
 garbage-first heap   total 178176K, used 87221K [0x0000000081c00000, 0x0000000100000000)
  region size 1024K, 3 young (3072K), 2 survivors (2048K)
 Metaspace       used 39649K, capacity 41106K, committed 41468K, reserved 1085440K
  class space    used 4981K, capacity 5589K, committed 5708K, reserved 1048576K
}
Event: 15.015 GC heap after
{Heap after GC invocations=26 (full 0):
 garbage-first heap   total 178176K, used 72730K [0x0000000081c00000, 0x0000000100000000)
  region size 1024K, 2 young (2048K), 2 survivors (2048K)
 Metaspace       used 39649K, capacity 41106K, committed 41468K, reserved 1085440K
  class space    used 4981K, capacity 5589K, committed 5708K, reserved 1048576K
}
Event: 15.138 GC heap before
{Heap before GC invocations=27 (full 0):
 garbage-first heap   total 178176K, used 100378K [0x0000000081c00000, 0x0000000100000000)
  region size 1024K, 17 young (17408K), 2 survivors (2048K)
 Metaspace       used 39649K, capacity 41106K, committed 41468K, reserved 1085440K
  class space    used 4981K, capacity 5589K, committed 5708K, reserved 1048576K
}
Event: 15.139 GC heap after
{Heap after GC invocations=28 (full 0):
 garbage-first heap   total 178176K, used 86810K [0x0000000081c00000, 0x0000000100000000)
  region size 1024K, 3 young (3072K), 3 survivors (3072K)
 Metaspace       used 39649K, capacity 41106K, committed 41468K, reserved 1085440K
  class space    used 4981K, capacity 5589K, committed 5708K, reserved 1048576K
}
Event: 15.304 GC heap before
{Heap before GC invocations=29 (full 0):
 garbage-first heap   total 178176K, used 100122K [0x0000000081c00000, 0x0000000100000000)
  region size 1024K, 4 young (4096K), 3 survivors (3072K)
 Metaspace       used 39649K, capacity 41106K, committed 41468K, reserved 1085440K
  class space    used 4981K, capacity 5589K, committed 5708K, reserved 1048576K
}
Event: 15.305 GC heap after
{Heap after GC invocations=30 (full 0):
 garbage-first heap   total 178176K, used 99322K [0x0000000081c00000, 0x0000000100000000)
  region size 1024K, 2 young (2048K), 2 survivors (2048K)
 Metaspace       used 39649K, capacity 41106K, committed 41468K, reserved 1085440K
  class space    used 4981K, capacity 5589K, committed 5708K, reserved 1048576K
}
Event: 15.549 GC heap before
{Heap before GC invocations=31 (full 0):
 garbage-first heap   total 178176K, used 112634K [0x0000000081c00000, 0x0000000100000000)
  region size 1024K, 3 young (3072K), 2 survivors (2048K)
 Metaspace       used 39649K, capacity 41106K, committed 41468K, reserved 1085440K
  class space    used 4981K, capacity 5589K, committed 5708K, reserved 1048576K
}
Event: 15.550 GC heap after
{Heap after GC invocations=32 (full 0):
 garbage-first heap   total 178176K, used 86200K [0x0000000081c00000, 0x0000000100000000)
  region size 1024K, 2 young (2048K), 2 survivors (2048K)
 Metaspace       used 39649K, capacity 41106K, committed 41468K, reserved 1085440K
  class space    used 4981K, capacity 5589K, committed 5708K, reserved 1048576K
}
Event: 15.657 GC heap before
{Heap before GC invocations=33 (full 0):
 garbage-first heap   total 178176K, used 112824K [0x0000000081c00000, 0x0000000100000000)
  region size 1024K, 16 young (16384K), 2 survivors (2048K)
 Metaspace       used 39717K, capacity 41114K, committed 41468K, reserved 1085440K
  class space    used 4991K, capacity 5592K, committed 5708K, reserved 1048576K
}
Event: 15.658 GC heap after
{Heap after GC invocations=34 (full 0):
 garbage-first heap   total 178176K, used 99662K [0x0000000081c00000, 0x0000000100000000)
  region size 1024K, 2 young (2048K), 2 survivors (2048K)
 Metaspace       used 39717K, capacity 41114K, committed 41468K, reserved 1085440K
  class space    used 4991K, capacity 5592K, committed 5708K, reserved 1048576K
}
Event: 15.669 GC heap before
{Heap before GC invocations=34 (full 0):
 garbage-first heap   total 178176K, used 102734K [0x0000000081c00000, 0x0000000100000000)
  region size 1024K, 6 young (6144K), 2 survivors (2048K)
 Metaspace       used 39719K, capacity 41120K, committed 41468K, reserved 1085440K
  class space    used 4991K, capacity 5594K, committed 5708K, reserved 1048576K
}
Event: 15.670 GC heap after
{Heap after GC invocations=35 (full 0):
 garbage-first heap   total 178176K, used 99587K [0x0000000081c00000, 0x0000000100000000)
  region size 1024K, 2 young (2048K), 2 survivors (2048K)
 Metaspace       used 39719K, capacity 41120K, committed 41468K, reserved 1085440K
  class space    used 4991K, capacity 5594K, committed 5708K, reserved 1048576K
}
Event: 15.800 GC heap before
{Heap before GC invocations=36 (full 0):
 garbage-first heap   total 178176K, used 135427K [0x0000000081c00000, 0x0000000100000000)
  region size 1024K, 25 young (25600K), 2 survivors (2048K)
 Metaspace       used 39727K, capacity 41126K, committed 41468K, reserved 1085440K
  class space    used 4992K, capacity 5596K, committed 5708K, reserved 1048576K
}
Event: 15.801 GC heap after
{Heap after GC invocations=37 (full 0):
 garbage-first heap   total 178176K, used 113034K [0x0000000081c00000, 0x0000000100000000)
  region size 1024K, 2 young (2048K), 2 survivors (2048K)
 Metaspace       used 39727K, capacity 41126K, committed 41468K, reserved 1085440K
  class space    used 4992K, capacity 5596K, committed 5708K, reserved 1048576K
}
Event: 15.833 GC heap before
{Heap before GC invocations=37 (full 0):
 garbage-first heap   total 178176K, used 116106K [0x0000000081c00000, 0x0000000100000000)
  region size 1024K, 6 young (6144K), 2 survivors (2048K)
 Metaspace       used 39727K, capacity 41126K, committed 41468K, reserved 1085440K
  class space    used 4992K, capacity 5596K, committed 5708K, reserved 1048576K
}
Event: 15.834 GC heap after
{Heap after GC invocations=38 (full 0):
 garbage-first heap   total 178176K, used 113344K [0x0000000081c00000, 0x0000000100000000)
  region size 1024K, 2 young (2048K), 2 survivors (2048K)
 Metaspace       used 39727K, capacity 41126K, committed 41468K, reserved 1085440K
  class space    used 4992K, capacity 5596K, committed 5708K, reserved 1048576K
}
Event: 15.973 GC heap before
{Heap before GC invocations=39 (full 0):
 garbage-first heap   total 178176K, used 145088K [0x0000000081c00000, 0x0000000100000000)
  region size 1024K, 20 young (20480K), 2 survivors (2048K)
 Metaspace       used 39729K, capacity 41129K, committed 41468K, reserved 1085440K
  class space    used 4993K, capacity 5597K, committed 5708K, reserved 1048576K
}
Event: 15.974 GC heap after
{Heap after GC invocations=40 (full 0):
 garbage-first heap   total 178176K, used 113362K [0x0000000081c00000, 0x0000000100000000)
  region size 1024K, 2 young (2048K), 2 survivors (2048K)
 Metaspace       used 39729K, capacity 41129K, committed 41468K, reserved 1085440K
  class space    used 4993K, capacity 5597K, committed 5708K, reserved 1048576K
}

Deoptimization events (0 events):
No events

Classes redefined (0 events):
No events

Internal exceptions (20 events):
Event: 15.953 Thread 0x0000021638d72800 Exception <a 'java/security/PrivilegedActionException'{0x000000008bc4e040}> (0x000000008bc4e040) thrown at [c:/BuildAgent/work/5ff2f6c26000d570/src/hotspot/share/prims/jvm.cpp, line 1297]
Event: 15.953 Thread 0x0000021638d72800 Exception <a 'java/security/PrivilegedActionException'{0x000000008bc4e5b8}> (0x000000008bc4e5b8) thrown at [c:/BuildAgent/work/5ff2f6c26000d570/src/hotspot/share/prims/jvm.cpp, line 1297]
Event: 15.953 Thread 0x0000021638d72800 Exception <a 'java/security/PrivilegedActionException'{0x000000008bc4fae0}> (0x000000008bc4fae0) thrown at [c:/BuildAgent/work/5ff2f6c26000d570/src/hotspot/share/prims/jvm.cpp, line 1297]
Event: 15.953 Thread 0x0000021638d72800 Exception <a 'java/security/PrivilegedActionException'{0x000000008bc50058}> (0x000000008bc50058) thrown at [c:/BuildAgent/work/5ff2f6c26000d570/src/hotspot/share/prims/jvm.cpp, line 1297]
Event: 15.953 Thread 0x0000021638d72800 Exception <a 'java/security/PrivilegedActionException'{0x000000008bc51580}> (0x000000008bc51580) thrown at [c:/BuildAgent/work/5ff2f6c26000d570/src/hotspot/share/prims/jvm.cpp, line 1297]
Event: 15.953 Thread 0x0000021638d72800 Exception <a 'java/security/PrivilegedActionException'{0x000000008bc51af8}> (0x000000008bc51af8) thrown at [c:/BuildAgent/work/5ff2f6c26000d570/src/hotspot/share/prims/jvm.cpp, line 1297]
Event: 15.953 Thread 0x0000021638d72800 Exception <a 'java/security/PrivilegedActionException'{0x000000008bc53088}> (0x000000008bc53088) thrown at [c:/BuildAgent/work/5ff2f6c26000d570/src/hotspot/share/prims/jvm.cpp, line 1297]
Event: 15.953 Thread 0x0000021638d72800 Exception <a 'java/security/PrivilegedActionException'{0x000000008bc53600}> (0x000000008bc53600) thrown at [c:/BuildAgent/work/5ff2f6c26000d570/src/hotspot/share/prims/jvm.cpp, line 1297]
Event: 15.954 Thread 0x0000021638d72800 Exception <a 'java/security/PrivilegedActionException'{0x000000008bc54b90}> (0x000000008bc54b90) thrown at [c:/BuildAgent/work/5ff2f6c26000d570/src/hotspot/share/prims/jvm.cpp, line 1297]
Event: 15.954 Thread 0x0000021638d72800 Exception <a 'java/security/PrivilegedActionException'{0x000000008bc55108}> (0x000000008bc55108) thrown at [c:/BuildAgent/work/5ff2f6c26000d570/src/hotspot/share/prims/jvm.cpp, line 1297]
Event: 15.954 Thread 0x0000021638d72800 Exception <a 'java/security/PrivilegedActionException'{0x000000008bc56698}> (0x000000008bc56698) thrown at [c:/BuildAgent/work/5ff2f6c26000d570/src/hotspot/share/prims/jvm.cpp, line 1297]
Event: 15.954 Thread 0x0000021638d72800 Exception <a 'java/security/PrivilegedActionException'{0x000000008bc56c10}> (0x000000008bc56c10) thrown at [c:/BuildAgent/work/5ff2f6c26000d570/src/hotspot/share/prims/jvm.cpp, line 1297]
Event: 15.954 Thread 0x0000021638d72800 Exception <a 'java/security/PrivilegedActionException'{0x000000008bc58138}> (0x000000008bc58138) thrown at [c:/BuildAgent/work/5ff2f6c26000d570/src/hotspot/share/prims/jvm.cpp, line 1297]
Event: 15.954 Thread 0x0000021638d72800 Exception <a 'java/security/PrivilegedActionException'{0x000000008bc586b0}> (0x000000008bc586b0) thrown at [c:/BuildAgent/work/5ff2f6c26000d570/src/hotspot/share/prims/jvm.cpp, line 1297]
Event: 15.954 Thread 0x0000021638d72800 Exception <a 'java/security/PrivilegedActionException'{0x000000008bc59c40}> (0x000000008bc59c40) thrown at [c:/BuildAgent/work/5ff2f6c26000d570/src/hotspot/share/prims/jvm.cpp, line 1297]
Event: 15.954 Thread 0x0000021638d72800 Exception <a 'java/security/PrivilegedActionException'{0x000000008bc5a1b8}> (0x000000008bc5a1b8) thrown at [c:/BuildAgent/work/5ff2f6c26000d570/src/hotspot/share/prims/jvm.cpp, line 1297]
Event: 15.954 Thread 0x0000021638d72800 Exception <a 'java/security/PrivilegedActionException'{0x000000008bc5b6e8}> (0x000000008bc5b6e8) thrown at [c:/BuildAgent/work/5ff2f6c26000d570/src/hotspot/share/prims/jvm.cpp, line 1297]
Event: 15.954 Thread 0x0000021638d72800 Exception <a 'java/security/PrivilegedActionException'{0x000000008bc5bc60}> (0x000000008bc5bc60) thrown at [c:/BuildAgent/work/5ff2f6c26000d570/src/hotspot/share/prims/jvm.cpp, line 1297]
Event: 15.954 Thread 0x0000021638d72800 Exception <a 'java/security/PrivilegedActionException'{0x000000008bc5d190}> (0x000000008bc5d190) thrown at [c:/BuildAgent/work/5ff2f6c26000d570/src/hotspot/share/prims/jvm.cpp, line 1297]
Event: 15.954 Thread 0x0000021638d72800 Exception <a 'java/security/PrivilegedActionException'{0x000000008bc5d708}> (0x000000008bc5d708) thrown at [c:/BuildAgent/work/5ff2f6c26000d570/src/hotspot/share/prims/jvm.cpp, line 1297]

Events (20 events):
Event: 15.977 loading class com/mongodb/client/MongoClient
Event: 15.977 loading class com/mongodb/client/MongoClient done
Event: 15.978 loading class com/mongodb/reactivestreams/client/MongoClient
Event: 15.978 loading class com/mongodb/reactivestreams/client/MongoClient done
Event: 15.978 loading class com/mongodb/reactivestreams/client/MongoClient
Event: 15.978 loading class com/mongodb/reactivestreams/client/MongoClient done
Event: 15.979 loading class org/springframework/transaction/PlatformTransactionManager
Event: 15.979 loading class org/springframework/transaction/PlatformTransactionManager done
Event: 15.979 loading class com/mongodb/MongoClient
Event: 15.979 loading class com/mongodb/MongoClient done
Event: 15.980 loading class javax/transaction/Transaction
Event: 15.980 loading class javax/transaction/Transaction done
Event: 15.980 loading class org/neo4j/ogm/session/SessionFactory
Event: 15.980 loading class org/neo4j/ogm/session/SessionFactory done
Event: 15.980 loading class org/neo4j/ogm/session/Neo4jSession
Event: 15.980 loading class org/neo4j/ogm/session/Neo4jSession done
Event: 15.981 loading class org/springframework/web/reactive/DispatcherHandler
Event: 15.981 loading class org/springframework/web/reactive/DispatcherHandler done
Event: 15.981 loading class org/apache/solr/client/solrj/SolrClient
Event: 15.981 loading class org/apache/solr/client/solrj/SolrClient done


Dynamic libraries:
0x00007ff62b7c0000 - 0x00007ff62b7ca000 	C:\Program Files\JetBrains\IntelliJ IDEA 2019.3.5\jbr\bin\java.exe
0x00007ffff82c0000 - 0x00007ffff84b0000 	C:\WINDOWS\SYSTEM32\ntdll.dll
0x00007ffff6ff0000 - 0x00007ffff70a2000 	C:\WINDOWS\System32\KERNEL32.DLL
0x00007ffff5b90000 - 0x00007ffff5e35000 	C:\WINDOWS\System32\KERNELBASE.dll
0x00007ffff5f40000 - 0x00007ffff603a000 	C:\WINDOWS\System32\ucrtbase.dll
0x00007fffe41c0000 - 0x00007fffe41d7000 	C:\Program Files\JetBrains\IntelliJ IDEA 2019.3.5\jbr\bin\VCRUNTIME140.dll
0x00007fffefe80000 - 0x00007fffefe99000 	C:\Program Files\JetBrains\IntelliJ IDEA 2019.3.5\jbr\bin\jli.dll
0x00007ffff80e0000 - 0x00007ffff8274000 	C:\WINDOWS\System32\USER32.dll
0x00007ffff5e60000 - 0x00007ffff5e81000 	C:\WINDOWS\System32\win32u.dll
0x00007ffff7c80000 - 0x00007ffff7ca6000 	C:\WINDOWS\System32\GDI32.dll
0x00007ffff5260000 - 0x00007ffff53f6000 	C:\WINDOWS\System32\gdi32full.dll
0x00007ffff61e0000 - 0x00007ffff627e000 	C:\WINDOWS\System32\msvcp_win.dll
0x00007fffe5080000 - 0x00007fffe5304000 	C:\WINDOWS\WinSxS\amd64_microsoft.windows.common-controls_6595b64144ccf1df_6.0.18362.1256_none_9e7e379be45e40e2\COMCTL32.dll
0x00007ffff68c0000 - 0x00007ffff695e000 	C:\WINDOWS\System32\msvcrt.dll
0x00007ffff7da0000 - 0x00007ffff80d6000 	C:\WINDOWS\System32\combase.dll
0x00007ffff7370000 - 0x00007ffff7490000 	C:\WINDOWS\System32\RPCRT4.dll
0x00007ffff62e0000 - 0x00007ffff6361000 	C:\WINDOWS\System32\bcryptPrimitives.dll
0x00007ffff7180000 - 0x00007ffff71ae000 	C:\WINDOWS\System32\IMM32.DLL
0x00007fffe4070000 - 0x00007fffe410d000 	C:\Program Files\JetBrains\IntelliJ IDEA 2019.3.5\jbr\bin\msvcp140.dll
0x00007fff95020000 - 0x00007fff95add000 	C:\Program Files\JetBrains\IntelliJ IDEA 2019.3.5\jbr\bin\server\jvm.dll
0x00007ffff7260000 - 0x00007ffff7303000 	C:\WINDOWS\System32\ADVAPI32.dll
0x00007ffff6670000 - 0x00007ffff6707000 	C:\WINDOWS\System32\sechost.dll
0x00007ffff64a0000 - 0x00007ffff64a8000 	C:\WINDOWS\System32\PSAPI.DLL
0x00007fffe2f80000 - 0x00007fffe2f89000 	C:\WINDOWS\SYSTEM32\WSOCK32.dll
0x00007ffff7110000 - 0x00007ffff717f000 	C:\WINDOWS\System32\WS2_32.dll
0x00007ffff0310000 - 0x00007ffff0334000 	C:\WINDOWS\SYSTEM32\WINMM.dll
0x00007fffeeaf0000 - 0x00007fffeeafa000 	C:\WINDOWS\SYSTEM32\VERSION.dll
0x00007ffff02e0000 - 0x00007ffff030d000 	C:\WINDOWS\SYSTEM32\WINMMBASE.dll
0x00007ffff6040000 - 0x00007ffff608a000 	C:\WINDOWS\System32\cfgmgr32.dll
0x00007ffff5170000 - 0x00007ffff5181000 	C:\WINDOWS\System32\kernel.appcore.dll
0x00007fffd6630000 - 0x00007fffd6641000 	C:\Program Files\JetBrains\IntelliJ IDEA 2019.3.5\jbr\bin\verify.dll
0x00007ffff39c0000 - 0x00007ffff3bb4000 	C:\WINDOWS\SYSTEM32\DBGHELP.DLL
0x00007fffe1200000 - 0x00007fffe122a000 	C:\WINDOWS\SYSTEM32\dbgcore.DLL
0x00007fffd20e0000 - 0x00007fffd2109000 	C:\Program Files\JetBrains\IntelliJ IDEA 2019.3.5\jbr\bin\java.dll
0x00007fffedc50000 - 0x00007fffedc5f000 	C:\Program Files\JetBrains\IntelliJ IDEA 2019.3.5\jbr\bin\instrument.dll
0x00007fffd5d90000 - 0x00007fffd5da8000 	C:\Program Files\JetBrains\IntelliJ IDEA 2019.3.5\jbr\bin\zip.dll
0x00007fffd9b90000 - 0x00007fffd9b9b000 	C:\Program Files\JetBrains\IntelliJ IDEA 2019.3.5\jbr\bin\jimage.dll
0x00007ffff7500000 - 0x00007ffff7be7000 	C:\WINDOWS\System32\SHELL32.dll
0x00007ffff6970000 - 0x00007ffff6a19000 	C:\WINDOWS\System32\shcore.dll
0x00007ffff5400000 - 0x00007ffff5b81000 	C:\WINDOWS\System32\windows.storage.dll
0x00007ffff5190000 - 0x00007ffff51b3000 	C:\WINDOWS\System32\profapi.dll
0x00007ffff51e0000 - 0x00007ffff522a000 	C:\WINDOWS\System32\powrprof.dll
0x00007ffff5160000 - 0x00007ffff5170000 	C:\WINDOWS\System32\UMPDC.dll
0x00007ffff70b0000 - 0x00007ffff7102000 	C:\WINDOWS\System32\shlwapi.dll
0x00007ffff5e40000 - 0x00007ffff5e57000 	C:\WINDOWS\System32\cryptsp.dll
0x00007fffd2fc0000 - 0x00007fffd2fda000 	C:\Program Files\JetBrains\IntelliJ IDEA 2019.3.5\jbr\bin\net.dll
0x00007fffec350000 - 0x00007fffec440000 	C:\WINDOWS\SYSTEM32\WINHTTP.dll
0x00007ffff4980000 - 0x00007ffff49e7000 	C:\WINDOWS\system32\mswsock.dll
0x00007fffcf540000 - 0x00007fffcf554000 	C:\Program Files\JetBrains\IntelliJ IDEA 2019.3.5\jbr\bin\nio.dll
0x00007fffe4580000 - 0x00007fffe459a000 	C:\Program Files\JetBrains\IntelliJ IDEA 2019.3.5\bin\breakgen64.dll
0x00007ffff46d0000 - 0x00007ffff479b000 	C:\WINDOWS\SYSTEM32\DNSAPI.dll
0x00007ffff7bf0000 - 0x00007ffff7bf8000 	C:\WINDOWS\System32\NSI.dll
0x00007ffff4690000 - 0x00007ffff46ca000 	C:\WINDOWS\SYSTEM32\IPHLPAPI.DLL
0x00007fffec210000 - 0x00007fffec21a000 	C:\Windows\System32\rasadhlp.dll
0x00007fffece20000 - 0x00007fffece97000 	C:\WINDOWS\System32\fwpuclnt.dll
0x00007ffff5230000 - 0x00007ffff5256000 	C:\WINDOWS\System32\bcrypt.dll
0x00007fffd6e20000 - 0x00007fffd6e2a000 	C:\Program Files\JetBrains\IntelliJ IDEA 2019.3.5\jbr\bin\management.dll
0x00007fffd6620000 - 0x00007fffd662c000 	C:\Program Files\JetBrains\IntelliJ IDEA 2019.3.5\jbr\bin\management_ext.dll
0x00007ffff44e0000 - 0x00007ffff4513000 	C:\WINDOWS\system32\rsaenh.dll
0x00007ffff5040000 - 0x00007ffff5065000 	C:\WINDOWS\SYSTEM32\USERENV.dll
0x00007ffff4b80000 - 0x00007ffff4b8c000 	C:\WINDOWS\SYSTEM32\CRYPTBASE.dll
0x00007fffed350000 - 0x00007fffed366000 	C:\WINDOWS\SYSTEM32\dhcpcsvc6.DLL
0x00007fffed330000 - 0x00007fffed34c000 	C:\WINDOWS\SYSTEM32\dhcpcsvc.DLL
0x00007fffe0000000 - 0x00007fffe0016000 	C:\WINDOWS\system32\napinsp.dll
0x00007fffdf580000 - 0x00007fffdf59a000 	C:\WINDOWS\system32\pnrpnsp.dll
0x00007fffdfff0000 - 0x00007fffdfffe000 	C:\WINDOWS\System32\winrnr.dll
0x00007ffff1150000 - 0x00007ffff116c000 	C:\WINDOWS\system32\NLAapi.dll
0x00007ffff09a0000 - 0x00007ffff09b5000 	C:\WINDOWS\system32\wshbth.dll
0x00007fffd93d0000 - 0x00007fffd9434000 	C:\Users\48607\AppData\Local\Temp\lwjgl48607\3.2.3-build-13\lwjgl.dll
0x00007fffc5ab0000 - 0x00007fffc5d03000 	C:\Users\48607\AppData\Local\Temp\lwjgl48607\3.2.3-build-13\jemalloc.dll
0x00007fffd6730000 - 0x00007fffd6792000 	C:\Users\48607\AppData\Local\Temp\lwjgl48607\3.2.3-build-13\glfw.dll
0x00007ffff2880000 - 0x00007ffff2919000 	C:\WINDOWS\system32\uxtheme.dll
0x00007fffd9c30000 - 0x00007fffd9c73000 	C:\WINDOWS\SYSTEM32\dinput8.dll
0x00007fffe4020000 - 0x00007fffe4031000 	C:\WINDOWS\SYSTEM32\xinput1_4.dll
0x00007ffff4f50000 - 0x00007ffff4f7a000 	C:\WINDOWS\SYSTEM32\DEVOBJ.dll
0x00007ffff2f10000 - 0x00007ffff2f3d000 	C:\WINDOWS\SYSTEM32\dwmapi.dll
0x00007ffff64b0000 - 0x00007ffff65e5000 	C:\WINDOWS\System32\MSCTF.dll
0x00007ffff7cd0000 - 0x00007ffff7d95000 	C:\WINDOWS\System32\OLEAUT32.dll
0x00007ffff3bc0000 - 0x00007ffff3bce000 	C:\WINDOWS\SYSTEM32\HID.DLL
0x00007ffff6a20000 - 0x00007ffff6e90000 	C:\WINDOWS\System32\SETUPAPI.DLL
0x00007ffff6280000 - 0x00007ffff62dc000 	C:\WINDOWS\System32\WINTRUST.dll
0x00007ffff51c0000 - 0x00007ffff51d2000 	C:\WINDOWS\System32\MSASN1.dll
0x00007ffff6090000 - 0x00007ffff61d9000 	C:\WINDOWS\System32\CRYPT32.dll
0x00007fffd6c60000 - 0x00007fffd6db6000 	C:\WINDOWS\SYSTEM32\opengl32.dll
0x00007fffd78a0000 - 0x00007fffd78cc000 	C:\WINDOWS\SYSTEM32\GLU32.dll
0x00007ffff3d60000 - 0x00007ffff3d80000 	C:\WINDOWS\SYSTEM32\dxcore.dll
0x00007fffd6b40000 - 0x00007fffd6c5b000 	C:\WINDOWS\SYSTEM32\inputhost.dll
0x00007ffff25c0000 - 0x00007ffff2694000 	C:\WINDOWS\SYSTEM32\CoreMessaging.dll
0x00007fffee2f0000 - 0x00007fffee61a000 	C:\WINDOWS\SYSTEM32\CoreUIComponents.dll
0x00007ffff35b0000 - 0x00007ffff36a0000 	C:\WINDOWS\SYSTEM32\PROPSYS.dll
0x00007ffff09c0000 - 0x00007ffff0b13000 	C:\WINDOWS\SYSTEM32\wintypes.dll
0x00007ffff4160000 - 0x00007ffff4191000 	C:\WINDOWS\SYSTEM32\ntmarta.dll
0x00007fffc00c0000 - 0x00007fffc100a000 	C:\WINDOWS\System32\DriverStore\FileRepository\igdlh64.inf_amd64_baab50003164cdd5\ig9icd64.dll
0x00007ffff6e90000 - 0x00007ffff6fe7000 	C:\WINDOWS\System32\ole32.dll
0x00007ffff3df0000 - 0x00007ffff3edb000 	C:\WINDOWS\system32\dxgi.dll
0x00007fffe8680000 - 0x00007fffe8827000 	C:\WINDOWS\System32\DriverStore\FileRepository\igdlh64.inf_amd64_baab50003164cdd5\igdgmm64.dll
0x00007fffe5d90000 - 0x00007fffe867a000 	C:\WINDOWS\System32\DriverStore\FileRepository\igdlh64.inf_amd64_baab50003164cdd5\igc64.dll
0x00007fffc56b0000 - 0x00007fffc5aa1000 	C:\WINDOWS\System32\DriverStore\FileRepository\igdlh64.inf_amd64_baab50003164cdd5\igdml64.dll
0x00007fffd5db0000 - 0x00007fffd5e09000 	C:\Users\48607\AppData\Local\Temp\lwjgl48607\3.2.3-build-13\lwjgl_opengl.dll
0x00007fffd73a0000 - 0x00007fffd743e000 	C:\WINDOWS\System32\TextInputFramework.dll
0x00007fffe1c60000 - 0x00007fffe1f07000 	C:\WINDOWS\System32\iertutil.dll
0x00007ffff71b0000 - 0x00007ffff7252000 	C:\WINDOWS\System32\clbcatq.dll
0x00007fffd5ec0000 - 0x00007fffd6061000 	C:\Program Files\JetBrains\IntelliJ IDEA 2019.3.5\jbr\bin\awt.dll
0x00007ffff27d0000 - 0x00007ffff285f000 	C:\WINDOWS\SYSTEM32\apphelp.dll
0x00007fffe41e0000 - 0x00007fffe4265000 	C:\Program Files\JetBrains\IntelliJ IDEA 2019.3.5\jbr\bin\freetype.dll
0x00007fffd5e10000 - 0x00007fffd5eb8000 	C:\Program Files\JetBrains\IntelliJ IDEA 2019.3.5\jbr\bin\fontmanager.dll

dbghelp: loaded successfully - version: 4.0.5 - missing functions: none
symbol engine: initialized successfully - sym options: 0x614 - pdb path: .;C:\Program Files\JetBrains\IntelliJ IDEA 2019.3.5\jbr\bin;C:\WINDOWS\SYSTEM32;C:\WINDOWS\WinSxS\amd64_microsoft.windows.common-controls_6595b64144ccf1df_6.0.18362.1256_none_9e7e379be45e40e2;C:\Program Files\JetBrains\IntelliJ IDEA 2019.3.5\jbr\bin\server;C:\Program Files\JetBrains\IntelliJ IDEA 2019.3.5\bin;C:\Users\48607\AppData\Local\Temp\lwjgl48607\3.2.3-build-13;C:\WINDOWS\System32\DriverStore\FileRepository\igdlh64.inf_amd64_baab50003164cdd5

VM Arguments:
jvm_args: -XX:TieredStopAtLevel=1 -Xverify:none -Dspring.output.ansi.enabled=always -Dcom.sun.management.jmxremote -Dspring.jmx.enabled=true -Dspring.liveBeansView.mbeanDomain -Dspring.application.admin.enabled=true -javaagent:C:\Program Files\JetBrains\IntelliJ IDEA 2019.3.5\lib\idea_rt.jar=57114:C:\Program Files\JetBrains\IntelliJ IDEA 2019.3.5\bin -Dfile.encoding=UTF-8 
java_command: com.khryniewicki.projectX.ProjectXApplication
java_class_path (initial): C:\Users\48607\Desktop\Aplikacje\projectX\target\classes;C:\Users\48607\.m2\repository\org\springframework\spring-beans\5.2.6.RELEASE\spring-beans-5.2.6.RELEASE.jar;C:\Users\48607\.m2\repository\org\springframework\spring-core\5.2.5.RELEASE\spring-core-5.2.5.RELEASE.jar;C:\Users\48607\.m2\repository\org\springframework\spring-jcl\5.2.5.RELEASE\spring-jcl-5.2.5.RELEASE.jar;C:\Users\48607\.m2\repository\org\springframework\boot\spring-boot-starter-web\2.2.6.RELEASE\spring-boot-starter-web-2.2.6.RELEASE.jar;C:\Users\48607\.m2\repository\org\springframework\boot\spring-boot-starter\2.2.6.RELEASE\spring-boot-starter-2.2.6.RELEASE.jar;C:\Users\48607\.m2\repository\org\springframework\boot\spring-boot-starter-logging\2.2.6.RELEASE\spring-boot-starter-logging-2.2.6.RELEASE.jar;C:\Users\48607\.m2\repository\ch\qos\logback\logback-classic\1.2.3\logback-classic-1.2.3.jar;C:\Users\48607\.m2\repository\ch\qos\logback\logback-core\1.2.3\logback-core-1.2.3.jar;C:\Users\48607\.m2\repository\org\apache\logging\log4j\log4j-to-slf4j\2.12.1\log4j-to-slf4j-2.12.1.jar;C:\Users\48607\.m2\repository\org\apache\logging\log4j\log4j-api\2.12.1\log4j-api-2.12.1.jar;C:\Users\48607\.m2\repository\org\slf4j\jul-to-slf4j\1.7.30\jul-to-slf4j-1.7.30.jar;C:\Users\48607\.m2\repository\jakarta\annotation\jakarta.annotation-api\1.3.5\jakarta.annotation-api-1.3.5.jar;C:\Users\48607\.m2\repository\org\yaml\snakeyaml\1.25\snakeyaml-1.25.jar;C:\Users\48607\.m2\repository\org\springframework\boot\spring-boot-starter-json\2.2.6.RELEASE\spring-boot-starter-json-2.2.6.RELEASE.jar;C:\Users\48607\.m2\repository\com\fasterxml\jackson\core\jackson-databind\2.10.3\jackson-databind-2.10.3.jar;C:\Users\48607\.m2\repository\com\fasterxml\jackson\core\jackson-annotations\2.10.3\jackson-annotations-2.10.3.jar;C:\Users\48607\.m2\repository\com\fasterxml\jackson\core\jackson-core\2.10.3\jackson-core-2.10.3.jar;C:\Users\48607\.m2\repository\com\fasterxml\jackson\datatype\jackson-datatype-jdk8\2.
Launcher Type: SUN_STANDARD

[Global flags]
     bool BytecodeVerificationLocal                = false                                     {product} {command line}
     bool BytecodeVerificationRemote               = false                                     {product} {command line}
     intx CICompilerCount                          = 3                                         {product} {ergonomic}
     uint ConcGCThreads                            = 1                                         {product} {ergonomic}
     uint G1ConcRefinementThreads                  = 4                                         {product} {ergonomic}
   size_t G1HeapRegionSize                         = 1048576                                   {product} {ergonomic}
    uintx GCDrainStackTargetSize                   = 64                                        {product} {ergonomic}
   size_t InitialHeapSize                          = 134217728                                 {product} {ergonomic}
     bool ManagementServer                         = true                                      {product} {command line}
   size_t MarkStackSize                            = 4194304                                   {product} {ergonomic}
   size_t MaxHeapSize                              = 2118123520                                {product} {ergonomic}
   size_t MaxNewSize                               = 1270874112                                {product} {ergonomic}
   size_t MinHeapDeltaBytes                        = 1048576                                   {product} {ergonomic}
    uintx NonNMethodCodeHeapSize                   = 6973028                                {pd product} {ergonomic}
    uintx NonProfiledCodeHeapSize                  = 244685212                              {pd product} {ergonomic}
    uintx ProfiledCodeHeapSize                     = 0                                      {pd product} {ergonomic}
    uintx ReservedCodeCacheSize                    = 251658240                              {pd product} {ergonomic}
     bool SegmentedCodeCache                       = true                                      {product} {ergonomic}
     intx TieredStopAtLevel                        = 1                                         {product} {command line}
     bool UseCompressedClassPointers               = true                                 {lp64_product} {ergonomic}
     bool UseCompressedOops                        = true                                 {lp64_product} {ergonomic}
     bool UseG1GC                                  = true                                      {product} {ergonomic}
     bool UseLargePagesIndividualAllocation        = false                                  {pd product} {ergonomic}

Logging:
Log output configuration:
 #0: stdout all=warning uptime,level,tags
 #1: stderr all=off uptime,level,tags

Environment Variables:
JAVA_HOME=C:\Program Files\AdoptOpenJDK\jdk-11.0.3.7-hotspot
PATH=C:\Python38\Scripts\;C:\Python38\;C:\Program Files\AdoptOpenJDK\jdk-11.0.3.7-hotspot\bin;C:\WINDOWS\system32;C:\WINDOWS;C:\WINDOWS\System32\Wbem;C:\WINDOWS\System32\WindowsPowerShell\v1.0\;C:\WINDOWS\System32\OpenSSH\;C:\Program Files\Intel\WiFi\bin\;C:\Program Files\Common Files\Intel\WirelessCommon\;C:\Program Files\Git\cmd;C:\Program Files\mosquitto;C:\Program Files\AdoptOpenJDK\jdk-11.0.3.7-hotspot\bin;C:\Users\48607\Downloads\apache-maven-3.6.3\bin;C:\Program Files\nodejs\;C:\ProgramData\chocolatey\bin;C:\Program Files\MySQL\MySQL Shell 8.0\bin\;C:\Users\48607\AppData\Local\Microsoft\WindowsApps;C:\Users\48607\AppData\Local\Programs\Microsoft VS Code\bin;C:\Program Files\Docker Toolbox;C:\Users\48607\AppData\Roaming\npm
USERNAME=48607
OS=Windows_NT
PROCESSOR_IDENTIFIER=Intel64 Family 6 Model 158 Stepping 9, GenuineIntel



---------------  S Y S T E M  ---------------

OS: Windows 10 , 64 bit Build 18362 (10.0.18362.1110)
HyperV virtualization detected

CPU:total 4 (initial active 4) (4 cores per cpu, 1 threads per core) family 6 model 158 stepping 9, cmov, cx8, fxsr, mmx, sse, sse2, sse3, ssse3, sse4.1, sse4.2, popcnt, avx, avx2, aes, clmul, erms, 3dnowpref, lzcnt, tsc, tscinvbit, bmi1, bmi2, adx, fma

Memory: 4k page, system-wide physical 8076M (2907M free)
TotalPageFile size 22306M (AvailPageFile size 11490M)
current process WorkingSet (physical memory assigned to process): 520M, peak: 532M
current process commit charge ("private bytes"): 523M, peak: 536M

vm_info: OpenJDK 64-Bit Server VM (11.0.6+8-b520.66) for windows-amd64 JRE (11.0.6+8-b520.66), built on Apr 20 2020 16:47:00 by "" with MS VC++ 14.0 (VS2015)

END.
