#
# There is insufficient memory for the Java Runtime Environment to continue.
# Native memory allocation (malloc) failed to allocate 1048576 bytes for AllocateHeap
# Possible reasons:
#   The system is out of physical RAM or swap space
#   The process is running with CompressedOops enabled, and the Java Heap may be blocking the growth of the native heap
# Possible solutions:
#   Reduce memory load on the system
#   Increase physical memory or swap space
#   Check if swap backing store is full
#   Decrease Java heap size (-Xmx/-Xms)
#   Decrease number of Java threads
#   Decrease Java thread stack sizes (-Xss)
#   Set larger code cache with -XX:ReservedCodeCacheSize=
#   JVM is running with Unscaled Compressed Oops mode in which the Java heap is
#     placed in the first 4GB address space. The Java Heap base address is the
#     maximum limit for the native heap growth. Please use -XX:HeapBaseMinAddress
#     to set the Java Heap base and to place the Java Heap above 4GB virtual address.
# This output file may be truncated or incomplete.
#
#  Out of Memory Error (c:/BuildAgent/work/5ff2f6c26000d570/src/hotspot/share/memory/allocation.cpp:46), pid=9796, tid=8964
#
# JRE version: OpenJDK Runtime Environment (11.0.6+8) (build 11.0.6+8-b520.66)
# Java VM: OpenJDK 64-Bit Server VM (11.0.6+8-b520.66, mixed mode, sharing, tiered, compressed oops, g1 gc, windows-amd64)
# No core dump will be written. Minidumps are not enabled by default on client versions of Windows
#

---------------  S U M M A R Y ------------

Command Line: -XX:TieredStopAtLevel=1 -Xverify:none -Dspring.output.ansi.enabled=always -Dcom.sun.management.jmxremote -Dspring.jmx.enabled=true -Dspring.liveBeansView.mbeanDomain -Dspring.application.admin.enabled=true -javaagent:C:\Program Files\JetBrains\IntelliJ IDEA 2019.3.5\lib\idea_rt.jar=49939:C:\Program Files\JetBrains\IntelliJ IDEA 2019.3.5\bin -Dfile.encoding=UTF-8 com.khryniewicki.projectX.ProjectXApplication

Host: Intel(R) Core(TM) i5-7300HQ CPU @ 2.50GHz, 4 cores, 7G,  Windows 10 , 64 bit Build 18362 (10.0.18362.1110)
Time: Fri Dec 11 19:36:11 2020 ?rodkowoeuropejski czas stand. elapsed time: 833 seconds (0d 0h 13m 53s)

---------------  T H R E A D  ---------------

Current thread (0x00000257aa843000):  VMThread "VM Thread" [stack: 0x0000007396100000,0x0000007396200000] [id=8964]

Stack: [0x0000007396100000,0x0000007396200000]
[error occurred during error reporting (printing stack bounds), id 0xc0000005, EXCEPTION_ACCESS_VIOLATION (0xc0000005) at pc=0x0000025794860dad]

Native frames: (J=compiled Java code, j=interpreted, Vv=VM code, C=native code)
V  [jvm.dll+0x5ddf9a]
V  [jvm.dll+0x710ae5]
V  [jvm.dll+0x712005]
V  [jvm.dll+0x712615]
V  [jvm.dll+0x7125cb]
V  [jvm.dll+0x5dd3e8]
V  [jvm.dll+0x5ddb88]
C  [ntdll.dll+0xa184f]
C  [ntdll.dll+0x6a889]
C  [ntdll.dll+0xa04be]
C  0x0000025794860dad

VM_Operation (0x00000073969fe940): G1CollectFull, mode: safepoint, requested by thread 0x0000025c93006800


---------------  P R O C E S S  ---------------

Threads class SMR info:
_java_thread_list=0x00000257aea6bac0, length=21, elements={
0x00000257aa84d000, 0x00000257aa84e800, 0x00000257aa86f800, 0x00000257aa870800,
0x00000257aa872000, 0x00000257aa875000, 0x00000257aa829800, 0x00000257abbd9000,
0x00000257abd2a000, 0x00000257ac364800, 0x00000257ae937800, 0x00000257aeaa7800,
0x00000257aeaac800, 0x00000257aeaad800, 0x00000257aeaae000, 0x00000257aeaa8800,
0x00000257aeaab000, 0x00000257aeaaf000, 0x00000257aeaa3800, 0x0000025c93007000,
0x0000025c93006800
}

Java Threads: ( => current thread )
  0x00000257aa84d000 JavaThread "Reference Handler" daemon [_thread_blocked, id=10776, stack(0x0000007396200000,0x0000007396300000)]
  0x00000257aa84e800 JavaThread "Finalizer" daemon [_thread_blocked, id=9764, stack(0x0000007396300000,0x0000007396400000)]
  0x00000257aa86f800 JavaThread "Signal Dispatcher" daemon [_thread_blocked, id=11684, stack(0x0000007396400000,0x0000007396500000)]
  0x00000257aa870800 JavaThread "Attach Listener" daemon [_thread_blocked, id=11688, stack(0x0000007396500000,0x0000007396600000)]
  0x00000257aa872000 JavaThread "C1 CompilerThread0" daemon [_thread_blocked, id=11656, stack(0x0000007396600000,0x0000007396700000)]
  0x00000257aa875000 JavaThread "Sweeper thread" daemon [_thread_blocked, id=11680, stack(0x0000007396700000,0x0000007396800000)]
  0x00000257aa829800 JavaThread "Common-Cleaner" daemon [_thread_blocked, id=11664, stack(0x0000007396800000,0x0000007396900000)]
  0x00000257abbd9000 JavaThread "Service Thread" daemon [_thread_blocked, id=7784, stack(0x0000007396a00000,0x0000007396b00000)]
  0x00000257abd2a000 JavaThread "RMI TCP Accept-0" daemon [_thread_in_native, id=13336, stack(0x0000007396e00000,0x0000007396f00000)]
  0x00000257ac364800 JavaThread "RMI Scheduler(0)" daemon [_thread_blocked, id=14944, stack(0x0000007397500000,0x0000007397600000)]
  0x00000257ae937800 JavaThread "Live Reload Server" daemon [_thread_in_native, id=13988, stack(0x0000007397c00000,0x0000007397d00000)]
  0x00000257aeaa7800 JavaThread "DestroyJavaVM" [_thread_blocked, id=11044, stack(0x0000007395b00000,0x0000007395c00000)]
  0x00000257aeaac800 JavaThread "Java2D Disposer" daemon [_thread_blocked, id=13124, stack(0x0000007399200000,0x0000007399300000)]
  0x00000257aeaad800 JavaThread "Thread-9" daemon [_thread_in_native, id=1748, stack(0x0000007399500000,0x0000007399600000)]
  0x00000257aeaae000 JavaThread "WebSocketClient-SecureIO-1" daemon [_thread_blocked, id=600, stack(0x0000007399600000,0x0000007399700000)]
  0x00000257aeaa8800 JavaThread "WebSocketClient-SecureIO-2" daemon [_thread_blocked, id=13864, stack(0x0000007399700000,0x0000007399800000)]
  0x00000257aeaab000 JavaThread "WebSocket background processing" daemon [_thread_blocked, id=15056, stack(0x0000007399800000,0x0000007399900000)]
  0x00000257aeaaf000 JavaThread "Thread-14" [_thread_blocked, id=5116, stack(0x0000007397800000,0x0000007397900000)]
  0x00000257aeaa3800 JavaThread "Timer-1" [_thread_blocked, id=12936, stack(0x0000007397600000,0x0000007397700000)]
  0x0000025c93007000 JavaThread "Game" [_thread_blocked, id=12416, stack(0x0000007398800000,0x0000007398900000)]
  0x0000025c93006800 JavaThread "Thread-15" [_thread_blocked, id=3516, stack(0x0000007396900000,0x0000007396a00000)]

Other Threads:
=>0x00000257aa843000 VMThread "VM Thread" [stack: 0x0000007396100000,0x0000007396200000] [id=8964]
  0x00000257abd26800 WatcherThread [stack: 0x0000007396f00000,0x0000007397000000] [id=12728]
  0x00000257907c9800 GCTaskThread "GC Thread#0" [stack: 0x0000007395c00000,0x0000007395d00000] [id=10804]
  0x00000257abce5000 GCTaskThread "GC Thread#1" [stack: 0x0000007396b00000,0x0000007396c00000] [id=612]
  0x00000257abce5800 GCTaskThread "GC Thread#2" [stack: 0x0000007396c00000,0x0000007396d00000] [id=11588]
  0x00000257ac584800 GCTaskThread "GC Thread#3" [stack: 0x0000007397300000,0x0000007397400000] [id=13624]
  0x00000257907f8000 ConcurrentGCThread "G1 Main Marker" [stack: 0x0000007395d00000,0x0000007395e00000] [id=10216]
  0x00000257907f9800 ConcurrentGCThread "G1 Conc#0" [stack: 0x0000007395e00000,0x0000007395f00000] [id=4828]
  0x00000257aa6dd800 ConcurrentGCThread "G1 Refine#0" [stack: 0x0000007395f00000,0x0000007396000000] [id=10300]
  0x00000257ab445800 ConcurrentGCThread "G1 Refine#1" [stack: 0x0000007396d00000,0x0000007396e00000] [id=7896]
  0x00000257aa6df000 ConcurrentGCThread "G1 Young RemSet Sampling" [stack: 0x0000007396000000,0x0000007396100000] [id=13592]

Threads with active compile tasks:

VM state:at safepoint (normal execution)

VM Mutex/Monitor currently owned by a thread:  ([mutex/lock_event])
[0x00000257907a9530] Threads_lock - owner thread: 0x00000257aa843000
[0x00000257907aaa90] Heap_lock - owner thread: 0x0000025c93006800

Heap address: 0x0000000081c00000, size: 2020 MB, Compressed Oops mode: 32-bit
Narrow klass base: 0x0000000800000000, Narrow klass shift: 3
Compressed class space size: 1073741824 Address: 0x0000000840000000

Heap:
 garbage-first heap   total 394240K, used 266298K [0x0000000081c00000, 0x0000000100000000)
  region size 1024K, 4 young (4096K), 2 survivors (2048K)
 Metaspace       used 48608K, capacity 50309K, committed 50560K, reserved 1093632K
  class space    used 6094K, capacity 6782K, committed 6784K, reserved 1048576K
Heap Regions: E=young(eden), S=young(survivor), O=old, HS=humongous(starts), HC=humongous(continues), CS=collection set, F=free, A=archive, TAMS=top-at-mark-start (previous, next)
|   0|0x0000000081c00000, 0x0000000081cffff8, 0x0000000081d00000| 99%| O|  |TAMS 0x0000000081cffff8, 0x0000000081c00000| Untracked 
|   1|0x0000000081d00000, 0x0000000081dfa0f0, 0x0000000081e00000| 97%| O|  |TAMS 0x0000000081dfa0f0, 0x0000000081d00000| Untracked 
|   2|0x0000000081e00000, 0x0000000081f00000, 0x0000000081f00000|100%| O|  |TAMS 0x0000000081f00000, 0x0000000081e00000| Untracked 
|   3|0x0000000081f00000, 0x0000000081fffff8, 0x0000000082000000| 99%| O|  |TAMS 0x0000000081fffff8, 0x0000000081f00000| Untracked 
|   4|0x0000000082000000, 0x0000000082100000, 0x0000000082100000|100%| O|  |TAMS 0x0000000082100000, 0x0000000082000000| Untracked 
|   5|0x0000000082100000, 0x00000000821ffff0, 0x0000000082200000| 99%| O|  |TAMS 0x00000000821ffff0, 0x0000000082100000| Untracked 
|   6|0x0000000082200000, 0x00000000822fffb8, 0x0000000082300000| 99%| O|  |TAMS 0x00000000822fffb8, 0x0000000082200000| Untracked 
|   7|0x0000000082300000, 0x00000000823fffe0, 0x0000000082400000| 99%| O|  |TAMS 0x00000000823fffe0, 0x0000000082300000| Untracked 
|   8|0x0000000082400000, 0x00000000824ffff0, 0x0000000082500000| 99%| O|  |TAMS 0x00000000824ffff0, 0x0000000082400000| Untracked 
|   9|0x0000000082500000, 0x00000000825ffff8, 0x0000000082600000| 99%| O|  |TAMS 0x00000000825ffff8, 0x0000000082500000| Untracked 
|  10|0x0000000082600000, 0x00000000826ffff8, 0x0000000082700000| 99%| O|  |TAMS 0x00000000826ffff8, 0x0000000082600000| Untracked 
|  11|0x0000000082700000, 0x00000000827ffff8, 0x0000000082800000| 99%| O|  |TAMS 0x00000000827ffff8, 0x0000000082700000| Untracked 
|  12|0x0000000082800000, 0x00000000828ffff8, 0x0000000082900000| 99%| O|  |TAMS 0x00000000828ffff8, 0x0000000082800000| Untracked 
|  13|0x0000000082900000, 0x00000000829fffe8, 0x0000000082a00000| 99%| O|  |TAMS 0x00000000829fffe8, 0x0000000082900000| Untracked 
|  14|0x0000000082a00000, 0x0000000082b00000, 0x0000000082b00000|100%| O|  |TAMS 0x0000000082b00000, 0x0000000082a00000| Untracked 
|  15|0x0000000082b00000, 0x0000000082c00000, 0x0000000082c00000|100%|HS|  |TAMS 0x0000000082c00000, 0x0000000082b00000| Complete 
|  16|0x0000000082c00000, 0x0000000082d00000, 0x0000000082d00000|100%|HC|  |TAMS 0x0000000082d00000, 0x0000000082c00000| Complete 
|  17|0x0000000082d00000, 0x0000000082e00000, 0x0000000082e00000|100%|HC|  |TAMS 0x0000000082e00000, 0x0000000082d00000| Complete 
|  18|0x0000000082e00000, 0x0000000082f00000, 0x0000000082f00000|100%|HC|  |TAMS 0x0000000082f00000, 0x0000000082e00000| Complete 
|  19|0x0000000082f00000, 0x0000000083000000, 0x0000000083000000|100%|HC|  |TAMS 0x0000000083000000, 0x0000000082f00000| Complete 
|  20|0x0000000083000000, 0x0000000083100000, 0x0000000083100000|100%|HS|  |TAMS 0x0000000083100000, 0x0000000083000000| Complete 
|  21|0x0000000083100000, 0x0000000083200000, 0x0000000083200000|100%|HC|  |TAMS 0x0000000083200000, 0x0000000083100000| Complete 
|  22|0x0000000083200000, 0x0000000083300000, 0x0000000083300000|100%|HC|  |TAMS 0x0000000083300000, 0x0000000083200000| Complete 
|  23|0x0000000083300000, 0x0000000083400000, 0x0000000083400000|100%|HC|  |TAMS 0x0000000083400000, 0x0000000083300000| Complete 
|  24|0x0000000083400000, 0x0000000083500000, 0x0000000083500000|100%|HS|  |TAMS 0x0000000083500000, 0x0000000083400000| Complete 
|  25|0x0000000083500000, 0x0000000083600000, 0x0000000083600000|100%|HC|  |TAMS 0x0000000083600000, 0x0000000083500000| Complete 
|  26|0x0000000083600000, 0x00000000836e86c0, 0x0000000083700000| 90%| O|  |TAMS 0x00000000836e86c0, 0x0000000083600000| Untracked 
|  27|0x0000000083700000, 0x0000000083800000, 0x0000000083800000|100%|HS|  |TAMS 0x0000000083800000, 0x0000000083700000| Complete 
|  28|0x0000000083800000, 0x00000000838b7828, 0x0000000083900000| 71%| O|  |TAMS 0x00000000838b7828, 0x0000000083800000| Untracked 
|  29|0x0000000083900000, 0x00000000839ffff0, 0x0000000083a00000| 99%| O|  |TAMS 0x00000000839ffff0, 0x0000000083900000| Untracked 
|  30|0x0000000083a00000, 0x0000000083b00000, 0x0000000083b00000|100%|HS|  |TAMS 0x0000000083b00000, 0x0000000083a00000| Complete 
|  31|0x0000000083b00000, 0x0000000083c00000, 0x0000000083c00000|100%|HC|  |TAMS 0x0000000083c00000, 0x0000000083b00000| Complete 
|  32|0x0000000083c00000, 0x0000000083d00000, 0x0000000083d00000|100%|HC|  |TAMS 0x0000000083d00000, 0x0000000083c00000| Complete 
|  33|0x0000000083d00000, 0x0000000083e00000, 0x0000000083e00000|100%|HC|  |TAMS 0x0000000083e00000, 0x0000000083d00000| Complete 
|  34|0x0000000083e00000, 0x0000000083f00000, 0x0000000083f00000|100%|HC|  |TAMS 0x0000000083f00000, 0x0000000083e00000| Complete 
|  35|0x0000000083f00000, 0x0000000084000000, 0x0000000084000000|100%|HS|  |TAMS 0x0000000084000000, 0x0000000083f00000| Complete 
|  36|0x0000000084000000, 0x0000000084100000, 0x0000000084100000|100%|HC|  |TAMS 0x0000000084100000, 0x0000000084000000| Complete 
|  37|0x0000000084100000, 0x0000000084200000, 0x0000000084200000|100%|HC|  |TAMS 0x0000000084200000, 0x0000000084100000| Complete 
|  38|0x0000000084200000, 0x0000000084300000, 0x0000000084300000|100%|HS|  |TAMS 0x0000000084300000, 0x0000000084200000| Complete 
|  39|0x0000000084300000, 0x0000000084400000, 0x0000000084400000|100%|HC|  |TAMS 0x0000000084400000, 0x0000000084300000| Complete 
|  40|0x0000000084400000, 0x0000000084500000, 0x0000000084500000|100%|HC|  |TAMS 0x0000000084500000, 0x0000000084400000| Complete 
|  41|0x0000000084500000, 0x00000000845ffff8, 0x0000000084600000| 99%| O|  |TAMS 0x00000000845ffff8, 0x0000000084500000| Untracked 
|  42|0x0000000084600000, 0x00000000846edc18, 0x0000000084700000| 92%| O|  |TAMS 0x00000000846edc18, 0x0000000084600000| Untracked 
|  43|0x0000000084700000, 0x0000000084800000, 0x0000000084800000|100%|HS|  |TAMS 0x0000000084800000, 0x0000000084700000| Complete 
|  44|0x0000000084800000, 0x0000000084900000, 0x0000000084900000|100%|HC|  |TAMS 0x0000000084900000, 0x0000000084800000| Complete 
|  45|0x0000000084900000, 0x0000000084a00000, 0x0000000084a00000|100%|HS|  |TAMS 0x0000000084a00000, 0x0000000084900000| Complete 
|  46|0x0000000084a00000, 0x0000000084b00000, 0x0000000084b00000|100%|HC|  |TAMS 0x0000000084b00000, 0x0000000084a00000| Complete 
|  47|0x0000000084b00000, 0x0000000084c00000, 0x0000000084c00000|100%|HC|  |TAMS 0x0000000084c00000, 0x0000000084b00000| Complete 
|  48|0x0000000084c00000, 0x0000000084d00000, 0x0000000084d00000|100%|HC|  |TAMS 0x0000000084d00000, 0x0000000084c00000| Complete 
|  49|0x0000000084d00000, 0x0000000084e00000, 0x0000000084e00000|100%|HC|  |TAMS 0x0000000084e00000, 0x0000000084d00000| Complete 
|  50|0x0000000084e00000, 0x0000000084f00000, 0x0000000084f00000|100%|HS|  |TAMS 0x0000000084f00000, 0x0000000084e00000| Complete 
|  51|0x0000000084f00000, 0x0000000085000000, 0x0000000085000000|100%|HC|  |TAMS 0x0000000085000000, 0x0000000084f00000| Complete 
|  52|0x0000000085000000, 0x0000000085100000, 0x0000000085100000|100%|HC|  |TAMS 0x0000000085100000, 0x0000000085000000| Complete 
|  53|0x0000000085100000, 0x00000000851e3730, 0x0000000085200000| 88%| O|  |TAMS 0x00000000851e3730, 0x0000000085100000| Untracked 
|  54|0x0000000085200000, 0x0000000085300000, 0x0000000085300000|100%|HS|  |TAMS 0x0000000085300000, 0x0000000085200000| Complete 
|  55|0x0000000085300000, 0x0000000085400000, 0x0000000085400000|100%|HC|  |TAMS 0x0000000085400000, 0x0000000085300000| Complete 
|  56|0x0000000085400000, 0x0000000085500000, 0x0000000085500000|100%|HC|  |TAMS 0x0000000085500000, 0x0000000085400000| Complete 
|  57|0x0000000085500000, 0x0000000085600000, 0x0000000085600000|100%|HC|  |TAMS 0x0000000085600000, 0x0000000085500000| Complete 
|  58|0x0000000085600000, 0x0000000085700000, 0x0000000085700000|100%|HC|  |TAMS 0x0000000085700000, 0x0000000085600000| Complete 
|  59|0x0000000085700000, 0x0000000085800000, 0x0000000085800000|100%|HC|  |TAMS 0x0000000085800000, 0x0000000085700000| Complete 
|  60|0x0000000085800000, 0x0000000085900000, 0x0000000085900000|100%|HC|  |TAMS 0x0000000085900000, 0x0000000085800000| Complete 
|  61|0x0000000085900000, 0x0000000085a00000, 0x0000000085a00000|100%|HC|  |TAMS 0x0000000085a00000, 0x0000000085900000| Complete 
|  62|0x0000000085a00000, 0x0000000085b00000, 0x0000000085b00000|100%|HS|  |TAMS 0x0000000085b00000, 0x0000000085a00000| Complete 
|  63|0x0000000085b00000, 0x0000000085c00000, 0x0000000085c00000|100%|HS|  |TAMS 0x0000000085c00000, 0x0000000085b00000| Complete 
|  64|0x0000000085c00000, 0x0000000085cffff8, 0x0000000085d00000| 99%| O|  |TAMS 0x0000000085cffff8, 0x0000000085c00000| Untracked 
|  65|0x0000000085d00000, 0x0000000085d20f20, 0x0000000085e00000| 12%| O|  |TAMS 0x0000000085d20f20, 0x0000000085d00000| Untracked 
|  66|0x0000000085e00000, 0x0000000085ef68a0, 0x0000000085f00000| 96%| O|  |TAMS 0x0000000085ef68a0, 0x0000000085e00000| Untracked 
|  67|0x0000000085f00000, 0x0000000086000000, 0x0000000086000000|100%|HS|  |TAMS 0x0000000086000000, 0x0000000085f00000| Complete 
|  68|0x0000000086000000, 0x0000000086100000, 0x0000000086100000|100%|HC|  |TAMS 0x0000000086100000, 0x0000000086000000| Complete 
|  69|0x0000000086100000, 0x0000000086200000, 0x0000000086200000|100%|HC|  |TAMS 0x0000000086200000, 0x0000000086100000| Complete 
|  70|0x0000000086200000, 0x0000000086300000, 0x0000000086300000|100%|HC|  |TAMS 0x0000000086300000, 0x0000000086200000| Complete 
|  71|0x0000000086300000, 0x0000000086400000, 0x0000000086400000|100%|HC|  |TAMS 0x0000000086400000, 0x0000000086300000| Complete 
|  72|0x0000000086400000, 0x0000000086500000, 0x0000000086500000|100%|HS|  |TAMS 0x0000000086500000, 0x0000000086400000| Complete 
|  73|0x0000000086500000, 0x0000000086600000, 0x0000000086600000|100%|HC|  |TAMS 0x0000000086600000, 0x0000000086500000| Complete 
|  74|0x0000000086600000, 0x0000000086700000, 0x0000000086700000|100%|HC|  |TAMS 0x0000000086700000, 0x0000000086600000| Complete 
|  75|0x0000000086700000, 0x0000000086800000, 0x0000000086800000|100%|HC|  |TAMS 0x0000000086800000, 0x0000000086700000| Complete 
|  76|0x0000000086800000, 0x0000000086900000, 0x0000000086900000|100%|HC|  |TAMS 0x0000000086900000, 0x0000000086800000| Complete 
|  77|0x0000000086900000, 0x0000000086a00000, 0x0000000086a00000|100%|HC|  |TAMS 0x0000000086a00000, 0x0000000086900000| Complete 
|  78|0x0000000086a00000, 0x0000000086b00000, 0x0000000086b00000|100%|HC|  |TAMS 0x0000000086b00000, 0x0000000086a00000| Complete 
|  79|0x0000000086b00000, 0x0000000086c00000, 0x0000000086c00000|100%|HC|  |TAMS 0x0000000086c00000, 0x0000000086b00000| Complete 
|  80|0x0000000086c00000, 0x0000000086d00000, 0x0000000086d00000|100%|HC|  |TAMS 0x0000000086d00000, 0x0000000086c00000| Complete 
|  81|0x0000000086d00000, 0x0000000086e00000, 0x0000000086e00000|100%|HC|  |TAMS 0x0000000086e00000, 0x0000000086d00000| Complete 
|  82|0x0000000086e00000, 0x0000000086f00000, 0x0000000086f00000|100%|HC|  |TAMS 0x0000000086f00000, 0x0000000086e00000| Complete 
|  83|0x0000000086f00000, 0x0000000087000000, 0x0000000087000000|100%|HC|  |TAMS 0x0000000087000000, 0x0000000086f00000| Complete 
|  84|0x0000000087000000, 0x0000000087100000, 0x0000000087100000|100%|HC|  |TAMS 0x0000000087100000, 0x0000000087000000| Complete 
|  85|0x0000000087100000, 0x0000000087200000, 0x0000000087200000|100%|HS|  |TAMS 0x0000000087200000, 0x0000000087100000| Complete 
|  86|0x0000000087200000, 0x0000000087300000, 0x0000000087300000|100%|HC|  |TAMS 0x0000000087300000, 0x0000000087200000| Complete 
|  87|0x0000000087300000, 0x0000000087400000, 0x0000000087400000|100%|HC|  |TAMS 0x0000000087400000, 0x0000000087300000| Complete 
|  88|0x0000000087400000, 0x0000000087500000, 0x0000000087500000|100%|HC|  |TAMS 0x0000000087500000, 0x0000000087400000| Complete 
|  89|0x0000000087500000, 0x0000000087600000, 0x0000000087600000|100%|HC|  |TAMS 0x0000000087600000, 0x0000000087500000| Complete 
|  90|0x0000000087600000, 0x0000000087700000, 0x0000000087700000|100%|HC|  |TAMS 0x0000000087700000, 0x0000000087600000| Complete 
|  91|0x0000000087700000, 0x0000000087800000, 0x0000000087800000|100%|HC|  |TAMS 0x0000000087800000, 0x0000000087700000| Complete 
|  92|0x0000000087800000, 0x0000000087900000, 0x0000000087900000|100%|HC|  |TAMS 0x0000000087900000, 0x0000000087800000| Complete 
|  93|0x0000000087900000, 0x0000000087a00000, 0x0000000087a00000|100%|HC|  |TAMS 0x0000000087a00000, 0x0000000087900000| Complete 
|  94|0x0000000087a00000, 0x0000000087b00000, 0x0000000087b00000|100%|HC|  |TAMS 0x0000000087b00000, 0x0000000087a00000| Complete 
|  95|0x0000000087b00000, 0x0000000087c00000, 0x0000000087c00000|100%|HC|  |TAMS 0x0000000087c00000, 0x0000000087b00000| Complete 
|  96|0x0000000087c00000, 0x0000000087d00000, 0x0000000087d00000|100%|HC|  |TAMS 0x0000000087d00000, 0x0000000087c00000| Complete 
|  97|0x0000000087d00000, 0x0000000087e00000, 0x0000000087e00000|100%|HC|  |TAMS 0x0000000087e00000, 0x0000000087d00000| Complete 
|  98|0x0000000087e00000, 0x0000000087f00000, 0x0000000087f00000|100%|HS|  |TAMS 0x0000000087f00000, 0x0000000087e00000| Complete 
|  99|0x0000000087f00000, 0x0000000088000000, 0x0000000088000000|100%|HC|  |TAMS 0x0000000088000000, 0x0000000087f00000| Complete 
| 100|0x0000000088000000, 0x0000000088100000, 0x0000000088100000|100%|HC|  |TAMS 0x0000000088100000, 0x0000000088000000| Complete 
| 101|0x0000000088100000, 0x0000000088200000, 0x0000000088200000|100%|HC|  |TAMS 0x0000000088200000, 0x0000000088100000| Complete 
| 102|0x0000000088200000, 0x0000000088300000, 0x0000000088300000|100%|HS|  |TAMS 0x0000000088300000, 0x0000000088200000| Complete 
| 103|0x0000000088300000, 0x0000000088400000, 0x0000000088400000|100%|HC|  |TAMS 0x0000000088400000, 0x0000000088300000| Complete 
| 104|0x0000000088400000, 0x0000000088500000, 0x0000000088500000|100%|HC|  |TAMS 0x0000000088500000, 0x0000000088400000| Complete 
| 105|0x0000000088500000, 0x0000000088600000, 0x0000000088600000|100%|HS|  |TAMS 0x0000000088600000, 0x0000000088500000| Complete 
| 106|0x0000000088600000, 0x0000000088700000, 0x0000000088700000|100%|HC|  |TAMS 0x0000000088700000, 0x0000000088600000| Complete 
| 107|0x0000000088700000, 0x0000000088800000, 0x0000000088800000|100%|HC|  |TAMS 0x0000000088800000, 0x0000000088700000| Complete 
| 108|0x0000000088800000, 0x0000000088900000, 0x0000000088900000|100%|HC|  |TAMS 0x0000000088900000, 0x0000000088800000| Complete 
| 109|0x0000000088900000, 0x0000000088a00000, 0x0000000088a00000|100%|HC|  |TAMS 0x0000000088a00000, 0x0000000088900000| Complete 
| 110|0x0000000088a00000, 0x0000000088b00000, 0x0000000088b00000|100%|HS|  |TAMS 0x0000000088b00000, 0x0000000088a00000| Complete 
| 111|0x0000000088b00000, 0x0000000088c00000, 0x0000000088c00000|100%|HS|  |TAMS 0x0000000088c00000, 0x0000000088b00000| Complete 
| 112|0x0000000088c00000, 0x0000000088d00000, 0x0000000088d00000|100%|HC|  |TAMS 0x0000000088d00000, 0x0000000088c00000| Complete 
| 113|0x0000000088d00000, 0x0000000088e00000, 0x0000000088e00000|100%|HC|  |TAMS 0x0000000088e00000, 0x0000000088d00000| Complete 
| 114|0x0000000088e00000, 0x0000000088f00000, 0x0000000088f00000|100%|HC|  |TAMS 0x0000000088f00000, 0x0000000088e00000| Complete 
| 115|0x0000000088f00000, 0x0000000089000000, 0x0000000089000000|100%|HC|  |TAMS 0x0000000089000000, 0x0000000088f00000| Complete 
| 116|0x0000000089000000, 0x0000000089100000, 0x0000000089100000|100%|HC|  |TAMS 0x0000000089100000, 0x0000000089000000| Complete 
| 117|0x0000000089100000, 0x0000000089200000, 0x0000000089200000|100%|HC|  |TAMS 0x0000000089200000, 0x0000000089100000| Complete 
| 118|0x0000000089200000, 0x0000000089300000, 0x0000000089300000|100%|HS|  |TAMS 0x0000000089300000, 0x0000000089200000| Complete 
| 119|0x0000000089300000, 0x0000000089400000, 0x0000000089400000|100%|HC|  |TAMS 0x0000000089400000, 0x0000000089300000| Complete 
| 120|0x0000000089400000, 0x0000000089500000, 0x0000000089500000|100%|HS|  |TAMS 0x0000000089500000, 0x0000000089400000| Complete 
| 121|0x0000000089500000, 0x0000000089600000, 0x0000000089600000|100%|HS|  |TAMS 0x0000000089600000, 0x0000000089500000| Complete 
| 122|0x0000000089600000, 0x0000000089700000, 0x0000000089700000|100%|HS|  |TAMS 0x0000000089700000, 0x0000000089600000| Complete 
| 123|0x0000000089700000, 0x0000000089800000, 0x0000000089800000|100%|HS|  |TAMS 0x0000000089800000, 0x0000000089700000| Complete 
| 124|0x0000000089800000, 0x0000000089900000, 0x0000000089900000|100%|HS|  |TAMS 0x0000000089900000, 0x0000000089800000| Complete 
| 125|0x0000000089900000, 0x0000000089a00000, 0x0000000089a00000|100%|HC|  |TAMS 0x0000000089a00000, 0x0000000089900000| Complete 
| 126|0x0000000089a00000, 0x0000000089b00000, 0x0000000089b00000|100%|HS|  |TAMS 0x0000000089b00000, 0x0000000089a00000| Complete 
| 127|0x0000000089b00000, 0x0000000089c00000, 0x0000000089c00000|100%|HC|  |TAMS 0x0000000089c00000, 0x0000000089b00000| Complete 
| 128|0x0000000089c00000, 0x0000000089d00000, 0x0000000089d00000|100%|HC|  |TAMS 0x0000000089d00000, 0x0000000089c00000| Complete 
| 129|0x0000000089d00000, 0x0000000089e00000, 0x0000000089e00000|100%|HS|  |TAMS 0x0000000089e00000, 0x0000000089d00000| Complete 
| 130|0x0000000089e00000, 0x0000000089f00000, 0x0000000089f00000|100%|HS|  |TAMS 0x0000000089f00000, 0x0000000089e00000| Complete 
| 131|0x0000000089f00000, 0x000000008a000000, 0x000000008a000000|100%|HS|  |TAMS 0x000000008a000000, 0x0000000089f00000| Complete 
| 132|0x000000008a000000, 0x000000008a100000, 0x000000008a100000|100%|HS|  |TAMS 0x000000008a100000, 0x000000008a000000| Complete 
| 133|0x000000008a100000, 0x000000008a200000, 0x000000008a200000|100%|HS|  |TAMS 0x000000008a200000, 0x000000008a100000| Complete 
| 134|0x000000008a200000, 0x000000008a2ffff0, 0x000000008a300000| 99%| O|  |TAMS 0x000000008a2ffff0, 0x000000008a200000| Untracked 
| 135|0x000000008a300000, 0x000000008a400000, 0x000000008a400000|100%|HS|  |TAMS 0x000000008a400000, 0x000000008a300000| Complete 
| 136|0x000000008a400000, 0x000000008a4ffc88, 0x000000008a500000| 99%| O|  |TAMS 0x000000008a4ffc88, 0x000000008a400000| Untracked 
| 137|0x000000008a500000, 0x000000008a600000, 0x000000008a600000|100%|HS|  |TAMS 0x000000008a600000, 0x000000008a500000| Complete 
| 138|0x000000008a600000, 0x000000008a700000, 0x000000008a700000|100%|HS|  |TAMS 0x000000008a700000, 0x000000008a600000| Complete 
| 139|0x000000008a700000, 0x000000008a7a91c0, 0x000000008a800000| 66%| O|  |TAMS 0x000000008a7a91c0, 0x000000008a700000| Untracked 
| 140|0x000000008a800000, 0x000000008a900000, 0x000000008a900000|100%|HS|  |TAMS 0x000000008a900000, 0x000000008a800000| Complete 
| 141|0x000000008a900000, 0x000000008aa00000, 0x000000008aa00000|100%|HC|  |TAMS 0x000000008aa00000, 0x000000008a900000| Complete 
| 142|0x000000008aa00000, 0x000000008ab00000, 0x000000008ab00000|100%|HS|  |TAMS 0x000000008ab00000, 0x000000008aa00000| Complete 
| 143|0x000000008ab00000, 0x000000008ac00000, 0x000000008ac00000|100%|HC|  |TAMS 0x000000008ac00000, 0x000000008ab00000| Complete 
| 144|0x000000008ac00000, 0x000000008ad00000, 0x000000008ad00000|100%|HC|  |TAMS 0x000000008ad00000, 0x000000008ac00000| Complete 
| 145|0x000000008ad00000, 0x000000008ae00000, 0x000000008ae00000|100%|HC|  |TAMS 0x000000008ae00000, 0x000000008ad00000| Complete 
| 146|0x000000008ae00000, 0x000000008af00000, 0x000000008af00000|100%|HS|  |TAMS 0x000000008af00000, 0x000000008ae00000| Complete 
| 147|0x000000008af00000, 0x000000008b000000, 0x000000008b000000|100%|HC|  |TAMS 0x000000008b000000, 0x000000008af00000| Complete 
| 148|0x000000008b000000, 0x000000008b100000, 0x000000008b100000|100%|HC|  |TAMS 0x000000008b100000, 0x000000008b000000| Complete 
| 149|0x000000008b100000, 0x000000008b200000, 0x000000008b200000|100%|HC|  |TAMS 0x000000008b200000, 0x000000008b100000| Complete 
| 150|0x000000008b200000, 0x000000008b300000, 0x000000008b300000|100%|HS|  |TAMS 0x000000008b300000, 0x000000008b200000| Complete 
| 151|0x000000008b300000, 0x000000008b400000, 0x000000008b400000|100%|HC|  |TAMS 0x000000008b400000, 0x000000008b300000| Complete 
| 152|0x000000008b400000, 0x000000008b500000, 0x000000008b500000|100%|HC|  |TAMS 0x000000008b500000, 0x000000008b400000| Complete 
| 153|0x000000008b500000, 0x000000008b600000, 0x000000008b600000|100%|HC|  |TAMS 0x000000008b600000, 0x000000008b500000| Complete 
| 154|0x000000008b600000, 0x000000008b700000, 0x000000008b700000|100%|HS|  |TAMS 0x000000008b700000, 0x000000008b600000| Complete 
| 155|0x000000008b700000, 0x000000008b800000, 0x000000008b800000|100%|HC|  |TAMS 0x000000008b800000, 0x000000008b700000| Complete 
| 156|0x000000008b800000, 0x000000008b900000, 0x000000008b900000|100%|HC|  |TAMS 0x000000008b900000, 0x000000008b800000| Complete 
| 157|0x000000008b900000, 0x000000008ba00000, 0x000000008ba00000|100%|HC|  |TAMS 0x000000008ba00000, 0x000000008b900000| Complete 
| 158|0x000000008ba00000, 0x000000008bb00000, 0x000000008bb00000|100%|HS|  |TAMS 0x000000008bb00000, 0x000000008ba00000| Complete 
| 159|0x000000008bb00000, 0x000000008bc00000, 0x000000008bc00000|100%|HC|  |TAMS 0x000000008bc00000, 0x000000008bb00000| Complete 
| 160|0x000000008bc00000, 0x000000008bd00000, 0x000000008bd00000|100%|HC|  |TAMS 0x000000008bd00000, 0x000000008bc00000| Complete 
| 161|0x000000008bd00000, 0x000000008be00000, 0x000000008be00000|100%|HC|  |TAMS 0x000000008be00000, 0x000000008bd00000| Complete 
| 162|0x000000008be00000, 0x000000008bf00000, 0x000000008bf00000|100%|HS|  |TAMS 0x000000008bf00000, 0x000000008be00000| Complete 
| 163|0x000000008bf00000, 0x000000008c000000, 0x000000008c000000|100%|HC|  |TAMS 0x000000008c000000, 0x000000008bf00000| Complete 
| 164|0x000000008c000000, 0x000000008c100000, 0x000000008c100000|100%|HC|  |TAMS 0x000000008c100000, 0x000000008c000000| Complete 
| 165|0x000000008c100000, 0x000000008c200000, 0x000000008c200000|100%|HC|  |TAMS 0x000000008c200000, 0x000000008c100000| Complete 
| 166|0x000000008c200000, 0x000000008c300000, 0x000000008c300000|100%|HS|  |TAMS 0x000000008c300000, 0x000000008c200000| Complete 
| 167|0x000000008c300000, 0x000000008c400000, 0x000000008c400000|100%|HC|  |TAMS 0x000000008c400000, 0x000000008c300000| Complete 
| 168|0x000000008c400000, 0x000000008c500000, 0x000000008c500000|100%|HC|  |TAMS 0x000000008c500000, 0x000000008c400000| Complete 
| 169|0x000000008c500000, 0x000000008c600000, 0x000000008c600000|100%|HC|  |TAMS 0x000000008c600000, 0x000000008c500000| Complete 
| 170|0x000000008c600000, 0x000000008c700000, 0x000000008c700000|100%|HS|  |TAMS 0x000000008c700000, 0x000000008c600000| Complete 
| 171|0x000000008c700000, 0x000000008c800000, 0x000000008c800000|100%|HC|  |TAMS 0x000000008c800000, 0x000000008c700000| Complete 
| 172|0x000000008c800000, 0x000000008c900000, 0x000000008c900000|100%|HC|  |TAMS 0x000000008c900000, 0x000000008c800000| Complete 
| 173|0x000000008c900000, 0x000000008ca00000, 0x000000008ca00000|100%|HC|  |TAMS 0x000000008ca00000, 0x000000008c900000| Complete 
| 174|0x000000008ca00000, 0x000000008cafe310, 0x000000008cb00000| 99%| O|  |TAMS 0x000000008cafe310, 0x000000008ca00000| Untracked 
| 175|0x000000008cb00000, 0x000000008cb06630, 0x000000008cc00000|  2%| O|  |TAMS 0x000000008cb06630, 0x000000008cb00000| Untracked 
| 176|0x000000008cc00000, 0x000000008cd00000, 0x000000008cd00000|100%|HS|  |TAMS 0x000000008cd00000, 0x000000008cc00000| Complete 
| 177|0x000000008cd00000, 0x000000008ce00000, 0x000000008ce00000|100%|HC|  |TAMS 0x000000008ce00000, 0x000000008cd00000| Complete 
| 178|0x000000008ce00000, 0x000000008cf00000, 0x000000008cf00000|100%|HC|  |TAMS 0x000000008cf00000, 0x000000008ce00000| Complete 
| 179|0x000000008cf00000, 0x000000008d000000, 0x000000008d000000|100%|HC|  |TAMS 0x000000008d000000, 0x000000008cf00000| Complete 
| 180|0x000000008d000000, 0x000000008d033708, 0x000000008d100000| 20%| O|  |TAMS 0x000000008d033708, 0x000000008d000000| Untracked 
| 181|0x000000008d100000, 0x000000008d200000, 0x000000008d200000|100%|HS|  |TAMS 0x000000008d200000, 0x000000008d100000| Complete 
| 182|0x000000008d200000, 0x000000008d300000, 0x000000008d300000|100%|HC|  |TAMS 0x000000008d300000, 0x000000008d200000| Complete 
| 183|0x000000008d300000, 0x000000008d400000, 0x000000008d400000|100%|HC|  |TAMS 0x000000008d400000, 0x000000008d300000| Complete 
| 184|0x000000008d400000, 0x000000008d500000, 0x000000008d500000|100%|HC|  |TAMS 0x000000008d500000, 0x000000008d400000| Complete 
| 185|0x000000008d500000, 0x000000008d600000, 0x000000008d600000|100%|HS|  |TAMS 0x000000008d600000, 0x000000008d500000| Complete 
| 186|0x000000008d600000, 0x000000008d700000, 0x000000008d700000|100%|HC|  |TAMS 0x000000008d700000, 0x000000008d600000| Complete 
| 187|0x000000008d700000, 0x000000008d800000, 0x000000008d800000|100%|HS|  |TAMS 0x000000008d800000, 0x000000008d700000| Complete 
| 188|0x000000008d800000, 0x000000008d900000, 0x000000008d900000|100%|HC|  |TAMS 0x000000008d900000, 0x000000008d800000| Complete 
| 189|0x000000008d900000, 0x000000008da00000, 0x000000008da00000|100%|HC|  |TAMS 0x000000008da00000, 0x000000008d900000| Complete 
| 190|0x000000008da00000, 0x000000008db00000, 0x000000008db00000|100%|HC|  |TAMS 0x000000008db00000, 0x000000008da00000| Complete 
| 191|0x000000008db00000, 0x000000008dc00000, 0x000000008dc00000|100%|HC|  |TAMS 0x000000008dc00000, 0x000000008db00000| Complete 
| 192|0x000000008dc00000, 0x000000008dc00000, 0x000000008dd00000|  0%| F|  |TAMS 0x000000008dc00000, 0x000000008dc00000| Untracked 
| 193|0x000000008dd00000, 0x000000008de00000, 0x000000008de00000|100%|HS|  |TAMS 0x000000008de00000, 0x000000008dd00000| Complete 
| 194|0x000000008de00000, 0x000000008df00000, 0x000000008df00000|100%|HC|  |TAMS 0x000000008df00000, 0x000000008de00000| Complete 
| 195|0x000000008df00000, 0x000000008e000000, 0x000000008e000000|100%|HC|  |TAMS 0x000000008e000000, 0x000000008df00000| Complete 
| 196|0x000000008e000000, 0x000000008e100000, 0x000000008e100000|100%|HC|  |TAMS 0x000000008e100000, 0x000000008e000000| Complete 
| 197|0x000000008e100000, 0x000000008e200000, 0x000000008e200000|100%|HC|  |TAMS 0x000000008e200000, 0x000000008e100000| Complete 
| 198|0x000000008e200000, 0x000000008e300000, 0x000000008e300000|100%|HC|  |TAMS 0x000000008e300000, 0x000000008e200000| Complete 
| 199|0x000000008e300000, 0x000000008e400000, 0x000000008e400000|100%|HC|  |TAMS 0x000000008e400000, 0x000000008e300000| Complete 
| 200|0x000000008e400000, 0x000000008e500000, 0x000000008e500000|100%|HC|  |TAMS 0x000000008e500000, 0x000000008e400000| Complete 
| 201|0x000000008e500000, 0x000000008e600000, 0x000000008e600000|100%|HC|  |TAMS 0x000000008e600000, 0x000000008e500000| Complete 
| 202|0x000000008e600000, 0x000000008e700000, 0x000000008e700000|100%|HC|  |TAMS 0x000000008e700000, 0x000000008e600000| Complete 
| 203|0x000000008e700000, 0x000000008e800000, 0x000000008e800000|100%|HC|  |TAMS 0x000000008e800000, 0x000000008e700000| Complete 
| 204|0x000000008e800000, 0x000000008e900000, 0x000000008e900000|100%|HC|  |TAMS 0x000000008e900000, 0x000000008e800000| Complete 
| 205|0x000000008e900000, 0x000000008ea00000, 0x000000008ea00000|100%|HC|  |TAMS 0x000000008ea00000, 0x000000008e900000| Complete 
| 206|0x000000008ea00000, 0x000000008eb00000, 0x000000008eb00000|100%|HC|  |TAMS 0x000000008eb00000, 0x000000008ea00000| Complete 
| 207|0x000000008eb00000, 0x000000008ec00000, 0x000000008ec00000|100%|HC|  |TAMS 0x000000008ec00000, 0x000000008eb00000| Complete 
| 208|0x000000008ec00000, 0x000000008ed00000, 0x000000008ed00000|100%|HC|  |TAMS 0x000000008ed00000, 0x000000008ec00000| Complete 
| 209|0x000000008ed00000, 0x000000008ee00000, 0x000000008ee00000|100%|HC|  |TAMS 0x000000008ee00000, 0x000000008ed00000| Complete 
| 210|0x000000008ee00000, 0x000000008ef00000, 0x000000008ef00000|100%|HC|  |TAMS 0x000000008ef00000, 0x000000008ee00000| Complete 
| 211|0x000000008ef00000, 0x000000008f000000, 0x000000008f000000|100%|HC|  |TAMS 0x000000008f000000, 0x000000008ef00000| Complete 
| 212|0x000000008f000000, 0x000000008f100000, 0x000000008f100000|100%|HC|  |TAMS 0x000000008f100000, 0x000000008f000000| Complete 
| 213|0x000000008f100000, 0x000000008f200000, 0x000000008f200000|100%|HC|  |TAMS 0x000000008f200000, 0x000000008f100000| Complete 
| 214|0x000000008f200000, 0x000000008f300000, 0x000000008f300000|100%|HC|  |TAMS 0x000000008f300000, 0x000000008f200000| Complete 
| 215|0x000000008f300000, 0x000000008f400000, 0x000000008f400000|100%|HS|  |TAMS 0x000000008f400000, 0x000000008f300000| Complete 
| 216|0x000000008f400000, 0x000000008f500000, 0x000000008f500000|100%|HC|  |TAMS 0x000000008f500000, 0x000000008f400000| Complete 
| 217|0x000000008f500000, 0x000000008f600000, 0x000000008f600000|100%|HC|  |TAMS 0x000000008f600000, 0x000000008f500000| Complete 
| 218|0x000000008f600000, 0x000000008f700000, 0x000000008f700000|100%|HC|  |TAMS 0x000000008f700000, 0x000000008f600000| Complete 
| 219|0x000000008f700000, 0x000000008f800000, 0x000000008f800000|100%|HC|  |TAMS 0x000000008f800000, 0x000000008f700000| Complete 
| 220|0x000000008f800000, 0x000000008f900000, 0x000000008f900000|100%|HS|  |TAMS 0x000000008f900000, 0x000000008f800000| Complete 
| 221|0x000000008f900000, 0x000000008fa00000, 0x000000008fa00000|100%|HC|  |TAMS 0x000000008fa00000, 0x000000008f900000| Complete 
| 222|0x000000008fa00000, 0x000000008fb00000, 0x000000008fb00000|100%|HC|  |TAMS 0x000000008fb00000, 0x000000008fa00000| Complete 
| 223|0x000000008fb00000, 0x000000008fc00000, 0x000000008fc00000|100%|HC|  |TAMS 0x000000008fc00000, 0x000000008fb00000| Complete 
| 224|0x000000008fc00000, 0x000000008fd00000, 0x000000008fd00000|100%|HC|  |TAMS 0x000000008fd00000, 0x000000008fc00000| Complete 
| 225|0x000000008fd00000, 0x000000008fe00000, 0x000000008fe00000|100%|HS|  |TAMS 0x000000008fe00000, 0x000000008fd00000| Complete 
| 226|0x000000008fe00000, 0x000000008ff00000, 0x000000008ff00000|100%|HC|  |TAMS 0x000000008ff00000, 0x000000008fe00000| Complete 
| 227|0x000000008ff00000, 0x0000000090000000, 0x0000000090000000|100%|HC|  |TAMS 0x0000000090000000, 0x000000008ff00000| Complete 
| 228|0x0000000090000000, 0x0000000090100000, 0x0000000090100000|100%|HC|  |TAMS 0x0000000090100000, 0x0000000090000000| Complete 
| 229|0x0000000090100000, 0x0000000090200000, 0x0000000090200000|100%|HC|  |TAMS 0x0000000090200000, 0x0000000090100000| Complete 
| 230|0x0000000090200000, 0x0000000090300000, 0x0000000090300000|100%|HS|  |TAMS 0x0000000090300000, 0x0000000090200000| Complete 
| 231|0x0000000090300000, 0x0000000090400000, 0x0000000090400000|100%|HC|  |TAMS 0x0000000090400000, 0x0000000090300000| Complete 
| 232|0x0000000090400000, 0x0000000090500000, 0x0000000090500000|100%|HC|  |TAMS 0x0000000090500000, 0x0000000090400000| Complete 
| 233|0x0000000090500000, 0x0000000090600000, 0x0000000090600000|100%|HC|  |TAMS 0x0000000090600000, 0x0000000090500000| Complete 
| 234|0x0000000090600000, 0x0000000090700000, 0x0000000090700000|100%|HC|  |TAMS 0x0000000090700000, 0x0000000090600000| Complete 
| 235|0x0000000090700000, 0x0000000090800000, 0x0000000090800000|100%|HC|  |TAMS 0x0000000090800000, 0x0000000090700000| Complete 
| 236|0x0000000090800000, 0x0000000090900000, 0x0000000090900000|100%|HC|  |TAMS 0x0000000090900000, 0x0000000090800000| Complete 
| 237|0x0000000090900000, 0x0000000090a00000, 0x0000000090a00000|100%|HC|  |TAMS 0x0000000090a00000, 0x0000000090900000| Complete 
| 238|0x0000000090a00000, 0x0000000090b00000, 0x0000000090b00000|100%|HC|  |TAMS 0x0000000090b00000, 0x0000000090a00000| Complete 
| 239|0x0000000090b00000, 0x0000000090c00000, 0x0000000090c00000|100%|HC|  |TAMS 0x0000000090c00000, 0x0000000090b00000| Complete 
| 240|0x0000000090c00000, 0x0000000090d00000, 0x0000000090d00000|100%|HC|  |TAMS 0x0000000090d00000, 0x0000000090c00000| Complete 
| 241|0x0000000090d00000, 0x0000000090e00000, 0x0000000090e00000|100%|HC|  |TAMS 0x0000000090e00000, 0x0000000090d00000| Complete 
| 242|0x0000000090e00000, 0x0000000090f00000, 0x0000000090f00000|100%|HC|  |TAMS 0x0000000090f00000, 0x0000000090e00000| Complete 
| 243|0x0000000090f00000, 0x0000000091000000, 0x0000000091000000|100%|HC|  |TAMS 0x0000000091000000, 0x0000000090f00000| Complete 
| 244|0x0000000091000000, 0x0000000091100000, 0x0000000091100000|100%|HC|  |TAMS 0x0000000091100000, 0x0000000091000000| Complete 
| 245|0x0000000091100000, 0x0000000091200000, 0x0000000091200000|100%|HC|  |TAMS 0x0000000091200000, 0x0000000091100000| Complete 
| 246|0x0000000091200000, 0x0000000091300000, 0x0000000091300000|100%|HC|  |TAMS 0x0000000091300000, 0x0000000091200000| Complete 
| 247|0x0000000091300000, 0x0000000091400000, 0x0000000091400000|100%|HC|  |TAMS 0x0000000091400000, 0x0000000091300000| Complete 
| 248|0x0000000091400000, 0x0000000091500000, 0x0000000091500000|100%|HC|  |TAMS 0x0000000091500000, 0x0000000091400000| Complete 
| 249|0x0000000091500000, 0x0000000091600000, 0x0000000091600000|100%|HC|  |TAMS 0x0000000091600000, 0x0000000091500000| Complete 
| 250|0x0000000091600000, 0x0000000091700000, 0x0000000091700000|100%|HC|  |TAMS 0x0000000091700000, 0x0000000091600000| Complete 
| 251|0x0000000091700000, 0x0000000091800000, 0x0000000091800000|100%|HC|  |TAMS 0x0000000091800000, 0x0000000091700000| Complete 
| 252|0x0000000091800000, 0x0000000091900000, 0x0000000091900000|100%|HS|  |TAMS 0x0000000091900000, 0x0000000091800000| Complete 
| 253|0x0000000091900000, 0x0000000091a00000, 0x0000000091a00000|100%|HC|  |TAMS 0x0000000091a00000, 0x0000000091900000| Complete 
| 254|0x0000000091a00000, 0x0000000091b00000, 0x0000000091b00000|100%|HC|  |TAMS 0x0000000091b00000, 0x0000000091a00000| Complete 
| 255|0x0000000091b00000, 0x0000000091c00000, 0x0000000091c00000|100%|HC|  |TAMS 0x0000000091c00000, 0x0000000091b00000| Complete 
| 256|0x0000000091c00000, 0x0000000091d00000, 0x0000000091d00000|100%|HC|  |TAMS 0x0000000091d00000, 0x0000000091c00000| Complete 
| 257|0x0000000091d00000, 0x0000000091e00000, 0x0000000091e00000|100%|HS|  |TAMS 0x0000000091d00000, 0x0000000091d00000| Complete 
| 258|0x0000000091e00000, 0x0000000091f00000, 0x0000000091f00000|100%|HC|  |TAMS 0x0000000091e00000, 0x0000000091e00000| Complete 
| 259|0x0000000091f00000, 0x0000000092000000, 0x0000000092000000|100%|HC|  |TAMS 0x0000000091f00000, 0x0000000091f00000| Complete 
| 260|0x0000000092000000, 0x0000000092100000, 0x0000000092100000|100%|HC|  |TAMS 0x0000000092000000, 0x0000000092000000| Complete 
| 261|0x0000000092100000, 0x0000000092200000, 0x0000000092200000|100%|HC|  |TAMS 0x0000000092100000, 0x0000000092100000| Complete 
| 262|0x0000000092200000, 0x0000000092200000, 0x0000000092300000|  0%| F|  |TAMS 0x0000000092200000, 0x0000000092200000| Untracked 
| 263|0x0000000092300000, 0x0000000092300000, 0x0000000092400000|  0%| F|  |TAMS 0x0000000092300000, 0x0000000092300000| Untracked 
| 264|0x0000000092400000, 0x0000000092400000, 0x0000000092500000|  0%| F|  |TAMS 0x0000000092400000, 0x0000000092400000| Untracked 
| 265|0x0000000092500000, 0x0000000092500000, 0x0000000092600000|  0%| F|  |TAMS 0x0000000092500000, 0x0000000092500000| Untracked 
| 266|0x0000000092600000, 0x0000000092600000, 0x0000000092700000|  0%| F|  |TAMS 0x0000000092600000, 0x0000000092600000| Untracked 
| 267|0x0000000092700000, 0x0000000092700000, 0x0000000092800000|  0%| F|  |TAMS 0x0000000092700000, 0x0000000092700000| Untracked 
| 268|0x0000000092800000, 0x0000000092800000, 0x0000000092900000|  0%| F|  |TAMS 0x0000000092800000, 0x0000000092800000| Untracked 
| 269|0x0000000092900000, 0x0000000092900000, 0x0000000092a00000|  0%| F|  |TAMS 0x0000000092900000, 0x0000000092900000| Untracked 
| 270|0x0000000092a00000, 0x0000000092a00000, 0x0000000092b00000|  0%| F|  |TAMS 0x0000000092a00000, 0x0000000092a00000| Untracked 
| 271|0x0000000092b00000, 0x0000000092b00000, 0x0000000092c00000|  0%| F|  |TAMS 0x0000000092b00000, 0x0000000092b00000| Untracked 
| 272|0x0000000092c00000, 0x0000000092c00000, 0x0000000092d00000|  0%| F|  |TAMS 0x0000000092c00000, 0x0000000092c00000| Untracked 
| 273|0x0000000092d00000, 0x0000000092d00000, 0x0000000092e00000|  0%| F|  |TAMS 0x0000000092d00000, 0x0000000092d00000| Untracked 
| 274|0x0000000092e00000, 0x0000000092e00000, 0x0000000092f00000|  0%| F|  |TAMS 0x0000000092e00000, 0x0000000092e00000| Untracked 
| 275|0x0000000092f00000, 0x0000000092f00000, 0x0000000093000000|  0%| F|  |TAMS 0x0000000092f00000, 0x0000000092f00000| Untracked 
| 276|0x0000000093000000, 0x0000000093000000, 0x0000000093100000|  0%| F|  |TAMS 0x0000000093000000, 0x0000000093000000| Untracked 
| 277|0x0000000093100000, 0x0000000093100000, 0x0000000093200000|  0%| F|  |TAMS 0x0000000093100000, 0x0000000093100000| Untracked 
| 278|0x0000000093200000, 0x0000000093200000, 0x0000000093300000|  0%| F|  |TAMS 0x0000000093200000, 0x0000000093200000| Untracked 
| 279|0x0000000093300000, 0x0000000093300000, 0x0000000093400000|  0%| F|  |TAMS 0x0000000093300000, 0x0000000093300000| Untracked 
| 280|0x0000000093400000, 0x0000000093400000, 0x0000000093500000|  0%| F|  |TAMS 0x0000000093400000, 0x0000000093400000| Untracked 
| 281|0x0000000093500000, 0x0000000093500000, 0x0000000093600000|  0%| F|  |TAMS 0x0000000093500000, 0x0000000093500000| Untracked 
| 282|0x0000000093600000, 0x0000000093600000, 0x0000000093700000|  0%| F|  |TAMS 0x0000000093600000, 0x0000000093600000| Untracked 
| 283|0x0000000093700000, 0x0000000093700000, 0x0000000093800000|  0%| F|  |TAMS 0x0000000093700000, 0x0000000093700000| Untracked 
| 284|0x0000000093800000, 0x0000000093800000, 0x0000000093900000|  0%| F|  |TAMS 0x0000000093800000, 0x0000000093800000| Untracked 
| 285|0x0000000093900000, 0x0000000093900000, 0x0000000093a00000|  0%| F|  |TAMS 0x0000000093900000, 0x0000000093900000| Untracked 
| 286|0x0000000093a00000, 0x0000000093a00000, 0x0000000093b00000|  0%| F|  |TAMS 0x0000000093a00000, 0x0000000093a00000| Untracked 
| 287|0x0000000093b00000, 0x0000000093b00000, 0x0000000093c00000|  0%| F|  |TAMS 0x0000000093b00000, 0x0000000093b00000| Untracked 
| 288|0x0000000093c00000, 0x0000000093c00000, 0x0000000093d00000|  0%| F|  |TAMS 0x0000000093c00000, 0x0000000093c00000| Untracked 
| 289|0x0000000093d00000, 0x0000000093d00000, 0x0000000093e00000|  0%| F|  |TAMS 0x0000000093d00000, 0x0000000093d00000| Untracked 
| 290|0x0000000093e00000, 0x0000000093e00000, 0x0000000093f00000|  0%| F|  |TAMS 0x0000000093e00000, 0x0000000093e00000| Untracked 
| 291|0x0000000093f00000, 0x0000000093f00000, 0x0000000094000000|  0%| F|  |TAMS 0x0000000093f00000, 0x0000000093f00000| Untracked 
| 292|0x0000000094000000, 0x0000000094000000, 0x0000000094100000|  0%| F|  |TAMS 0x0000000094000000, 0x0000000094000000| Untracked 
| 293|0x0000000094100000, 0x0000000094100000, 0x0000000094200000|  0%| F|  |TAMS 0x0000000094100000, 0x0000000094100000| Untracked 
| 294|0x0000000094200000, 0x0000000094200000, 0x0000000094300000|  0%| F|  |TAMS 0x0000000094200000, 0x0000000094200000| Untracked 
| 295|0x0000000094300000, 0x0000000094300000, 0x0000000094400000|  0%| F|  |TAMS 0x0000000094300000, 0x0000000094300000| Untracked 
| 296|0x0000000094400000, 0x0000000094400000, 0x0000000094500000|  0%| F|  |TAMS 0x0000000094400000, 0x0000000094400000| Untracked 
| 297|0x0000000094500000, 0x0000000094500000, 0x0000000094600000|  0%| F|  |TAMS 0x0000000094500000, 0x0000000094500000| Untracked 
| 298|0x0000000094600000, 0x0000000094600000, 0x0000000094700000|  0%| F|  |TAMS 0x0000000094600000, 0x0000000094600000| Untracked 
| 299|0x0000000094700000, 0x0000000094700000, 0x0000000094800000|  0%| F|  |TAMS 0x0000000094700000, 0x0000000094700000| Untracked 
| 300|0x0000000094800000, 0x0000000094800000, 0x0000000094900000|  0%| F|  |TAMS 0x0000000094800000, 0x0000000094800000| Untracked 
| 301|0x0000000094900000, 0x0000000094900000, 0x0000000094a00000|  0%| F|  |TAMS 0x0000000094900000, 0x0000000094900000| Untracked 
| 302|0x0000000094a00000, 0x0000000094a00000, 0x0000000094b00000|  0%| F|  |TAMS 0x0000000094a00000, 0x0000000094a00000| Untracked 
| 303|0x0000000094b00000, 0x0000000094b00000, 0x0000000094c00000|  0%| F|  |TAMS 0x0000000094b00000, 0x0000000094b00000| Untracked 
| 304|0x0000000094c00000, 0x0000000094c00000, 0x0000000094d00000|  0%| F|  |TAMS 0x0000000094c00000, 0x0000000094c00000| Untracked 
| 305|0x0000000094d00000, 0x0000000094d00000, 0x0000000094e00000|  0%| F|  |TAMS 0x0000000094d00000, 0x0000000094d00000| Untracked 
| 306|0x0000000094e00000, 0x0000000094e00000, 0x0000000094f00000|  0%| F|  |TAMS 0x0000000094e00000, 0x0000000094e00000| Untracked 
| 307|0x0000000094f00000, 0x0000000094f00000, 0x0000000095000000|  0%| F|  |TAMS 0x0000000094f00000, 0x0000000094f00000| Untracked 
| 308|0x0000000095000000, 0x0000000095000000, 0x0000000095100000|  0%| F|  |TAMS 0x0000000095000000, 0x0000000095000000| Untracked 
| 309|0x0000000095100000, 0x0000000095100000, 0x0000000095200000|  0%| F|  |TAMS 0x0000000095100000, 0x0000000095100000| Untracked 
| 310|0x0000000095200000, 0x0000000095200000, 0x0000000095300000|  0%| F|  |TAMS 0x0000000095200000, 0x0000000095200000| Untracked 
| 311|0x0000000095300000, 0x0000000095300000, 0x0000000095400000|  0%| F|  |TAMS 0x0000000095300000, 0x0000000095300000| Untracked 
| 312|0x0000000095400000, 0x0000000095400000, 0x0000000095500000|  0%| F|  |TAMS 0x0000000095400000, 0x0000000095400000| Untracked 
| 313|0x0000000095500000, 0x0000000095500000, 0x0000000095600000|  0%| F|  |TAMS 0x0000000095500000, 0x0000000095500000| Untracked 
| 314|0x0000000095600000, 0x0000000095600000, 0x0000000095700000|  0%| F|  |TAMS 0x0000000095600000, 0x0000000095600000| Untracked 
| 315|0x0000000095700000, 0x0000000095700000, 0x0000000095800000|  0%| F|  |TAMS 0x0000000095700000, 0x0000000095700000| Untracked 
| 316|0x0000000095800000, 0x0000000095800000, 0x0000000095900000|  0%| F|  |TAMS 0x0000000095800000, 0x0000000095800000| Untracked 
| 317|0x0000000095900000, 0x0000000095900000, 0x0000000095a00000|  0%| F|  |TAMS 0x0000000095900000, 0x0000000095900000| Untracked 
| 318|0x0000000095a00000, 0x0000000095a00000, 0x0000000095b00000|  0%| F|  |TAMS 0x0000000095a00000, 0x0000000095a00000| Untracked 
| 319|0x0000000095b00000, 0x0000000095b00000, 0x0000000095c00000|  0%| F|  |TAMS 0x0000000095b00000, 0x0000000095b00000| Untracked 
| 320|0x0000000095c00000, 0x0000000095c00000, 0x0000000095d00000|  0%| F|  |TAMS 0x0000000095c00000, 0x0000000095c00000| Untracked 
| 321|0x0000000095d00000, 0x0000000095d00000, 0x0000000095e00000|  0%| F|  |TAMS 0x0000000095d00000, 0x0000000095d00000| Untracked 
| 322|0x0000000095e00000, 0x0000000095e00000, 0x0000000095f00000|  0%| F|  |TAMS 0x0000000095e00000, 0x0000000095e00000| Untracked 
| 323|0x0000000095f00000, 0x0000000095f00000, 0x0000000096000000|  0%| F|  |TAMS 0x0000000095f00000, 0x0000000095f00000| Untracked 
| 324|0x0000000096000000, 0x0000000096000000, 0x0000000096100000|  0%| F|  |TAMS 0x0000000096000000, 0x0000000096000000| Untracked 
| 325|0x0000000096100000, 0x0000000096100000, 0x0000000096200000|  0%| F|  |TAMS 0x0000000096100000, 0x0000000096100000| Untracked 
| 326|0x0000000096200000, 0x0000000096200000, 0x0000000096300000|  0%| F|  |TAMS 0x0000000096200000, 0x0000000096200000| Untracked 
| 327|0x0000000096300000, 0x0000000096300000, 0x0000000096400000|  0%| F|  |TAMS 0x0000000096300000, 0x0000000096300000| Untracked 
| 328|0x0000000096400000, 0x0000000096400000, 0x0000000096500000|  0%| F|  |TAMS 0x0000000096400000, 0x0000000096400000| Untracked 
| 329|0x0000000096500000, 0x0000000096500000, 0x0000000096600000|  0%| F|  |TAMS 0x0000000096500000, 0x0000000096500000| Untracked 
| 330|0x0000000096600000, 0x0000000096600000, 0x0000000096700000|  0%| F|  |TAMS 0x0000000096600000, 0x0000000096600000| Untracked 
| 331|0x0000000096700000, 0x0000000096700000, 0x0000000096800000|  0%| F|  |TAMS 0x0000000096700000, 0x0000000096700000| Untracked 
| 332|0x0000000096800000, 0x0000000096800000, 0x0000000096900000|  0%| F|  |TAMS 0x0000000096800000, 0x0000000096800000| Untracked 
| 333|0x0000000096900000, 0x0000000096900000, 0x0000000096a00000|  0%| F|  |TAMS 0x0000000096900000, 0x0000000096900000| Untracked 
| 334|0x0000000096a00000, 0x0000000096a00000, 0x0000000096b00000|  0%| F|  |TAMS 0x0000000096a00000, 0x0000000096a00000| Untracked 
| 335|0x0000000096b00000, 0x0000000096b00000, 0x0000000096c00000|  0%| F|  |TAMS 0x0000000096b00000, 0x0000000096b00000| Untracked 
| 336|0x0000000096c00000, 0x0000000096c00000, 0x0000000096d00000|  0%| F|  |TAMS 0x0000000096c00000, 0x0000000096c00000| Untracked 
| 337|0x0000000096d00000, 0x0000000096d00000, 0x0000000096e00000|  0%| F|  |TAMS 0x0000000096d00000, 0x0000000096d00000| Untracked 
| 338|0x0000000096e00000, 0x0000000096e00000, 0x0000000096f00000|  0%| F|  |TAMS 0x0000000096e00000, 0x0000000096e00000| Untracked 
| 339|0x0000000096f00000, 0x0000000096f00000, 0x0000000097000000|  0%| F|  |TAMS 0x0000000096f00000, 0x0000000096f00000| Untracked 
| 340|0x0000000097000000, 0x0000000097000000, 0x0000000097100000|  0%| F|  |TAMS 0x0000000097000000, 0x0000000097000000| Untracked 
| 341|0x0000000097100000, 0x0000000097100000, 0x0000000097200000|  0%| F|  |TAMS 0x0000000097100000, 0x0000000097100000| Untracked 
| 342|0x0000000097200000, 0x0000000097200000, 0x0000000097300000|  0%| F|  |TAMS 0x0000000097200000, 0x0000000097200000| Untracked 
| 343|0x0000000097300000, 0x0000000097300000, 0x0000000097400000|  0%| F|  |TAMS 0x0000000097300000, 0x0000000097300000| Untracked 
| 344|0x0000000097400000, 0x0000000097400000, 0x0000000097500000|  0%| F|  |TAMS 0x0000000097400000, 0x0000000097400000| Untracked 
| 345|0x0000000097500000, 0x0000000097500000, 0x0000000097600000|  0%| F|  |TAMS 0x0000000097500000, 0x0000000097500000| Untracked 
| 346|0x0000000097600000, 0x0000000097600000, 0x0000000097700000|  0%| F|  |TAMS 0x0000000097600000, 0x0000000097600000| Untracked 
| 347|0x0000000097700000, 0x0000000097700000, 0x0000000097800000|  0%| F|  |TAMS 0x0000000097700000, 0x0000000097700000| Untracked 
| 348|0x0000000097800000, 0x0000000097800000, 0x0000000097900000|  0%| F|  |TAMS 0x0000000097800000, 0x0000000097800000| Untracked 
| 349|0x0000000097900000, 0x0000000097900000, 0x0000000097a00000|  0%| F|  |TAMS 0x0000000097900000, 0x0000000097900000| Untracked 
| 350|0x0000000097a00000, 0x0000000097a00000, 0x0000000097b00000|  0%| F|  |TAMS 0x0000000097a00000, 0x0000000097a00000| Untracked 
| 351|0x0000000097b00000, 0x0000000097b00000, 0x0000000097c00000|  0%| F|  |TAMS 0x0000000097b00000, 0x0000000097b00000| Untracked 
| 352|0x0000000097c00000, 0x0000000097c00000, 0x0000000097d00000|  0%| F|  |TAMS 0x0000000097c00000, 0x0000000097c00000| Untracked 
| 353|0x0000000097d00000, 0x0000000097d00000, 0x0000000097e00000|  0%| F|  |TAMS 0x0000000097d00000, 0x0000000097d00000| Untracked 
| 354|0x0000000097e00000, 0x0000000097e00000, 0x0000000097f00000|  0%| F|  |TAMS 0x0000000097e00000, 0x0000000097e00000| Untracked 
| 355|0x0000000097f00000, 0x0000000097f00000, 0x0000000098000000|  0%| F|  |TAMS 0x0000000097f00000, 0x0000000097f00000| Untracked 
| 356|0x0000000098000000, 0x0000000098000000, 0x0000000098100000|  0%| F|  |TAMS 0x0000000098000000, 0x0000000098000000| Untracked 
| 357|0x0000000098100000, 0x0000000098100000, 0x0000000098200000|  0%| F|  |TAMS 0x0000000098100000, 0x0000000098100000| Untracked 
| 358|0x0000000098200000, 0x0000000098200000, 0x0000000098300000|  0%| F|  |TAMS 0x0000000098200000, 0x0000000098200000| Untracked 
| 359|0x0000000098300000, 0x0000000098300000, 0x0000000098400000|  0%| F|  |TAMS 0x0000000098300000, 0x0000000098300000| Untracked 
| 360|0x0000000098400000, 0x0000000098400000, 0x0000000098500000|  0%| F|  |TAMS 0x0000000098400000, 0x0000000098400000| Untracked 
| 361|0x0000000098500000, 0x0000000098500000, 0x0000000098600000|  0%| F|  |TAMS 0x0000000098500000, 0x0000000098500000| Untracked 
| 362|0x0000000098600000, 0x0000000098600000, 0x0000000098700000|  0%| F|  |TAMS 0x0000000098600000, 0x0000000098600000| Untracked 
| 363|0x0000000098700000, 0x0000000098700000, 0x0000000098800000|  0%| F|  |TAMS 0x0000000098700000, 0x0000000098700000| Untracked 
| 364|0x0000000098800000, 0x0000000098800000, 0x0000000098900000|  0%| F|  |TAMS 0x0000000098800000, 0x0000000098800000| Untracked 
| 365|0x0000000098900000, 0x0000000098900000, 0x0000000098a00000|  0%| F|  |TAMS 0x0000000098900000, 0x0000000098900000| Untracked 
| 366|0x0000000098a00000, 0x0000000098a00000, 0x0000000098b00000|  0%| F|  |TAMS 0x0000000098a00000, 0x0000000098a00000| Untracked 
| 367|0x0000000098b00000, 0x0000000098b00000, 0x0000000098c00000|  0%| F|  |TAMS 0x0000000098b00000, 0x0000000098b00000| Untracked 
| 368|0x0000000098c00000, 0x0000000098c00000, 0x0000000098d00000|  0%| F|  |TAMS 0x0000000098c00000, 0x0000000098c00000| Untracked 
| 369|0x0000000098d00000, 0x0000000098d00000, 0x0000000098e00000|  0%| F|  |TAMS 0x0000000098d00000, 0x0000000098d00000| Untracked 
| 370|0x0000000098e00000, 0x0000000098e00000, 0x0000000098f00000|  0%| F|  |TAMS 0x0000000098e00000, 0x0000000098e00000| Untracked 
| 371|0x0000000098f00000, 0x0000000098f00000, 0x0000000099000000|  0%| F|  |TAMS 0x0000000098f00000, 0x0000000098f00000| Untracked 
| 372|0x0000000099000000, 0x0000000099000000, 0x0000000099100000|  0%| F|  |TAMS 0x0000000099000000, 0x0000000099000000| Untracked 
| 373|0x0000000099100000, 0x0000000099100000, 0x0000000099200000|  0%| F|  |TAMS 0x0000000099100000, 0x0000000099100000| Untracked 
| 374|0x0000000099200000, 0x0000000099200000, 0x0000000099300000|  0%| F|  |TAMS 0x0000000099200000, 0x0000000099200000| Untracked 
| 375|0x0000000099300000, 0x0000000099300000, 0x0000000099400000|  0%| F|  |TAMS 0x0000000099300000, 0x0000000099300000| Untracked 
| 376|0x0000000099400000, 0x00000000994aafb8, 0x0000000099500000| 66%| S|CS|TAMS 0x0000000099400000, 0x0000000099400000| Complete 
| 377|0x0000000099500000, 0x0000000099600000, 0x0000000099600000|100%| S|CS|TAMS 0x0000000099500000, 0x0000000099500000| Complete 
| 378|0x0000000099600000, 0x0000000099600000, 0x0000000099700000|  0%| F|  |TAMS 0x0000000099600000, 0x0000000099600000| Untracked 
| 379|0x0000000099700000, 0x0000000099700000, 0x0000000099800000|  0%| F|  |TAMS 0x0000000099700000, 0x0000000099700000| Untracked 
| 380|0x0000000099800000, 0x0000000099800000, 0x0000000099900000|  0%| F|  |TAMS 0x0000000099800000, 0x0000000099800000| Untracked 
| 381|0x0000000099900000, 0x0000000099900000, 0x0000000099a00000|  0%| F|  |TAMS 0x0000000099900000, 0x0000000099900000| Untracked 
| 382|0x0000000099a00000, 0x0000000099a00000, 0x0000000099b00000|  0%| F|  |TAMS 0x0000000099a00000, 0x0000000099a00000| Untracked 
| 383|0x0000000099b00000, 0x0000000099b32e08, 0x0000000099c00000| 19%| E|  |TAMS 0x0000000099b00000, 0x0000000099b00000| Complete 
| 384|0x0000000099c00000, 0x0000000099d00000, 0x0000000099d00000|100%| E|CS|TAMS 0x0000000099c00000, 0x0000000099c00000| Complete 

Card table byte_map: [0x00000257a3c60000,0x00000257a4060000] _byte_map_base: 0x00000257a3852000

Marking Bits (Prev, Next): (CMBitMap*) 0x00000257907ef650, (CMBitMap*) 0x00000257907ef618
 Prev Bits: [0x00000257a63f0000, 0x00000257a8380000)
 Next Bits: [0x00000257a4460000, 0x00000257a63f0000)

Polling page: 0x000002578e700000

Metaspace:

Usage:
  Non-class:     42.51 MB capacity,    41.52 MB ( 98%) used,   822.26 KB (  2%) free+waste,   190.50 KB ( <1%) overhead. 
      Class:      6.62 MB capacity,     5.95 MB ( 90%) used,   593.41 KB (  9%) free+waste,    94.38 KB (  1%) overhead. 
       Both:     49.13 MB capacity,    47.47 MB ( 97%) used,     1.38 MB (  3%) free+waste,   284.88 KB ( <1%) overhead. 

Virtual space:
  Non-class space:       44.00 MB reserved,      42.75 MB ( 97%) committed 
      Class space:        1.00 GB reserved,       6.63 MB ( <1%) committed 
             Both:        1.04 GB reserved,      49.38 MB (  5%) committed 

Chunk freelists:
   Non-Class:  57.00 KB
       Class:  2.00 KB
        Both:  59.00 KB

MaxMetaspaceSize: 17179869184.00 GB
CompressedClassSpaceSize: 1.00 GB

CodeHeap 'non-profiled nmethods': size=238912Kb used=13934Kb max_used=13934Kb free=224977Kb
 bounds [0x0000025794f10000, 0x0000025795cb0000, 0x00000257a3860000]
CodeHeap 'non-nmethods': size=6848Kb used=1671Kb max_used=1671Kb free=5176Kb
 bounds [0x0000025794860000, 0x0000025794ad0000, 0x0000025794f10000]
 total_blobs=9556 nmethods=7943 adapters=1181
 compilation: enabled
              stopped_count=0, restarted_count=0
 full_count=0

Compilation events (20 events):
Event: 829.755 Thread 0x00000257aa872000 8019       1       java.net.URLStreamHandler::hashCode (128 bytes)
Event: 829.755 Thread 0x00000257aa872000 nmethod 8019 0x0000025795ca6090 code [0x0000025795ca62c0, 0x0000025795ca6650]
Event: 829.764 Thread 0x00000257aa872000 8020       1       org.springframework.core.io.AbstractFileResolvingResource::customizeConnection (20 bytes)
Event: 829.766 Thread 0x00000257aa872000 nmethod 8020 0x0000025795ca6910 code [0x0000025795ca6b00, 0x0000025795ca6e70]
Event: 829.792 Thread 0x00000257aa872000 8021   !   1       org.springframework.core.io.AbstractFileResolvingResource::exists (109 bytes)
Event: 829.795 Thread 0x00000257aa872000 nmethod 8021 0x0000025795ca7090 code [0x0000025795ca7320, 0x0000025795ca79f0]
Event: 829.885 Thread 0x00000257aa872000 8022       1       java.util.regex.Pattern::compile (498 bytes)
Event: 829.888 Thread 0x00000257aa872000 nmethod 8022 0x0000025795ca7f90 code [0x0000025795ca82e0, 0x0000025795ca9910]
Event: 830.783 Thread 0x00000257aa872000 8023       1       org.springframework.beans.factory.support.DefaultSingletonBeanRegistry::getSingletonMutex (5 bytes)
Event: 830.783 Thread 0x00000257aa872000 nmethod 8023 0x0000025795ca9f90 code [0x0000025795caa140, 0x0000025795caa278]
Event: 830.849 Thread 0x00000257aa872000 8024       1       java.io.BufferedReader::fill (170 bytes)
Event: 830.849 Thread 0x00000257aa872000 nmethod 8024 0x0000025795caa310 code [0x0000025795caa500, 0x0000025795caa990]
Event: 831.666 Thread 0x00000257aa872000 8025 %     1       com.khryniewicki.projectX.graphics.Texture::getPixels @ 14 (171 bytes)
Event: 831.667 Thread 0x00000257aa872000 nmethod 8025% 0x0000025795caab10 code [0x0000025795caad60, 0x0000025795cab3a0]
Event: 831.667 Thread 0x00000257aa872000 8026       1       com.khryniewicki.projectX.graphics.Texture::getPixels (171 bytes)
Event: 831.667 Thread 0x00000257aa872000 nmethod 8026 0x0000025795cab790 code [0x0000025795cab9c0, 0x0000025795cabf60]
Event: 833.005 Thread 0x00000257aa872000 8027       1       java.net.NetworkInterface$2::hasMoreElements (18 bytes)
Event: 833.006 Thread 0x00000257aa872000 nmethod 8027 0x0000025795cac310 code [0x0000025795cac4c0, 0x0000025795cac618]
Event: 833.033 Thread 0x00000257aa872000 8028       1       org.apache.catalina.ContainerEvent::getType (5 bytes)
Event: 833.033 Thread 0x00000257aa872000 nmethod 8028 0x0000025795cac690 code [0x0000025795cac840, 0x0000025795cac978]

GC Heap History (20 events):
Event: 826.629 GC heap before
{Heap before GC invocations=483 (full 1):
 garbage-first heap   total 394240K, used 344462K [0x0000000081c00000, 0x0000000100000000)
  region size 1024K, 110 young (112640K), 0 survivors (0K)
 Metaspace       used 48550K, capacity 50236K, committed 50304K, reserved 1093632K
  class space    used 6086K, capacity 6779K, committed 6784K, reserved 1048576K
}
Event: 826.688 GC heap after
{Heap after GC invocations=484 (full 1):
 garbage-first heap   total 394240K, used 235454K [0x0000000081c00000, 0x0000000100000000)
  region size 1024K, 3 young (3072K), 3 survivors (3072K)
 Metaspace       used 48550K, capacity 50236K, committed 50304K, reserved 1093632K
  class space    used 6086K, capacity 6779K, committed 6784K, reserved 1048576K
}
Event: 831.205 GC heap before
{Heap before GC invocations=485 (full 1):
 garbage-first heap   total 394240K, used 342974K [0x0000000081c00000, 0x0000000100000000)
  region size 1024K, 108 young (110592K), 3 survivors (3072K)
 Metaspace       used 48608K, capacity 50309K, committed 50560K, reserved 1093632K
  class space    used 6094K, capacity 6782K, committed 6784K, reserved 1048576K
}
Event: 831.209 GC heap after
{Heap after GC invocations=486 (full 1):
 garbage-first heap   total 394240K, used 235790K [0x0000000081c00000, 0x0000000100000000)
  region size 1024K, 3 young (3072K), 3 survivors (3072K)
 Metaspace       used 48608K, capacity 50309K, committed 50560K, reserved 1093632K
  class space    used 6094K, capacity 6782K, committed 6784K, reserved 1048576K
}
Event: 831.336 GC heap before
{Heap before GC invocations=486 (full 1):
 garbage-first heap   total 394240K, used 263438K [0x0000000081c00000, 0x0000000100000000)
  region size 1024K, 31 young (31744K), 3 survivors (3072K)
 Metaspace       used 48608K, capacity 50309K, committed 50560K, reserved 1093632K
  class space    used 6094K, capacity 6782K, committed 6784K, reserved 1048576K
}
Event: 831.340 GC heap after
{Heap after GC invocations=487 (full 1):
 garbage-first heap   total 394240K, used 235156K [0x0000000081c00000, 0x0000000100000000)
  region size 1024K, 3 young (3072K), 3 survivors (3072K)
 Metaspace       used 48608K, capacity 50309K, committed 50560K, reserved 1093632K
  class space    used 6094K, capacity 6782K, committed 6784K, reserved 1048576K
}
Event: 831.630 GC heap before
{Heap before GC invocations=488 (full 1):
 garbage-first heap   total 394240K, used 249492K [0x0000000081c00000, 0x0000000100000000)
  region size 1024K, 8 young (8192K), 3 survivors (3072K)
 Metaspace       used 48605K, capacity 50303K, committed 50560K, reserved 1093632K
  class space    used 6093K, capacity 6780K, committed 6784K, reserved 1048576K
}
Event: 831.633 GC heap after
{Heap after GC invocations=489 (full 1):
 garbage-first heap   total 394240K, used 244955K [0x0000000081c00000, 0x0000000100000000)
  region size 1024K, 2 young (2048K), 2 survivors (2048K)
 Metaspace       used 48605K, capacity 50303K, committed 50560K, reserved 1093632K
  class space    used 6093K, capacity 6780K, committed 6784K, reserved 1048576K
}
Event: 831.719 GC heap before
{Heap before GC invocations=490 (full 1):
 garbage-first heap   total 394240K, used 250075K [0x0000000081c00000, 0x0000000100000000)
  region size 1024K, 3 young (3072K), 2 survivors (2048K)
 Metaspace       used 48605K, capacity 50303K, committed 50560K, reserved 1093632K
  class space    used 6093K, capacity 6780K, committed 6784K, reserved 1048576K
}
Event: 831.723 GC heap after
{Heap after GC invocations=491 (full 1):
 garbage-first heap   total 394240K, used 239665K [0x0000000081c00000, 0x0000000100000000)
  region size 1024K, 2 young (2048K), 2 survivors (2048K)
 Metaspace       used 48605K, capacity 50303K, committed 50560K, reserved 1093632K
  class space    used 6093K, capacity 6780K, committed 6784K, reserved 1048576K
}
Event: 831.816 GC heap before
{Heap before GC invocations=492 (full 1):
 garbage-first heap   total 394240K, used 254001K [0x0000000081c00000, 0x0000000100000000)
  region size 1024K, 7 young (7168K), 2 survivors (2048K)
 Metaspace       used 48605K, capacity 50303K, committed 50560K, reserved 1093632K
  class space    used 6093K, capacity 6780K, committed 6784K, reserved 1048576K
}
Event: 831.820 GC heap after
{Heap after GC invocations=493 (full 1):
 garbage-first heap   total 394240K, used 249871K [0x0000000081c00000, 0x0000000100000000)
  region size 1024K, 2 young (2048K), 2 survivors (2048K)
 Metaspace       used 48605K, capacity 50303K, committed 50560K, reserved 1093632K
  class space    used 6093K, capacity 6780K, committed 6784K, reserved 1048576K
}
Event: 831.892 GC heap before
{Heap before GC invocations=494 (full 1):
 garbage-first heap   total 394240K, used 264207K [0x0000000081c00000, 0x0000000100000000)
  region size 1024K, 7 young (7168K), 2 survivors (2048K)
 Metaspace       used 48605K, capacity 50303K, committed 50560K, reserved 1093632K
  class space    used 6093K, capacity 6780K, committed 6784K, reserved 1048576K
}
Event: 831.896 GC heap after
{Heap after GC invocations=495 (full 1):
 garbage-first heap   total 394240K, used 249926K [0x0000000081c00000, 0x0000000100000000)
  region size 1024K, 2 young (2048K), 2 survivors (2048K)
 Metaspace       used 48605K, capacity 50303K, committed 50560K, reserved 1093632K
  class space    used 6093K, capacity 6780K, committed 6784K, reserved 1048576K
}
Event: 831.972 GC heap before
{Heap before GC invocations=496 (full 1):
 garbage-first heap   total 394240K, used 255046K [0x0000000081c00000, 0x0000000100000000)
  region size 1024K, 3 young (3072K), 2 survivors (2048K)
 Metaspace       used 48605K, capacity 50303K, committed 50560K, reserved 1093632K
  class space    used 6093K, capacity 6780K, committed 6784K, reserved 1048576K
}
Event: 831.977 GC heap after
{Heap after GC invocations=497 (full 1):
 garbage-first heap   total 394240K, used 254969K [0x0000000081c00000, 0x0000000100000000)
  region size 1024K, 2 young (2048K), 2 survivors (2048K)
 Metaspace       used 48605K, capacity 50303K, committed 50560K, reserved 1093632K
  class space    used 6093K, capacity 6780K, committed 6784K, reserved 1048576K
}
Event: 832.730 GC heap before
{Heap before GC invocations=498 (full 1):
 garbage-first heap   total 394240K, used 260089K [0x0000000081c00000, 0x0000000100000000)
  region size 1024K, 3 young (3072K), 2 survivors (2048K)
 Metaspace       used 48605K, capacity 50303K, committed 50560K, reserved 1093632K
  class space    used 6093K, capacity 6780K, committed 6784K, reserved 1048576K
}
Event: 832.732 GC heap after
{Heap after GC invocations=499 (full 1):
 garbage-first heap   total 394240K, used 249946K [0x0000000081c00000, 0x0000000100000000)
  region size 1024K, 2 young (2048K), 2 survivors (2048K)
 Metaspace       used 48605K, capacity 50303K, committed 50560K, reserved 1093632K
  class space    used 6093K, capacity 6780K, committed 6784K, reserved 1048576K
}
Event: 832.834 GC heap before
{Heap before GC invocations=500 (full 1):
 garbage-first heap   total 394240K, used 264282K [0x0000000081c00000, 0x0000000100000000)
  region size 1024K, 7 young (7168K), 2 survivors (2048K)
 Metaspace       used 48605K, capacity 50303K, committed 50560K, reserved 1093632K
  class space    used 6093K, capacity 6780K, committed 6784K, reserved 1048576K
}
Event: 832.843 GC heap after
{Heap after GC invocations=501 (full 1):
 garbage-first heap   total 394240K, used 260154K [0x0000000081c00000, 0x0000000100000000)
  region size 1024K, 2 young (2048K), 2 survivors (2048K)
 Metaspace       used 48605K, capacity 50303K, committed 50560K, reserved 1093632K
  class space    used 6093K, capacity 6780K, committed 6784K, reserved 1048576K
}

Deoptimization events (6 events):
Event: 19.027 Thread 0x00000257ae878800 DEOPT PACKING pc=0x00000257950ed44c sp=0x00000073978fcd70
Event: 19.027 Thread 0x00000257ae878800 DEOPT UNPACKING pc=0x000002579488904e sp=0x00000073978fc288 mode 0
Event: 671.479 Thread 0x00000257abbd2000 DEOPT PACKING pc=0x0000025794fa026c sp=0x00000073969fee20
Event: 671.481 Thread 0x00000257abbd2000 DEOPT UNPACKING pc=0x000002579488904e sp=0x00000073969fe360 mode 1
Event: 671.481 Thread 0x00000257abbd2000 DEOPT PACKING pc=0x0000025794f9fc1c sp=0x00000073969fef60
Event: 671.481 Thread 0x00000257abbd2000 DEOPT UNPACKING pc=0x000002579488904e sp=0x00000073969fe408 mode 1

Classes redefined (0 events):
No events

Internal exceptions (20 events):
Event: 831.211 Thread 0x00000257aa84e800 Exception <a 'java/lang/NullPointerException'{0x0000000099c853c0}> (0x0000000099c853c0) thrown at [c:/BuildAgent/work/5ff2f6c26000d570/src/hotspot/share/runtime/sharedRuntime.cpp, line 584]
Event: 831.211 Thread 0x00000257aa84e800 NullPointerException in IC check 0x0000025795652d60
Event: 831.211 Thread 0x00000257aa84e800 Exception <a 'java/lang/NullPointerException'{0x0000000099c85690}> (0x0000000099c85690) thrown at [c:/BuildAgent/work/5ff2f6c26000d570/src/hotspot/share/runtime/sharedRuntime.cpp, line 584]
Event: 831.211 Thread 0x00000257aa84e800 NullPointerException in IC check 0x0000025795652d60
Event: 831.211 Thread 0x00000257aa84e800 Exception <a 'java/lang/NullPointerException'{0x0000000099c85960}> (0x0000000099c85960) thrown at [c:/BuildAgent/work/5ff2f6c26000d570/src/hotspot/share/runtime/sharedRuntime.cpp, line 584]
Event: 831.211 Thread 0x00000257aa84e800 NullPointerException in IC check 0x0000025795652d60
Event: 831.211 Thread 0x00000257aa84e800 Exception <a 'java/lang/NullPointerException'{0x0000000099c85c30}> (0x0000000099c85c30) thrown at [c:/BuildAgent/work/5ff2f6c26000d570/src/hotspot/share/runtime/sharedRuntime.cpp, line 584]
Event: 831.211 Thread 0x00000257aa84e800 NullPointerException in IC check 0x0000025795652d60
Event: 831.211 Thread 0x00000257aa84e800 Exception <a 'java/lang/NullPointerException'{0x0000000099c85f00}> (0x0000000099c85f00) thrown at [c:/BuildAgent/work/5ff2f6c26000d570/src/hotspot/share/runtime/sharedRuntime.cpp, line 584]
Event: 831.211 Thread 0x00000257aa84e800 NullPointerException in IC check 0x0000025795652d60
Event: 831.211 Thread 0x00000257aa84e800 Exception <a 'java/lang/NullPointerException'{0x0000000099c861d0}> (0x0000000099c861d0) thrown at [c:/BuildAgent/work/5ff2f6c26000d570/src/hotspot/share/runtime/sharedRuntime.cpp, line 584]
Event: 831.211 Thread 0x00000257aa84e800 NullPointerException in IC check 0x0000025795652d60
Event: 831.211 Thread 0x00000257aa84e800 Exception <a 'java/lang/NullPointerException'{0x0000000099c864a0}> (0x0000000099c864a0) thrown at [c:/BuildAgent/work/5ff2f6c26000d570/src/hotspot/share/runtime/sharedRuntime.cpp, line 584]
Event: 831.211 Thread 0x00000257aa84e800 NullPointerException in IC check 0x0000025795652d60
Event: 831.211 Thread 0x00000257aa84e800 Exception <a 'java/lang/NullPointerException'{0x0000000099c86770}> (0x0000000099c86770) thrown at [c:/BuildAgent/work/5ff2f6c26000d570/src/hotspot/share/runtime/sharedRuntime.cpp, line 584]
Event: 831.211 Thread 0x00000257aa84e800 NullPointerException in IC check 0x0000025795652d60
Event: 831.211 Thread 0x00000257aa84e800 Exception <a 'java/lang/NullPointerException'{0x0000000099c86a40}> (0x0000000099c86a40) thrown at [c:/BuildAgent/work/5ff2f6c26000d570/src/hotspot/share/runtime/sharedRuntime.cpp, line 584]
Event: 831.211 Thread 0x00000257aa84e800 NullPointerException in IC check 0x0000025795652d60
Event: 831.211 Thread 0x00000257aa84e800 Exception <a 'java/lang/NullPointerException'{0x0000000099c86d10}> (0x0000000099c86d10) thrown at [c:/BuildAgent/work/5ff2f6c26000d570/src/hotspot/share/runtime/sharedRuntime.cpp, line 584]
Event: 833.057 Thread 0x00000257aeaa1000 Exception <a 'java/lang/InterruptedException'{0x0000000099b0d530}: sleep interrupted> (0x0000000099b0d530) thrown at [c:/BuildAgent/work/5ff2f6c26000d570/src/hotspot/share/prims/jvm.cpp, line 3107]

Events (20 events):
Event: 833.057 Executing VM operation: RevokeBias done
Event: 833.057 Thread 0x00000257ae936000 Thread exited: 0x00000257ae936000
Event: 833.057 Executing VM operation: RevokeBias
Event: 833.057 Thread 0x00000257ae935800 Thread exited: 0x00000257ae935800
Event: 833.057 Thread 0x00000257ae93a000 Thread exited: 0x00000257ae93a000
Event: 833.057 Thread 0x00000257aeaab800 Thread exited: 0x00000257aeaab800
Event: 833.057 Executing VM operation: RevokeBias done
Event: 833.057 Executing VM operation: RevokeBias
Event: 833.057 Executing VM operation: RevokeBias done
Event: 833.057 Executing VM operation: RevokeBias
Event: 833.057 Executing VM operation: RevokeBias done
Event: 833.057 Thread 0x00000257aeaa1000 Thread exited: 0x00000257aeaa1000
Event: 833.057 Executing VM operation: RevokeBias
Event: 833.057 Executing VM operation: RevokeBias done
Event: 833.058 Thread 0x00000257aeaa2800 Thread exited: 0x00000257aeaa2800
Event: 833.058 Thread 0x00000257aeaa6000 Thread exited: 0x00000257aeaa6000
Event: 833.059 Executing VM operation: RevokeBias
Event: 833.063 Executing VM operation: RevokeBias done
Event: 833.063 Thread 0x0000025c93003000 Thread exited: 0x0000025c93003000
Event: 833.069 Executing VM operation: G1CollectFull


Dynamic libraries:
0x00007ff797530000 - 0x00007ff79753a000 	C:\Program Files\JetBrains\IntelliJ IDEA 2019.3.5\jbr\bin\java.exe
0x00007ffe6f680000 - 0x00007ffe6f870000 	C:\WINDOWS\SYSTEM32\ntdll.dll
0x00007ffe6e710000 - 0x00007ffe6e7c2000 	C:\WINDOWS\System32\KERNEL32.DLL
0x00007ffe6c9e0000 - 0x00007ffe6cc85000 	C:\WINDOWS\System32\KERNELBASE.dll
0x00007ffe6d470000 - 0x00007ffe6d56a000 	C:\WINDOWS\System32\ucrtbase.dll
0x00007ffe495a0000 - 0x00007ffe495b7000 	C:\Program Files\JetBrains\IntelliJ IDEA 2019.3.5\jbr\bin\VCRUNTIME140.dll
0x00007ffe4bed0000 - 0x00007ffe4bee9000 	C:\Program Files\JetBrains\IntelliJ IDEA 2019.3.5\jbr\bin\jli.dll
0x00007ffe6f170000 - 0x00007ffe6f304000 	C:\WINDOWS\System32\USER32.dll
0x00007ffe6d570000 - 0x00007ffe6d591000 	C:\WINDOWS\System32\win32u.dll
0x00007ffe6e940000 - 0x00007ffe6e966000 	C:\WINDOWS\System32\GDI32.dll
0x00007ffe6c840000 - 0x00007ffe6c9d6000 	C:\WINDOWS\System32\gdi32full.dll
0x00007ffe6c740000 - 0x00007ffe6c7de000 	C:\WINDOWS\System32\msvcp_win.dll
0x00007ffe5c480000 - 0x00007ffe5c704000 	C:\WINDOWS\WinSxS\amd64_microsoft.windows.common-controls_6595b64144ccf1df_6.0.18362.1256_none_9e7e379be45e40e2\COMCTL32.dll
0x00007ffe6eb30000 - 0x00007ffe6ebce000 	C:\WINDOWS\System32\msvcrt.dll
0x00007ffe6e210000 - 0x00007ffe6e546000 	C:\WINDOWS\System32\combase.dll
0x00007ffe6f050000 - 0x00007ffe6f170000 	C:\WINDOWS\System32\RPCRT4.dll
0x00007ffe6d5f0000 - 0x00007ffe6d671000 	C:\WINDOWS\System32\bcryptPrimitives.dll
0x00007ffe6f370000 - 0x00007ffe6f39e000 	C:\WINDOWS\System32\IMM32.DLL
0x00007ffe488e0000 - 0x00007ffe4897d000 	C:\Program Files\JetBrains\IntelliJ IDEA 2019.3.5\jbr\bin\msvcp140.dll
0x00007ffe1f970000 - 0x00007ffe2042d000 	C:\Program Files\JetBrains\IntelliJ IDEA 2019.3.5\jbr\bin\server\jvm.dll
0x00007ffe6f4e0000 - 0x00007ffe6f583000 	C:\WINDOWS\System32\ADVAPI32.dll
0x00007ffe6e170000 - 0x00007ffe6e207000 	C:\WINDOWS\System32\sechost.dll
0x00007ffe6ebd0000 - 0x00007ffe6ebd8000 	C:\WINDOWS\System32\PSAPI.DLL
0x00007ffe52340000 - 0x00007ffe52349000 	C:\WINDOWS\SYSTEM32\WSOCK32.dll
0x00007ffe6de20000 - 0x00007ffe6de8f000 	C:\WINDOWS\System32\WS2_32.dll
0x00007ffe67800000 - 0x00007ffe67824000 	C:\WINDOWS\SYSTEM32\WINMM.dll
0x00007ffe654c0000 - 0x00007ffe654ca000 	C:\WINDOWS\SYSTEM32\VERSION.dll
0x00007ffe677d0000 - 0x00007ffe677fd000 	C:\WINDOWS\SYSTEM32\WINMMBASE.dll
0x00007ffe6d5a0000 - 0x00007ffe6d5ea000 	C:\WINDOWS\System32\cfgmgr32.dll
0x00007ffe6c5a0000 - 0x00007ffe6c5b1000 	C:\WINDOWS\System32\kernel.appcore.dll
0x00007ffe684f0000 - 0x00007ffe68501000 	C:\Program Files\JetBrains\IntelliJ IDEA 2019.3.5\jbr\bin\verify.dll
0x00007ffe6ad90000 - 0x00007ffe6af84000 	C:\WINDOWS\SYSTEM32\DBGHELP.DLL
0x00007ffe58700000 - 0x00007ffe5872a000 	C:\WINDOWS\SYSTEM32\dbgcore.DLL
0x00007ffe684c0000 - 0x00007ffe684e9000 	C:\Program Files\JetBrains\IntelliJ IDEA 2019.3.5\jbr\bin\java.dll
0x00007ffe4c950000 - 0x00007ffe4c95f000 	C:\Program Files\JetBrains\IntelliJ IDEA 2019.3.5\jbr\bin\instrument.dll
0x00007ffe67cc0000 - 0x00007ffe67cd8000 	C:\Program Files\JetBrains\IntelliJ IDEA 2019.3.5\jbr\bin\zip.dll
0x00007ffe67cb0000 - 0x00007ffe67cbb000 	C:\Program Files\JetBrains\IntelliJ IDEA 2019.3.5\jbr\bin\jimage.dll
0x00007ffe6d730000 - 0x00007ffe6de17000 	C:\WINDOWS\System32\SHELL32.dll
0x00007ffe6dff0000 - 0x00007ffe6e099000 	C:\WINDOWS\System32\shcore.dll
0x00007ffe6cc90000 - 0x00007ffe6d411000 	C:\WINDOWS\System32\windows.storage.dll
0x00007ffe6c5c0000 - 0x00007ffe6c5e3000 	C:\WINDOWS\System32\profapi.dll
0x00007ffe6c530000 - 0x00007ffe6c57a000 	C:\WINDOWS\System32\powrprof.dll
0x00007ffe6c520000 - 0x00007ffe6c530000 	C:\WINDOWS\System32\UMPDC.dll
0x00007ffe6f420000 - 0x00007ffe6f472000 	C:\WINDOWS\System32\shlwapi.dll
0x00007ffe6d450000 - 0x00007ffe6d467000 	C:\WINDOWS\System32\cryptsp.dll
0x00007ffe67c90000 - 0x00007ffe67caa000 	C:\Program Files\JetBrains\IntelliJ IDEA 2019.3.5\jbr\bin\net.dll
0x00007ffe63610000 - 0x00007ffe63700000 	C:\WINDOWS\SYSTEM32\WINHTTP.dll
0x00007ffe6bd40000 - 0x00007ffe6bda7000 	C:\WINDOWS\system32\mswsock.dll
0x00007ffe67c70000 - 0x00007ffe67c84000 	C:\Program Files\JetBrains\IntelliJ IDEA 2019.3.5\jbr\bin\nio.dll
0x00007ffe48580000 - 0x00007ffe4859a000 	C:\Program Files\JetBrains\IntelliJ IDEA 2019.3.5\bin\breakgen64.dll
0x00007ffe6ba90000 - 0x00007ffe6bb5b000 	C:\WINDOWS\SYSTEM32\DNSAPI.dll
0x00007ffe6e700000 - 0x00007ffe6e708000 	C:\WINDOWS\System32\NSI.dll
0x00007ffe6ba50000 - 0x00007ffe6ba8a000 	C:\WINDOWS\SYSTEM32\IPHLPAPI.DLL
0x00007ffe651a0000 - 0x00007ffe651aa000 	C:\Windows\System32\rasadhlp.dll
0x00007ffe63be0000 - 0x00007ffe63c57000 	C:\WINDOWS\System32\fwpuclnt.dll
0x00007ffe6d420000 - 0x00007ffe6d446000 	C:\WINDOWS\System32\bcrypt.dll
0x00007ffe67c60000 - 0x00007ffe67c6a000 	C:\Program Files\JetBrains\IntelliJ IDEA 2019.3.5\jbr\bin\management.dll
0x00007ffe67c50000 - 0x00007ffe67c5c000 	C:\Program Files\JetBrains\IntelliJ IDEA 2019.3.5\jbr\bin\management_ext.dll
0x00007ffe6b8a0000 - 0x00007ffe6b8d3000 	C:\WINDOWS\system32\rsaenh.dll
0x00007ffe6c400000 - 0x00007ffe6c425000 	C:\WINDOWS\SYSTEM32\USERENV.dll
0x00007ffe6bf40000 - 0x00007ffe6bf4c000 	C:\WINDOWS\SYSTEM32\CRYPTBASE.dll
0x00007ffe652e0000 - 0x00007ffe652f6000 	C:\WINDOWS\SYSTEM32\dhcpcsvc6.DLL
0x00007ffe652c0000 - 0x00007ffe652dc000 	C:\WINDOWS\SYSTEM32\dhcpcsvc.DLL
0x00007ffe51710000 - 0x00007ffe51726000 	C:\WINDOWS\system32\napinsp.dll
0x00007ffe516f0000 - 0x00007ffe5170a000 	C:\WINDOWS\system32\pnrpnsp.dll
0x00007ffe516d0000 - 0x00007ffe516de000 	C:\WINDOWS\System32\winrnr.dll
0x00007ffe68550000 - 0x00007ffe6856c000 	C:\WINDOWS\system32\NLAapi.dll
0x00007ffe67750000 - 0x00007ffe67765000 	C:\WINDOWS\system32\wshbth.dll
0x00007ffe391c0000 - 0x00007ffe39224000 	C:\Users\48607\AppData\Local\Temp\lwjgl48607\3.2.3-build-13\lwjgl.dll
0x00007ffe38840000 - 0x00007ffe38a93000 	C:\Users\48607\AppData\Local\Temp\lwjgl48607\3.2.3-build-13\jemalloc.dll
0x00007ffe39150000 - 0x00007ffe391b2000 	C:\Users\48607\AppData\Local\Temp\lwjgl48607\3.2.3-build-13\glfw.dll
0x00007ffe69c90000 - 0x00007ffe69d29000 	C:\WINDOWS\system32\uxtheme.dll
0x00007ffe39100000 - 0x00007ffe39143000 	C:\WINDOWS\SYSTEM32\dinput8.dll
0x00007ffe390e0000 - 0x00007ffe390f1000 	C:\WINDOWS\SYSTEM32\xinput1_4.dll
0x00007ffe6c310000 - 0x00007ffe6c33a000 	C:\WINDOWS\SYSTEM32\DEVOBJ.dll
0x00007ffe6a4c0000 - 0x00007ffe6a4ed000 	C:\WINDOWS\SYSTEM32\dwmapi.dll
0x00007ffe52e20000 - 0x00007ffe52f3b000 	C:\WINDOWS\SYSTEM32\inputhost.dll
0x00007ffe65cd0000 - 0x00007ffe65ffa000 	C:\WINDOWS\SYSTEM32\CoreUIComponents.dll
0x00007ffe69990000 - 0x00007ffe69a64000 	C:\WINDOWS\SYSTEM32\CoreMessaging.dll
0x00007ffe6a7e0000 - 0x00007ffe6a8d0000 	C:\WINDOWS\SYSTEM32\PROPSYS.dll
0x00007ffe67ce0000 - 0x00007ffe67e33000 	C:\WINDOWS\SYSTEM32\wintypes.dll
0x00007ffe6e0a0000 - 0x00007ffe6e165000 	C:\WINDOWS\System32\OLEAUT32.dll
0x00007ffe6b520000 - 0x00007ffe6b551000 	C:\WINDOWS\SYSTEM32\ntmarta.dll
0x00007ffe6de90000 - 0x00007ffe6dfc5000 	C:\WINDOWS\System32\MSCTF.dll
0x00007ffe6ad80000 - 0x00007ffe6ad8e000 	C:\WINDOWS\SYSTEM32\HID.DLL
0x00007ffe6ebe0000 - 0x00007ffe6f050000 	C:\WINDOWS\System32\SETUPAPI.DLL
0x00007ffe6c7e0000 - 0x00007ffe6c83c000 	C:\WINDOWS\System32\WINTRUST.dll
0x00007ffe6c580000 - 0x00007ffe6c592000 	C:\WINDOWS\System32\MSASN1.dll
0x00007ffe6c5f0000 - 0x00007ffe6c739000 	C:\WINDOWS\System32\CRYPT32.dll
0x00007ffe4fdf0000 - 0x00007ffe4ff46000 	C:\WINDOWS\SYSTEM32\opengl32.dll
0x00007ffe4fd80000 - 0x00007ffe4fdac000 	C:\WINDOWS\SYSTEM32\GLU32.dll
0x00007ffe6b120000 - 0x00007ffe6b140000 	C:\WINDOWS\SYSTEM32\dxcore.dll
0x00007ffe1df40000 - 0x00007ffe1ee8a000 	C:\WINDOWS\System32\DriverStore\FileRepository\igdlh64.inf_amd64_baab50003164cdd5\ig9icd64.dll
0x00007ffe6e7d0000 - 0x00007ffe6e927000 	C:\WINDOWS\System32\ole32.dll
0x00007ffe6b1b0000 - 0x00007ffe6b29b000 	C:\WINDOWS\system32\dxgi.dll
0x00007ffe607f0000 - 0x00007ffe60997000 	C:\WINDOWS\System32\DriverStore\FileRepository\igdlh64.inf_amd64_baab50003164cdd5\igdgmm64.dll
0x00007ffe5df00000 - 0x00007ffe607ea000 	C:\WINDOWS\System32\DriverStore\FileRepository\igdlh64.inf_amd64_baab50003164cdd5\igc64.dll
0x00007ffe38440000 - 0x00007ffe38831000 	C:\WINDOWS\System32\DriverStore\FileRepository\igdlh64.inf_amd64_baab50003164cdd5\igdml64.dll
0x00007ffe39080000 - 0x00007ffe390d9000 	C:\Users\48607\AppData\Local\Temp\lwjgl48607\3.2.3-build-13\lwjgl_opengl.dll
0x00007ffe645f0000 - 0x00007ffe64791000 	C:\Program Files\JetBrains\IntelliJ IDEA 2019.3.5\jbr\bin\awt.dll
0x00007ffe69ba0000 - 0x00007ffe69c2f000 	C:\WINDOWS\SYSTEM32\apphelp.dll
0x00007ffe4c6a0000 - 0x00007ffe4c725000 	C:\Program Files\JetBrains\IntelliJ IDEA 2019.3.5\jbr\bin\freetype.dll
0x00007ffe4c5f0000 - 0x00007ffe4c698000 	C:\Program Files\JetBrains\IntelliJ IDEA 2019.3.5\jbr\bin\fontmanager.dll
0x00007ffe554f0000 - 0x00007ffe5558e000 	C:\WINDOWS\System32\TextInputFramework.dll
0x00007ffe5a160000 - 0x00007ffe5a407000 	C:\WINDOWS\System32\iertutil.dll
0x00007ffe6f590000 - 0x00007ffe6f632000 	C:\WINDOWS\System32\clbcatq.dll
0x00007ffe674e0000 - 0x00007ffe67508000 	C:\Program Files\JetBrains\IntelliJ IDEA 2019.3.5\jbr\bin\sunec.dll

dbghelp: loaded successfully - version: 4.0.5 - missing functions: none
symbol engine: initialized successfully - sym options: 0x614 - pdb path: .;C:\Program Files\JetBrains\IntelliJ IDEA 2019.3.5\jbr\bin;C:\WINDOWS\SYSTEM32;C:\WINDOWS\WinSxS\amd64_microsoft.windows.common-controls_6595b64144ccf1df_6.0.18362.1256_none_9e7e379be45e40e2;C:\Program Files\JetBrains\IntelliJ IDEA 2019.3.5\jbr\bin\server;C:\Program Files\JetBrains\IntelliJ IDEA 2019.3.5\bin;C:\Users\48607\AppData\Local\Temp\lwjgl48607\3.2.3-build-13;C:\WINDOWS\System32\DriverStore\FileRepository\igdlh64.inf_amd64_baab50003164cdd5

VM Arguments:
jvm_args: -XX:TieredStopAtLevel=1 -Xverify:none -Dspring.output.ansi.enabled=always -Dcom.sun.management.jmxremote -Dspring.jmx.enabled=true -Dspring.liveBeansView.mbeanDomain -Dspring.application.admin.enabled=true -javaagent:C:\Program Files\JetBrains\IntelliJ IDEA 2019.3.5\lib\idea_rt.jar=49939:C:\Program Files\JetBrains\IntelliJ IDEA 2019.3.5\bin -Dfile.encoding=UTF-8 
java_command: com.khryniewicki.projectX.ProjectXApplication
java_class_path (initial): C:\Users\48607\Desktop\Aplikacje\projectX\target\classes;C:\Users\48607\.m2\repository\org\springframework\spring-beans\5.2.6.RELEASE\spring-beans-5.2.6.RELEASE.jar;C:\Users\48607\.m2\repository\org\springframework\spring-core\5.2.5.RELEASE\spring-core-5.2.5.RELEASE.jar;C:\Users\48607\.m2\repository\org\springframework\spring-jcl\5.2.5.RELEASE\spring-jcl-5.2.5.RELEASE.jar;C:\Users\48607\.m2\repository\org\springframework\boot\spring-boot-starter-web\2.2.6.RELEASE\spring-boot-starter-web-2.2.6.RELEASE.jar;C:\Users\48607\.m2\repository\org\springframework\boot\spring-boot-starter\2.2.6.RELEASE\spring-boot-starter-2.2.6.RELEASE.jar;C:\Users\48607\.m2\repository\org\springframework\boot\spring-boot-starter-logging\2.2.6.RELEASE\spring-boot-starter-logging-2.2.6.RELEASE.jar;C:\Users\48607\.m2\repository\ch\qos\logback\logback-classic\1.2.3\logback-classic-1.2.3.jar;C:\Users\48607\.m2\repository\ch\qos\logback\logback-core\1.2.3\logback-core-1.2.3.jar;C:\Users\48607\.m2\repository\org\apache\logging\log4j\log4j-to-slf4j\2.12.1\log4j-to-slf4j-2.12.1.jar;C:\Users\48607\.m2\repository\org\apache\logging\log4j\log4j-api\2.12.1\log4j-api-2.12.1.jar;C:\Users\48607\.m2\repository\org\slf4j\jul-to-slf4j\1.7.30\jul-to-slf4j-1.7.30.jar;C:\Users\48607\.m2\repository\jakarta\annotation\jakarta.annotation-api\1.3.5\jakarta.annotation-api-1.3.5.jar;C:\Users\48607\.m2\repository\org\yaml\snakeyaml\1.25\snakeyaml-1.25.jar;C:\Users\48607\.m2\repository\org\springframework\boot\spring-boot-starter-json\2.2.6.RELEASE\spring-boot-starter-json-2.2.6.RELEASE.jar;C:\Users\48607\.m2\repository\com\fasterxml\jackson\core\jackson-databind\2.10.3\jackson-databind-2.10.3.jar;C:\Users\48607\.m2\repository\com\fasterxml\jackson\core\jackson-annotations\2.10.3\jackson-annotations-2.10.3.jar;C:\Users\48607\.m2\repository\com\fasterxml\jackson\core\jackson-core\2.10.3\jackson-core-2.10.3.jar;C:\Users\48607\.m2\repository\com\fasterxml\jackson\datatype\jackson-datatype-jdk8\2.
Launcher Type: SUN_STANDARD

[Global flags]
     bool BytecodeVerificationLocal                = false                                     {product} {command line}
     bool BytecodeVerificationRemote               = false                                     {product} {command line}
     intx CICompilerCount                          = 3                                         {product} {ergonomic}
     uint ConcGCThreads                            = 1                                         {product} {ergonomic}
     uint G1ConcRefinementThreads                  = 4                                         {product} {ergonomic}
   size_t G1HeapRegionSize                         = 1048576                                   {product} {ergonomic}
    uintx GCDrainStackTargetSize                   = 64                                        {product} {ergonomic}
   size_t InitialHeapSize                          = 134217728                                 {product} {ergonomic}
     bool ManagementServer                         = true                                      {product} {command line}
   size_t MarkStackSize                            = 4194304                                   {product} {ergonomic}
   size_t MaxHeapSize                              = 2118123520                                {product} {ergonomic}
   size_t MaxNewSize                               = 1270874112                                {product} {ergonomic}
   size_t MinHeapDeltaBytes                        = 1048576                                   {product} {ergonomic}
    uintx NonNMethodCodeHeapSize                   = 6973028                                {pd product} {ergonomic}
    uintx NonProfiledCodeHeapSize                  = 244685212                              {pd product} {ergonomic}
    uintx ProfiledCodeHeapSize                     = 0                                      {pd product} {ergonomic}
    uintx ReservedCodeCacheSize                    = 251658240                              {pd product} {ergonomic}
     bool SegmentedCodeCache                       = true                                      {product} {ergonomic}
     intx TieredStopAtLevel                        = 1                                         {product} {command line}
     bool UseCompressedClassPointers               = true                                 {lp64_product} {ergonomic}
     bool UseCompressedOops                        = true                                 {lp64_product} {ergonomic}
     bool UseG1GC                                  = true                                      {product} {ergonomic}
     bool UseLargePagesIndividualAllocation        = false                                  {pd product} {ergonomic}

Logging:
Log output configuration:
 #0: stdout all=warning uptime,level,tags
 #1: stderr all=off uptime,level,tags

Environment Variables:
JAVA_HOME=C:\Program Files\AdoptOpenJDK\jdk-11.0.3.7-hotspot
PATH=C:\Python38\Scripts\;C:\Python38\;C:\Program Files\AdoptOpenJDK\jdk-11.0.3.7-hotspot\bin;C:\WINDOWS\system32;C:\WINDOWS;C:\WINDOWS\System32\Wbem;C:\WINDOWS\System32\WindowsPowerShell\v1.0\;C:\WINDOWS\System32\OpenSSH\;C:\Program Files\Intel\WiFi\bin\;C:\Program Files\Common Files\Intel\WirelessCommon\;C:\Program Files\Git\cmd;C:\Program Files\mosquitto;C:\Program Files\AdoptOpenJDK\jdk-11.0.3.7-hotspot\bin;C:\Users\48607\Downloads\apache-maven-3.6.3\bin;C:\Program Files\nodejs\;C:\ProgramData\chocolatey\bin;C:\Program Files\MySQL\MySQL Shell 8.0\bin\;C:\Users\48607\AppData\Local\Microsoft\WindowsApps;C:\Users\48607\AppData\Local\Programs\Microsoft VS Code\bin;C:\Program Files\Docker Toolbox;C:\Users\48607\AppData\Roaming\npm
USERNAME=48607
OS=Windows_NT
PROCESSOR_IDENTIFIER=Intel64 Family 6 Model 158 Stepping 9, GenuineIntel



---------------  S Y S T E M  ---------------

OS: Windows 10 , 64 bit Build 18362 (10.0.18362.1110)
HyperV virtualization detected

CPU:total 4 (initial active 4) (4 cores per cpu, 1 threads per core) family 6 model 158 stepping 9, cmov, cx8, fxsr, mmx, sse, sse2, sse3, ssse3, sse4.1, sse4.2, popcnt, avx, avx2, aes, clmul, erms, 3dnowpref, lzcnt, tsc, tscinvbit, bmi1, bmi2, adx, fma

Memory: 4k page, system-wide physical 8076M (280M free)
TotalPageFile size 32652M (AvailPageFile size 6M)
current process WorkingSet (physical memory assigned to process): 339M, peak: 4054M
current process commit charge ("private bytes"): 22959M, peak: 22960M

vm_info: OpenJDK 64-Bit Server VM (11.0.6+8-b520.66) for windows-amd64 JRE (11.0.6+8-b520.66), built on Apr 20 2020 16:47:00 by "" with MS VC++ 14.0 (VS2015)

END.
