#
# A fatal error has been detected by the Java Runtime Environment:
#
#  EXCEPTION_ACCESS_VIOLATION (0xc0000005) at pc=0x00007ffa90796490, pid=1288, tid=14928
#
# JRE version: Java(TM) SE Runtime Environment (13.0.1+9) (build 13.0.1+9)
# Java VM: Java HotSpot(TM) 64-Bit Server VM (13.0.1+9, mixed mode, sharing, tiered, compressed oops, g1 gc, windows-amd64)
# Problematic frame:
# C  [glfw.dll+0x6490]
#
# No core dump will be written. Minidumps are not enabled by default on client versions of Windows
#
# If you would like to submit a bug report, please visit:
#   http://bugreport.java.com/bugreport/crash.jsp
# The crash happened outside the Java Virtual Machine in native code.
# See problematic frame for where to report the bug.
#

---------------  S U M M A R Y ------------

Command Line: -XX:TieredStopAtLevel=1 -Xverify:none -Dspring.output.ansi.enabled=always -Dcom.sun.management.jmxremote -Dspring.jmx.enabled=true -Dspring.liveBeansView.mbeanDomain -Dspring.application.admin.enabled=true -javaagent:C:\Program Files\JetBrains\IntelliJ IDEA 2019.3.5\lib\idea_rt.jar=50155:C:\Program Files\JetBrains\IntelliJ IDEA 2019.3.5\bin -Dfile.encoding=UTF-8 com.khryniewicki.projectX.ProjectXApplication

Host: Intel(R) Core(TM) i5-7300HQ CPU @ 2.50GHz, 4 cores, 7G,  Windows 10 , 64 bit Build 18362 (10.0.18362.1082)
Time: Sat Oct 17 01:05:02 2020 ?rodkowoeuropejski czas letni elapsed time: 11 seconds (0d 0h 0m 11s)

---------------  T H R E A D  ---------------

Current thread (0x0000019182a4a000):  JavaThread "Game" [_thread_in_native, id=14928, stack(0x0000000a2da00000,0x0000000a2db00000)]

Stack: [0x0000000a2da00000,0x0000000a2db00000],  sp=0x0000000a2dafdaa0,  free space=1014k
Native frames: (J=compiled Java code, j=interpreted, Vv=VM code, C=native code)
C  [glfw.dll+0x6490]

Java frames: (J=compiled Java code, j=interpreted, Vv=VM code)
J 4427  org.lwjgl.system.JNI.invokePV(JJ)V (0 bytes) @ 0x00000191e9cbbc94 [0x00000191e9cbbc40+0x0000000000000054]
j  org.lwjgl.glfw.GLFW.glfwDestroyWindow(J)V+6
j  com.khryniewicki.projectX.game.user_interface.menu.menus.MainMenu.showMenu(Lcom/khryniewicki/projectX/game/user_interface/menu/buttons/ButtonTransferObject;)V+225
j  com.khryniewicki.projectX.game.user_interface.menu.menus.MainMenu.propertyChange(Ljava/beans/PropertyChangeEvent;)V+15
j  java.beans.PropertyChangeSupport.fire([Ljava/beans/PropertyChangeListener;Ljava/beans/PropertyChangeEvent;)V+27 java.desktop@13.0.1
j  java.beans.PropertyChangeSupport.firePropertyChange(Ljava/beans/PropertyChangeEvent;)V+71 java.desktop@13.0.1
j  java.beans.PropertyChangeSupport.firePropertyChange(Ljava/lang/String;Ljava/lang/Object;Ljava/lang/Object;)V+31 java.desktop@13.0.1
j  com.khryniewicki.projectX.game.user_interface.symbols.MenuSymbol.setNews(Lcom/khryniewicki/projectX/game/user_interface/menu/buttons/ButtonTransferObject;)V+11
j  com.khryniewicki.projectX.game.user_interface.menu.menus.MenuImp.lambda$addEventClick$3(Lcom/khryniewicki/projectX/game/multiplayer/heroStorage/positions/Position;Lcom/khryniewicki/projectX/game/user_interface/menu/buttons/Button;)V+13
j  com.khryniewicki.projectX.game.user_interface.menu.menus.MenuImp$$Lambda$682.accept(Ljava/lang/Object;)V+8
j  java.util.Optional.ifPresent(Ljava/util/function/Consumer;)V+12 java.base@13.0.1
j  com.khryniewicki.projectX.game.user_interface.menu.menus.MenuImp.lambda$addEventClick$4(JIII)V+75
j  com.khryniewicki.projectX.game.user_interface.menu.menus.MenuImp$$Lambda$676.invoke(JIII)V+10
j  org.lwjgl.glfw.GLFWMouseButtonCallbackI.callback(J)V+17
v  ~StubRoutines::call_stub
J 4430  org.lwjgl.system.JNI.invokeV(J)V (0 bytes) @ 0x00000191e9cbc991 [0x00000191e9cbc940+0x0000000000000051]
J 4436 c1 org.lwjgl.glfw.GLFW.glfwPollEvents()V (12 bytes) @ 0x00000191e9cbe35c [0x00000191e9cbe340+0x000000000000001c]
j  com.khryniewicki.projectX.game.engine.Game.initializeMenu()V+23
j  com.khryniewicki.projectX.game.engine.Game.initializeMultiplayerGame()V+1
j  com.khryniewicki.projectX.game.engine.Game.run()V+5
j  java.lang.Thread.run()V+11 java.base@13.0.1
v  ~StubRoutines::call_stub

siginfo: EXCEPTION_ACCESS_VIOLATION (0xc0000005), reading address 0x0000000000000000


Register to memory mapping:

RIP=0x00007ffa90796490 glfw.dll
RAX=0x0 is NULL
RBX=0x0000019182ba77b0 points into unknown readable memory: 00 00 00 00 00 00 00 00
RCX=0x0 is NULL
RDX=0x00007ffa907e7ee0 glfw.dll
RSP=0x0000000a2dafdaa0 is pointing into the stack for thread: 0x0000019182a4a000
RBP=0x0000000a2dafdb30 is pointing into the stack for thread: 0x0000019182a4a000
RSI=
[error occurred during error reporting (printing register info), id 0xc0000005, EXCEPTION_ACCESS_VIOLATION (0xc0000005) at pc=0x00007ffa55ca874f]

Registers:
RAX=0x0000000000000000, RBX=0x0000019182ba77b0, RCX=0x0000000000000000, RDX=0x00007ffa907e7ee0
RSP=0x0000000a2dafdaa0, RBP=0x0000000a2dafdb30, RSI=0x00000000c5298701, RDI=0x00000000c5298701
R8 =0x0000019182ba77b0, R9 =0x00007ffa907963e0, R10=0x00007ffa90a61b10, R11=0x00000191e9cbbc68
R12=0x0000000000000000, R13=0x0000000a2dafdb50, R14=0x0000000a2dafdb20, R15=0x0000019182a4a000
RIP=0x00007ffa90796490, EFLAGS=0x0000000000010287

Top of Stack: (sp=0x0000000a2dafdaa0)
0x0000000a2dafdaa0:   0000019182ba77b0 00000000c5298701
0x0000000a2dafdab0:   0000019182a4a000 000001918faf0a80
0x0000000a2dafdac0:   0000019183db1080 00000191e9cbbd34
0x0000000a2dafdad0:   3ff0000000000000 0000000000000000
0x0000000a2dafdae0:   00000000c5298701 00000000000000e6
0x0000000a2dafdaf0:   0000019184428d68 0000019182a4a000
0x0000000a2dafdb00:   00000000c5298701 00007ffa55d37e29
0x0000000a2dafdb10:   0000019182a4a000 00000000c5298701
0x0000000a2dafdb20:   0000000083c3f7c0 00000000c5298701
0x0000000a2dafdb30:   0000000a2dafdbb8 00000191e8eda273
0x0000000a2dafdb40:   0000019184428d68 00000191e8eda273
0x0000000a2dafdb50:   00007ffa907963e0 0000000000000000
0x0000000a2dafdb60:   0000019182ba77b0 0000000000000000
0x0000000a2dafdb70:   0000000a2dafdb70 0000019184428d36
0x0000000a2dafdb80:   0000000a2dafdbe0 00000191844319a0
0x0000000a2dafdb90:   0000000000000000 0000000083c32720 

Instructions: (pc=0x00007ffa90796490)
0x00007ffa90796390:   18 00 00 00 66 0f 6f 05 c4 02 04 00 f3 0f 7f 05
0x00007ffa907963a0:   64 17 05 00 c7 05 6e 17 05 00 08 00 00 00 c7 05
0x00007ffa907963b0:   88 17 05 00 01 00 00 00 c7 05 06 1b 05 00 ff ff
0x00007ffa907963c0:   ff ff c7 05 bc 17 05 00 01 00 00 00 48 83 c4 28
0x00007ffa907963d0:   c3 cc cc cc cc cc cc cc cc cc cc cc cc cc cc cc
0x00007ffa907963e0:   40 53 48 83 ec 20 83 3d 03 17 05 00 00 48 8b d9
0x00007ffa907963f0:   75 11 33 d2 b9 01 00 01 00 48 83 c4 20 5b e9 5d
0x00007ffa90796400:   b8 ff ff 48 85 db 0f 84 a5 00 00 00 0f 57 c0 33
0x00007ffa90796410:   c0 0f 11 81 c0 02 00 00 0f 11 81 d0 02 00 00 0f
0x00007ffa90796420:   11 81 e0 02 00 00 0f 11 81 f0 02 00 00 0f 11 81
0x00007ffa90796430:   00 03 00 00 0f 11 81 10 03 00 00 0f 11 81 20 03
0x00007ffa90796440:   00 00 0f 11 81 30 03 00 00 48 89 81 40 03 00 00
0x00007ffa90796450:   48 8d 0d 35 25 05 00 e8 54 47 00 00 48 3b d8 75
0x00007ffa90796460:   07 33 c9 e8 48 b6 ff ff 48 8b cb e8 80 4a 00 00
0x00007ffa90796470:   48 8b 0d 69 1a 05 00 48 8d 15 62 1a 05 00 48 3b
0x00007ffa90796480:   cb 74 1b 0f 1f 40 00 66 0f 1f 84 00 00 00 00 00
0x00007ffa90796490:   48 8b 01 48 8b d1 48 8b c8 48 3b c3 75 f2 48 8b
0x00007ffa907964a0:   03 48 8b cb 48 89 02 48 83 c4 20 5b e9 97 27 01
0x00007ffa907964b0:   00 48 83 c4 20 5b c3 cc cc cc cc cc cc cc cc cc
0x00007ffa907964c0:   83 3d 29 16 05 00 00 75 0c 33 d2 b9 01 00 01 00
0x00007ffa907964d0:   e9 8b b7 ff ff e9 d6 4a 00 00 cc cc cc cc cc cc
0x00007ffa907964e0:   33 c0 48 85 d2 74 02 89 02 4d 85 c0 74 03 41 89
0x00007ffa907964f0:   00 39 05 f9 15 05 00 75 0c 33 d2 b9 01 00 01 00
0x00007ffa90796500:   e9 5b b7 ff ff e9 96 4c 00 00 cc cc cc cc cc cc
0x00007ffa90796510:   48 83 ec 28 83 3d d5 15 05 00 00 75 13 33 d2 b9
0x00007ffa90796520:   01 00 01 00 e8 37 b7 ff ff 33 c0 48 83 c4 28 c3
0x00007ffa90796530:   81 fa 01 20 02 00 0f 8f 94 00 00 00 0f 84 83 00
0x00007ffa90796540:   00 00 8d 82 ff ff fd ff 83 f8 0b 0f 87 12 01 00
0x00007ffa90796550:   00 48 98 4c 8d 05 a6 9a ff ff 41 8b 84 80 80 66
0x00007ffa90796560:   00 00 49 03 c0 ff e0 48 83 c4 28 e9 50 60 00 00
0x00007ffa90796570:   48 83 c4 28 e9 87 60 00 00 48 83 c4 28 e9 9e 60
0x00007ffa90796580:   00 00 48 83 c4 28 e9 85 60 00 00 48 83 c4 28 e9 


Stack slot to memory mapping:
stack at sp + 0 slots: 0x0000019182ba77b0 points into unknown readable memory: 00 00 00 00 00 00 00 00
stack at sp + 1 slots: 
[error occurred during error reporting (inspecting top of stack), id 0xc0000005, EXCEPTION_ACCESS_VIOLATION (0xc0000005) at pc=0x00007ffa55ca874f]


---------------  P R O C E S S  ---------------

Threads class SMR info:
_java_thread_list=0x00000191834a7680, length=36, elements={
0x00000191fefee800, 0x00000191feff0000, 0x00000191ff010000, 0x00000191ff011000,
0x00000191ff012000, 0x00000191ff013000, 0x00000191fefd4800, 0x0000019180328000,
0x000001918032f800, 0x0000019180410000, 0x0000019180fed800, 0x00000191805c9000,
0x0000019181521000, 0x000001918156c800, 0x000001918156d000, 0x0000019182aa0000,
0x0000019182aa2800, 0x0000019182a9f000, 0x0000019182aa3000, 0x0000019182aa4000,
0x0000019182a9e000, 0x0000019182aa4800, 0x0000019182aa0800, 0x0000019182aa1800,
0x0000019182a47800, 0x0000019182a49000, 0x0000019182a43800, 0x0000019182a48000,
0x0000019182a45000, 0x0000019182a45800, 0x0000019182a46800, 0x0000019182a4a000,
0x0000019182a44000, 0x00000191833a7000, 0x00000191833a8000, 0x00000191833a2000
}

Java Threads: ( => current thread )
  0x00000191fefee800 JavaThread "Reference Handler" daemon [_thread_blocked, id=11748, stack(0x0000000a2b400000,0x0000000a2b500000)]
  0x00000191feff0000 JavaThread "Finalizer" daemon [_thread_blocked, id=14756, stack(0x0000000a2b500000,0x0000000a2b600000)]
  0x00000191ff010000 JavaThread "Signal Dispatcher" daemon [_thread_blocked, id=2124, stack(0x0000000a2b600000,0x0000000a2b700000)]
  0x00000191ff011000 JavaThread "Attach Listener" daemon [_thread_blocked, id=13032, stack(0x0000000a2b700000,0x0000000a2b800000)]
  0x00000191ff012000 JavaThread "C1 CompilerThread0" daemon [_thread_blocked, id=7372, stack(0x0000000a2b800000,0x0000000a2b900000)]
  0x00000191ff013000 JavaThread "Sweeper thread" daemon [_thread_blocked, id=10484, stack(0x0000000a2b900000,0x0000000a2ba00000)]
  0x00000191fefd4800 JavaThread "Common-Cleaner" daemon [_thread_blocked, id=13072, stack(0x0000000a2ba00000,0x0000000a2bb00000)]
  0x0000019180328000 JavaThread "Monitor Ctrl-Break" daemon [_thread_in_native, id=10708, stack(0x0000000a2bb00000,0x0000000a2bc00000)]
  0x000001918032f800 JavaThread "Service Thread" daemon [_thread_blocked, id=6188, stack(0x0000000a2bc00000,0x0000000a2bd00000)]
  0x0000019180410000 JavaThread "RMI TCP Accept-0" daemon [_thread_in_native, id=4080, stack(0x0000000a2bd00000,0x0000000a2be00000)]
  0x0000019180fed800 JavaThread "RMI TCP Connection(1)-192.168.99.1" daemon [_thread_in_native, id=13368, stack(0x0000000a2c400000,0x0000000a2c500000)]
  0x00000191805c9000 JavaThread "RMI Scheduler(0)" daemon [_thread_blocked, id=14916, stack(0x0000000a2c600000,0x0000000a2c700000)]
  0x0000019181521000 JavaThread "Catalina-utility-1" [_thread_blocked, id=6172, stack(0x0000000a2c700000,0x0000000a2c800000)]
  0x000001918156c800 JavaThread "Catalina-utility-2" [_thread_blocked, id=12116, stack(0x0000000a2c800000,0x0000000a2c900000)]
  0x000001918156d000 JavaThread "container-0" [_thread_blocked, id=6180, stack(0x0000000a2c900000,0x0000000a2ca00000)]
  0x0000019182aa0000 JavaThread "MessageBroker-1" [_thread_blocked, id=14548, stack(0x0000000a2ca00000,0x0000000a2cb00000)]
  0x0000019182aa2800 JavaThread "File Watcher" daemon [_thread_blocked, id=14588, stack(0x0000000a2cb00000,0x0000000a2cc00000)]
  0x0000019182a9f000 JavaThread "Live Reload Server" daemon [_thread_in_native, id=8468, stack(0x0000000a2cd00000,0x0000000a2ce00000)]
  0x0000019182aa3000 JavaThread "http-nio-8082-BlockPoller" daemon [_thread_in_native, id=4724, stack(0x0000000a2cc00000,0x0000000a2cd00000)]
  0x0000019182aa4000 JavaThread "http-nio-8082-exec-1" daemon [_thread_blocked, id=7352, stack(0x0000000a2ce00000,0x0000000a2cf00000)]
  0x0000019182a9e000 JavaThread "http-nio-8082-exec-2" daemon [_thread_blocked, id=13360, stack(0x0000000a2cf00000,0x0000000a2d000000)]
  0x0000019182aa4800 JavaThread "http-nio-8082-exec-3" daemon [_thread_blocked, id=15296, stack(0x0000000a2d000000,0x0000000a2d100000)]
  0x0000019182aa0800 JavaThread "http-nio-8082-exec-4" daemon [_thread_blocked, id=4612, stack(0x0000000a2d100000,0x0000000a2d200000)]
  0x0000019182aa1800 JavaThread "http-nio-8082-exec-5" daemon [_thread_blocked, id=6452, stack(0x0000000a2d200000,0x0000000a2d300000)]
  0x0000019182a47800 JavaThread "http-nio-8082-exec-6" daemon [_thread_blocked, id=9456, stack(0x0000000a2d300000,0x0000000a2d400000)]
  0x0000019182a49000 JavaThread "http-nio-8082-exec-7" daemon [_thread_blocked, id=4264, stack(0x0000000a2d400000,0x0000000a2d500000)]
  0x0000019182a43800 JavaThread "http-nio-8082-exec-8" daemon [_thread_blocked, id=8212, stack(0x0000000a2d500000,0x0000000a2d600000)]
  0x0000019182a48000 JavaThread "http-nio-8082-exec-9" daemon [_thread_blocked, id=2284, stack(0x0000000a2d600000,0x0000000a2d700000)]
  0x0000019182a45000 JavaThread "http-nio-8082-exec-10" daemon [_thread_blocked, id=14832, stack(0x0000000a2d700000,0x0000000a2d800000)]
  0x0000019182a45800 JavaThread "http-nio-8082-ClientPoller" daemon [_thread_in_native, id=508, stack(0x0000000a2d800000,0x0000000a2d900000)]
  0x0000019182a46800 JavaThread "http-nio-8082-Acceptor" daemon [_thread_in_native, id=7884, stack(0x0000000a2d900000,0x0000000a2da00000)]
=>0x0000019182a4a000 JavaThread "Game" [_thread_in_native, id=14928, stack(0x0000000a2da00000,0x0000000a2db00000)]
  0x0000019182a44000 JavaThread "DestroyJavaVM" [_thread_blocked, id=7848, stack(0x0000000a2ad00000,0x0000000a2ae00000)]
  0x00000191833a7000 JavaThread "RMI TCP Connection(2)-192.168.99.1" daemon [_thread_in_native, id=14684, stack(0x0000000a2e000000,0x0000000a2e100000)]
  0x00000191833a8000 JavaThread "RMI TCP Connection(3)-192.168.99.1" daemon [_thread_in_native, id=6628, stack(0x0000000a2e100000,0x0000000a2e200000)]
  0x00000191833a2000 JavaThread "Java2D Disposer" daemon [_thread_blocked, id=4328, stack(0x0000000a2e200000,0x0000000a2e300000)]

Other Threads:
  0x00000191fefeb000 VMThread "VM Thread" [stack: 0x0000000a2b300000,0x0000000a2b400000] [id=7420]
  0x0000019180436800 WatcherThread [stack: 0x0000000a2be00000,0x0000000a2bf00000] [id=5552]
  0x00000191e0a33800 GCTaskThread "GC Thread#0" [stack: 0x0000000a2ae00000,0x0000000a2af00000] [id=10292]
  0x0000019180448800 GCTaskThread "GC Thread#1" [stack: 0x0000000a2bf00000,0x0000000a2c000000] [id=5064]
  0x0000019180449000 GCTaskThread "GC Thread#2" [stack: 0x0000000a2c000000,0x0000000a2c100000] [id=14436]
  0x0000019180c8d000 GCTaskThread "GC Thread#3" [stack: 0x0000000a2c500000,0x0000000a2c600000] [id=11680]
  0x00000191e0a45000 ConcurrentGCThread "G1 Main Marker" [stack: 0x0000000a2af00000,0x0000000a2b000000] [id=13364]
  0x00000191e0a46800 ConcurrentGCThread "G1 Conc#0" [stack: 0x0000000a2b000000,0x0000000a2b100000] [id=10480]
  0x00000191fee64800 ConcurrentGCThread "G1 Refine#0" [stack: 0x0000000a2b100000,0x0000000a2b200000] [id=8984]
  0x00000191804a3800 ConcurrentGCThread "G1 Refine#1" [stack: 0x0000000a2c100000,0x0000000a2c200000] [id=12268]
  0x00000191fee66800 ConcurrentGCThread "G1 Young RemSet Sampling" [stack: 0x0000000a2b200000,0x0000000a2b300000] [id=3476]

Threads with active compile tasks:

VM state:not at safepoint (normal execution)

VM Mutex/Monitor currently owned by a thread: None

Heap address: 0x0000000081c00000, size: 2020 MB, Compressed Oops mode: 32-bit
Narrow klass base: 0x0000000800000000, Narrow klass shift: 3
Compressed class space size: 1073741824 Address: 0x0000000800b40000

Heap:
 garbage-first heap   total 65536K, used 24462K [0x0000000081c00000, 0x0000000100000000)
  region size 1024K, 9 young (9216K), 3 survivors (3072K)
 Metaspace       used 36353K, capacity 37586K, committed 37888K, reserved 1081344K
  class space    used 4565K, capacity 5030K, committed 5120K, reserved 1048576K
Heap Regions: E=young(eden), S=young(survivor), O=old, HS=humongous(starts), HC=humongous(continues), CS=collection set, F=free, A=archive, TAMS=top-at-mark-start (previous, next)
|   0|0x0000000081c00000, 0x0000000081d00000, 0x0000000081d00000|100%| O|  |TAMS 0x0000000081d00000, 0x0000000081c00000| Untracked 
|   1|0x0000000081d00000, 0x0000000081e00000, 0x0000000081e00000|100%| O|  |TAMS 0x0000000081e00000, 0x0000000081d00000| Untracked 
|   2|0x0000000081e00000, 0x0000000081f00000, 0x0000000081f00000|100%| O|  |TAMS 0x0000000081f00000, 0x0000000081e00000| Untracked 
|   3|0x0000000081f00000, 0x0000000082000000, 0x0000000082000000|100%| O|  |TAMS 0x0000000082000000, 0x0000000081f00000| Untracked 
|   4|0x0000000082000000, 0x0000000082100000, 0x0000000082100000|100%| O|  |TAMS 0x0000000082100000, 0x0000000082000000| Untracked 
|   5|0x0000000082100000, 0x0000000082200000, 0x0000000082200000|100%| O|  |TAMS 0x0000000082200000, 0x0000000082100000| Untracked 
|   6|0x0000000082200000, 0x0000000082272608, 0x0000000082300000| 44%| O|  |TAMS 0x0000000082272608, 0x0000000082200000| Untracked 
|   7|0x0000000082300000, 0x0000000082400000, 0x0000000082400000|100%| O|  |TAMS 0x0000000082400000, 0x0000000082300000| Untracked 
|   8|0x0000000082400000, 0x0000000082500000, 0x0000000082500000|100%| O|  |TAMS 0x0000000082500000, 0x0000000082400000| Untracked 
|   9|0x0000000082500000, 0x0000000082600000, 0x0000000082600000|100%| O|  |TAMS 0x0000000082600000, 0x0000000082500000| Untracked 
|  10|0x0000000082600000, 0x0000000082700000, 0x0000000082700000|100%| O|  |TAMS 0x0000000082700000, 0x0000000082600000| Untracked 
|  11|0x0000000082700000, 0x0000000082800000, 0x0000000082800000|100%| O|  |TAMS 0x0000000082800000, 0x0000000082700000| Untracked 
|  12|0x0000000082800000, 0x0000000082900000, 0x0000000082900000|100%| O|  |TAMS 0x0000000082900000, 0x0000000082800000| Untracked 
|  13|0x0000000082900000, 0x0000000082a00000, 0x0000000082a00000|100%| O|  |TAMS 0x0000000082a00000, 0x0000000082900000| Untracked 
|  14|0x0000000082a00000, 0x0000000082b00000, 0x0000000082b00000|100%| O|  |TAMS 0x0000000082b00000, 0x0000000082a00000| Untracked 
|  15|0x0000000082b00000, 0x0000000082c00000, 0x0000000082c00000|100%| O|  |TAMS 0x0000000082bc9400, 0x0000000082b00000| Untracked 
|  16|0x0000000082c00000, 0x0000000082ca7600, 0x0000000082d00000| 65%| O|  |TAMS 0x0000000082c00000, 0x0000000082c00000| Untracked 
|  17|0x0000000082d00000, 0x0000000082d00000, 0x0000000082e00000|  0%| F|  |TAMS 0x0000000082d00000, 0x0000000082d00000| Untracked 
|  18|0x0000000082e00000, 0x0000000082e00000, 0x0000000082f00000|  0%| F|  |TAMS 0x0000000082e00000, 0x0000000082e00000| Untracked 
|  19|0x0000000082f00000, 0x0000000082f00000, 0x0000000083000000|  0%| F|  |TAMS 0x0000000082f00000, 0x0000000082f00000| Untracked 
|  20|0x0000000083000000, 0x0000000083000000, 0x0000000083100000|  0%| F|  |TAMS 0x0000000083000000, 0x0000000083000000| Untracked 
|  21|0x0000000083100000, 0x0000000083100000, 0x0000000083200000|  0%| F|  |TAMS 0x0000000083100000, 0x0000000083100000| Untracked 
|  22|0x0000000083200000, 0x0000000083200000, 0x0000000083300000|  0%| F|  |TAMS 0x0000000083200000, 0x0000000083200000| Untracked 
|  23|0x0000000083300000, 0x0000000083300000, 0x0000000083400000|  0%| F|  |TAMS 0x0000000083300000, 0x0000000083300000| Untracked 
|  24|0x0000000083400000, 0x0000000083400000, 0x0000000083500000|  0%| F|  |TAMS 0x0000000083400000, 0x0000000083400000| Untracked 
|  25|0x0000000083500000, 0x0000000083500000, 0x0000000083600000|  0%| F|  |TAMS 0x0000000083500000, 0x0000000083500000| Untracked 
|  26|0x0000000083600000, 0x0000000083600000, 0x0000000083700000|  0%| F|  |TAMS 0x0000000083600000, 0x0000000083600000| Untracked 
|  27|0x0000000083700000, 0x0000000083700000, 0x0000000083800000|  0%| F|  |TAMS 0x0000000083700000, 0x0000000083700000| Untracked 
|  28|0x0000000083800000, 0x00000000838c9c80, 0x0000000083900000| 78%| S|CS|TAMS 0x0000000083800000, 0x0000000083800000| Complete 
|  29|0x0000000083900000, 0x0000000083900000, 0x0000000083a00000|  0%| F|  |TAMS 0x0000000083900000, 0x0000000083900000| Untracked 
|  30|0x0000000083a00000, 0x0000000083a00000, 0x0000000083b00000|  0%| F|  |TAMS 0x0000000083a00000, 0x0000000083a00000| Untracked 
|  31|0x0000000083b00000, 0x0000000083b00000, 0x0000000083c00000|  0%| F|  |TAMS 0x0000000083b00000, 0x0000000083b00000| Untracked 
|  32|0x0000000083c00000, 0x0000000083d00000, 0x0000000083d00000|100%| S|CS|TAMS 0x0000000083c00000, 0x0000000083c00000| Complete 
|  33|0x0000000083d00000, 0x0000000083e00000, 0x0000000083e00000|100%| S|CS|TAMS 0x0000000083d00000, 0x0000000083d00000| Complete 
|  34|0x0000000083e00000, 0x0000000083e00000, 0x0000000083f00000|  0%| F|  |TAMS 0x0000000083e00000, 0x0000000083e00000| Untracked 
|  35|0x0000000083f00000, 0x0000000083f00000, 0x0000000084000000|  0%| F|  |TAMS 0x0000000083f00000, 0x0000000083f00000| Untracked 
|  36|0x0000000084000000, 0x0000000084000000, 0x0000000084100000|  0%| F|  |TAMS 0x0000000084000000, 0x0000000084000000| Untracked 
|  37|0x0000000084100000, 0x0000000084100000, 0x0000000084200000|  0%| F|  |TAMS 0x0000000084100000, 0x0000000084100000| Untracked 
|  38|0x0000000084200000, 0x0000000084200000, 0x0000000084300000|  0%| F|  |TAMS 0x0000000084200000, 0x0000000084200000| Untracked 
|  39|0x0000000084300000, 0x0000000084300000, 0x0000000084400000|  0%| F|  |TAMS 0x0000000084300000, 0x0000000084300000| Untracked 
|  40|0x0000000084400000, 0x0000000084400000, 0x0000000084500000|  0%| F|  |TAMS 0x0000000084400000, 0x0000000084400000| Untracked 
|  41|0x0000000084500000, 0x0000000084500000, 0x0000000084600000|  0%| F|  |TAMS 0x0000000084500000, 0x0000000084500000| Untracked 
|  42|0x0000000084600000, 0x0000000084600000, 0x0000000084700000|  0%| F|  |TAMS 0x0000000084600000, 0x0000000084600000| Untracked 
|  43|0x0000000084700000, 0x0000000084700000, 0x0000000084800000|  0%| F|  |TAMS 0x0000000084700000, 0x0000000084700000| Untracked 
|  44|0x0000000084800000, 0x0000000084800000, 0x0000000084900000|  0%| F|  |TAMS 0x0000000084800000, 0x0000000084800000| Untracked 
|  45|0x0000000084900000, 0x0000000084900000, 0x0000000084a00000|  0%| F|  |TAMS 0x0000000084900000, 0x0000000084900000| Untracked 
|  46|0x0000000084a00000, 0x0000000084a00000, 0x0000000084b00000|  0%| F|  |TAMS 0x0000000084a00000, 0x0000000084a00000| Untracked 
|  47|0x0000000084b00000, 0x0000000084b00000, 0x0000000084c00000|  0%| F|  |TAMS 0x0000000084b00000, 0x0000000084b00000| Untracked 
|  48|0x0000000084c00000, 0x0000000084c00000, 0x0000000084d00000|  0%| F|  |TAMS 0x0000000084c00000, 0x0000000084c00000| Untracked 
|  49|0x0000000084d00000, 0x0000000084d00000, 0x0000000084e00000|  0%| F|  |TAMS 0x0000000084d00000, 0x0000000084d00000| Untracked 
|  50|0x0000000084e00000, 0x0000000084e00000, 0x0000000084f00000|  0%| F|  |TAMS 0x0000000084e00000, 0x0000000084e00000| Untracked 
|  51|0x0000000084f00000, 0x0000000084f00000, 0x0000000085000000|  0%| F|  |TAMS 0x0000000084f00000, 0x0000000084f00000| Untracked 
|  52|0x0000000085000000, 0x0000000085000000, 0x0000000085100000|  0%| F|  |TAMS 0x0000000085000000, 0x0000000085000000| Untracked 
|  53|0x0000000085100000, 0x0000000085100000, 0x0000000085200000|  0%| F|  |TAMS 0x0000000085100000, 0x0000000085100000| Untracked 
|  54|0x0000000085200000, 0x0000000085200000, 0x0000000085300000|  0%| F|  |TAMS 0x0000000085200000, 0x0000000085200000| Untracked 
|  55|0x0000000085300000, 0x0000000085300000, 0x0000000085400000|  0%| F|  |TAMS 0x0000000085300000, 0x0000000085300000| Untracked 
|  56|0x0000000085400000, 0x0000000085400000, 0x0000000085500000|  0%| F|  |TAMS 0x0000000085400000, 0x0000000085400000| Untracked 
|  57|0x0000000085500000, 0x0000000085500000, 0x0000000085600000|  0%| F|  |TAMS 0x0000000085500000, 0x0000000085500000| Untracked 
|  98|0x0000000087e00000, 0x0000000087f00000, 0x0000000087f00000|100%| E|  |TAMS 0x0000000087e00000, 0x0000000087e00000| Complete 
|  99|0x0000000087f00000, 0x0000000088000000, 0x0000000088000000|100%| E|CS|TAMS 0x0000000087f00000, 0x0000000087f00000| Complete 
| 100|0x0000000088000000, 0x0000000088100000, 0x0000000088100000|100%| E|CS|TAMS 0x0000000088000000, 0x0000000088000000| Complete 
| 101|0x0000000088100000, 0x0000000088200000, 0x0000000088200000|100%| E|CS|TAMS 0x0000000088100000, 0x0000000088100000| Complete 
| 102|0x0000000088200000, 0x0000000088300000, 0x0000000088300000|100%| E|CS|TAMS 0x0000000088200000, 0x0000000088200000| Complete 
| 153|0x000000008b500000, 0x000000008b600000, 0x000000008b600000|100%| E|CS|TAMS 0x000000008b500000, 0x000000008b500000| Complete 

Card table byte_map: [0x00000191f82d0000,0x00000191f86d0000] _byte_map_base: 0x00000191f7ec2000

Marking Bits (Prev, Next): (CMBitMap*) 0x00000191e0a346b8, (CMBitMap*) 0x00000191e0a34678
 Prev Bits: [0x00000191faa60000, 0x00000191fc9f0000)
 Next Bits: [0x00000191f8ad0000, 0x00000191faa60000)

Polling page: 0x00000191de730000

Metaspace:

Usage:
  Non-class:     31.79 MB capacity,    31.04 MB ( 98%) used,   638.76 KB (  2%) free+waste,   129.19 KB ( <1%) overhead. 
      Class:      4.91 MB capacity,     4.46 MB ( 91%) used,   400.00 KB (  8%) free+waste,    64.63 KB (  1%) overhead. 
       Both:     36.71 MB capacity,    35.50 MB ( 97%) used,     1.01 MB (  3%) free+waste,   193.81 KB ( <1%) overhead. 

Virtual space:
  Non-class space:       32.00 MB reserved,      32.00 MB (100%) committed 
      Class space:        1.00 GB reserved,       5.00 MB ( <1%) committed 
             Both:        1.03 GB reserved,      37.00 MB (  4%) committed 

Chunk freelists:
   Non-Class:  84.00 KB
       Class:  0 bytes
        Both:  84.00 KB

MaxMetaspaceSize: 17179869184.00 GB
CompressedClassSpaceSize: 1.00 GB

CodeHeap 'non-profiled nmethods': size=238912Kb used=7444Kb max_used=7444Kb free=231467Kb
 bounds [0x00000191e9580000, 0x00000191e9cd0000, 0x00000191f7ed0000]
CodeHeap 'non-nmethods': size=6848Kb used=1671Kb max_used=1671Kb free=5176Kb
 bounds [0x00000191e8ed0000, 0x00000191e9140000, 0x00000191e9580000]
 total_blobs=5804 nmethods=4433 adapters=1001
 compilation: enabled
              stopped_count=0, restarted_count=0
 full_count=0

Compilation events (20 events):
Event: 7.771 Thread 0x00000191ff012000 4448       1       java.nio.DirectByteBuffer$Deallocator::run (37 bytes)
Event: 7.771 Thread 0x00000191ff012000 nmethod 4448 0x00000191e9cc1c90 code [0x00000191e9cc1e60, 0x00000191e9cc20b0]
Event: 7.771 Thread 0x00000191ff012000 4449       1       java.nio.Bits::unreserveMemory (63 bytes)
Event: 7.772 Thread 0x00000191ff012000 nmethod 4449 0x00000191e9cc2190 code [0x00000191e9cc2320, 0x00000191e9cc2478]
Event: 7.772 Thread 0x00000191ff012000 4450       1       java.util.concurrent.atomic.AtomicLong::decrementAndGet (16 bytes)
Event: 7.772 Thread 0x00000191ff012000 nmethod 4450 0x00000191e9cc2510 code [0x00000191e9cc26a0, 0x00000191e9cc27f8]
Event: 7.900 Thread 0x00000191ff012000 4451       1       org.springframework.boot.ansi.AnsiStyle::toString (5 bytes)
Event: 7.900 Thread 0x00000191ff012000 nmethod 4451 0x00000191e9cc2890 code [0x00000191e9cc2a20, 0x00000191e9cc2b58]
Event: 11.451 Thread 0x00000191ff012000 4452       1       ch.qos.logback.core.pattern.DynamicConverter::getFirstOption (35 bytes)
Event: 11.452 Thread 0x00000191ff012000 nmethod 4452 0x00000191e9cc2c10 code [0x00000191e9cc2dc0, 0x00000191e9cc2fc0]
Event: 11.452 Thread 0x00000191ff012000 4456       1       org.springframework.boot.ansi.AnsiOutput::buildEnabled (127 bytes)
Event: 11.453 Thread 0x00000191ff012000 nmethod 4456 0x00000191e9cc3090 code [0x00000191e9cc32a0, 0x00000191e9cc36a0]
Event: 11.453 Thread 0x00000191ff012000 4457       1       ch.qos.logback.core.pattern.CompositeConverter::convert (43 bytes)
Event: 11.453 Thread 0x00000191ff012000 nmethod 4457 0x00000191e9cc3990 code [0x00000191e9cc3b80, 0x00000191e9cc3f70]
Event: 11.453 Thread 0x00000191ff012000 4453       1       ch.qos.logback.classic.Logger::appendLoopOnAppenders (18 bytes)
Event: 11.454 Thread 0x00000191ff012000 nmethod 4453 0x00000191e9cc4110 code [0x00000191e9cc42c0, 0x00000191e9cc4450]
Event: 11.454 Thread 0x00000191ff012000 4454       1       org.springframework.boot.ansi.AnsiOutput::toString (32 bytes)
Event: 11.454 Thread 0x00000191ff012000 nmethod 4454 0x00000191e9cc4510 code [0x00000191e9cc4700, 0x00000191e9cc4a80]
Event: 11.454 Thread 0x00000191ff012000 4455       1       org.springframework.boot.ansi.AnsiOutput::isEnabled (46 bytes)
Event: 11.454 Thread 0x00000191ff012000 nmethod 4455 0x00000191e9cc4c10 code [0x00000191e9cc4dc0, 0x00000191e9cc4fd0]

GC Heap History (20 events):
Event: 3.495 GC heap before
{Heap before GC invocations=12 (full 0):
 garbage-first heap   total 45056K, used 34971K [0x0000000081c00000, 0x0000000100000000)
  region size 1024K, 22 young (22528K), 2 survivors (2048K)
 Metaspace       used 27165K, capacity 28171K, committed 28416K, reserved 1073152K
  class space    used 3661K, capacity 4043K, committed 4096K, reserved 1048576K
}
Event: 3.497 GC heap after
{Heap after GC invocations=13 (full 0):
 garbage-first heap   total 45056K, used 15178K [0x0000000081c00000, 0x0000000100000000)
  region size 1024K, 3 young (3072K), 3 survivors (3072K)
 Metaspace       used 27165K, capacity 28171K, committed 28416K, reserved 1073152K
  class space    used 3661K, capacity 4043K, committed 4096K, reserved 1048576K
}
Event: 3.569 GC heap before
{Heap before GC invocations=13 (full 0):
 garbage-first heap   total 45056K, used 34634K [0x0000000081c00000, 0x0000000100000000)
  region size 1024K, 22 young (22528K), 3 survivors (3072K)
 Metaspace       used 27704K, capacity 28698K, committed 29056K, reserved 1075200K
  class space    used 3736K, capacity 4113K, committed 4224K, reserved 1048576K
}
Event: 3.572 GC heap after
{Heap after GC invocations=14 (full 0):
 garbage-first heap   total 54272K, used 15434K [0x0000000081c00000, 0x0000000100000000)
  region size 1024K, 2 young (2048K), 2 survivors (2048K)
 Metaspace       used 27704K, capacity 28698K, committed 29056K, reserved 1075200K
  class space    used 3736K, capacity 4113K, committed 4224K, reserved 1048576K
}
Event: 3.639 GC heap before
{Heap before GC invocations=14 (full 0):
 garbage-first heap   total 54272K, used 41034K [0x0000000081c00000, 0x0000000100000000)
  region size 1024K, 27 young (27648K), 2 survivors (2048K)
 Metaspace       used 28348K, capacity 29358K, committed 29568K, reserved 1075200K
  class space    used 3822K, capacity 4184K, committed 4224K, reserved 1048576K
}
Event: 3.641 GC heap after
{Heap after GC invocations=15 (full 0):
 garbage-first heap   total 54272K, used 15669K [0x0000000081c00000, 0x0000000100000000)
  region size 1024K, 3 young (3072K), 3 survivors (3072K)
 Metaspace       used 28348K, capacity 29358K, committed 29568K, reserved 1075200K
  class space    used 3822K, capacity 4184K, committed 4224K, reserved 1048576K
}
Event: 3.687 GC heap before
{Heap before GC invocations=15 (full 0):
 garbage-first heap   total 54272K, used 40245K [0x0000000081c00000, 0x0000000100000000)
  region size 1024K, 27 young (27648K), 3 survivors (3072K)
 Metaspace       used 28711K, capacity 29756K, committed 29952K, reserved 1075200K
  class space    used 3879K, capacity 4253K, committed 4352K, reserved 1048576K
}
Event: 3.689 GC heap after
{Heap after GC invocations=16 (full 0):
 garbage-first heap   total 54272K, used 15674K [0x0000000081c00000, 0x0000000100000000)
  region size 1024K, 3 young (3072K), 3 survivors (3072K)
 Metaspace       used 28711K, capacity 29756K, committed 29952K, reserved 1075200K
  class space    used 3879K, capacity 4253K, committed 4352K, reserved 1048576K
}
Event: 3.818 GC heap before
{Heap before GC invocations=16 (full 0):
 garbage-first heap   total 54272K, used 40250K [0x0000000081c00000, 0x0000000100000000)
  region size 1024K, 28 young (28672K), 3 survivors (3072K)
 Metaspace       used 29989K, capacity 31031K, committed 31104K, reserved 1075200K
  class space    used 4053K, capacity 4441K, committed 4480K, reserved 1048576K
}
Event: 3.821 GC heap after
{Heap after GC invocations=17 (full 0):
 garbage-first heap   total 54272K, used 16703K [0x0000000081c00000, 0x0000000100000000)
  region size 1024K, 4 young (4096K), 4 survivors (4096K)
 Metaspace       used 29989K, capacity 31031K, committed 31104K, reserved 1075200K
  class space    used 4053K, capacity 4441K, committed 4480K, reserved 1048576K
}
Event: 4.329 GC heap before
{Heap before GC invocations=17 (full 0):
 garbage-first heap   total 54272K, used 42303K [0x0000000081c00000, 0x0000000100000000)
  region size 1024K, 29 young (29696K), 4 survivors (4096K)
 Metaspace       used 31126K, capacity 32241K, committed 32384K, reserved 1077248K
  class space    used 4230K, capacity 4652K, committed 4736K, reserved 1048576K
}
Event: 4.333 GC heap after
{Heap after GC invocations=18 (full 0):
 garbage-first heap   total 54272K, used 17605K [0x0000000081c00000, 0x0000000100000000)
  region size 1024K, 3 young (3072K), 3 survivors (3072K)
 Metaspace       used 31126K, capacity 32241K, committed 32384K, reserved 1077248K
  class space    used 4230K, capacity 4652K, committed 4736K, reserved 1048576K
}
Event: 4.686 GC heap before
{Heap before GC invocations=18 (full 0):
 garbage-first heap   total 54272K, used 38085K [0x0000000081c00000, 0x0000000100000000)
  region size 1024K, 24 young (24576K), 3 survivors (3072K)
 Metaspace       used 34236K, capacity 35438K, committed 35584K, reserved 1079296K
  class space    used 4395K, capacity 4851K, committed 4864K, reserved 1048576K
}
Event: 4.690 GC heap after
{Heap after GC invocations=19 (full 0):
 garbage-first heap   total 65536K, used 18615K [0x0000000081c00000, 0x0000000100000000)
  region size 1024K, 3 young (3072K), 3 survivors (3072K)
 Metaspace       used 34236K, capacity 35438K, committed 35584K, reserved 1079296K
  class space    used 4395K, capacity 4851K, committed 4864K, reserved 1048576K
}
Event: 5.025 GC heap before
{Heap before GC invocations=20 (full 0):
 garbage-first heap   total 65536K, used 49335K [0x0000000081c00000, 0x0000000100000000)
  region size 1024K, 33 young (33792K), 3 survivors (3072K)
 Metaspace       used 34792K, capacity 35951K, committed 36096K, reserved 1081344K
  class space    used 4417K, capacity 4851K, committed 4864K, reserved 1048576K
}
Event: 5.029 GC heap after
{Heap after GC invocations=21 (full 0):
 garbage-first heap   total 65536K, used 18535K [0x0000000081c00000, 0x0000000100000000)
  region size 1024K, 2 young (2048K), 2 survivors (2048K)
 Metaspace       used 34792K, capacity 35951K, committed 36096K, reserved 1081344K
  class space    used 4417K, capacity 4851K, committed 4864K, reserved 1048576K
}
Event: 5.588 GC heap before
{Heap before GC invocations=22 (full 0):
 garbage-first heap   total 65536K, used 49255K [0x0000000081c00000, 0x0000000100000000)
  region size 1024K, 32 young (32768K), 2 survivors (2048K)
 Metaspace       used 35002K, capacity 36196K, committed 36480K, reserved 1081344K
  class space    used 4437K, capacity 4887K, committed 4992K, reserved 1048576K
}
Event: 5.591 GC heap after
{Heap after GC invocations=23 (full 0):
 garbage-first heap   total 65536K, used 18639K [0x0000000081c00000, 0x0000000100000000)
  region size 1024K, 3 young (3072K), 3 survivors (3072K)
 Metaspace       used 35002K, capacity 36196K, committed 36480K, reserved 1081344K
  class space    used 4437K, capacity 4887K, committed 4992K, reserved 1048576K
}
Event: 7.766 GC heap before
{Heap before GC invocations=23 (full 0):
 garbage-first heap   total 65536K, used 48335K [0x0000000081c00000, 0x0000000100000000)
  region size 1024K, 33 young (33792K), 3 survivors (3072K)
 Metaspace       used 36348K, capacity 37586K, committed 37888K, reserved 1081344K
  class space    used 4565K, capacity 5030K, committed 5120K, reserved 1048576K
}
Event: 7.770 GC heap after
{Heap after GC invocations=24 (full 0):
 garbage-first heap   total 65536K, used 19342K [0x0000000081c00000, 0x0000000100000000)
  region size 1024K, 3 young (3072K), 3 survivors (3072K)
 Metaspace       used 36348K, capacity 37586K, committed 37888K, reserved 1081344K
  class space    used 4565K, capacity 5030K, committed 5120K, reserved 1048576K
}

Deoptimization events (0 events):
No events

Classes unloaded (0 events):
No events

Classes redefined (0 events):
No events

Internal exceptions (20 events):
Event: 4.554 Thread 0x0000019182a4a000 Exception <a 'sun/nio/fs/WindowsException'{0x0000000084751d30}> (0x0000000084751d30) 
thrown [t:/workspace/open/src/hotspot/share/prims/jni.cpp, line 598]
Event: 4.554 Thread 0x0000019182a4a000 Exception <a 'sun/nio/fs/WindowsException'{0x00000000847520e0}> (0x00000000847520e0) 
thrown [t:/workspace/open/src/hotspot/share/prims/jni.cpp, line 598]
Event: 4.557 Thread 0x0000019182a4a000 Exception <a 'sun/nio/fs/WindowsException'{0x00000000847b73b8}> (0x00000000847b73b8) 
thrown [t:/workspace/open/src/hotspot/share/prims/jni.cpp, line 598]
Event: 4.557 Thread 0x0000019182a4a000 Exception <a 'sun/nio/fs/WindowsException'{0x00000000847b76a0}> (0x00000000847b76a0) 
thrown [t:/workspace/open/src/hotspot/share/prims/jni.cpp, line 598]
Event: 4.720 Thread 0x0000019182a4a000 Exception <a 'java/io/FileNotFoundException'{0x00000000881fabd0}> (0x00000000881fabd0) 
thrown [t:/workspace/open/src/hotspot/share/prims/jni.cpp, line 598]
Event: 4.720 Thread 0x0000019182a4a000 Exception <a 'java/io/FileNotFoundException'{0x00000000881fbd80}> (0x00000000881fbd80) 
thrown [t:/workspace/open/src/hotspot/share/prims/jni.cpp, line 598]
Event: 4.721 Thread 0x0000019182a4a000 Exception <a 'java/io/FileNotFoundException'{0x0000000088004328}> (0x0000000088004328) 
thrown [t:/workspace/open/src/hotspot/share/prims/jni.cpp, line 598]
Event: 4.721 Thread 0x0000019182a4a000 Exception <a 'java/io/FileNotFoundException'{0x0000000088005540}> (0x0000000088005540) 
thrown [t:/workspace/open/src/hotspot/share/prims/jni.cpp, line 598]
Event: 5.002 Thread 0x0000019182a4a000 Exception <a 'java/io/FileNotFoundException'{0x0000000083ffacb0}> (0x0000000083ffacb0) 
thrown [t:/workspace/open/src/hotspot/share/prims/jni.cpp, line 598]
Event: 5.002 Thread 0x0000019182a4a000 Exception <a 'java/io/FileNotFoundException'{0x0000000083ffbe60}> (0x0000000083ffbe60) 
thrown [t:/workspace/open/src/hotspot/share/prims/jni.cpp, line 598]
Event: 5.002 Thread 0x0000019182a4a000 Exception <a 'java/io/FileNotFoundException'{0x0000000083e04170}> (0x0000000083e04170) 
thrown [t:/workspace/open/src/hotspot/share/prims/jni.cpp, line 598]
Event: 5.003 Thread 0x0000019182a4a000 Exception <a 'java/io/FileNotFoundException'{0x0000000083e05388}> (0x0000000083e05388) 
thrown [t:/workspace/open/src/hotspot/share/prims/jni.cpp, line 598]
Event: 5.406 Thread 0x0000019182a4a000 Exception <a 'java/io/FileNotFoundException'{0x00000000841ed720}> (0x00000000841ed720) 
thrown [t:/workspace/open/src/hotspot/share/prims/jni.cpp, line 598]
Event: 5.406 Thread 0x0000019182a4a000 Exception <a 'java/io/FileNotFoundException'{0x00000000841eeb78}> (0x00000000841eeb78) 
thrown [t:/workspace/open/src/hotspot/share/prims/jni.cpp, line 598]
Event: 5.406 Thread 0x0000019182a4a000 Exception <a 'java/io/FileNotFoundException'{0x00000000841f6c80}> (0x00000000841f6c80) 
thrown [t:/workspace/open/src/hotspot/share/prims/jni.cpp, line 598]
Event: 5.406 Thread 0x0000019182a4a000 Exception <a 'java/io/FileNotFoundException'{0x00000000841f8140}> (0x00000000841f8140) 
thrown [t:/workspace/open/src/hotspot/share/prims/jni.cpp, line 598]
Event: 5.706 Thread 0x0000019182a4a000 Exception <a 'java/lang/ClassNotFoundException'{0x0000000084496328}: sun/awt/resources/spi/awtProvider> (0x0000000084496328) 
thrown [t:/workspace/open/src/hotspot/share/classfile/systemDictionary.cpp, line 232]
Event: 5.710 Thread 0x0000019182a4a000 Exception <a 'java/io/FileNotFoundException'{0x00000000844a0418}> (0x00000000844a0418) 
thrown [t:/workspace/open/src/hotspot/share/prims/jni.cpp, line 598]
Event: 5.710 Thread 0x0000019182a4a000 Exception <a 'java/io/FileNotFoundException'{0x00000000844a2668}> (0x00000000844a2668) 
thrown [t:/workspace/open/src/hotspot/share/prims/jni.cpp, line 598]
Event: 5.804 Thread 0x0000019182a4a000 Exception <a 'java/lang/NoSuchMethodError'{0x000000008403a3e8}: 'void java.lang.invoke.DirectMethodHandle$Holder.invokeVirtual(java.lang.Object, java.lang.Object)'> (0x000000008403a3e8) 
thrown [t:/workspace/open/src/hotspot/share/interpreter/linkResolver.cpp, line 767]

Events (20 events):
Event: 7.775 Executing VM operation: RevokeBias
Event: 7.776 Executing VM operation: RevokeBias done
Event: 7.776 Executing VM operation: RevokeBias
Event: 7.776 Executing VM operation: RevokeBias done
Event: 7.776 Executing VM operation: RevokeBias
Event: 7.776 Executing VM operation: RevokeBias done
Event: 7.776 Executing VM operation: RevokeBias
Event: 7.776 Executing VM operation: RevokeBias done
Event: 7.776 Executing VM operation: RevokeBias
Event: 7.777 Executing VM operation: RevokeBias done
Event: 7.777 Executing VM operation: RevokeBias
Event: 7.777 Executing VM operation: RevokeBias done
Event: 7.777 Executing VM operation: RevokeBias
Event: 7.777 Executing VM operation: RevokeBias done
Event: 7.777 Executing VM operation: RevokeBias
Event: 7.777 Executing VM operation: RevokeBias done
Event: 7.778 Executing VM operation: RevokeBias
Event: 7.778 Executing VM operation: RevokeBias done
Event: 7.778 Executing VM operation: RevokeBias
Event: 7.778 Executing VM operation: RevokeBias done


Dynamic libraries:
0x00007ff734f80000 - 0x00007ff734f8f000 	C:\Program Files\Java\jdk-13.0.1\bin\java.exe
0x00007ffaadec0000 - 0x00007ffaae0b0000 	C:\WINDOWS\SYSTEM32\ntdll.dll
0x00007ffaad2c0000 - 0x00007ffaad372000 	C:\WINDOWS\System32\KERNEL32.DLL
0x00007ffaabb30000 - 0x00007ffaabdd5000 	C:\WINDOWS\System32\KERNELBASE.dll
0x00007ffaa8440000 - 0x00007ffaa84cf000 	C:\WINDOWS\SYSTEM32\apphelp.dll
0x00007ffaab990000 - 0x00007ffaaba8a000 	C:\WINDOWS\System32\ucrtbase.dll
0x00007ffa7d280000 - 0x00007ffa7d298000 	C:\Program Files\Java\jdk-13.0.1\bin\jli.dll
0x00007ffaad060000 - 0x00007ffaad103000 	C:\WINDOWS\System32\ADVAPI32.dll
0x00007ffaac7e0000 - 0x00007ffaac87e000 	C:\WINDOWS\System32\msvcrt.dll
0x00007ffaac530000 - 0x00007ffaac5c7000 	C:\WINDOWS\System32\sechost.dll
0x00007ffaac410000 - 0x00007ffaac530000 	C:\WINDOWS\System32\RPCRT4.dll
0x00007ffaac120000 - 0x00007ffaac2b5000 	C:\WINDOWS\System32\USER32.dll
0x00007ffaab960000 - 0x00007ffaab981000 	C:\WINDOWS\System32\win32u.dll
0x00007ffaacac0000 - 0x00007ffaacae6000 	C:\WINDOWS\System32\GDI32.dll
0x00007ffaaae50000 - 0x00007ffaaafe6000 	C:\WINDOWS\System32\gdi32full.dll
0x00007ffaaba90000 - 0x00007ffaabb2e000 	C:\WINDOWS\System32\msvcp_win.dll
0x00007ffa9add0000 - 0x00007ffa9b054000 	C:\WINDOWS\WinSxS\amd64_microsoft.windows.common-controls_6595b64144ccf1df_6.0.18362.1082_none_9e8193e1e45b25c1\COMCTL32.dll
0x00007ffaadad0000 - 0x00007ffaade05000 	C:\WINDOWS\System32\combase.dll
0x00007ffaab140000 - 0x00007ffaab1c0000 	C:\WINDOWS\System32\bcryptPrimitives.dll
0x00007ffaa4a30000 - 0x00007ffaa4a3a000 	C:\WINDOWS\SYSTEM32\VERSION.dll
0x00007ffa85f20000 - 0x00007ffa85f35000 	C:\Program Files\Java\jdk-13.0.1\bin\VCRUNTIME140.dll
0x00007ffaad010000 - 0x00007ffaad03e000 	C:\WINDOWS\System32\IMM32.DLL
0x00007ffa7cad0000 - 0x00007ffa7cb6b000 	C:\Program Files\Java\jdk-13.0.1\bin\msvcp140.dll
0x00007ffa559c0000 - 0x00007ffa56526000 	C:\Program Files\Java\jdk-13.0.1\bin\server\jvm.dll
0x00007ffaabf70000 - 0x00007ffaabf78000 	C:\WINDOWS\System32\PSAPI.DLL
0x00007ffa99140000 - 0x00007ffa99149000 	C:\WINDOWS\SYSTEM32\WSOCK32.dll
0x00007ffaac8f0000 - 0x00007ffaac95f000 	C:\WINDOWS\System32\WS2_32.dll
0x00007ffaa6100000 - 0x00007ffaa6124000 	C:\WINDOWS\SYSTEM32\WINMM.dll
0x00007ffaa60d0000 - 0x00007ffaa60fd000 	C:\WINDOWS\SYSTEM32\WINMMBASE.dll
0x00007ffaabec0000 - 0x00007ffaabf0a000 	C:\WINDOWS\System32\cfgmgr32.dll
0x00007ffaaad90000 - 0x00007ffaaada1000 	C:\WINDOWS\System32\kernel.appcore.dll
0x00007ffa96210000 - 0x00007ffa96220000 	C:\Program Files\Java\jdk-13.0.1\bin\verify.dll
0x00007ffaa9640000 - 0x00007ffaa9834000 	C:\WINDOWS\SYSTEM32\DBGHELP.DLL
0x00007ffa96eb0000 - 0x00007ffa96eda000 	C:\WINDOWS\SYSTEM32\dbgcore.DLL
0x00007ffa7d250000 - 0x00007ffa7d276000 	C:\Program Files\Java\jdk-13.0.1\bin\java.dll
0x00007ffaa6fd0000 - 0x00007ffaa6fde000 	C:\Program Files\Java\jdk-13.0.1\bin\instrument.dll
0x00007ffa7d230000 - 0x00007ffa7d247000 	C:\Program Files\Java\jdk-13.0.1\bin\zip.dll
0x00007ffa7d220000 - 0x00007ffa7d22a000 	C:\Program Files\Java\jdk-13.0.1\bin\jimage.dll
0x00007ffaad3e0000 - 0x00007ffaadac7000 	C:\WINDOWS\System32\SHELL32.dll
0x00007ffaacf60000 - 0x00007ffaad009000 	C:\WINDOWS\System32\shcore.dll
0x00007ffaab1e0000 - 0x00007ffaab960000 	C:\WINDOWS\System32\windows.storage.dll
0x00007ffaaae20000 - 0x00007ffaaae43000 	C:\WINDOWS\System32\profapi.dll
0x00007ffaaadb0000 - 0x00007ffaaadfa000 	C:\WINDOWS\System32\powrprof.dll
0x00007ffaaad80000 - 0x00007ffaaad90000 	C:\WINDOWS\System32\UMPDC.dll
0x00007ffaad380000 - 0x00007ffaad3d2000 	C:\WINDOWS\System32\shlwapi.dll
0x00007ffaab1c0000 - 0x00007ffaab1d7000 	C:\WINDOWS\System32\cryptsp.dll
0x00007ffa7d200000 - 0x00007ffa7d219000 	C:\Program Files\Java\jdk-13.0.1\bin\net.dll
0x00007ffaa1040000 - 0x00007ffaa1130000 	C:\WINDOWS\SYSTEM32\WINHTTP.dll
0x00007ffaaa5d0000 - 0x00007ffaaa637000 	C:\WINDOWS\system32\mswsock.dll
0x00007ffa5e0e0000 - 0x00007ffa5e0f3000 	C:\Program Files\Java\jdk-13.0.1\bin\nio.dll
0x00007ffaa6f40000 - 0x00007ffaa6f5a000 	C:\Program Files\JetBrains\IntelliJ IDEA 2019.3.5\bin\breakgen64.dll
0x00007ffaaa320000 - 0x00007ffaaa3eb000 	C:\WINDOWS\SYSTEM32\DNSAPI.dll
0x00007ffaac110000 - 0x00007ffaac118000 	C:\WINDOWS\System32\NSI.dll
0x00007ffaaa2e0000 - 0x00007ffaaa31a000 	C:\WINDOWS\SYSTEM32\IPHLPAPI.DLL
0x00007ffaa3f80000 - 0x00007ffaa3f8a000 	C:\Windows\System32\rasadhlp.dll
0x00007ffaa1ea0000 - 0x00007ffaa1f17000 	C:\WINDOWS\System32\fwpuclnt.dll
0x00007ffaabde0000 - 0x00007ffaabe06000 	C:\WINDOWS\System32\bcrypt.dll
0x00007ffa79000000 - 0x00007ffa79009000 	C:\Program Files\Java\jdk-13.0.1\bin\management.dll
0x00007ffa78ff0000 - 0x00007ffa78ffb000 	C:\Program Files\Java\jdk-13.0.1\bin\management_ext.dll
0x00007ffaaa140000 - 0x00007ffaaa173000 	C:\WINDOWS\system32\rsaenh.dll
0x00007ffaaac60000 - 0x00007ffaaac85000 	C:\WINDOWS\SYSTEM32\USERENV.dll
0x00007ffaaa7a0000 - 0x00007ffaaa7ac000 	C:\WINDOWS\SYSTEM32\CRYPTBASE.dll
0x00007ffaa36a0000 - 0x00007ffaa36b6000 	C:\WINDOWS\SYSTEM32\dhcpcsvc6.DLL
0x00007ffaa33d0000 - 0x00007ffaa33ec000 	C:\WINDOWS\SYSTEM32\dhcpcsvc.DLL
0x00007ffa95660000 - 0x00007ffa95676000 	C:\WINDOWS\system32\napinsp.dll
0x00007ffa95050000 - 0x00007ffa9506a000 	C:\WINDOWS\system32\pnrpnsp.dll
0x00007ffa95800000 - 0x00007ffa9580e000 	C:\WINDOWS\System32\winrnr.dll
0x00007ffaa6d90000 - 0x00007ffaa6dac000 	C:\WINDOWS\system32\NLAapi.dll
0x00007ffaa6130000 - 0x00007ffaa6145000 	C:\WINDOWS\system32\wshbth.dll
0x00007ffa90a60000 - 0x00007ffa90ac4000 	C:\Users\48607\AppData\Local\Temp\lwjgl48607\3.2.3-build-13\lwjgl.dll
0x00007ffa90800000 - 0x00007ffa90a53000 	C:\Users\48607\AppData\Local\Temp\lwjgl48607\3.2.3-build-13\jemalloc.dll
0x00007ffa90790000 - 0x00007ffa907f2000 	C:\Users\48607\AppData\Local\Temp\lwjgl48607\3.2.3-build-13\glfw.dll
0x00007ffaa8520000 - 0x00007ffaa85b9000 	C:\WINDOWS\system32\uxtheme.dll
0x00007ffaa1e50000 - 0x00007ffaa1e93000 	C:\WINDOWS\SYSTEM32\dinput8.dll
0x00007ffaa5bd0000 - 0x00007ffaa5be1000 	C:\WINDOWS\SYSTEM32\xinput1_4.dll
0x00007ffaaab70000 - 0x00007ffaaab9a000 	C:\WINDOWS\SYSTEM32\DEVOBJ.dll
0x00007ffaa8da0000 - 0x00007ffaa8dcd000 	C:\WINDOWS\SYSTEM32\dwmapi.dll
0x00007ffa8d3d0000 - 0x00007ffa8d4eb000 	C:\WINDOWS\SYSTEM32\inputhost.dll
0x00007ffaa4020000 - 0x00007ffaa434a000 	C:\WINDOWS\SYSTEM32\CoreUIComponents.dll
0x00007ffaa8230000 - 0x00007ffaa8304000 	C:\WINDOWS\SYSTEM32\CoreMessaging.dll
0x00007ffaa9220000 - 0x00007ffaa9310000 	C:\WINDOWS\SYSTEM32\PROPSYS.dll
0x00007ffaa6640000 - 0x00007ffaa6793000 	C:\WINDOWS\SYSTEM32\wintypes.dll
0x00007ffaa9dc0000 - 0x00007ffaa9df1000 	C:\WINDOWS\SYSTEM32\ntmarta.dll
0x00007ffaac2c0000 - 0x00007ffaac385000 	C:\WINDOWS\System32\OLEAUT32.dll
0x00007ffaac5d0000 - 0x00007ffaac705000 	C:\WINDOWS\System32\MSCTF.dll
0x00007ffaa9580000 - 0x00007ffaa958e000 	C:\WINDOWS\SYSTEM32\HID.DLL
0x00007ffaacaf0000 - 0x00007ffaacf60000 	C:\WINDOWS\System32\SETUPAPI.DLL
0x00007ffaabf10000 - 0x00007ffaabf6c000 	C:\WINDOWS\System32\WINTRUST.dll
0x00007ffaaae00000 - 0x00007ffaaae12000 	C:\WINDOWS\System32\MSASN1.dll
0x00007ffaaaff0000 - 0x00007ffaab139000 	C:\WINDOWS\System32\CRYPT32.dll
0x00007ffa8cd10000 - 0x00007ffa8ce66000 	C:\WINDOWS\SYSTEM32\opengl32.dll
0x00007ffa8cca0000 - 0x00007ffa8cccc000 	C:\WINDOWS\SYSTEM32\GLU32.dll
0x00007ffaa99d0000 - 0x00007ffaa99f0000 	C:\WINDOWS\SYSTEM32\dxcore.dll
0x00007ffa51de0000 - 0x00007ffa52d45000 	C:\WINDOWS\System32\DriverStore\FileRepository\igdlh64.inf_amd64_9f310939ec1eebf9\ig9icd64.dll
0x00007ffaac960000 - 0x00007ffaacab7000 	C:\WINDOWS\System32\OLE32.DLL
0x00007ffaa9a60000 - 0x00007ffaa9b4b000 	C:\WINDOWS\system32\dxgi.dll
0x00007ffa9c960000 - 0x00007ffa9ecdf000 	C:\WINDOWS\System32\DriverStore\FileRepository\igdlh64.inf_amd64_9f310939ec1eebf9\igc64.dll
0x00007ffa8f000000 - 0x00007ffa8f09e000 	C:\WINDOWS\System32\TextInputFramework.dll
0x00007ffa988b0000 - 0x00007ffa98b56000 	C:\WINDOWS\System32\iertutil.dll
0x00007ffaac060000 - 0x00007ffaac102000 	C:\WINDOWS\System32\clbcatq.dll
0x00007ffa90730000 - 0x00007ffa90789000 	C:\Users\48607\AppData\Local\Temp\lwjgl48607\3.2.3-build-13\lwjgl_opengl.dll
0x00007ffa90590000 - 0x00007ffa90729000 	C:\Program Files\Java\jdk-13.0.1\bin\awt.dll
0x00007ffaa7060000 - 0x00007ffaa7620000 	C:\WINDOWS\SYSTEM32\d2d1.dll

dbghelp: loaded successfully - version: 4.0.5 - missing functions: none
symbol engine: initialized successfully - sym options: 0x614 - pdb path: .;C:\Program Files\Java\jdk-13.0.1\bin;C:\WINDOWS\SYSTEM32;C:\WINDOWS\WinSxS\amd64_microsoft.windows.common-controls_6595b64144ccf1df_6.0.18362.1082_none_9e8193e1e45b25c1;C:\Program Files\Java\jdk-13.0.1\bin\server;C:\Program Files\JetBrains\IntelliJ IDEA 2019.3.5\bin;C:\Users\48607\AppData\Local\Temp\lwjgl48607\3.2.3-build-13;C:\WINDOWS\System32\DriverStore\FileRepository\igdlh64.inf_amd64_9f310939ec1eebf9

VM Arguments:
jvm_args: -XX:TieredStopAtLevel=1 -Xverify:none -Dspring.output.ansi.enabled=always -Dcom.sun.management.jmxremote -Dspring.jmx.enabled=true -Dspring.liveBeansView.mbeanDomain -Dspring.application.admin.enabled=true -javaagent:C:\Program Files\JetBrains\IntelliJ IDEA 2019.3.5\lib\idea_rt.jar=50155:C:\Program Files\JetBrains\IntelliJ IDEA 2019.3.5\bin -Dfile.encoding=UTF-8 
java_command: com.khryniewicki.projectX.ProjectXApplication
java_class_path (initial): C:\Users\48607\Desktop\Aplikacje\projectX\target\classes;C:\Users\48607\.m2\repository\org\springframework\spring-beans\5.2.6.RELEASE\spring-beans-5.2.6.RELEASE.jar;C:\Users\48607\.m2\repository\org\springframework\spring-core\5.2.5.RELEASE\spring-core-5.2.5.RELEASE.jar;C:\Users\48607\.m2\repository\org\springframework\spring-jcl\5.2.5.RELEASE\spring-jcl-5.2.5.RELEASE.jar;C:\Users\48607\.m2\repository\org\springframework\boot\spring-boot-starter-web\2.2.6.RELEASE\spring-boot-starter-web-2.2.6.RELEASE.jar;C:\Users\48607\.m2\repository\org\springframework\boot\spring-boot-starter\2.2.6.RELEASE\spring-boot-starter-2.2.6.RELEASE.jar;C:\Users\48607\.m2\repository\org\springframework\boot\spring-boot-starter-logging\2.2.6.RELEASE\spring-boot-starter-logging-2.2.6.RELEASE.jar;C:\Users\48607\.m2\repository\ch\qos\logback\logback-classic\1.2.3\logback-classic-1.2.3.jar;C:\Users\48607\.m2\repository\ch\qos\logback\logback-core\1.2.3\logback-core-1.2.3.jar;C:\Users\48607\.m2\repository\org\apache\logging\log4j\log4j-to-slf4j\2.12.1\log4j-to-slf4j-2.12.1.jar;C:\Users\48607\.m2\repository\org\apache\logging\log4j\log4j-api\2.12.1\log4j-api-2.12.1.jar;C:\Users\48607\.m2\repository\org\slf4j\jul-to-slf4j\1.7.30\jul-to-slf4j-1.7.30.jar;C:\Users\48607\.m2\repository\jakarta\annotation\jakarta.annotation-api\1.3.5\jakarta.annotation-api-1.3.5.jar;C:\Users\48607\.m2\repository\org\yaml\snakeyaml\1.25\snakeyaml-1.25.jar;C:\Users\48607\.m2\repository\org\springframework\boot\spring-boot-starter-json\2.2.6.RELEASE\spring-boot-starter-json-2.2.6.RELEASE.jar;C:\Users\48607\.m2\repository\com\fasterxml\jackson\core\jackson-databind\2.10.3\jackson-databind-2.10.3.jar;C:\Users\48607\.m2\repository\com\fasterxml\jackson\core\jackson-annotations\2.10.3\jackson-annotations-2.10.3.jar;C:\Users\48607\.m2\repository\com\fasterxml\jackson\core\jackson-core\2.10.3\jackson-core-2.10.3.jar;C:\Users\48607\.m2\repository\com\fasterxml\jackson\datatype\jackson-datatype-jdk8\2.
Launcher Type: SUN_STANDARD

[Global flags]
     intx CICompilerCount                          = 3                                         {product} {ergonomic}
     uint ConcGCThreads                            = 1                                         {product} {ergonomic}
     uint G1ConcRefinementThreads                  = 4                                         {product} {ergonomic}
   size_t G1HeapRegionSize                         = 1048576                                   {product} {ergonomic}
    uintx GCDrainStackTargetSize                   = 64                                        {product} {ergonomic}
   size_t InitialHeapSize                          = 134217728                                 {product} {ergonomic}
     bool ManagementServer                         = true                                      {product} {command line}
   size_t MarkStackSize                            = 4194304                                   {product} {ergonomic}
   size_t MaxHeapSize                              = 2118123520                                {product} {ergonomic}
   size_t MaxNewSize                               = 1270874112                                {product} {ergonomic}
   size_t MinHeapDeltaBytes                        = 1048576                                   {product} {ergonomic}
   size_t MinHeapSize                              = 8388608                                   {product} {ergonomic}
    uintx NonNMethodCodeHeapSize                   = 6973028                                {pd product} {ergonomic}
    uintx NonProfiledCodeHeapSize                  = 244685212                              {pd product} {ergonomic}
    uintx ProfiledCodeHeapSize                     = 0                                      {pd product} {ergonomic}
    uintx ReservedCodeCacheSize                    = 251658240                              {pd product} {ergonomic}
     bool SegmentedCodeCache                       = true                                      {product} {ergonomic}
   size_t SoftMaxHeapSize                          = 2118123520                             {manageable} {ergonomic}
     intx TieredStopAtLevel                        = 1                                         {product} {command line}
     bool UseCompressedClassPointers               = true                                 {lp64_product} {ergonomic}
     bool UseCompressedOops                        = true                                 {lp64_product} {ergonomic}
     bool UseG1GC                                  = true                                      {product} {ergonomic}
     bool UseLargePagesIndividualAllocation        = false                                  {pd product} {ergonomic}

Logging:
Log output configuration:
 #0: stdout all=warning uptime,level,tags
 #1: stderr all=off uptime,level,tags

Environment Variables:
JAVA_HOME=C:\Program Files\AdoptOpenJDK\jdk-11.0.3.7-hotspot
PATH=C:\Python38\Scripts\;C:\Python38\;C:\Program Files\AdoptOpenJDK\jdk-11.0.3.7-hotspot\bin;C:\WINDOWS\system32;C:\WINDOWS;C:\WINDOWS\System32\Wbem;C:\WINDOWS\System32\WindowsPowerShell\v1.0\;C:\WINDOWS\System32\OpenSSH\;C:\Program Files\Intel\WiFi\bin\;C:\Program Files\Common Files\Intel\WirelessCommon\;C:\Program Files\Git\cmd;C:\Program Files\mosquitto;C:\Program Files\AdoptOpenJDK\jdk-11.0.3.7-hotspot\bin;C:\Users\48607\Downloads\apache-maven-3.6.3\bin;C:\Program Files\nodejs\;C:\ProgramData\chocolatey\bin;C:\Program Files\MySQL\MySQL Shell 8.0\bin\;C:\Users\48607\AppData\Local\Microsoft\WindowsApps;C:\Users\48607\AppData\Local\Programs\Microsoft VS Code\bin;C:\Program Files\Docker Toolbox;C:\Users\48607\AppData\Roaming\npm
USERNAME=48607
OS=Windows_NT
PROCESSOR_IDENTIFIER=Intel64 Family 6 Model 158 Stepping 9, GenuineIntel



---------------  S Y S T E M  ---------------

OS: Windows 10 , 64 bit Build 18362 (10.0.18362.1082)
HyperV virtualization detected

CPU:total 4 (initial active 4) (4 cores per cpu, 1 threads per core) family 6 model 158 stepping 9, cmov, cx8, fxsr, mmx, sse, sse2, sse3, ssse3, sse4.1, sse4.2, popcnt, avx, avx2, aes, clmul, erms, 3dnowpref, lzcnt, tsc, tscinvbit, bmi1, bmi2, adx, fma

Memory: 4k page, system-wide physical 8076M (2160M free)
TotalPageFile size 15756M (AvailPageFile size 7391M)
current process WorkingSet (physical memory assigned to process): 200M, peak: 241M
current process commit charge ("private bytes"): 233M, peak: 269M

vm_info: Java HotSpot(TM) 64-Bit Server VM (13.0.1+9) for windows-amd64 JRE (13.0.1+9), built on Oct  6 2019 12:37:49 by "mach5one" with unknown MS VC++:1916

END.
