#
# A fatal error has been detected by the Java Runtime Environment:
#
#  EXCEPTION_ACCESS_VIOLATION (0xc0000005) at pc=0x00007ffa94556490, pid=10064, tid=12056
#
# JRE version: Java(TM) SE Runtime Environment (13.0.1+9) (build 13.0.1+9)
# Java VM: Java HotSpot(TM) 64-Bit Server VM (13.0.1+9, mixed mode, sharing, tiered, compressed oops, g1 gc, windows-amd64)
# Problematic frame:
# C  [glfw.dll+0x6490]
#
# No core dump will be written. Minidumps are not enabled by default on client versions of Windows
#
# If you would like to submit a bug report, please visit:
#   http://bugreport.java.com/bugreport/crash.jsp
# The crash happened outside the Java Virtual Machine in native code.
# See problematic frame for where to report the bug.
#

---------------  S U M M A R Y ------------

Command Line: -XX:TieredStopAtLevel=1 -Xverify:none -Dspring.output.ansi.enabled=always -Dcom.sun.management.jmxremote -Dspring.jmx.enabled=true -Dspring.liveBeansView.mbeanDomain -Dspring.application.admin.enabled=true -javaagent:C:\Program Files\JetBrains\IntelliJ IDEA 2019.3.5\lib\idea_rt.jar=50323:C:\Program Files\JetBrains\IntelliJ IDEA 2019.3.5\bin -Dfile.encoding=UTF-8 com.khryniewicki.projectX.ProjectXApplication

Host: Intel(R) Core(TM) i5-7300HQ CPU @ 2.50GHz, 4 cores, 7G,  Windows 10 , 64 bit Build 18362 (10.0.18362.1082)
Time: Sat Oct 17 01:13:56 2020 ?rodkowoeuropejski czas letni elapsed time: 24 seconds (0d 0h 0m 24s)

---------------  T H R E A D  ---------------

Current thread (0x000002829363d800):  JavaThread "Game" [_thread_in_native, id=12056, stack(0x0000009fbe200000,0x0000009fbe300000)]

Stack: [0x0000009fbe200000,0x0000009fbe300000],  sp=0x0000009fbe2fd930,  free space=1014k
Native frames: (J=compiled Java code, j=interpreted, Vv=VM code, C=native code)
C  [glfw.dll+0x6490]

Java frames: (J=compiled Java code, j=interpreted, Vv=VM code)
J 4442  org.lwjgl.system.JNI.invokePV(JJ)V (0 bytes) @ 0x0000028280df1a14 [0x0000028280df19c0+0x0000000000000054]
j  org.lwjgl.glfw.GLFW.glfwDestroyWindow(J)V+6
j  com.khryniewicki.projectX.game.user_interface.menu.menus.MainMenu.showMenu(Lcom/khryniewicki/projectX/game/user_interface/menu/buttons/ButtonTransferObject;)V+253
j  com.khryniewicki.projectX.game.user_interface.menu.menus.MainMenu.propertyChange(Ljava/beans/PropertyChangeEvent;)V+15
j  java.beans.PropertyChangeSupport.fire([Ljava/beans/PropertyChangeListener;Ljava/beans/PropertyChangeEvent;)V+27 java.desktop@13.0.1
j  java.beans.PropertyChangeSupport.firePropertyChange(Ljava/beans/PropertyChangeEvent;)V+71 java.desktop@13.0.1
j  java.beans.PropertyChangeSupport.firePropertyChange(Ljava/lang/String;Ljava/lang/Object;Ljava/lang/Object;)V+31 java.desktop@13.0.1
j  com.khryniewicki.projectX.game.user_interface.symbols.MenuSymbol.setNews(Lcom/khryniewicki/projectX/game/user_interface/menu/buttons/ButtonTransferObject;)V+11
j  com.khryniewicki.projectX.game.user_interface.menu.menus.MenuImp.lambda$addEventClick$3(Lcom/khryniewicki/projectX/game/multiplayer/heroStorage/positions/Position;Lcom/khryniewicki/projectX/game/user_interface/menu/buttons/Button;)V+13
j  com.khryniewicki.projectX.game.user_interface.menu.menus.MenuImp$$Lambda$683.accept(Ljava/lang/Object;)V+8
j  java.util.Optional.ifPresent(Ljava/util/function/Consumer;)V+12 java.base@13.0.1
j  com.khryniewicki.projectX.game.user_interface.menu.menus.MenuImp.lambda$addEventClick$4(JIII)V+75
j  com.khryniewicki.projectX.game.user_interface.menu.menus.MenuImp$$Lambda$677.invoke(JIII)V+10
j  org.lwjgl.glfw.GLFWMouseButtonCallbackI.callback(J)V+17
v  ~StubRoutines::call_stub
J 4445  org.lwjgl.system.JNI.invokeV(J)V (0 bytes) @ 0x0000028280df2711 [0x0000028280df26c0+0x0000000000000051]
J 4451 c1 org.lwjgl.glfw.GLFW.glfwPollEvents()V (12 bytes) @ 0x0000028280df40dc [0x0000028280df40c0+0x000000000000001c]
j  com.khryniewicki.projectX.game.engine.Game.initializeMenu()V+23
j  com.khryniewicki.projectX.game.engine.Game.initializeMultiplayerGame()V+1
j  com.khryniewicki.projectX.game.engine.Game.run()V+5
j  java.lang.Thread.run()V+11 java.base@13.0.1
v  ~StubRoutines::call_stub

siginfo: EXCEPTION_ACCESS_VIOLATION (0xc0000005), reading address 0x0000000000000000


Register to memory mapping:

RIP=0x00007ffa94556490 glfw.dll
RAX=0x0 is NULL
RBX=0x00000282934f6010 points into unknown readable memory: 30 4b 43 91 82 02 00 00
RCX=0x0 is NULL
RDX=0x00007ffa945a7ee0 glfw.dll
RSP=0x0000009fbe2fd930 is pointing into the stack for thread: 0x000002829363d800
RBP=0x0000009fbe2fd9c0 is pointing into the stack for thread: 0x000002829363d800
RSI=
[error occurred during error reporting (printing register info), id 0xc0000005, EXCEPTION_ACCESS_VIOLATION (0xc0000005) at pc=0x00007ffa55ca874f]

Registers:
RAX=0x0000000000000000, RBX=0x00000282934f6010, RCX=0x0000000000000000, RDX=0x00007ffa945a7ee0
RSP=0x0000009fbe2fd930, RBP=0x0000009fbe2fd9c0, RSI=0x00000000c5298701, RDI=0x00000000c5298701
R8 =0x00000282934f6010, R9 =0x00007ffa945563e0, R10=0x00007ffaa6fb1b10, R11=0x0000028280df19e8
R12=0x0000000000000000, R13=0x0000009fbe2fd9e0, R14=0x0000009fbe2fd9b0, R15=0x000002829363d800
RIP=0x00007ffa94556490, EFLAGS=0x0000000000010287

Top of Stack: (sp=0x0000009fbe2fd930)
0x0000009fbe2fd930:   00000282934f6010 00000000c5298701
0x0000009fbe2fd940:   000002829363d800 00000282a05a0bf8
0x0000009fbe2fd950:   00000282948718d8 0000028280df1ab4
0x0000009fbe2fd960:   3ff0000000000000 0000000000000000
0x0000009fbe2fd970:   00000000c5298701 00000000000000e6
0x0000009fbe2fd980:   00000282950095e8 000002829363d800
0x0000009fbe2fd990:   00000000c5298701 00007ffa55d37e29
0x0000009fbe2fd9a0:   000002829363d800 00000000c5298701
0x0000009fbe2fd9b0:   0000000082b6ab68 00000000c5298701
0x0000009fbe2fd9c0:   0000009fbe2fda48 000002828000a273
0x0000009fbe2fd9d0:   00000282950095e8 000002828000a273
0x0000009fbe2fd9e0:   00007ffa945563e0 0000000000000000
0x0000009fbe2fd9f0:   00000282934f6010 0000000000000000
0x0000009fbe2fda00:   0000009fbe2fda00 00000282950095b6
0x0000009fbe2fda10:   0000009fbe2fda70 00000282950321f0
0x0000009fbe2fda20:   0000000000000000 0000000082be84b0 

Instructions: (pc=0x00007ffa94556490)
0x00007ffa94556390:   18 00 00 00 66 0f 6f 05 c4 02 04 00 f3 0f 7f 05
0x00007ffa945563a0:   64 17 05 00 c7 05 6e 17 05 00 08 00 00 00 c7 05
0x00007ffa945563b0:   88 17 05 00 01 00 00 00 c7 05 06 1b 05 00 ff ff
0x00007ffa945563c0:   ff ff c7 05 bc 17 05 00 01 00 00 00 48 83 c4 28
0x00007ffa945563d0:   c3 cc cc cc cc cc cc cc cc cc cc cc cc cc cc cc
0x00007ffa945563e0:   40 53 48 83 ec 20 83 3d 03 17 05 00 00 48 8b d9
0x00007ffa945563f0:   75 11 33 d2 b9 01 00 01 00 48 83 c4 20 5b e9 5d
0x00007ffa94556400:   b8 ff ff 48 85 db 0f 84 a5 00 00 00 0f 57 c0 33
0x00007ffa94556410:   c0 0f 11 81 c0 02 00 00 0f 11 81 d0 02 00 00 0f
0x00007ffa94556420:   11 81 e0 02 00 00 0f 11 81 f0 02 00 00 0f 11 81
0x00007ffa94556430:   00 03 00 00 0f 11 81 10 03 00 00 0f 11 81 20 03
0x00007ffa94556440:   00 00 0f 11 81 30 03 00 00 48 89 81 40 03 00 00
0x00007ffa94556450:   48 8d 0d 35 25 05 00 e8 54 47 00 00 48 3b d8 75
0x00007ffa94556460:   07 33 c9 e8 48 b6 ff ff 48 8b cb e8 80 4a 00 00
0x00007ffa94556470:   48 8b 0d 69 1a 05 00 48 8d 15 62 1a 05 00 48 3b
0x00007ffa94556480:   cb 74 1b 0f 1f 40 00 66 0f 1f 84 00 00 00 00 00
0x00007ffa94556490:   48 8b 01 48 8b d1 48 8b c8 48 3b c3 75 f2 48 8b
0x00007ffa945564a0:   03 48 8b cb 48 89 02 48 83 c4 20 5b e9 97 27 01
0x00007ffa945564b0:   00 48 83 c4 20 5b c3 cc cc cc cc cc cc cc cc cc
0x00007ffa945564c0:   83 3d 29 16 05 00 00 75 0c 33 d2 b9 01 00 01 00
0x00007ffa945564d0:   e9 8b b7 ff ff e9 d6 4a 00 00 cc cc cc cc cc cc
0x00007ffa945564e0:   33 c0 48 85 d2 74 02 89 02 4d 85 c0 74 03 41 89
0x00007ffa945564f0:   00 39 05 f9 15 05 00 75 0c 33 d2 b9 01 00 01 00
0x00007ffa94556500:   e9 5b b7 ff ff e9 96 4c 00 00 cc cc cc cc cc cc
0x00007ffa94556510:   48 83 ec 28 83 3d d5 15 05 00 00 75 13 33 d2 b9
0x00007ffa94556520:   01 00 01 00 e8 37 b7 ff ff 33 c0 48 83 c4 28 c3
0x00007ffa94556530:   81 fa 01 20 02 00 0f 8f 94 00 00 00 0f 84 83 00
0x00007ffa94556540:   00 00 8d 82 ff ff fd ff 83 f8 0b 0f 87 12 01 00
0x00007ffa94556550:   00 48 98 4c 8d 05 a6 9a ff ff 41 8b 84 80 80 66
0x00007ffa94556560:   00 00 49 03 c0 ff e0 48 83 c4 28 e9 50 60 00 00
0x00007ffa94556570:   48 83 c4 28 e9 87 60 00 00 48 83 c4 28 e9 9e 60
0x00007ffa94556580:   00 00 48 83 c4 28 e9 85 60 00 00 48 83 c4 28 e9 


Stack slot to memory mapping:
stack at sp + 0 slots: 0x00000282934f6010 points into unknown readable memory: 30 4b 43 91 82 02 00 00
stack at sp + 1 slots: 
[error occurred during error reporting (inspecting top of stack), id 0xc0000005, EXCEPTION_ACCESS_VIOLATION (0xc0000005) at pc=0x00007ffa55ca874f]


---------------  P R O C E S S  ---------------

Threads class SMR info:
_java_thread_list=0x0000028293da0e60, length=36, elements={
0x00000282feace000, 0x00000282feacf800, 0x00000282feaf2800, 0x00000282feaf3800,
0x00000282feaf5000, 0x00000282feafb000, 0x00000282feab3000, 0x00000282ff81e000,
0x0000028291330000, 0x0000028291435800, 0x0000028291892800, 0x00000282917f5000,
0x000002829226b800, 0x0000028292251800, 0x0000028292231800, 0x0000028293559000,
0x000002829355a800, 0x000002829355b800, 0x0000028293558000, 0x0000028293559800,
0x000002829355c000, 0x0000028293557800, 0x000002829355d000, 0x000002829355e000,
0x0000028293637000, 0x000002829363b000, 0x0000028293638000, 0x0000028293639000,
0x0000028293636800, 0x000002829363d000, 0x000002829363c000, 0x000002829363d800,
0x000002829363a800, 0x000002829363e800, 0x000002829363f800, 0x0000028293639800
}

Java Threads: ( => current thread )
  0x00000282feace000 JavaThread "Reference Handler" daemon [_thread_blocked, id=12872, stack(0x0000009fbbc00000,0x0000009fbbd00000)]
  0x00000282feacf800 JavaThread "Finalizer" daemon [_thread_blocked, id=11672, stack(0x0000009fbbd00000,0x0000009fbbe00000)]
  0x00000282feaf2800 JavaThread "Signal Dispatcher" daemon [_thread_blocked, id=3944, stack(0x0000009fbbe00000,0x0000009fbbf00000)]
  0x00000282feaf3800 JavaThread "Attach Listener" daemon [_thread_blocked, id=11564, stack(0x0000009fbbf00000,0x0000009fbc000000)]
  0x00000282feaf5000 JavaThread "C1 CompilerThread0" daemon [_thread_blocked, id=10120, stack(0x0000009fbc000000,0x0000009fbc100000)]
  0x00000282feafb000 JavaThread "Sweeper thread" daemon [_thread_blocked, id=7152, stack(0x0000009fbc100000,0x0000009fbc200000)]
  0x00000282feab3000 JavaThread "Common-Cleaner" daemon [_thread_blocked, id=11684, stack(0x0000009fbc200000,0x0000009fbc300000)]
  0x00000282ff81e000 JavaThread "Monitor Ctrl-Break" daemon [_thread_in_native, id=6644, stack(0x0000009fbc300000,0x0000009fbc400000)]
  0x0000028291330000 JavaThread "Service Thread" daemon [_thread_blocked, id=12300, stack(0x0000009fbc400000,0x0000009fbc500000)]
  0x0000028291435800 JavaThread "RMI TCP Accept-0" daemon [_thread_in_native, id=15220, stack(0x0000009fbc500000,0x0000009fbc600000)]
  0x0000028291892800 JavaThread "RMI TCP Connection(1)-192.168.99.1" daemon [_thread_in_native, id=4272, stack(0x0000009fbcc00000,0x0000009fbcd00000)]
  0x00000282917f5000 JavaThread "RMI Scheduler(0)" daemon [_thread_blocked, id=9768, stack(0x0000009fbce00000,0x0000009fbcf00000)]
  0x000002829226b800 JavaThread "Catalina-utility-1" [_thread_blocked, id=13404, stack(0x0000009fbcf00000,0x0000009fbd000000)]
  0x0000028292251800 JavaThread "Catalina-utility-2" [_thread_blocked, id=11160, stack(0x0000009fbd000000,0x0000009fbd100000)]
  0x0000028292231800 JavaThread "container-0" [_thread_blocked, id=6332, stack(0x0000009fbd100000,0x0000009fbd200000)]
  0x0000028293559000 JavaThread "MessageBroker-1" [_thread_blocked, id=9772, stack(0x0000009fbd200000,0x0000009fbd300000)]
  0x000002829355a800 JavaThread "File Watcher" daemon [_thread_blocked, id=11412, stack(0x0000009fbd300000,0x0000009fbd400000)]
  0x000002829355b800 JavaThread "Live Reload Server" daemon [_thread_in_native, id=7752, stack(0x0000009fbd500000,0x0000009fbd600000)]
  0x0000028293558000 JavaThread "http-nio-8082-BlockPoller" daemon [_thread_in_native, id=4300, stack(0x0000009fbd400000,0x0000009fbd500000)]
  0x0000028293559800 JavaThread "http-nio-8082-exec-1" daemon [_thread_blocked, id=3732, stack(0x0000009fbd600000,0x0000009fbd700000)]
  0x000002829355c000 JavaThread "http-nio-8082-exec-2" daemon [_thread_blocked, id=14256, stack(0x0000009fbd700000,0x0000009fbd800000)]
  0x0000028293557800 JavaThread "http-nio-8082-exec-3" daemon [_thread_blocked, id=3992, stack(0x0000009fbd800000,0x0000009fbd900000)]
  0x000002829355d000 JavaThread "http-nio-8082-exec-4" daemon [_thread_blocked, id=13568, stack(0x0000009fbd900000,0x0000009fbda00000)]
  0x000002829355e000 JavaThread "http-nio-8082-exec-5" daemon [_thread_blocked, id=5132, stack(0x0000009fbda00000,0x0000009fbdb00000)]
  0x0000028293637000 JavaThread "http-nio-8082-exec-6" daemon [_thread_blocked, id=10628, stack(0x0000009fbdb00000,0x0000009fbdc00000)]
  0x000002829363b000 JavaThread "http-nio-8082-exec-7" daemon [_thread_blocked, id=13048, stack(0x0000009fbdc00000,0x0000009fbdd00000)]
  0x0000028293638000 JavaThread "http-nio-8082-exec-8" daemon [_thread_blocked, id=8064, stack(0x0000009fbdd00000,0x0000009fbde00000)]
  0x0000028293639000 JavaThread "http-nio-8082-exec-9" daemon [_thread_blocked, id=14832, stack(0x0000009fbde00000,0x0000009fbdf00000)]
  0x0000028293636800 JavaThread "http-nio-8082-exec-10" daemon [_thread_blocked, id=11664, stack(0x0000009fbdf00000,0x0000009fbe000000)]
  0x000002829363d000 JavaThread "http-nio-8082-ClientPoller" daemon [_thread_in_native, id=12000, stack(0x0000009fbe000000,0x0000009fbe100000)]
  0x000002829363c000 JavaThread "http-nio-8082-Acceptor" daemon [_thread_in_native, id=11992, stack(0x0000009fbe100000,0x0000009fbe200000)]
=>0x000002829363d800 JavaThread "Game" [_thread_in_native, id=12056, stack(0x0000009fbe200000,0x0000009fbe300000)]
  0x000002829363a800 JavaThread "DestroyJavaVM" [_thread_blocked, id=15000, stack(0x0000009fbb500000,0x0000009fbb600000)]
  0x000002829363e800 JavaThread "RMI TCP Connection(2)-192.168.99.1" daemon [_thread_in_native, id=6388, stack(0x0000009fbe800000,0x0000009fbe900000)]
  0x000002829363f800 JavaThread "Java2D Disposer" daemon [_thread_blocked, id=4500, stack(0x0000009fbe900000,0x0000009fbea00000)]
  0x0000028293639800 JavaThread "RMI TCP Connection(3)-192.168.99.1" daemon [_thread_in_native, id=1564, stack(0x0000009fbea00000,0x0000009fbeb00000)]

Other Threads:
  0x00000282feaca800 VMThread "VM Thread" [stack: 0x0000009fbbb00000,0x0000009fbbc00000] [id=13792]
  0x0000028291425000 WatcherThread [stack: 0x0000009fbc600000,0x0000009fbc700000] [id=12612]
  0x00000282f1514000 GCTaskThread "GC Thread#0" [stack: 0x0000009fbb600000,0x0000009fbb700000] [id=11256]
  0x0000028291426000 GCTaskThread "GC Thread#1" [stack: 0x0000009fbc700000,0x0000009fbc800000] [id=14972]
  0x0000028291422800 GCTaskThread "GC Thread#2" [stack: 0x0000009fbc800000,0x0000009fbc900000] [id=4780]
  0x00000282918ea000 GCTaskThread "GC Thread#3" [stack: 0x0000009fbcd00000,0x0000009fbce00000] [id=672]
  0x00000282f1525800 ConcurrentGCThread "G1 Main Marker" [stack: 0x0000009fbb700000,0x0000009fbb800000] [id=7264]
  0x00000282f1527800 ConcurrentGCThread "G1 Conc#0" [stack: 0x0000009fbb800000,0x0000009fbb900000] [id=3128]
  0x00000282fe944800 ConcurrentGCThread "G1 Refine#0" [stack: 0x0000009fbb900000,0x0000009fbba00000] [id=996]
  0x00000282ff6a9000 ConcurrentGCThread "G1 Refine#1" [stack: 0x0000009fbc900000,0x0000009fbca00000] [id=11900]
  0x00000282fe946800 ConcurrentGCThread "G1 Young RemSet Sampling" [stack: 0x0000009fbba00000,0x0000009fbbb00000] [id=8936]

Threads with active compile tasks:

VM state:not at safepoint (normal execution)

VM Mutex/Monitor currently owned by a thread: None

Heap address: 0x0000000081c00000, size: 2020 MB, Compressed Oops mode: 32-bit
Narrow klass base: 0x0000000800000000, Narrow klass shift: 3
Compressed class space size: 1073741824 Address: 0x0000000800b40000

Heap:
 garbage-first heap   total 86016K, used 38820K [0x0000000081c00000, 0x0000000100000000)
  region size 1024K, 10 young (10240K), 1 survivors (1024K)
 Metaspace       used 36414K, capacity 37587K, committed 37888K, reserved 1081344K
  class space    used 4572K, capacity 5030K, committed 5120K, reserved 1048576K
Heap Regions: E=young(eden), S=young(survivor), O=old, HS=humongous(starts), HC=humongous(continues), CS=collection set, F=free, A=archive, TAMS=top-at-mark-start (previous, next)
|   0|0x0000000081c00000, 0x0000000081d00000, 0x0000000081d00000|100%| O|  |TAMS 0x0000000081d00000, 0x0000000081c00000| Untracked 
|   1|0x0000000081d00000, 0x0000000081e00000, 0x0000000081e00000|100%| O|  |TAMS 0x0000000081e00000, 0x0000000081d00000| Untracked 
|   2|0x0000000081e00000, 0x0000000081f00000, 0x0000000081f00000|100%| O|  |TAMS 0x0000000081f00000, 0x0000000081e00000| Untracked 
|   3|0x0000000081f00000, 0x0000000082000000, 0x0000000082000000|100%| O|  |TAMS 0x0000000082000000, 0x0000000081f00000| Untracked 
|   4|0x0000000082000000, 0x0000000082100000, 0x0000000082100000|100%| O|  |TAMS 0x0000000082100000, 0x0000000082000000| Untracked 
|   5|0x0000000082100000, 0x0000000082200000, 0x0000000082200000|100%| O|  |TAMS 0x0000000082200000, 0x0000000082100000| Untracked 
|   6|0x0000000082200000, 0x0000000082300000, 0x0000000082300000|100%| O|  |TAMS 0x0000000082300000, 0x0000000082200000| Untracked 
|   7|0x0000000082300000, 0x0000000082400000, 0x0000000082400000|100%| O|  |TAMS 0x0000000082400000, 0x0000000082300000| Untracked 
|   8|0x0000000082400000, 0x0000000082500000, 0x0000000082500000|100%| O|  |TAMS 0x0000000082500000, 0x0000000082400000| Untracked 
|   9|0x0000000082500000, 0x0000000082600000, 0x0000000082600000|100%| O|  |TAMS 0x0000000082600000, 0x0000000082500000| Untracked 
|  10|0x0000000082600000, 0x0000000082700000, 0x0000000082700000|100%| O|  |TAMS 0x0000000082700000, 0x0000000082600000| Untracked 
|  11|0x0000000082700000, 0x0000000082800000, 0x0000000082800000|100%| O|  |TAMS 0x0000000082800000, 0x0000000082700000| Untracked 
|  12|0x0000000082800000, 0x0000000082900000, 0x0000000082900000|100%| O|  |TAMS 0x0000000082900000, 0x0000000082800000| Untracked 
|  13|0x0000000082900000, 0x0000000082a00000, 0x0000000082a00000|100%| O|  |TAMS 0x0000000082a00000, 0x0000000082900000| Untracked 
|  14|0x0000000082a00000, 0x0000000082b00000, 0x0000000082b00000|100%| O|  |TAMS 0x0000000082b00000, 0x0000000082a00000| Untracked 
|  15|0x0000000082b00000, 0x0000000082c00000, 0x0000000082c00000|100%| O|  |TAMS 0x0000000082c00000, 0x0000000082b00000| Untracked 
|  16|0x0000000082c00000, 0x0000000082d00000, 0x0000000082d00000|100%|HS|  |TAMS 0x0000000082c00000, 0x0000000082c00000| Complete 
|  17|0x0000000082d00000, 0x0000000082e00000, 0x0000000082e00000|100%|HC|  |TAMS 0x0000000082d00000, 0x0000000082d00000| Complete 
|  18|0x0000000082e00000, 0x0000000082f00000, 0x0000000082f00000|100%|HC|  |TAMS 0x0000000082e00000, 0x0000000082e00000| Complete 
|  19|0x0000000082f00000, 0x0000000083000000, 0x0000000083000000|100%|HC|  |TAMS 0x0000000082f00000, 0x0000000082f00000| Complete 
|  20|0x0000000083000000, 0x0000000083000000, 0x0000000083100000|  0%| F|  |TAMS 0x0000000083000000, 0x0000000083000000| Untracked 
|  21|0x0000000083100000, 0x0000000083100000, 0x0000000083200000|  0%| F|  |TAMS 0x0000000083100000, 0x0000000083100000| Untracked 
|  22|0x0000000083200000, 0x0000000083200000, 0x0000000083300000|  0%| F|  |TAMS 0x0000000083200000, 0x0000000083200000| Untracked 
|  23|0x0000000083300000, 0x0000000083303c00, 0x0000000083400000|  1%| O|  |TAMS 0x0000000083303200, 0x0000000083300000| Untracked 
|  24|0x0000000083400000, 0x00000000834e1a00, 0x0000000083500000| 88%| O|  |TAMS 0x00000000834e1a00, 0x0000000083400000| Untracked 
|  25|0x0000000083500000, 0x0000000083600000, 0x0000000083600000|100%|HS|  |TAMS 0x0000000083500000, 0x0000000083500000| Complete 
|  26|0x0000000083600000, 0x0000000083700000, 0x0000000083700000|100%|HC|  |TAMS 0x0000000083600000, 0x0000000083600000| Complete 
|  27|0x0000000083700000, 0x0000000083800000, 0x0000000083800000|100%|HC|  |TAMS 0x0000000083700000, 0x0000000083700000| Complete 
|  28|0x0000000083800000, 0x0000000083900000, 0x0000000083900000|100%|HC|  |TAMS 0x0000000083800000, 0x0000000083800000| Complete 
|  29|0x0000000083900000, 0x0000000083a00000, 0x0000000083a00000|100%|HS|  |TAMS 0x0000000083a00000, 0x0000000083900000| Complete 
|  30|0x0000000083a00000, 0x0000000083b00000, 0x0000000083b00000|100%|HC|  |TAMS 0x0000000083b00000, 0x0000000083a00000| Complete 
|  31|0x0000000083b00000, 0x0000000083c00000, 0x0000000083c00000|100%|HC|  |TAMS 0x0000000083c00000, 0x0000000083b00000| Complete 
|  32|0x0000000083c00000, 0x0000000083d00000, 0x0000000083d00000|100%|HC|  |TAMS 0x0000000083d00000, 0x0000000083c00000| Complete 
|  33|0x0000000083d00000, 0x0000000083d00000, 0x0000000083e00000|  0%| F|  |TAMS 0x0000000083d00000, 0x0000000083d00000| Untracked 
|  34|0x0000000083e00000, 0x0000000083e00000, 0x0000000083f00000|  0%| F|  |TAMS 0x0000000083e00000, 0x0000000083e00000| Untracked 
|  35|0x0000000083f00000, 0x0000000083f01400, 0x0000000084000000|  0%| O|  |TAMS 0x0000000083f01400, 0x0000000083f00000| Untracked 
|  36|0x0000000084000000, 0x0000000084100000, 0x0000000084100000|100%| O|  |TAMS 0x0000000084100000, 0x0000000084000000| Untracked 
|  37|0x0000000084100000, 0x0000000084100000, 0x0000000084200000|  0%| F|  |TAMS 0x0000000084100000, 0x0000000084100000| Untracked 
|  38|0x0000000084200000, 0x0000000084200000, 0x0000000084300000|  0%| F|  |TAMS 0x0000000084200000, 0x0000000084200000| Untracked 
|  39|0x0000000084300000, 0x0000000084300000, 0x0000000084400000|  0%| F|  |TAMS 0x0000000084300000, 0x0000000084300000| Untracked 
|  40|0x0000000084400000, 0x0000000084400000, 0x0000000084500000|  0%| F|  |TAMS 0x0000000084400000, 0x0000000084400000| Untracked 
|  41|0x0000000084500000, 0x0000000084500000, 0x0000000084600000|  0%| F|  |TAMS 0x0000000084500000, 0x0000000084500000| Untracked 
|  42|0x0000000084600000, 0x0000000084600000, 0x0000000084700000|  0%| F|  |TAMS 0x0000000084600000, 0x0000000084600000| Untracked 
|  43|0x0000000084700000, 0x0000000084700000, 0x0000000084800000|  0%| F|  |TAMS 0x0000000084700000, 0x0000000084700000| Untracked 
|  44|0x0000000084800000, 0x0000000084800000, 0x0000000084900000|  0%| F|  |TAMS 0x0000000084800000, 0x0000000084800000| Untracked 
|  45|0x0000000084900000, 0x0000000084900000, 0x0000000084a00000|  0%| F|  |TAMS 0x0000000084900000, 0x0000000084900000| Untracked 
|  46|0x0000000084a00000, 0x0000000084a00000, 0x0000000084b00000|  0%| F|  |TAMS 0x0000000084a00000, 0x0000000084a00000| Untracked 
|  47|0x0000000084b00000, 0x0000000084b00000, 0x0000000084c00000|  0%| F|  |TAMS 0x0000000084b00000, 0x0000000084b00000| Untracked 
|  48|0x0000000084c00000, 0x0000000084c00000, 0x0000000084d00000|  0%| F|  |TAMS 0x0000000084c00000, 0x0000000084c00000| Untracked 
|  49|0x0000000084d00000, 0x0000000084d00000, 0x0000000084e00000|  0%| F|  |TAMS 0x0000000084d00000, 0x0000000084d00000| Untracked 
|  50|0x0000000084e00000, 0x0000000084e00000, 0x0000000084f00000|  0%| F|  |TAMS 0x0000000084e00000, 0x0000000084e00000| Untracked 
|  51|0x0000000084f00000, 0x0000000084f00000, 0x0000000085000000|  0%| F|  |TAMS 0x0000000084f00000, 0x0000000084f00000| Untracked 
|  52|0x0000000085000000, 0x0000000085000000, 0x0000000085100000|  0%| F|  |TAMS 0x0000000085000000, 0x0000000085000000| Untracked 
|  53|0x0000000085100000, 0x0000000085100000, 0x0000000085200000|  0%| F|  |TAMS 0x0000000085100000, 0x0000000085100000| Untracked 
|  54|0x0000000085200000, 0x0000000085200000, 0x0000000085300000|  0%| F|  |TAMS 0x0000000085200000, 0x0000000085200000| Untracked 
|  55|0x0000000085300000, 0x0000000085300000, 0x0000000085400000|  0%| F|  |TAMS 0x0000000085300000, 0x0000000085300000| Untracked 
|  56|0x0000000085400000, 0x0000000085400000, 0x0000000085500000|  0%| F|  |TAMS 0x0000000085400000, 0x0000000085400000| Untracked 
|  57|0x0000000085500000, 0x0000000085500000, 0x0000000085600000|  0%| F|  |TAMS 0x0000000085500000, 0x0000000085500000| Untracked 
|  58|0x0000000085600000, 0x0000000085600000, 0x0000000085700000|  0%| F|  |TAMS 0x0000000085600000, 0x0000000085600000| Untracked 
|  59|0x0000000085700000, 0x0000000085700000, 0x0000000085800000|  0%| F|  |TAMS 0x0000000085700000, 0x0000000085700000| Untracked 
|  60|0x0000000085800000, 0x0000000085800000, 0x0000000085900000|  0%| F|  |TAMS 0x0000000085800000, 0x0000000085800000| Untracked 
|  61|0x0000000085900000, 0x0000000085900000, 0x0000000085a00000|  0%| F|  |TAMS 0x0000000085900000, 0x0000000085900000| Untracked 
|  62|0x0000000085a00000, 0x0000000085a00000, 0x0000000085b00000|  0%| F|  |TAMS 0x0000000085a00000, 0x0000000085a00000| Untracked 
|  63|0x0000000085b00000, 0x0000000085b00000, 0x0000000085c00000|  0%| F|  |TAMS 0x0000000085b00000, 0x0000000085b00000| Untracked 
|  64|0x0000000085c00000, 0x0000000085c00000, 0x0000000085d00000|  0%| F|  |TAMS 0x0000000085c00000, 0x0000000085c00000| Untracked 
|  65|0x0000000085d00000, 0x0000000085d00000, 0x0000000085e00000|  0%| F|  |TAMS 0x0000000085d00000, 0x0000000085d00000| Untracked 
|  66|0x0000000085e00000, 0x0000000085e00000, 0x0000000085f00000|  0%| F|  |TAMS 0x0000000085e00000, 0x0000000085e00000| Untracked 
|  67|0x0000000085f00000, 0x0000000085f00000, 0x0000000086000000|  0%| F|  |TAMS 0x0000000085f00000, 0x0000000085f00000| Untracked 
|  68|0x0000000086000000, 0x0000000086000000, 0x0000000086100000|  0%| F|  |TAMS 0x0000000086000000, 0x0000000086000000| Untracked 
|  69|0x0000000086100000, 0x0000000086100000, 0x0000000086200000|  0%| F|  |TAMS 0x0000000086100000, 0x0000000086100000| Untracked 
|  70|0x0000000086200000, 0x0000000086200000, 0x0000000086300000|  0%| F|  |TAMS 0x0000000086200000, 0x0000000086200000| Untracked 
|  71|0x0000000086300000, 0x0000000086300000, 0x0000000086400000|  0%| F|  |TAMS 0x0000000086300000, 0x0000000086300000| Untracked 
|  72|0x0000000086400000, 0x0000000086400000, 0x0000000086500000|  0%| F|  |TAMS 0x0000000086400000, 0x0000000086400000| Untracked 
|  73|0x0000000086500000, 0x0000000086500000, 0x0000000086600000|  0%| F|  |TAMS 0x0000000086500000, 0x0000000086500000| Untracked 
|  74|0x0000000086600000, 0x0000000086694268, 0x0000000086700000| 57%| E|  |TAMS 0x0000000086600000, 0x0000000086600000| Complete 
|  75|0x0000000086700000, 0x0000000086800000, 0x0000000086800000|100%| E|CS|TAMS 0x0000000086700000, 0x0000000086700000| Complete 
|  76|0x0000000086800000, 0x0000000086900000, 0x0000000086900000|100%| E|CS|TAMS 0x0000000086800000, 0x0000000086800000| Complete 
|  77|0x0000000086900000, 0x0000000086a00000, 0x0000000086a00000|100%| E|CS|TAMS 0x0000000086900000, 0x0000000086900000| Complete 
|  78|0x0000000086a00000, 0x0000000086a02910, 0x0000000086b00000|  1%| S|CS|TAMS 0x0000000086a00000, 0x0000000086a00000| Complete 
|  79|0x0000000086b00000, 0x0000000086c00000, 0x0000000086c00000|100%| E|CS|TAMS 0x0000000086b00000, 0x0000000086b00000| Complete 
|  80|0x0000000086c00000, 0x0000000086d00000, 0x0000000086d00000|100%| E|CS|TAMS 0x0000000086c00000, 0x0000000086c00000| Complete 
| 121|0x0000000089500000, 0x0000000089600000, 0x0000000089600000|100%| E|CS|TAMS 0x0000000089500000, 0x0000000089500000| Complete 
| 122|0x0000000089600000, 0x0000000089700000, 0x0000000089700000|100%| E|CS|TAMS 0x0000000089600000, 0x0000000089600000| Complete 
| 153|0x000000008b500000, 0x000000008b600000, 0x000000008b600000|100%| E|CS|TAMS 0x000000008b500000, 0x000000008b500000| Complete 

Card table byte_map: [0x00000282f9db0000,0x00000282fa1b0000] _byte_map_base: 0x00000282f99a2000

Marking Bits (Prev, Next): (CMBitMap*) 0x00000282f1514af8, (CMBitMap*) 0x00000282f1514b38
 Prev Bits: [0x00000282fa5b0000, 0x00000282fc540000)
 Next Bits: [0x00000282fc540000, 0x00000282fe4d0000)

Polling page: 0x00000282ef420000

Metaspace:

Usage:
  Non-class:     31.79 MB capacity,    31.10 MB ( 98%) used,   585.63 KB (  2%) free+waste,   129.25 KB ( <1%) overhead. 
      Class:      4.91 MB capacity,     4.47 MB ( 91%) used,   393.19 KB (  8%) free+waste,    64.63 KB (  1%) overhead. 
       Both:     36.71 MB capacity,    35.56 MB ( 97%) used,   978.81 KB (  3%) free+waste,   193.88 KB ( <1%) overhead. 

Virtual space:
  Non-class space:       32.00 MB reserved,      32.00 MB (100%) committed 
      Class space:        1.00 GB reserved,       5.00 MB ( <1%) committed 
             Both:        1.03 GB reserved,      37.00 MB (  4%) committed 

Chunk freelists:
   Non-Class:  83.00 KB
       Class:  0 bytes
        Both:  83.00 KB

MaxMetaspaceSize: 17179869184.00 GB
CompressedClassSpaceSize: 1.00 GB

CodeHeap 'non-profiled nmethods': size=238912Kb used=7655Kb max_used=7655Kb free=231257Kb
 bounds [0x00000282806b0000, 0x0000028280e30000, 0x000002828f000000]
CodeHeap 'non-nmethods': size=6848Kb used=1671Kb max_used=1671Kb free=5176Kb
 bounds [0x0000028280000000, 0x0000028280270000, 0x00000282806b0000]
 total_blobs=5939 nmethods=4568 adapters=1001
 compilation: enabled
              stopped_count=0, restarted_count=0
 full_count=0

Compilation events (20 events):
Event: 11.994 Thread 0x00000282feaf5000 4583       1       org.springframework.boot.ansi.AnsiColor::toString (5 bytes)
Event: 11.994 Thread 0x00000282feaf5000 nmethod 4583 0x0000028280e26610 code [0x0000028280e267a0, 0x0000028280e268d8]
Event: 11.994 Thread 0x00000282feaf5000 4584       1       java.io.BufferedOutputStream::flushBuffer (29 bytes)
Event: 11.994 Thread 0x00000282feaf5000 nmethod 4584 0x0000028280e26990 code [0x0000028280e26b40, 0x0000028280e26cd0]
Event: 13.372 Thread 0x00000282feaf5000 4585       1       java.lang.Thread::interrupted (8 bytes)
Event: 13.373 Thread 0x00000282feaf5000 nmethod 4585 0x0000028280e26d90 code [0x0000028280e26f40, 0x0000028280e27070]
Event: 14.011 Thread 0x00000282feaf5000 4586  s    1       java.io.BufferedOutputStream::flush (12 bytes)
Event: 14.011 Thread 0x00000282feaf5000 nmethod 4586 0x0000028280e27110 code [0x0000028280e272c0, 0x0000028280e27600]
Event: 14.664 Thread 0x00000282feaf5000 4587       1       org.springframework.boot.logging.logback.ColorConverter::transform (10 bytes)
Event: 14.664 Thread 0x00000282feaf5000 nmethod 4587 0x0000028280e27710 code [0x0000028280e278c0, 0x0000028280e27a70]
Event: 14.664 Thread 0x00000282feaf5000 4588       1       org.springframework.boot.logging.logback.ColorConverter::transform (60 bytes)
Event: 14.665 Thread 0x00000282feaf5000 nmethod 4588 0x0000028280e27b10 code [0x0000028280e27d40, 0x0000028280e283a0]
Event: 14.665 Thread 0x00000282feaf5000 4589       1       org.springframework.boot.logging.logback.ColorConverter::toAnsiString (16 bytes)
Event: 14.665 Thread 0x00000282feaf5000 nmethod 4589 0x0000028280e28690 code [0x0000028280e28880, 0x0000028280e28d30]
Event: 22.597 Thread 0x00000282feaf5000 4590       1       ch.qos.logback.core.UnsynchronizedAppenderBase::isStarted (5 bytes)
Event: 22.597 Thread 0x00000282feaf5000 nmethod 4590 0x0000028280e28f10 code [0x0000028280e290a0, 0x0000028280e291d8]
Event: 22.598 Thread 0x00000282feaf5000 4591       1       ch.qos.logback.core.pattern.SpacePadder::spacePad (53 bytes)
Event: 22.598 Thread 0x00000282feaf5000 nmethod 4591 0x0000028280e29290 code [0x0000028280e29460, 0x0000028280e296a0]
Event: 24.082 Thread 0x00000282feaf5000 4592       1       ch.qos.logback.classic.spi.LoggingEvent::getLevel (5 bytes)
Event: 24.083 Thread 0x00000282feaf5000 nmethod 4592 0x0000028280e29890 code [0x0000028280e29a20, 0x0000028280e29b58]

GC Heap History (20 events):
Event: 10.716 GC heap before
{Heap before GC invocations=71 (full 0):
 garbage-first heap   total 86016K, used 42903K [0x0000000081c00000, 0x0000000100000000)
  region size 1024K, 7 young (7168K), 1 survivors (1024K)
 Metaspace       used 36407K, capacity 37587K, committed 37888K, reserved 1081344K
  class space    used 4571K, capacity 5030K, committed 5120K, reserved 1048576K
}
Event: 10.717 GC heap after
{Heap after GC invocations=72 (full 0):
 garbage-first heap   total 86016K, used 19353K [0x0000000081c00000, 0x0000000100000000)
  region size 1024K, 1 young (1024K), 1 survivors (1024K)
 Metaspace       used 36407K, capacity 37587K, committed 37888K, reserved 1081344K
  class space    used 4571K, capacity 5030K, committed 5120K, reserved 1048576K
}
Event: 10.816 GC heap before
{Heap before GC invocations=73 (full 0):
 garbage-first heap   total 86016K, used 39833K [0x0000000081c00000, 0x0000000100000000)
  region size 1024K, 7 young (7168K), 1 survivors (1024K)
 Metaspace       used 36407K, capacity 37587K, committed 37888K, reserved 1081344K
  class space    used 4571K, capacity 5030K, committed 5120K, reserved 1048576K
}
Event: 10.817 GC heap after
{Heap after GC invocations=74 (full 0):
 garbage-first heap   total 86016K, used 22426K [0x0000000081c00000, 0x0000000100000000)
  region size 1024K, 1 young (1024K), 1 survivors (1024K)
 Metaspace       used 36407K, capacity 37587K, committed 37888K, reserved 1081344K
  class space    used 4571K, capacity 5030K, committed 5120K, reserved 1048576K
}
Event: 10.941 GC heap before
{Heap before GC invocations=75 (full 0):
 garbage-first heap   total 86016K, used 37786K [0x0000000081c00000, 0x0000000100000000)
  region size 1024K, 5 young (5120K), 1 survivors (1024K)
 Metaspace       used 36407K, capacity 37587K, committed 37888K, reserved 1081344K
  class space    used 4571K, capacity 5030K, committed 5120K, reserved 1048576K
}
Event: 10.943 GC heap after
{Heap after GC invocations=76 (full 0):
 garbage-first heap   total 86016K, used 22424K [0x0000000081c00000, 0x0000000100000000)
  region size 1024K, 1 young (1024K), 1 survivors (1024K)
 Metaspace       used 36407K, capacity 37587K, committed 37888K, reserved 1081344K
  class space    used 4571K, capacity 5030K, committed 5120K, reserved 1048576K
}
Event: 11.079 GC heap before
{Heap before GC invocations=77 (full 0):
 garbage-first heap   total 86016K, used 37784K [0x0000000081c00000, 0x0000000100000000)
  region size 1024K, 5 young (5120K), 1 survivors (1024K)
 Metaspace       used 36407K, capacity 37587K, committed 37888K, reserved 1081344K
  class space    used 4571K, capacity 5030K, committed 5120K, reserved 1048576K
}
Event: 11.080 GC heap after
{Heap after GC invocations=78 (full 0):
 garbage-first heap   total 86016K, used 22438K [0x0000000081c00000, 0x0000000100000000)
  region size 1024K, 1 young (1024K), 1 survivors (1024K)
 Metaspace       used 36407K, capacity 37587K, committed 37888K, reserved 1081344K
  class space    used 4571K, capacity 5030K, committed 5120K, reserved 1048576K
}
Event: 11.213 GC heap before
{Heap before GC invocations=79 (full 0):
 garbage-first heap   total 86016K, used 37798K [0x0000000081c00000, 0x0000000100000000)
  region size 1024K, 5 young (5120K), 1 survivors (1024K)
 Metaspace       used 36407K, capacity 37587K, committed 37888K, reserved 1081344K
  class space    used 4571K, capacity 5030K, committed 5120K, reserved 1048576K
}
Event: 11.214 GC heap after
{Heap after GC invocations=80 (full 0):
 garbage-first heap   total 86016K, used 22501K [0x0000000081c00000, 0x0000000100000000)
  region size 1024K, 1 young (1024K), 1 survivors (1024K)
 Metaspace       used 36407K, capacity 37587K, committed 37888K, reserved 1081344K
  class space    used 4571K, capacity 5030K, committed 5120K, reserved 1048576K
}
Event: 11.348 GC heap before
{Heap before GC invocations=81 (full 0):
 garbage-first heap   total 86016K, used 37861K [0x0000000081c00000, 0x0000000100000000)
  region size 1024K, 5 young (5120K), 1 survivors (1024K)
 Metaspace       used 36407K, capacity 37587K, committed 37888K, reserved 1081344K
  class space    used 4571K, capacity 5030K, committed 5120K, reserved 1048576K
}
Event: 11.349 GC heap after
{Heap after GC invocations=82 (full 0):
 garbage-first heap   total 86016K, used 22502K [0x0000000081c00000, 0x0000000100000000)
  region size 1024K, 1 young (1024K), 1 survivors (1024K)
 Metaspace       used 36407K, capacity 37587K, committed 37888K, reserved 1081344K
  class space    used 4571K, capacity 5030K, committed 5120K, reserved 1048576K
}
Event: 11.483 GC heap before
{Heap before GC invocations=83 (full 0):
 garbage-first heap   total 86016K, used 37862K [0x0000000081c00000, 0x0000000100000000)
  region size 1024K, 5 young (5120K), 1 survivors (1024K)
 Metaspace       used 36407K, capacity 37587K, committed 37888K, reserved 1081344K
  class space    used 4571K, capacity 5030K, committed 5120K, reserved 1048576K
}
Event: 11.485 GC heap after
{Heap after GC invocations=84 (full 0):
 garbage-first heap   total 86016K, used 22500K [0x0000000081c00000, 0x0000000100000000)
  region size 1024K, 1 young (1024K), 1 survivors (1024K)
 Metaspace       used 36407K, capacity 37587K, committed 37888K, reserved 1081344K
  class space    used 4571K, capacity 5030K, committed 5120K, reserved 1048576K
}
Event: 11.626 GC heap before
{Heap before GC invocations=85 (full 0):
 garbage-first heap   total 86016K, used 37860K [0x0000000081c00000, 0x0000000100000000)
  region size 1024K, 5 young (5120K), 1 survivors (1024K)
 Metaspace       used 36407K, capacity 37587K, committed 37888K, reserved 1081344K
  class space    used 4571K, capacity 5030K, committed 5120K, reserved 1048576K
}
Event: 11.627 GC heap after
{Heap after GC invocations=86 (full 0):
 garbage-first heap   total 86016K, used 22436K [0x0000000081c00000, 0x0000000100000000)
  region size 1024K, 1 young (1024K), 1 survivors (1024K)
 Metaspace       used 36407K, capacity 37587K, committed 37888K, reserved 1081344K
  class space    used 4571K, capacity 5030K, committed 5120K, reserved 1048576K
}
Event: 11.758 GC heap before
{Heap before GC invocations=87 (full 0):
 garbage-first heap   total 86016K, used 37796K [0x0000000081c00000, 0x0000000100000000)
  region size 1024K, 5 young (5120K), 1 survivors (1024K)
 Metaspace       used 36407K, capacity 37587K, committed 37888K, reserved 1081344K
  class space    used 4571K, capacity 5030K, committed 5120K, reserved 1048576K
}
Event: 11.760 GC heap after
{Heap after GC invocations=88 (full 0):
 garbage-first heap   total 86016K, used 22434K [0x0000000081c00000, 0x0000000100000000)
  region size 1024K, 1 young (1024K), 1 survivors (1024K)
 Metaspace       used 36407K, capacity 37587K, committed 37888K, reserved 1081344K
  class space    used 4571K, capacity 5030K, committed 5120K, reserved 1048576K
}
Event: 11.890 GC heap before
{Heap before GC invocations=89 (full 0):
 garbage-first heap   total 86016K, used 37794K [0x0000000081c00000, 0x0000000100000000)
  region size 1024K, 5 young (5120K), 1 survivors (1024K)
 Metaspace       used 36407K, capacity 37587K, committed 37888K, reserved 1081344K
  class space    used 4571K, capacity 5030K, committed 5120K, reserved 1048576K
}
Event: 11.891 GC heap after
{Heap after GC invocations=90 (full 0):
 garbage-first heap   total 86016K, used 22436K [0x0000000081c00000, 0x0000000100000000)
  region size 1024K, 1 young (1024K), 1 survivors (1024K)
 Metaspace       used 36407K, capacity 37587K, committed 37888K, reserved 1081344K
  class space    used 4571K, capacity 5030K, committed 5120K, reserved 1048576K
}

Deoptimization events (0 events):
No events

Classes unloaded (1 events):
Event: 4.762 Thread 0x00000282feaca800 Unloading class 0x0000000800c2b040 'org/springframework/core/GenericTypeResolver$$Lambda$140'

Classes redefined (0 events):
No events

Internal exceptions (20 events):
Event: 4.599 Thread 0x000002829363d800 Exception <a 'sun/nio/fs/WindowsException'{0x0000000084160430}> (0x0000000084160430) 
thrown [t:/workspace/open/src/hotspot/share/prims/jni.cpp, line 598]
Event: 4.599 Thread 0x000002829363d800 Exception <a 'sun/nio/fs/WindowsException'{0x00000000841607e0}> (0x00000000841607e0) 
thrown [t:/workspace/open/src/hotspot/share/prims/jni.cpp, line 598]
Event: 4.604 Thread 0x000002829363d800 Exception <a 'sun/nio/fs/WindowsException'{0x00000000841c1868}> (0x00000000841c1868) 
thrown [t:/workspace/open/src/hotspot/share/prims/jni.cpp, line 598]
Event: 4.604 Thread 0x000002829363d800 Exception <a 'sun/nio/fs/WindowsException'{0x00000000841c1b50}> (0x00000000841c1b50) 
thrown [t:/workspace/open/src/hotspot/share/prims/jni.cpp, line 598]
Event: 4.760 Thread 0x000002829363d800 Exception <a 'java/io/FileNotFoundException'{0x00000000866fabd8}> (0x00000000866fabd8) 
thrown [t:/workspace/open/src/hotspot/share/prims/jni.cpp, line 598]
Event: 4.760 Thread 0x000002829363d800 Exception <a 'java/io/FileNotFoundException'{0x00000000866fbd88}> (0x00000000866fbd88) 
thrown [t:/workspace/open/src/hotspot/share/prims/jni.cpp, line 598]
Event: 4.761 Thread 0x000002829363d800 Exception <a 'java/io/FileNotFoundException'{0x0000000086504100}> (0x0000000086504100) 
thrown [t:/workspace/open/src/hotspot/share/prims/jni.cpp, line 598]
Event: 4.761 Thread 0x000002829363d800 Exception <a 'java/io/FileNotFoundException'{0x0000000086505318}> (0x0000000086505318) 
thrown [t:/workspace/open/src/hotspot/share/prims/jni.cpp, line 598]
Event: 5.014 Thread 0x000002829363d800 Exception <a 'java/io/FileNotFoundException'{0x00000000863ffc28}> (0x00000000863ffc28) 
thrown [t:/workspace/open/src/hotspot/share/prims/jni.cpp, line 598]
Event: 5.014 Thread 0x000002829363d800 Exception <a 'java/io/FileNotFoundException'{0x0000000086201288}> (0x0000000086201288) 
thrown [t:/workspace/open/src/hotspot/share/prims/jni.cpp, line 598]
Event: 5.014 Thread 0x000002829363d800 Exception <a 'java/io/FileNotFoundException'{0x00000000862090e8}> (0x00000000862090e8) 
thrown [t:/workspace/open/src/hotspot/share/prims/jni.cpp, line 598]
Event: 5.014 Thread 0x000002829363d800 Exception <a 'java/io/FileNotFoundException'{0x000000008620a300}> (0x000000008620a300) 
thrown [t:/workspace/open/src/hotspot/share/prims/jni.cpp, line 598]
Event: 5.374 Thread 0x000002829363d800 Exception <a 'java/io/FileNotFoundException'{0x0000000085296a38}> (0x0000000085296a38) 
thrown [t:/workspace/open/src/hotspot/share/prims/jni.cpp, line 598]
Event: 5.375 Thread 0x000002829363d800 Exception <a 'java/io/FileNotFoundException'{0x0000000085297e90}> (0x0000000085297e90) 
thrown [t:/workspace/open/src/hotspot/share/prims/jni.cpp, line 598]
Event: 5.375 Thread 0x000002829363d800 Exception <a 'java/io/FileNotFoundException'{0x000000008529ff98}> (0x000000008529ff98) 
thrown [t:/workspace/open/src/hotspot/share/prims/jni.cpp, line 598]
Event: 5.375 Thread 0x000002829363d800 Exception <a 'java/io/FileNotFoundException'{0x00000000852a1458}> (0x00000000852a1458) 
thrown [t:/workspace/open/src/hotspot/share/prims/jni.cpp, line 598]
Event: 5.676 Thread 0x000002829363d800 Exception <a 'java/lang/ClassNotFoundException'{0x00000000861ccfa0}: sun/awt/resources/spi/awtProvider> (0x00000000861ccfa0) 
thrown [t:/workspace/open/src/hotspot/share/classfile/systemDictionary.cpp, line 232]
Event: 5.680 Thread 0x000002829363d800 Exception <a 'java/io/FileNotFoundException'{0x00000000861d7090}> (0x00000000861d7090) 
thrown [t:/workspace/open/src/hotspot/share/prims/jni.cpp, line 598]
Event: 5.680 Thread 0x000002829363d800 Exception <a 'java/io/FileNotFoundException'{0x00000000861d92e0}> (0x00000000861d92e0) 
thrown [t:/workspace/open/src/hotspot/share/prims/jni.cpp, line 598]
Event: 5.792 Thread 0x000002829363d800 Exception <a 'java/lang/NoSuchMethodError'{0x0000000085062710}: 'void java.lang.invoke.DirectMethodHandle$Holder.invokeVirtual(java.lang.Object, java.lang.Object)'> (0x0000000085062710) 
thrown [t:/workspace/open/src/hotspot/share/interpreter/linkResolver.cpp, line 767]

Events (20 events):
Event: 11.917 Executing VM operation: G1Concurrent
Event: 11.919 Executing VM operation: G1Concurrent done
Event: 11.934 Executing VM operation: G1Concurrent
Event: 11.935 Executing VM operation: G1Concurrent done
Event: 13.372 Executing VM operation: RevokeBias
Event: 13.372 Executing VM operation: RevokeBias done
Event: 13.373 Executing VM operation: RevokeBias
Event: 13.373 Executing VM operation: RevokeBias done
Event: 13.373 loading class org/apache/catalina/webresources/Cache$EvictionOrder
Event: 13.373 loading class org/apache/catalina/webresources/Cache$EvictionOrder done
Event: 13.374 Executing VM operation: RevokeBias
Event: 13.374 Executing VM operation: RevokeBias done
Event: 13.374 loading class org/apache/tomcat/PeriodicEventListener
Event: 13.374 loading class org/apache/tomcat/PeriodicEventListener done
Event: 13.375 Executing VM operation: RevokeBias
Event: 13.375 Executing VM operation: RevokeBias done
Event: 13.375 Executing VM operation: RevokeBias
Event: 13.375 Executing VM operation: RevokeBias done
Event: 13.375 Executing VM operation: RevokeBias
Event: 13.375 Executing VM operation: RevokeBias done


Dynamic libraries:
0x00007ff734f80000 - 0x00007ff734f8f000 	C:\Program Files\Java\jdk-13.0.1\bin\java.exe
0x00007ffaadec0000 - 0x00007ffaae0b0000 	C:\WINDOWS\SYSTEM32\ntdll.dll
0x00007ffaad2c0000 - 0x00007ffaad372000 	C:\WINDOWS\System32\KERNEL32.DLL
0x00007ffaabb30000 - 0x00007ffaabdd5000 	C:\WINDOWS\System32\KERNELBASE.dll
0x00007ffaa8440000 - 0x00007ffaa84cf000 	C:\WINDOWS\SYSTEM32\apphelp.dll
0x00007ffaab990000 - 0x00007ffaaba8a000 	C:\WINDOWS\System32\ucrtbase.dll
0x00007ffa7d280000 - 0x00007ffa7d298000 	C:\Program Files\Java\jdk-13.0.1\bin\jli.dll
0x00007ffaad060000 - 0x00007ffaad103000 	C:\WINDOWS\System32\ADVAPI32.dll
0x00007ffaac7e0000 - 0x00007ffaac87e000 	C:\WINDOWS\System32\msvcrt.dll
0x00007ffaac530000 - 0x00007ffaac5c7000 	C:\WINDOWS\System32\sechost.dll
0x00007ffaac410000 - 0x00007ffaac530000 	C:\WINDOWS\System32\RPCRT4.dll
0x00007ffaac120000 - 0x00007ffaac2b5000 	C:\WINDOWS\System32\USER32.dll
0x00007ffaab960000 - 0x00007ffaab981000 	C:\WINDOWS\System32\win32u.dll
0x00007ffaacac0000 - 0x00007ffaacae6000 	C:\WINDOWS\System32\GDI32.dll
0x00007ffaaae50000 - 0x00007ffaaafe6000 	C:\WINDOWS\System32\gdi32full.dll
0x00007ffaaba90000 - 0x00007ffaabb2e000 	C:\WINDOWS\System32\msvcp_win.dll
0x00007ffa9add0000 - 0x00007ffa9b054000 	C:\WINDOWS\WinSxS\amd64_microsoft.windows.common-controls_6595b64144ccf1df_6.0.18362.1082_none_9e8193e1e45b25c1\COMCTL32.dll
0x00007ffaadad0000 - 0x00007ffaade05000 	C:\WINDOWS\System32\combase.dll
0x00007ffaab140000 - 0x00007ffaab1c0000 	C:\WINDOWS\System32\bcryptPrimitives.dll
0x00007ffaa4a30000 - 0x00007ffaa4a3a000 	C:\WINDOWS\SYSTEM32\VERSION.dll
0x00007ffa85f20000 - 0x00007ffa85f35000 	C:\Program Files\Java\jdk-13.0.1\bin\VCRUNTIME140.dll
0x00007ffaad010000 - 0x00007ffaad03e000 	C:\WINDOWS\System32\IMM32.DLL
0x00007ffa7cad0000 - 0x00007ffa7cb6b000 	C:\Program Files\Java\jdk-13.0.1\bin\msvcp140.dll
0x00007ffa559c0000 - 0x00007ffa56526000 	C:\Program Files\Java\jdk-13.0.1\bin\server\jvm.dll
0x00007ffaabf70000 - 0x00007ffaabf78000 	C:\WINDOWS\System32\PSAPI.DLL
0x00007ffa99140000 - 0x00007ffa99149000 	C:\WINDOWS\SYSTEM32\WSOCK32.dll
0x00007ffaac8f0000 - 0x00007ffaac95f000 	C:\WINDOWS\System32\WS2_32.dll
0x00007ffaa6100000 - 0x00007ffaa6124000 	C:\WINDOWS\SYSTEM32\WINMM.dll
0x00007ffaa60d0000 - 0x00007ffaa60fd000 	C:\WINDOWS\SYSTEM32\WINMMBASE.dll
0x00007ffaabec0000 - 0x00007ffaabf0a000 	C:\WINDOWS\System32\cfgmgr32.dll
0x00007ffaaad90000 - 0x00007ffaaada1000 	C:\WINDOWS\System32\kernel.appcore.dll
0x00007ffa96210000 - 0x00007ffa96220000 	C:\Program Files\Java\jdk-13.0.1\bin\verify.dll
0x00007ffaa9640000 - 0x00007ffaa9834000 	C:\WINDOWS\SYSTEM32\DBGHELP.DLL
0x00007ffa96eb0000 - 0x00007ffa96eda000 	C:\WINDOWS\SYSTEM32\dbgcore.DLL
0x00007ffa7d250000 - 0x00007ffa7d276000 	C:\Program Files\Java\jdk-13.0.1\bin\java.dll
0x00007ffaa7040000 - 0x00007ffaa704e000 	C:\Program Files\Java\jdk-13.0.1\bin\instrument.dll
0x00007ffa7d230000 - 0x00007ffa7d247000 	C:\Program Files\Java\jdk-13.0.1\bin\zip.dll
0x00007ffa7d220000 - 0x00007ffa7d22a000 	C:\Program Files\Java\jdk-13.0.1\bin\jimage.dll
0x00007ffaad3e0000 - 0x00007ffaadac7000 	C:\WINDOWS\System32\SHELL32.dll
0x00007ffaacf60000 - 0x00007ffaad009000 	C:\WINDOWS\System32\shcore.dll
0x00007ffaab1e0000 - 0x00007ffaab960000 	C:\WINDOWS\System32\windows.storage.dll
0x00007ffaaae20000 - 0x00007ffaaae43000 	C:\WINDOWS\System32\profapi.dll
0x00007ffaaadb0000 - 0x00007ffaaadfa000 	C:\WINDOWS\System32\powrprof.dll
0x00007ffaaad80000 - 0x00007ffaaad90000 	C:\WINDOWS\System32\UMPDC.dll
0x00007ffaad380000 - 0x00007ffaad3d2000 	C:\WINDOWS\System32\shlwapi.dll
0x00007ffaab1c0000 - 0x00007ffaab1d7000 	C:\WINDOWS\System32\cryptsp.dll
0x00007ffa7d200000 - 0x00007ffa7d219000 	C:\Program Files\Java\jdk-13.0.1\bin\net.dll
0x00007ffaa1040000 - 0x00007ffaa1130000 	C:\WINDOWS\SYSTEM32\WINHTTP.dll
0x00007ffaaa5d0000 - 0x00007ffaaa637000 	C:\WINDOWS\system32\mswsock.dll
0x00007ffa5e0e0000 - 0x00007ffa5e0f3000 	C:\Program Files\Java\jdk-13.0.1\bin\nio.dll
0x00007ffaa7020000 - 0x00007ffaa703a000 	C:\Program Files\JetBrains\IntelliJ IDEA 2019.3.5\bin\breakgen64.dll
0x00007ffaaa320000 - 0x00007ffaaa3eb000 	C:\WINDOWS\SYSTEM32\DNSAPI.dll
0x00007ffaac110000 - 0x00007ffaac118000 	C:\WINDOWS\System32\NSI.dll
0x00007ffaaa2e0000 - 0x00007ffaaa31a000 	C:\WINDOWS\SYSTEM32\IPHLPAPI.DLL
0x00007ffaa3f80000 - 0x00007ffaa3f8a000 	C:\Windows\System32\rasadhlp.dll
0x00007ffaa1ea0000 - 0x00007ffaa1f17000 	C:\WINDOWS\System32\fwpuclnt.dll
0x00007ffaabde0000 - 0x00007ffaabe06000 	C:\WINDOWS\System32\bcrypt.dll
0x00007ffa79000000 - 0x00007ffa79009000 	C:\Program Files\Java\jdk-13.0.1\bin\management.dll
0x00007ffa78ff0000 - 0x00007ffa78ffb000 	C:\Program Files\Java\jdk-13.0.1\bin\management_ext.dll
0x00007ffaaa140000 - 0x00007ffaaa173000 	C:\WINDOWS\system32\rsaenh.dll
0x00007ffaaac60000 - 0x00007ffaaac85000 	C:\WINDOWS\SYSTEM32\USERENV.dll
0x00007ffaaa7a0000 - 0x00007ffaaa7ac000 	C:\WINDOWS\SYSTEM32\CRYPTBASE.dll
0x00007ffaa36a0000 - 0x00007ffaa36b6000 	C:\WINDOWS\SYSTEM32\dhcpcsvc6.DLL
0x00007ffaa33d0000 - 0x00007ffaa33ec000 	C:\WINDOWS\SYSTEM32\dhcpcsvc.DLL
0x00007ffa95660000 - 0x00007ffa95676000 	C:\WINDOWS\system32\napinsp.dll
0x00007ffa95050000 - 0x00007ffa9506a000 	C:\WINDOWS\system32\pnrpnsp.dll
0x00007ffa95800000 - 0x00007ffa9580e000 	C:\WINDOWS\System32\winrnr.dll
0x00007ffaa6d90000 - 0x00007ffaa6dac000 	C:\WINDOWS\system32\NLAapi.dll
0x00007ffaa6130000 - 0x00007ffaa6145000 	C:\WINDOWS\system32\wshbth.dll
0x00007ffaa6fb0000 - 0x00007ffaa7014000 	C:\Users\48607\AppData\Local\Temp\lwjgl48607\3.2.3-build-13\lwjgl.dll
0x00007ffa90e00000 - 0x00007ffa91053000 	C:\Users\48607\AppData\Local\Temp\lwjgl48607\3.2.3-build-13\jemalloc.dll
0x00007ffa94550000 - 0x00007ffa945b2000 	C:\Users\48607\AppData\Local\Temp\lwjgl48607\3.2.3-build-13\glfw.dll
0x00007ffaa8520000 - 0x00007ffaa85b9000 	C:\WINDOWS\system32\uxtheme.dll
0x00007ffaa1e50000 - 0x00007ffaa1e93000 	C:\WINDOWS\SYSTEM32\dinput8.dll
0x00007ffaa6f90000 - 0x00007ffaa6fa1000 	C:\WINDOWS\SYSTEM32\xinput1_4.dll
0x00007ffaaab70000 - 0x00007ffaaab9a000 	C:\WINDOWS\SYSTEM32\DEVOBJ.dll
0x00007ffaa8da0000 - 0x00007ffaa8dcd000 	C:\WINDOWS\SYSTEM32\dwmapi.dll
0x00007ffa8d3d0000 - 0x00007ffa8d4eb000 	C:\WINDOWS\SYSTEM32\inputhost.dll
0x00007ffaa8230000 - 0x00007ffaa8304000 	C:\WINDOWS\SYSTEM32\CoreMessaging.dll
0x00007ffaa4020000 - 0x00007ffaa434a000 	C:\WINDOWS\SYSTEM32\CoreUIComponents.dll
0x00007ffaa9220000 - 0x00007ffaa9310000 	C:\WINDOWS\SYSTEM32\PROPSYS.dll
0x00007ffaac2c0000 - 0x00007ffaac385000 	C:\WINDOWS\System32\OLEAUT32.dll
0x00007ffaa6640000 - 0x00007ffaa6793000 	C:\WINDOWS\SYSTEM32\wintypes.dll
0x00007ffaa9dc0000 - 0x00007ffaa9df1000 	C:\WINDOWS\SYSTEM32\ntmarta.dll
0x00007ffaac5d0000 - 0x00007ffaac705000 	C:\WINDOWS\System32\MSCTF.dll
0x00007ffaa9580000 - 0x00007ffaa958e000 	C:\WINDOWS\SYSTEM32\HID.DLL
0x00007ffaacaf0000 - 0x00007ffaacf60000 	C:\WINDOWS\System32\SETUPAPI.DLL
0x00007ffaabf10000 - 0x00007ffaabf6c000 	C:\WINDOWS\System32\WINTRUST.dll
0x00007ffaaae00000 - 0x00007ffaaae12000 	C:\WINDOWS\System32\MSASN1.dll
0x00007ffaaaff0000 - 0x00007ffaab139000 	C:\WINDOWS\System32\CRYPT32.dll
0x00007ffa8cd10000 - 0x00007ffa8ce66000 	C:\WINDOWS\SYSTEM32\opengl32.dll
0x00007ffa8cca0000 - 0x00007ffa8cccc000 	C:\WINDOWS\SYSTEM32\GLU32.dll
0x00007ffaa99d0000 - 0x00007ffaa99f0000 	C:\WINDOWS\SYSTEM32\dxcore.dll
0x00007ffa51de0000 - 0x00007ffa52d45000 	C:\WINDOWS\System32\DriverStore\FileRepository\igdlh64.inf_amd64_9f310939ec1eebf9\ig9icd64.dll
0x00007ffaac960000 - 0x00007ffaacab7000 	C:\WINDOWS\System32\OLE32.DLL
0x00007ffaa9a60000 - 0x00007ffaa9b4b000 	C:\WINDOWS\system32\dxgi.dll
0x00007ffa9c960000 - 0x00007ffa9ecdf000 	C:\WINDOWS\System32\DriverStore\FileRepository\igdlh64.inf_amd64_9f310939ec1eebf9\igc64.dll
0x00007ffa8f000000 - 0x00007ffa8f09e000 	C:\WINDOWS\System32\TextInputFramework.dll
0x00007ffa988b0000 - 0x00007ffa98b56000 	C:\WINDOWS\System32\iertutil.dll
0x00007ffaac060000 - 0x00007ffaac102000 	C:\WINDOWS\System32\clbcatq.dll
0x00007ffa944f0000 - 0x00007ffa94549000 	C:\Users\48607\AppData\Local\Temp\lwjgl48607\3.2.3-build-13\lwjgl_opengl.dll
0x00007ffa91140000 - 0x00007ffa912d9000 	C:\Program Files\Java\jdk-13.0.1\bin\awt.dll
0x00007ffaa7060000 - 0x00007ffaa7620000 	C:\WINDOWS\SYSTEM32\d2d1.dll

dbghelp: loaded successfully - version: 4.0.5 - missing functions: none
symbol engine: initialized successfully - sym options: 0x614 - pdb path: .;C:\Program Files\Java\jdk-13.0.1\bin;C:\WINDOWS\SYSTEM32;C:\WINDOWS\WinSxS\amd64_microsoft.windows.common-controls_6595b64144ccf1df_6.0.18362.1082_none_9e8193e1e45b25c1;C:\Program Files\Java\jdk-13.0.1\bin\server;C:\Program Files\JetBrains\IntelliJ IDEA 2019.3.5\bin;C:\Users\48607\AppData\Local\Temp\lwjgl48607\3.2.3-build-13;C:\WINDOWS\System32\DriverStore\FileRepository\igdlh64.inf_amd64_9f310939ec1eebf9

VM Arguments:
jvm_args: -XX:TieredStopAtLevel=1 -Xverify:none -Dspring.output.ansi.enabled=always -Dcom.sun.management.jmxremote -Dspring.jmx.enabled=true -Dspring.liveBeansView.mbeanDomain -Dspring.application.admin.enabled=true -javaagent:C:\Program Files\JetBrains\IntelliJ IDEA 2019.3.5\lib\idea_rt.jar=50323:C:\Program Files\JetBrains\IntelliJ IDEA 2019.3.5\bin -Dfile.encoding=UTF-8 
java_command: com.khryniewicki.projectX.ProjectXApplication
java_class_path (initial): C:\Users\48607\Desktop\Aplikacje\projectX\target\classes;C:\Users\48607\.m2\repository\org\springframework\spring-beans\5.2.6.RELEASE\spring-beans-5.2.6.RELEASE.jar;C:\Users\48607\.m2\repository\org\springframework\spring-core\5.2.5.RELEASE\spring-core-5.2.5.RELEASE.jar;C:\Users\48607\.m2\repository\org\springframework\spring-jcl\5.2.5.RELEASE\spring-jcl-5.2.5.RELEASE.jar;C:\Users\48607\.m2\repository\org\springframework\boot\spring-boot-starter-web\2.2.6.RELEASE\spring-boot-starter-web-2.2.6.RELEASE.jar;C:\Users\48607\.m2\repository\org\springframework\boot\spring-boot-starter\2.2.6.RELEASE\spring-boot-starter-2.2.6.RELEASE.jar;C:\Users\48607\.m2\repository\org\springframework\boot\spring-boot-starter-logging\2.2.6.RELEASE\spring-boot-starter-logging-2.2.6.RELEASE.jar;C:\Users\48607\.m2\repository\ch\qos\logback\logback-classic\1.2.3\logback-classic-1.2.3.jar;C:\Users\48607\.m2\repository\ch\qos\logback\logback-core\1.2.3\logback-core-1.2.3.jar;C:\Users\48607\.m2\repository\org\apache\logging\log4j\log4j-to-slf4j\2.12.1\log4j-to-slf4j-2.12.1.jar;C:\Users\48607\.m2\repository\org\apache\logging\log4j\log4j-api\2.12.1\log4j-api-2.12.1.jar;C:\Users\48607\.m2\repository\org\slf4j\jul-to-slf4j\1.7.30\jul-to-slf4j-1.7.30.jar;C:\Users\48607\.m2\repository\jakarta\annotation\jakarta.annotation-api\1.3.5\jakarta.annotation-api-1.3.5.jar;C:\Users\48607\.m2\repository\org\yaml\snakeyaml\1.25\snakeyaml-1.25.jar;C:\Users\48607\.m2\repository\org\springframework\boot\spring-boot-starter-json\2.2.6.RELEASE\spring-boot-starter-json-2.2.6.RELEASE.jar;C:\Users\48607\.m2\repository\com\fasterxml\jackson\core\jackson-databind\2.10.3\jackson-databind-2.10.3.jar;C:\Users\48607\.m2\repository\com\fasterxml\jackson\core\jackson-annotations\2.10.3\jackson-annotations-2.10.3.jar;C:\Users\48607\.m2\repository\com\fasterxml\jackson\core\jackson-core\2.10.3\jackson-core-2.10.3.jar;C:\Users\48607\.m2\repository\com\fasterxml\jackson\datatype\jackson-datatype-jdk8\2.
Launcher Type: SUN_STANDARD

[Global flags]
     intx CICompilerCount                          = 3                                         {product} {ergonomic}
     uint ConcGCThreads                            = 1                                         {product} {ergonomic}
     uint G1ConcRefinementThreads                  = 4                                         {product} {ergonomic}
   size_t G1HeapRegionSize                         = 1048576                                   {product} {ergonomic}
    uintx GCDrainStackTargetSize                   = 64                                        {product} {ergonomic}
   size_t InitialHeapSize                          = 134217728                                 {product} {ergonomic}
     bool ManagementServer                         = true                                      {product} {command line}
   size_t MarkStackSize                            = 4194304                                   {product} {ergonomic}
   size_t MaxHeapSize                              = 2118123520                                {product} {ergonomic}
   size_t MaxNewSize                               = 1270874112                                {product} {ergonomic}
   size_t MinHeapDeltaBytes                        = 1048576                                   {product} {ergonomic}
   size_t MinHeapSize                              = 8388608                                   {product} {ergonomic}
    uintx NonNMethodCodeHeapSize                   = 6973028                                {pd product} {ergonomic}
    uintx NonProfiledCodeHeapSize                  = 244685212                              {pd product} {ergonomic}
    uintx ProfiledCodeHeapSize                     = 0                                      {pd product} {ergonomic}
    uintx ReservedCodeCacheSize                    = 251658240                              {pd product} {ergonomic}
     bool SegmentedCodeCache                       = true                                      {product} {ergonomic}
   size_t SoftMaxHeapSize                          = 2118123520                             {manageable} {ergonomic}
     intx TieredStopAtLevel                        = 1                                         {product} {command line}
     bool UseCompressedClassPointers               = true                                 {lp64_product} {ergonomic}
     bool UseCompressedOops                        = true                                 {lp64_product} {ergonomic}
     bool UseG1GC                                  = true                                      {product} {ergonomic}
     bool UseLargePagesIndividualAllocation        = false                                  {pd product} {ergonomic}

Logging:
Log output configuration:
 #0: stdout all=warning uptime,level,tags
 #1: stderr all=off uptime,level,tags

Environment Variables:
JAVA_HOME=C:\Program Files\AdoptOpenJDK\jdk-11.0.3.7-hotspot
PATH=C:\Python38\Scripts\;C:\Python38\;C:\Program Files\AdoptOpenJDK\jdk-11.0.3.7-hotspot\bin;C:\WINDOWS\system32;C:\WINDOWS;C:\WINDOWS\System32\Wbem;C:\WINDOWS\System32\WindowsPowerShell\v1.0\;C:\WINDOWS\System32\OpenSSH\;C:\Program Files\Intel\WiFi\bin\;C:\Program Files\Common Files\Intel\WirelessCommon\;C:\Program Files\Git\cmd;C:\Program Files\mosquitto;C:\Program Files\AdoptOpenJDK\jdk-11.0.3.7-hotspot\bin;C:\Users\48607\Downloads\apache-maven-3.6.3\bin;C:\Program Files\nodejs\;C:\ProgramData\chocolatey\bin;C:\Program Files\MySQL\MySQL Shell 8.0\bin\;C:\Users\48607\AppData\Local\Microsoft\WindowsApps;C:\Users\48607\AppData\Local\Programs\Microsoft VS Code\bin;C:\Program Files\Docker Toolbox;C:\Users\48607\AppData\Roaming\npm
USERNAME=48607
OS=Windows_NT
PROCESSOR_IDENTIFIER=Intel64 Family 6 Model 158 Stepping 9, GenuineIntel



---------------  S Y S T E M  ---------------

OS: Windows 10 , 64 bit Build 18362 (10.0.18362.1082)
HyperV virtualization detected

CPU:total 4 (initial active 4) (4 cores per cpu, 1 threads per core) family 6 model 158 stepping 9, cmov, cx8, fxsr, mmx, sse, sse2, sse3, ssse3, sse4.1, sse4.2, popcnt, avx, avx2, aes, clmul, erms, 3dnowpref, lzcnt, tsc, tscinvbit, bmi1, bmi2, adx, fma

Memory: 4k page, system-wide physical 8076M (2379M free)
TotalPageFile size 15756M (AvailPageFile size 7035M)
current process WorkingSet (physical memory assigned to process): 346M, peak: 507M
current process commit charge ("private bytes"): 377M, peak: 510M

vm_info: Java HotSpot(TM) 64-Bit Server VM (13.0.1+9) for windows-amd64 JRE (13.0.1+9), built on Oct  6 2019 12:37:49 by "mach5one" with unknown MS VC++:1916

END.
