#
# A fatal error has been detected by the Java Runtime Environment:
#
#  EXCEPTION_ACCESS_VIOLATION (0xc0000005) at pc=0x00007ffe48ed2fab, pid=13748, tid=14852
#
# JRE version: OpenJDK Runtime Environment (11.0.6+8) (build 11.0.6+8-b520.66)
# Java VM: OpenJDK 64-Bit Server VM (11.0.6+8-b520.66, mixed mode, sharing, tiered, compressed oops, g1 gc, windows-amd64)
# Problematic frame:
# C  [ig9icd64.dll+0x552fab]
#
# No core dump will be written. Minidumps are not enabled by default on client versions of Windows
#
# If you would like to submit a bug report, please visit:
#   http://bugreport.java.com/bugreport/crash.jsp
# The crash happened outside the Java Virtual Machine in native code.
# See problematic frame for where to report the bug.
#

---------------  S U M M A R Y ------------

Command Line: -XX:TieredStopAtLevel=1 -Xverify:none -Dspring.output.ansi.enabled=always -Dcom.sun.management.jmxremote -Dspring.jmx.enabled=true -Dspring.liveBeansView.mbeanDomain -Dspring.application.admin.enabled=true -javaagent:C:\Program Files\JetBrains\IntelliJ IDEA 2019.3.5\lib\idea_rt.jar=52117:C:\Program Files\JetBrains\IntelliJ IDEA 2019.3.5\bin -Dfile.encoding=UTF-8 com.khryniewicki.projectX.ProjectXApplication

Host: Intel(R) Core(TM) i5-7300HQ CPU @ 2.50GHz, 4 cores, 7G,  Windows 10 , 64 bit Build 18362 (10.0.18362.1110)
Time: Sun Dec 27 16:13:02 2020 ?rodkowoeuropejski czas stand. elapsed time: 441 seconds (0d 0h 7m 21s)

---------------  T H R E A D  ---------------

Current thread (0x0000021dbf774000):  JavaThread "Game" [_thread_in_native, id=14852, stack(0x000000b6f6700000,0x000000b6f6800000)]

Stack: [0x000000b6f6700000,0x000000b6f6800000],  sp=0x000000b6f67fd8a0,  free space=1014k
Native frames: (J=compiled Java code, j=interpreted, Vv=VM code, C=native code)
C  [ig9icd64.dll+0x552fab]

Java frames: (J=compiled Java code, j=interpreted, Vv=VM code)
J 6575  org.lwjgl.opengl.GL11C.nglTexImage2D(IIIIIIIIJ)V (0 bytes) @ 0x0000021da6bee0cc [0x0000021da6bee040+0x000000000000008c]
J 4691 c1 com.khryniewicki.projectX.graphics.Texture.getPixels([I)I (171 bytes) @ 0x0000021da68fe25c [0x0000021da68fdec0+0x000000000000039c]
J 7088 c1 com.khryniewicki.projectX.graphics.Texture.load2(Ljava/awt/image/BufferedImage;)I (55 bytes) @ 0x0000021da6ce1bac [0x0000021da6ce1a60+0x000000000000014c]
J 6971 c1 com.khryniewicki.projectX.game.user_interface.menu.graphic_factory.TextFactory.textInPlayerBar(Ljava/lang/String;Ljava/awt/Color;)Lcom/khryniewicki/projectX/graphics/Texture; (39 bytes) @ 0x0000021da6caa1e4 [0x0000021da6caa000+0x00000000000001e4]
J 6880 c1 com.khryniewicki.projectX.game.user_interface.playerBar.DigitsSymbol.updateNumber()V (47 bytes) @ 0x0000021da6c76684 [0x0000021da6c764a0+0x00000000000001e4]
J 6879 c1 com.khryniewicki.projectX.game.user_interface.playerBar.DigitsSymbol.update()V (5 bytes) @ 0x0000021da6c76114 [0x0000021da6c760c0+0x0000000000000054]
J 6644 c1 com.khryniewicki.projectX.game.user_interface.playerBar.PlayerBar$$Lambda$756.accept(Ljava/lang/Object;)V (10 bytes) @ 0x0000021da6c04c74 [0x0000021da6c04bc0+0x00000000000000b4]
J 5653 c1 java.util.ArrayList.forEach(Ljava/util/function/Consumer;)V java.base@11.0.6 (74 bytes) @ 0x0000021da6abc4bc [0x0000021da6abc400+0x00000000000000bc]
J 7139 c1 com.khryniewicki.projectX.game.user_interface.playerBar.PlayerBar.update()V (15 bytes) @ 0x0000021da6d021ac [0x0000021da6d02140+0x000000000000006c]
J 6753 c1 com.khryniewicki.projectX.game.user_interface.board.Board$$Lambda$755.accept(Ljava/lang/Object;)V (10 bytes) @ 0x0000021da6c34674 [0x0000021da6c345c0+0x00000000000000b4]
J 5653 c1 java.util.ArrayList.forEach(Ljava/util/function/Consumer;)V java.base@11.0.6 (74 bytes) @ 0x0000021da6abc4bc [0x0000021da6abc400+0x00000000000000bc]
J 7134 c1 com.khryniewicki.projectX.game.user_interface.board.Board.update()V (43 bytes) @ 0x0000021da6d00a24 [0x0000021da6d00960+0x00000000000000c4]
J 7133 c1 com.khryniewicki.projectX.game.engine.Game.update()V (15 bytes) @ 0x0000021da6d00224 [0x0000021da6d001a0+0x0000000000000084]
j  com.khryniewicki.projectX.game.engine.GameLoopImp.insideLoop()V+55
j  com.khryniewicki.projectX.game.engine.GameLoopImp.loop()V+17
j  com.khryniewicki.projectX.game.engine.Game.initialize_game()V+9
j  com.khryniewicki.projectX.game.engine.Game.run()V+9
j  java.lang.Thread.run()V+11 java.base@11.0.6
v  ~StubRoutines::call_stub

siginfo: EXCEPTION_ACCESS_VIOLATION (0xc0000005), reading address 0x0000000000000118


Register to memory mapping:

RIP=0x00007ffe48ed2fab ig9icd64.dll
RAX=0x0000000000000100 is an unknown value
RBX=0x000000b6f67fdaa0 is pointing into the stack for thread: 0x0000021dbf774000
RCX=0x0000000000000001 is an unknown value
RDX=0x0000021dbd81a500 points into unknown readable memory: 00 fe ba be 00 00 00 34
RSP=0x000000b6f67fd8a0 is pointing into the stack for thread: 0x0000021dbf774000
RBP=0x00000000000000c8 is an unknown value
RSI=0x0 is NULL
RDI=0x0000021dbfc70ec0 points into unknown readable memory: 00 95 8b bf 1d 02 00 00
R8 =0x0000000000000001 is an unknown value
R9 =
[error occurred during error reporting (printing register info), id 0xc0000005, EXCEPTION_ACCESS_VIOLATION (0xc0000005) at pc=0x00007ffe542a6e67]

Registers:
RAX=0x0000000000000100, RBX=0x000000b6f67fdaa0, RCX=0x0000000000000001, RDX=0x0000021dbd81a500
RSP=0x000000b6f67fd8a0, RBP=0x00000000000000c8, RSI=0x0000000000000000, RDI=0x0000021dbfc70ec0
R8 =0x0000000000000001, R9 =0x00000000ffffefff, R10=0x00000000ffffefff, R11=0x0000800100000000
R12=0x0000fffffffff000, R13=0x0000021dbfca5d20, R14=0x0000021dbd81a500, R15=0x0000000000000000
RIP=0x00007ffe48ed2fab, EFLAGS=0x0000000000010206

Top of Stack: (sp=0x000000b6f67fd8a0)
0x000000b6f67fd8a0:   0000b80200940000 0000021dbfc70ec0
0x000000b6f67fd8b0:   0000021dbd81a500 00007ffe489bcfb2
0x000000b6f67fd8c0:   000000b6f67fdaa0 00007ffe48ecb8b5
0x000000b6f67fd8d0:   0000000000000000 0000000000000000
0x000000b6f67fd8e0:   0000021dbfca5d20 0000021dbfc70ec0
0x000000b6f67fd8f0:   0010020000000000 000000b6f67fd9b9
0x000000b6f67fd900:   000000b6f67fdaa0 00007ffe48f317fb
0x000000b6f67fd910:   0000000000000000 0000021dbfca5840
0x000000b6f67fd920:   000000b6f67fd9b9 0000000000000000
0x000000b6f67fd930:   0000000000000002 0000021dbfca5d20
0x000000b6f67fd940:   0000021d00000000 0000000000000000
0x000000b6f67fd950:   ffffb80200940000 0000020000000000
0x000000b6f67fd960:   0000000000000001 0000021dbfca5990
0x000000b6f67fd970:   0000004161010011 0002000000008000
0x000000b6f67fd980:   0000000000000041 0000b80200940041
0x000000b6f67fd990:   0000b80200940021 0000800100000021 

Instructions: (pc=0x00007ffe48ed2fab)
0x00007ffe48ed2eab:   c0 74 0f 66 90 39 18 74 4d 48 8b 40 40 48 85 c0
0x00007ffe48ed2ebb:   75 f3 80 bf a0 03 00 00 00 74 11 8b c3 83 e0 0f
0x00007ffe48ed2ecb:   48 6b c0 38 48 03 c7 48 85 c0 75 19 8b d3 48 8b
0x00007ffe48ed2edb:   cf e8 ff 75 ac ff 48 85 c0 75 0a 8b d3 48 8b cf
0x00007ffe48ed2eeb:   e8 00 7a ac ff c6 40 20 01 33 c0 48 8b 5c 24 60
0x00007ffe48ed2efb:   48 83 c4 50 5f c3 48 83 c0 08 eb cb 48 8d 54 24
0x00007ffe48ed2f0b:   20 49 8b c0 ff 15 e3 76 51 00 e9 ff fe ff ff cc
0x00007ffe48ed2f1b:   cc cc cc cc cc 40 53 55 56 57 41 56 48 83 ec 40
0x00007ffe48ed2f2b:   4c 8b f2 48 8b f1 8b 8a d0 01 00 00 48 8d ae c8
0x00007ffe48ed2f3b:   00 00 00 83 f9 10 73 06 48 6b c1 38 eb 5a 8d 51
0x00007ffe48ed2f4b:   f0 8b c2 c1 e8 04 83 f8 03 73 1e 0f ae e8 83 e2
0x00007ffe48ed2f5b:   0f 4c 8b 84 c5 80 03 00 00 4d 85 c0 74 28 8b c2
0x00007ffe48ed2f6b:   48 6b c0 38 49 03 c0 eb 32 48 8b 85 98 03 00 00
0x00007ffe48ed2f7b:   48 85 c0 74 11 39 08 0f 84 1e 01 00 00 48 8b 40
0x00007ffe48ed2f8b:   40 48 85 c0 75 ef 80 bd a0 03 00 00 00 74 26 8b
0x00007ffe48ed2f9b:   c1 83 e0 0f 48 6b c0 38 48 03 c5 48 85 c0 74 15
0x00007ffe48ed2fab:   48 8b 40 18 48 83 f8 fd 0f 86 7e 02 00 00 0f 1f
0x00007ffe48ed2fbb:   80 00 00 00 00 48 8b 96 98 04 00 00 48 85 d2 78
0x00007ffe48ed2fcb:   f4 48 8d 4a 01 48 8b c2 f0 48 0f b1 8e 98 04 00
0x00007ffe48ed2fdb:   00 75 e2 48 85 d2 0f 85 59 01 00 00 48 8b 86 a0
0x00007ffe48ed2feb:   04 00 00 48 89 44 24 78 48 83 f8 fe 0f 82 38 01
0x00007ffe48ed2ffb:   00 00 88 54 24 70 4c 8b ce 48 8d 54 24 78 48 8b
0x00007ffe48ed300b:   0e e8 4f 99 ff ff 84 c0 75 75 66 66 66 0f 1f 84
0x00007ffe48ed301b:   00 00 00 00 00 48 8b 4e 08 48 8b 01 ba 02 00 00
0x00007ffe48ed302b:   00 48 8b 80 e0 02 00 00 ff 15 bf 75 51 00 48 8b
0x00007ffe48ed303b:   f8 48 8b 1d 6d 19 93 00 48 89 9c 24 88 00 00 00
0x00007ffe48ed304b:   48 8b cb ff 15 a4 70 51 00 90 4c 8b c7 49 8b d6
0x00007ffe48ed305b:   48 8d 4c 24 70 e8 5b f4 ff ff 0f b6 f8 48 8b cb
0x00007ffe48ed306b:   ff 15 cf 71 51 00 40 84 ff 74 14 4c 8b ce 48 8d
0x00007ffe48ed307b:   54 24 78 48 8b 0e e8 da 98 ff ff 84 c0 74 96 48
0x00007ffe48ed308b:   8b 7c 24 78 48 83 ff ff 75 1a 48 c7 c7 fe ff ff
0x00007ffe48ed309b:   ff 48 89 7c 24 78 e9 88 00 00 00 48 83 c0 08 e9 


Stack slot to memory mapping:
stack at sp + 0 slots: 0x0000b80200940000 is an unknown value
stack at sp + 1 slots: 0x0000021dbfc70ec0 points into unknown readable memory: 00 95 8b bf 1d 02 00 00
stack at sp + 2 slots: 0x0000021dbd81a500 points into unknown readable memory: 00 fe ba be 00 00 00 34
stack at sp + 3 slots: 0x00007ffe489bcfb2 ig9icd64.dll
stack at sp + 4 slots: 0x000000b6f67fdaa0 is pointing into the stack for thread: 0x0000021dbf774000
stack at sp + 5 slots: 0x00007ffe48ecb8b5 ig9icd64.dll
stack at sp + 6 slots: 0x0 is NULL
stack at sp + 7 slots: 0x0 is NULL


---------------  P R O C E S S  ---------------

Threads class SMR info:
_java_thread_list=0x0000021dbfaa24d0, length=40, elements={
0x0000021dbba6f800, 0x0000021dbba72800, 0x0000021dbba93000, 0x0000021dbba94000,
0x0000021dbba95000, 0x0000021dbba96000, 0x0000021dbc52f000, 0x0000021dbcb42000,
0x0000021dbccaf800, 0x0000021dbd63b000, 0x0000021dbdd30000, 0x0000021dbdec2000,
0x0000021dbdd4b000, 0x0000021dbdebd000, 0x0000021dbf726800, 0x0000021dbf75a800,
0x0000021dbf75c000, 0x0000021dbf759000, 0x0000021dbf75b800, 0x0000021dbf75d000,
0x0000021dbf757800, 0x0000021dbf75e000, 0x0000021dbf758000, 0x0000021dbf759800,
0x0000021dbf771800, 0x0000021dbf771000, 0x0000021dbf773800, 0x0000021dbf770000,
0x0000021dbf772800, 0x0000021dbf774000, 0x0000021dbf775000, 0x0000021dbf77a000,
0x0000021dbf77b800, 0x0000021dbf776800, 0x0000021dbf77e000, 0x0000021dbf77d000,
0x0000021dbf778800, 0x0000021dbf77a800, 0x0000021dbf777800, 0x0000021dbf76f800
}

Java Threads: ( => current thread )
  0x0000021dbba6f800 JavaThread "Reference Handler" daemon [_thread_blocked, id=4116, stack(0x000000b6f4100000,0x000000b6f4200000)]
  0x0000021dbba72800 JavaThread "Finalizer" daemon [_thread_blocked, id=264, stack(0x000000b6f4200000,0x000000b6f4300000)]
  0x0000021dbba93000 JavaThread "Signal Dispatcher" daemon [_thread_blocked, id=4856, stack(0x000000b6f4300000,0x000000b6f4400000)]
  0x0000021dbba94000 JavaThread "Attach Listener" daemon [_thread_blocked, id=5036, stack(0x000000b6f4400000,0x000000b6f4500000)]
  0x0000021dbba95000 JavaThread "C1 CompilerThread0" daemon [_thread_blocked, id=1780, stack(0x000000b6f4500000,0x000000b6f4600000)]
  0x0000021dbba96000 JavaThread "Sweeper thread" daemon [_thread_blocked, id=8112, stack(0x000000b6f4600000,0x000000b6f4700000)]
  0x0000021dbc52f000 JavaThread "Common-Cleaner" daemon [_thread_blocked, id=3336, stack(0x000000b6f4700000,0x000000b6f4800000)]
  0x0000021dbcb42000 JavaThread "Service Thread" daemon [_thread_blocked, id=11840, stack(0x000000b6f4900000,0x000000b6f4a00000)]
  0x0000021dbccaf800 JavaThread "RMI TCP Accept-0" daemon [_thread_in_native, id=9300, stack(0x000000b6f4d00000,0x000000b6f4e00000)]
  0x0000021dbd63b000 JavaThread "RMI Scheduler(0)" daemon [_thread_blocked, id=14116, stack(0x000000b6f5400000,0x000000b6f5500000)]
  0x0000021dbdd30000 JavaThread "Catalina-utility-1" [_thread_blocked, id=7884, stack(0x000000b6f5100000,0x000000b6f5200000)]
  0x0000021dbdec2000 JavaThread "Catalina-utility-2" [_thread_blocked, id=7932, stack(0x000000b6f5500000,0x000000b6f5600000)]
  0x0000021dbdd4b000 JavaThread "container-0" [_thread_blocked, id=15232, stack(0x000000b6f5600000,0x000000b6f5700000)]
  0x0000021dbdebd000 JavaThread "MessageBroker-1" [_thread_blocked, id=8844, stack(0x000000b6f5700000,0x000000b6f5800000)]
  0x0000021dbf726800 JavaThread "File Watcher" daemon [_thread_blocked, id=7536, stack(0x000000b6f5800000,0x000000b6f5900000)]
  0x0000021dbf75a800 JavaThread "Live Reload Server" daemon [_thread_in_native, id=8572, stack(0x000000b6f5900000,0x000000b6f5a00000)]
  0x0000021dbf75c000 JavaThread "http-nio-8087-BlockPoller" daemon [_thread_in_native, id=6252, stack(0x000000b6f5a00000,0x000000b6f5b00000)]
  0x0000021dbf759000 JavaThread "http-nio-8087-exec-1" daemon [_thread_blocked, id=8716, stack(0x000000b6f5b00000,0x000000b6f5c00000)]
  0x0000021dbf75b800 JavaThread "http-nio-8087-exec-2" daemon [_thread_blocked, id=2152, stack(0x000000b6f5c00000,0x000000b6f5d00000)]
  0x0000021dbf75d000 JavaThread "http-nio-8087-exec-3" daemon [_thread_blocked, id=14816, stack(0x000000b6f5d00000,0x000000b6f5e00000)]
  0x0000021dbf757800 JavaThread "http-nio-8087-exec-4" daemon [_thread_blocked, id=2936, stack(0x000000b6f5e00000,0x000000b6f5f00000)]
  0x0000021dbf75e000 JavaThread "http-nio-8087-exec-5" daemon [_thread_blocked, id=8292, stack(0x000000b6f5f00000,0x000000b6f6000000)]
  0x0000021dbf758000 JavaThread "http-nio-8087-exec-6" daemon [_thread_blocked, id=15020, stack(0x000000b6f6000000,0x000000b6f6100000)]
  0x0000021dbf759800 JavaThread "http-nio-8087-exec-7" daemon [_thread_blocked, id=9932, stack(0x000000b6f6100000,0x000000b6f6200000)]
  0x0000021dbf771800 JavaThread "http-nio-8087-exec-8" daemon [_thread_blocked, id=12300, stack(0x000000b6f6200000,0x000000b6f6300000)]
  0x0000021dbf771000 JavaThread "http-nio-8087-exec-9" daemon [_thread_blocked, id=8080, stack(0x000000b6f6300000,0x000000b6f6400000)]
  0x0000021dbf773800 JavaThread "http-nio-8087-exec-10" daemon [_thread_blocked, id=4552, stack(0x000000b6f6400000,0x000000b6f6500000)]
  0x0000021dbf770000 JavaThread "http-nio-8087-ClientPoller" daemon [_thread_in_native, id=512, stack(0x000000b6f6500000,0x000000b6f6600000)]
  0x0000021dbf772800 JavaThread "http-nio-8087-Acceptor" daemon [_thread_in_native, id=6628, stack(0x000000b6f6600000,0x000000b6f6700000)]
=>0x0000021dbf774000 JavaThread "Game" [_thread_in_native, id=14852, stack(0x000000b6f6700000,0x000000b6f6800000)]
  0x0000021dbf775000 JavaThread "DestroyJavaVM" [_thread_blocked, id=15336, stack(0x000000b6f3a00000,0x000000b6f3b00000)]
  0x0000021dbf77a000 JavaThread "Java2D Disposer" daemon [_thread_blocked, id=5888, stack(0x000000b6f6f00000,0x000000b6f7000000)]
  0x0000021dbf77b800 JavaThread "Timer-0" [_thread_blocked, id=15136, stack(0x000000b6f7000000,0x000000b6f7100000)]
  0x0000021dbf776800 JavaThread "Thread-9" daemon [_thread_in_native, id=2208, stack(0x000000b6f7300000,0x000000b6f7400000)]
  0x0000021dbf77e000 JavaThread "WebSocketClient-SecureIO-1" daemon [_thread_blocked, id=11104, stack(0x000000b6f7400000,0x000000b6f7500000)]
  0x0000021dbf77d000 JavaThread "WebSocketClient-SecureIO-2" daemon [_thread_blocked, id=3536, stack(0x000000b6f7500000,0x000000b6f7600000)]
  0x0000021dbf778800 JavaThread "WebSocket background processing" daemon [_thread_blocked, id=10028, stack(0x000000b6f7600000,0x000000b6f7700000)]
  0x0000021dbf77a800 JavaThread "SendingService" [_thread_blocked, id=14628, stack(0x000000b6f3700000,0x000000b6f3800000)]
  0x0000021dbf777800 JavaThread "MessageBroker-2" [_thread_blocked, id=13340, stack(0x000000b6f3800000,0x000000b6f3900000)]
  0x0000021dbf76f800 JavaThread "Keep-Alive-Timer" daemon [_thread_blocked, id=4616, stack(0x000000b6f3900000,0x000000b6f3a00000)]

Other Threads:
  0x0000021dbba69800 VMThread "VM Thread" [stack: 0x000000b6f4000000,0x000000b6f4100000] [id=11508]
  0x0000021dbcc9f000 WatcherThread [stack: 0x000000b6f4e00000,0x000000b6f4f00000] [id=5008]
  0x0000021da19f4000 GCTaskThread "GC Thread#0" [stack: 0x000000b6f3b00000,0x000000b6f3c00000] [id=7408]
  0x0000021dbcca3800 GCTaskThread "GC Thread#1" [stack: 0x000000b6f4a00000,0x000000b6f4b00000] [id=8332]
  0x0000021dbcca4800 GCTaskThread "GC Thread#2" [stack: 0x000000b6f4b00000,0x000000b6f4c00000] [id=8696]
  0x0000021dbd512800 GCTaskThread "GC Thread#3" [stack: 0x000000b6f5200000,0x000000b6f5300000] [id=7008]
  0x0000021da1a1f800 ConcurrentGCThread "G1 Main Marker" [stack: 0x000000b6f3c00000,0x000000b6f3d00000] [id=536]
  0x0000021da1a21000 ConcurrentGCThread "G1 Conc#0" [stack: 0x000000b6f3d00000,0x000000b6f3e00000] [id=9288]
  0x0000021da1a8d800 ConcurrentGCThread "G1 Refine#0" [stack: 0x000000b6f3e00000,0x000000b6f3f00000] [id=8096]
  0x0000021dbc570000 ConcurrentGCThread "G1 Refine#1" [stack: 0x000000b6f4c00000,0x000000b6f4d00000] [id=12156]
  0x0000021dbb904800 ConcurrentGCThread "G1 Young RemSet Sampling" [stack: 0x000000b6f3f00000,0x000000b6f4000000] [id=5572]

Threads with active compile tasks:

VM state:not at safepoint (normal execution)

VM Mutex/Monitor currently owned by a thread: None

Heap address: 0x0000000081c00000, size: 2020 MB, Compressed Oops mode: 32-bit
Narrow klass base: 0x0000000800000000, Narrow klass shift: 3
Compressed class space size: 1073741824 Address: 0x0000000840000000

Heap:
 garbage-first heap   total 304128K, used 256109K [0x0000000081c00000, 0x0000000100000000)
  region size 1024K, 11 young (11264K), 1 survivors (1024K)
 Metaspace       used 48181K, capacity 49825K, committed 49920K, reserved 1093632K
  class space    used 5991K, capacity 6637K, committed 6656K, reserved 1048576K
Heap Regions: E=young(eden), S=young(survivor), O=old, HS=humongous(starts), HC=humongous(continues), CS=collection set, F=free, A=archive, TAMS=top-at-mark-start (previous, next)
|   0|0x0000000081c00000, 0x0000000081d00000, 0x0000000081d00000|100%| O|  |TAMS 0x0000000081d00000, 0x0000000081c00000| Untracked 
|   1|0x0000000081d00000, 0x0000000081e00000, 0x0000000081e00000|100%| O|  |TAMS 0x0000000081e00000, 0x0000000081d00000| Untracked 
|   2|0x0000000081e00000, 0x0000000081f00000, 0x0000000081f00000|100%| O|  |TAMS 0x0000000081f00000, 0x0000000081e00000| Untracked 
|   3|0x0000000081f00000, 0x0000000082000000, 0x0000000082000000|100%| O|  |TAMS 0x0000000082000000, 0x0000000081f00000| Untracked 
|   4|0x0000000082000000, 0x0000000082100000, 0x0000000082100000|100%| O|  |TAMS 0x0000000082100000, 0x0000000082000000| Untracked 
|   5|0x0000000082100000, 0x0000000082200000, 0x0000000082200000|100%| O|  |TAMS 0x0000000082200000, 0x0000000082100000| Untracked 
|   6|0x0000000082200000, 0x0000000082300000, 0x0000000082300000|100%| O|  |TAMS 0x0000000082300000, 0x0000000082200000| Untracked 
|   7|0x0000000082300000, 0x0000000082400000, 0x0000000082400000|100%| O|  |TAMS 0x0000000082400000, 0x0000000082300000| Untracked 
|   8|0x0000000082400000, 0x0000000082500000, 0x0000000082500000|100%| O|  |TAMS 0x0000000082500000, 0x0000000082400000| Untracked 
|   9|0x0000000082500000, 0x0000000082600000, 0x0000000082600000|100%| O|  |TAMS 0x0000000082600000, 0x0000000082500000| Untracked 
|  10|0x0000000082600000, 0x0000000082700000, 0x0000000082700000|100%| O|  |TAMS 0x0000000082700000, 0x0000000082600000| Untracked 
|  11|0x0000000082700000, 0x0000000082800000, 0x0000000082800000|100%| O|  |TAMS 0x0000000082800000, 0x0000000082700000| Untracked 
|  12|0x0000000082800000, 0x0000000082900000, 0x0000000082900000|100%| O|  |TAMS 0x0000000082900000, 0x0000000082800000| Untracked 
|  13|0x0000000082900000, 0x0000000082a00000, 0x0000000082a00000|100%| O|  |TAMS 0x0000000082a00000, 0x0000000082900000| Untracked 
|  14|0x0000000082a00000, 0x0000000082b00000, 0x0000000082b00000|100%|HS|  |TAMS 0x0000000082b00000, 0x0000000082a00000| Complete 
|  15|0x0000000082b00000, 0x0000000082c00000, 0x0000000082c00000|100%|HC|  |TAMS 0x0000000082c00000, 0x0000000082b00000| Complete 
|  16|0x0000000082c00000, 0x0000000082d00000, 0x0000000082d00000|100%|HC|  |TAMS 0x0000000082d00000, 0x0000000082c00000| Complete 
|  17|0x0000000082d00000, 0x0000000082e00000, 0x0000000082e00000|100%|HC|  |TAMS 0x0000000082e00000, 0x0000000082d00000| Complete 
|  18|0x0000000082e00000, 0x0000000082f00000, 0x0000000082f00000|100%|HC|  |TAMS 0x0000000082f00000, 0x0000000082e00000| Complete 
|  19|0x0000000082f00000, 0x0000000083000000, 0x0000000083000000|100%|HS|  |TAMS 0x0000000083000000, 0x0000000082f00000| Complete 
|  20|0x0000000083000000, 0x0000000083100000, 0x0000000083100000|100%|HC|  |TAMS 0x0000000083100000, 0x0000000083000000| Complete 
|  21|0x0000000083100000, 0x0000000083200000, 0x0000000083200000|100%|HC|  |TAMS 0x0000000083200000, 0x0000000083100000| Complete 
|  22|0x0000000083200000, 0x0000000083300000, 0x0000000083300000|100%|HC|  |TAMS 0x0000000083300000, 0x0000000083200000| Complete 
|  23|0x0000000083300000, 0x0000000083400000, 0x0000000083400000|100%|HS|  |TAMS 0x0000000083400000, 0x0000000083300000| Complete 
|  24|0x0000000083400000, 0x0000000083500000, 0x0000000083500000|100%|HC|  |TAMS 0x0000000083500000, 0x0000000083400000| Complete 
|  25|0x0000000083500000, 0x0000000083600000, 0x0000000083600000|100%|HS|  |TAMS 0x0000000083600000, 0x0000000083500000| Complete 
|  26|0x0000000083600000, 0x0000000083700000, 0x0000000083700000|100%|HS|  |TAMS 0x0000000083700000, 0x0000000083600000| Complete 
|  27|0x0000000083700000, 0x0000000083800000, 0x0000000083800000|100%|HC|  |TAMS 0x0000000083800000, 0x0000000083700000| Complete 
|  28|0x0000000083800000, 0x0000000083900000, 0x0000000083900000|100%|HC|  |TAMS 0x0000000083900000, 0x0000000083800000| Complete 
|  29|0x0000000083900000, 0x0000000083a00000, 0x0000000083a00000|100%|HS|  |TAMS 0x0000000083a00000, 0x0000000083900000| Complete 
|  30|0x0000000083a00000, 0x0000000083b00000, 0x0000000083b00000|100%|HC|  |TAMS 0x0000000083b00000, 0x0000000083a00000| Complete 
|  31|0x0000000083b00000, 0x0000000083c00000, 0x0000000083c00000|100%|HC|  |TAMS 0x0000000083c00000, 0x0000000083b00000| Complete 
|  32|0x0000000083c00000, 0x0000000083d00000, 0x0000000083d00000|100%|HC|  |TAMS 0x0000000083d00000, 0x0000000083c00000| Complete 
|  33|0x0000000083d00000, 0x0000000083e00000, 0x0000000083e00000|100%|HC|  |TAMS 0x0000000083e00000, 0x0000000083d00000| Complete 
|  34|0x0000000083e00000, 0x0000000083f00000, 0x0000000083f00000|100%|HS|  |TAMS 0x0000000083f00000, 0x0000000083e00000| Complete 
|  35|0x0000000083f00000, 0x0000000084000000, 0x0000000084000000|100%|HC|  |TAMS 0x0000000084000000, 0x0000000083f00000| Complete 
|  36|0x0000000084000000, 0x0000000084100000, 0x0000000084100000|100%|HC|  |TAMS 0x0000000084100000, 0x0000000084000000| Complete 
|  37|0x0000000084100000, 0x0000000084200000, 0x0000000084200000|100%| O|  |TAMS 0x0000000084200000, 0x0000000084100000| Untracked 
|  38|0x0000000084200000, 0x0000000084300000, 0x0000000084300000|100%|HS|  |TAMS 0x0000000084300000, 0x0000000084200000| Complete 
|  39|0x0000000084300000, 0x0000000084400000, 0x0000000084400000|100%|HC|  |TAMS 0x0000000084400000, 0x0000000084300000| Complete 
|  40|0x0000000084400000, 0x0000000084500000, 0x0000000084500000|100%| O|  |TAMS 0x0000000084500000, 0x0000000084400000| Untracked 
|  41|0x0000000084500000, 0x0000000084600000, 0x0000000084600000|100%| O|  |TAMS 0x0000000084600000, 0x0000000084500000| Untracked 
|  42|0x0000000084600000, 0x0000000084700000, 0x0000000084700000|100%| O|  |TAMS 0x0000000084700000, 0x0000000084600000| Untracked 
|  43|0x0000000084700000, 0x0000000084800000, 0x0000000084800000|100%| O|  |TAMS 0x0000000084800000, 0x0000000084700000| Untracked 
|  44|0x0000000084800000, 0x0000000084900000, 0x0000000084900000|100%|HS|  |TAMS 0x0000000084900000, 0x0000000084800000| Complete 
|  45|0x0000000084900000, 0x0000000084a00000, 0x0000000084a00000|100%|HC|  |TAMS 0x0000000084a00000, 0x0000000084900000| Complete 
|  46|0x0000000084a00000, 0x0000000084b00000, 0x0000000084b00000|100%|HC|  |TAMS 0x0000000084b00000, 0x0000000084a00000| Complete 
|  47|0x0000000084b00000, 0x0000000084c00000, 0x0000000084c00000|100%|HC|  |TAMS 0x0000000084c00000, 0x0000000084b00000| Complete 
|  48|0x0000000084c00000, 0x0000000084d00000, 0x0000000084d00000|100%|HC|  |TAMS 0x0000000084d00000, 0x0000000084c00000| Complete 
|  49|0x0000000084d00000, 0x0000000084e00000, 0x0000000084e00000|100%|HS|  |TAMS 0x0000000084e00000, 0x0000000084d00000| Complete 
|  50|0x0000000084e00000, 0x0000000084f00000, 0x0000000084f00000|100%|HC|  |TAMS 0x0000000084f00000, 0x0000000084e00000| Complete 
|  51|0x0000000084f00000, 0x0000000085000000, 0x0000000085000000|100%|HC|  |TAMS 0x0000000085000000, 0x0000000084f00000| Complete 
|  52|0x0000000085000000, 0x0000000085100000, 0x0000000085100000|100%|HC|  |TAMS 0x0000000085100000, 0x0000000085000000| Complete 
|  53|0x0000000085100000, 0x0000000085200000, 0x0000000085200000|100%|HC|  |TAMS 0x0000000085200000, 0x0000000085100000| Complete 
|  54|0x0000000085200000, 0x0000000085300000, 0x0000000085300000|100%|HC|  |TAMS 0x0000000085300000, 0x0000000085200000| Complete 
|  55|0x0000000085300000, 0x0000000085400000, 0x0000000085400000|100%|HC|  |TAMS 0x0000000085400000, 0x0000000085300000| Complete 
|  56|0x0000000085400000, 0x0000000085500000, 0x0000000085500000|100%|HC|  |TAMS 0x0000000085500000, 0x0000000085400000| Complete 
|  57|0x0000000085500000, 0x0000000085600000, 0x0000000085600000|100%|HS|  |TAMS 0x0000000085600000, 0x0000000085500000| Complete 
|  58|0x0000000085600000, 0x0000000085700000, 0x0000000085700000|100%|HC|  |TAMS 0x0000000085700000, 0x0000000085600000| Complete 
|  59|0x0000000085700000, 0x0000000085800000, 0x0000000085800000|100%|HC|  |TAMS 0x0000000085800000, 0x0000000085700000| Complete 
|  60|0x0000000085800000, 0x0000000085900000, 0x0000000085900000|100%|HS|  |TAMS 0x0000000085900000, 0x0000000085800000| Complete 
|  61|0x0000000085900000, 0x0000000085a00000, 0x0000000085a00000|100%| O|  |TAMS 0x0000000085a00000, 0x0000000085900000| Untracked 
|  62|0x0000000085a00000, 0x0000000085b00000, 0x0000000085b00000|100%| O|  |TAMS 0x0000000085b00000, 0x0000000085a00000| Untracked 
|  63|0x0000000085b00000, 0x0000000085c00000, 0x0000000085c00000|100%|HS|  |TAMS 0x0000000085c00000, 0x0000000085b00000| Complete 
|  64|0x0000000085c00000, 0x0000000085d00000, 0x0000000085d00000|100%|HC|  |TAMS 0x0000000085d00000, 0x0000000085c00000| Complete 
|  65|0x0000000085d00000, 0x0000000085e00000, 0x0000000085e00000|100%|HC|  |TAMS 0x0000000085e00000, 0x0000000085d00000| Complete 
|  66|0x0000000085e00000, 0x0000000085f00000, 0x0000000085f00000|100%| O|  |TAMS 0x0000000085f00000, 0x0000000085e00000| Untracked 
|  67|0x0000000085f00000, 0x0000000086000000, 0x0000000086000000|100%|HS|  |TAMS 0x0000000086000000, 0x0000000085f00000| Complete 
|  68|0x0000000086000000, 0x0000000086100000, 0x0000000086100000|100%|HC|  |TAMS 0x0000000086100000, 0x0000000086000000| Complete 
|  69|0x0000000086100000, 0x0000000086200000, 0x0000000086200000|100%|HC|  |TAMS 0x0000000086200000, 0x0000000086100000| Complete 
|  70|0x0000000086200000, 0x0000000086300000, 0x0000000086300000|100%|HC|  |TAMS 0x0000000086300000, 0x0000000086200000| Complete 
|  71|0x0000000086300000, 0x0000000086400000, 0x0000000086400000|100%|HC|  |TAMS 0x0000000086400000, 0x0000000086300000| Complete 
|  72|0x0000000086400000, 0x0000000086500000, 0x0000000086500000|100%|HS|  |TAMS 0x0000000086500000, 0x0000000086400000| Complete 
|  73|0x0000000086500000, 0x0000000086600000, 0x0000000086600000|100%|HC|  |TAMS 0x0000000086600000, 0x0000000086500000| Complete 
|  74|0x0000000086600000, 0x0000000086700000, 0x0000000086700000|100%|HC|  |TAMS 0x0000000086700000, 0x0000000086600000| Complete 
|  75|0x0000000086700000, 0x0000000086800000, 0x0000000086800000|100%|HC|  |TAMS 0x0000000086800000, 0x0000000086700000| Complete 
|  76|0x0000000086800000, 0x0000000086900000, 0x0000000086900000|100%| O|  |TAMS 0x0000000086900000, 0x0000000086800000| Untracked 
|  77|0x0000000086900000, 0x0000000086a00000, 0x0000000086a00000|100%|HS|  |TAMS 0x0000000086a00000, 0x0000000086900000| Complete 
|  78|0x0000000086a00000, 0x0000000086b00000, 0x0000000086b00000|100%|HC|  |TAMS 0x0000000086b00000, 0x0000000086a00000| Complete 
|  79|0x0000000086b00000, 0x0000000086c00000, 0x0000000086c00000|100%|HC|  |TAMS 0x0000000086c00000, 0x0000000086b00000| Complete 
|  80|0x0000000086c00000, 0x0000000086d00000, 0x0000000086d00000|100%|HC|  |TAMS 0x0000000086d00000, 0x0000000086c00000| Complete 
|  81|0x0000000086d00000, 0x0000000086e00000, 0x0000000086e00000|100%|HC|  |TAMS 0x0000000086e00000, 0x0000000086d00000| Complete 
|  82|0x0000000086e00000, 0x0000000086f00000, 0x0000000086f00000|100%|HS|  |TAMS 0x0000000086f00000, 0x0000000086e00000| Complete 
|  83|0x0000000086f00000, 0x0000000087000000, 0x0000000087000000|100%|HC|  |TAMS 0x0000000087000000, 0x0000000086f00000| Complete 
|  84|0x0000000087000000, 0x0000000087100000, 0x0000000087100000|100%|HC|  |TAMS 0x0000000087100000, 0x0000000087000000| Complete 
|  85|0x0000000087100000, 0x0000000087200000, 0x0000000087200000|100%|HC|  |TAMS 0x0000000087200000, 0x0000000087100000| Complete 
|  86|0x0000000087200000, 0x0000000087300000, 0x0000000087300000|100%|HC|  |TAMS 0x0000000087300000, 0x0000000087200000| Complete 
|  87|0x0000000087300000, 0x0000000087400000, 0x0000000087400000|100%|HC|  |TAMS 0x0000000087400000, 0x0000000087300000| Complete 
|  88|0x0000000087400000, 0x0000000087500000, 0x0000000087500000|100%|HC|  |TAMS 0x0000000087500000, 0x0000000087400000| Complete 
|  89|0x0000000087500000, 0x0000000087600000, 0x0000000087600000|100%|HS|  |TAMS 0x0000000087600000, 0x0000000087500000| Complete 
|  90|0x0000000087600000, 0x0000000087700000, 0x0000000087700000|100%|HC|  |TAMS 0x0000000087700000, 0x0000000087600000| Complete 
|  91|0x0000000087700000, 0x0000000087800000, 0x0000000087800000|100%|HC|  |TAMS 0x0000000087800000, 0x0000000087700000| Complete 
|  92|0x0000000087800000, 0x0000000087900000, 0x0000000087900000|100%|HC|  |TAMS 0x0000000087900000, 0x0000000087800000| Complete 
|  93|0x0000000087900000, 0x0000000087a00000, 0x0000000087a00000|100%|HC|  |TAMS 0x0000000087a00000, 0x0000000087900000| Complete 
|  94|0x0000000087a00000, 0x0000000087b00000, 0x0000000087b00000|100%|HC|  |TAMS 0x0000000087b00000, 0x0000000087a00000| Complete 
|  95|0x0000000087b00000, 0x0000000087c00000, 0x0000000087c00000|100%|HC|  |TAMS 0x0000000087c00000, 0x0000000087b00000| Complete 
|  96|0x0000000087c00000, 0x0000000087d00000, 0x0000000087d00000|100%|HC|  |TAMS 0x0000000087d00000, 0x0000000087c00000| Complete 
|  97|0x0000000087d00000, 0x0000000087e00000, 0x0000000087e00000|100%|HC|  |TAMS 0x0000000087e00000, 0x0000000087d00000| Complete 
|  98|0x0000000087e00000, 0x0000000087f00000, 0x0000000087f00000|100%|HC|  |TAMS 0x0000000087f00000, 0x0000000087e00000| Complete 
|  99|0x0000000087f00000, 0x0000000088000000, 0x0000000088000000|100%|HC|  |TAMS 0x0000000088000000, 0x0000000087f00000| Complete 
| 100|0x0000000088000000, 0x0000000088100000, 0x0000000088100000|100%|HC|  |TAMS 0x0000000088100000, 0x0000000088000000| Complete 
| 101|0x0000000088100000, 0x0000000088200000, 0x0000000088200000|100%|HC|  |TAMS 0x0000000088200000, 0x0000000088100000| Complete 
| 102|0x0000000088200000, 0x0000000088300000, 0x0000000088300000|100%|HS|  |TAMS 0x0000000088300000, 0x0000000088200000| Complete 
| 103|0x0000000088300000, 0x0000000088400000, 0x0000000088400000|100%|HS|  |TAMS 0x0000000088400000, 0x0000000088300000| Complete 
| 104|0x0000000088400000, 0x0000000088500000, 0x0000000088500000|100%|HC|  |TAMS 0x0000000088500000, 0x0000000088400000| Complete 
| 105|0x0000000088500000, 0x0000000088600000, 0x0000000088600000|100%|HC|  |TAMS 0x0000000088600000, 0x0000000088500000| Complete 
| 106|0x0000000088600000, 0x0000000088700000, 0x0000000088700000|100%|HC|  |TAMS 0x0000000088700000, 0x0000000088600000| Complete 
| 107|0x0000000088700000, 0x0000000088800000, 0x0000000088800000|100%|HC|  |TAMS 0x0000000088800000, 0x0000000088700000| Complete 
| 108|0x0000000088800000, 0x0000000088900000, 0x0000000088900000|100%|HC|  |TAMS 0x0000000088900000, 0x0000000088800000| Complete 
| 109|0x0000000088900000, 0x0000000088a00000, 0x0000000088a00000|100%|HC|  |TAMS 0x0000000088a00000, 0x0000000088900000| Complete 
| 110|0x0000000088a00000, 0x0000000088b00000, 0x0000000088b00000|100%|HC|  |TAMS 0x0000000088b00000, 0x0000000088a00000| Complete 
| 111|0x0000000088b00000, 0x0000000088c00000, 0x0000000088c00000|100%|HC|  |TAMS 0x0000000088c00000, 0x0000000088b00000| Complete 
| 112|0x0000000088c00000, 0x0000000088d00000, 0x0000000088d00000|100%|HC|  |TAMS 0x0000000088d00000, 0x0000000088c00000| Complete 
| 113|0x0000000088d00000, 0x0000000088e00000, 0x0000000088e00000|100%|HC|  |TAMS 0x0000000088e00000, 0x0000000088d00000| Complete 
| 114|0x0000000088e00000, 0x0000000088f00000, 0x0000000088f00000|100%|HC|  |TAMS 0x0000000088f00000, 0x0000000088e00000| Complete 
| 115|0x0000000088f00000, 0x0000000089000000, 0x0000000089000000|100%|HC|  |TAMS 0x0000000089000000, 0x0000000088f00000| Complete 
| 116|0x0000000089000000, 0x0000000089100000, 0x0000000089100000|100%|HS|  |TAMS 0x0000000089100000, 0x0000000089000000| Complete 
| 117|0x0000000089100000, 0x0000000089200000, 0x0000000089200000|100%|HC|  |TAMS 0x0000000089200000, 0x0000000089100000| Complete 
| 118|0x0000000089200000, 0x0000000089300000, 0x0000000089300000|100%|HC|  |TAMS 0x0000000089300000, 0x0000000089200000| Complete 
| 119|0x0000000089300000, 0x0000000089400000, 0x0000000089400000|100%|HC|  |TAMS 0x0000000089400000, 0x0000000089300000| Complete 
| 120|0x0000000089400000, 0x0000000089500000, 0x0000000089500000|100%|HC|  |TAMS 0x0000000089500000, 0x0000000089400000| Complete 
| 121|0x0000000089500000, 0x0000000089600000, 0x0000000089600000|100%|HC|  |TAMS 0x0000000089600000, 0x0000000089500000| Complete 
| 122|0x0000000089600000, 0x0000000089700000, 0x0000000089700000|100%|HC|  |TAMS 0x0000000089700000, 0x0000000089600000| Complete 
| 123|0x0000000089700000, 0x0000000089800000, 0x0000000089800000|100%|HS|  |TAMS 0x0000000089800000, 0x0000000089700000| Complete 
| 124|0x0000000089800000, 0x0000000089900000, 0x0000000089900000|100%|HC|  |TAMS 0x0000000089900000, 0x0000000089800000| Complete 
| 125|0x0000000089900000, 0x0000000089a00000, 0x0000000089a00000|100%|HS|  |TAMS 0x0000000089a00000, 0x0000000089900000| Complete 
| 126|0x0000000089a00000, 0x0000000089b00000, 0x0000000089b00000|100%|HC|  |TAMS 0x0000000089b00000, 0x0000000089a00000| Complete 
| 127|0x0000000089b00000, 0x0000000089c00000, 0x0000000089c00000|100%|HS|  |TAMS 0x0000000089c00000, 0x0000000089b00000| Complete 
| 128|0x0000000089c00000, 0x0000000089d00000, 0x0000000089d00000|100%|HS|  |TAMS 0x0000000089d00000, 0x0000000089c00000| Complete 
| 129|0x0000000089d00000, 0x0000000089e00000, 0x0000000089e00000|100%| O|  |TAMS 0x0000000089e00000, 0x0000000089d00000| Untracked 
| 130|0x0000000089e00000, 0x0000000089f00000, 0x0000000089f00000|100%|HS|  |TAMS 0x0000000089f00000, 0x0000000089e00000| Complete 
| 131|0x0000000089f00000, 0x000000008a000000, 0x000000008a000000|100%|HC|  |TAMS 0x000000008a000000, 0x0000000089f00000| Complete 
| 132|0x000000008a000000, 0x000000008a100000, 0x000000008a100000|100%|HC|  |TAMS 0x000000008a100000, 0x000000008a000000| Complete 
| 133|0x000000008a100000, 0x000000008a200000, 0x000000008a200000|100%|HS|  |TAMS 0x000000008a200000, 0x000000008a100000| Complete 
| 134|0x000000008a200000, 0x000000008a300000, 0x000000008a300000|100%|HS|  |TAMS 0x000000008a300000, 0x000000008a200000| Complete 
| 135|0x000000008a300000, 0x000000008a400000, 0x000000008a400000|100%|HS|  |TAMS 0x000000008a400000, 0x000000008a300000| Complete 
| 136|0x000000008a400000, 0x000000008a500000, 0x000000008a500000|100%|HS|  |TAMS 0x000000008a500000, 0x000000008a400000| Complete 
| 137|0x000000008a500000, 0x000000008a600000, 0x000000008a600000|100%|HS|  |TAMS 0x000000008a600000, 0x000000008a500000| Complete 
| 138|0x000000008a600000, 0x000000008a700000, 0x000000008a700000|100%|HS|  |TAMS 0x000000008a700000, 0x000000008a600000| Complete 
| 139|0x000000008a700000, 0x000000008a800000, 0x000000008a800000|100%|HS|  |TAMS 0x000000008a800000, 0x000000008a700000| Complete 
| 140|0x000000008a800000, 0x000000008a900000, 0x000000008a900000|100%|HS|  |TAMS 0x000000008a900000, 0x000000008a800000| Complete 
| 141|0x000000008a900000, 0x000000008aa00000, 0x000000008aa00000|100%|HS|  |TAMS 0x000000008aa00000, 0x000000008a900000| Complete 
| 142|0x000000008aa00000, 0x000000008ab00000, 0x000000008ab00000|100%|HS|  |TAMS 0x000000008ab00000, 0x000000008aa00000| Complete 
| 143|0x000000008ab00000, 0x000000008ac00000, 0x000000008ac00000|100%|HS|  |TAMS 0x000000008ac00000, 0x000000008ab00000| Complete 
| 144|0x000000008ac00000, 0x000000008ad00000, 0x000000008ad00000|100%|HS|  |TAMS 0x000000008ad00000, 0x000000008ac00000| Complete 
| 145|0x000000008ad00000, 0x000000008ae00000, 0x000000008ae00000|100%|HC|  |TAMS 0x000000008ae00000, 0x000000008ad00000| Complete 
| 146|0x000000008ae00000, 0x000000008af00000, 0x000000008af00000|100%|HC|  |TAMS 0x000000008af00000, 0x000000008ae00000| Complete 
| 147|0x000000008af00000, 0x000000008b000000, 0x000000008b000000|100%|HC|  |TAMS 0x000000008b000000, 0x000000008af00000| Complete 
| 148|0x000000008b000000, 0x000000008b100000, 0x000000008b100000|100%|HS|  |TAMS 0x000000008b100000, 0x000000008b000000| Complete 
| 149|0x000000008b100000, 0x000000008b200000, 0x000000008b200000|100%|HC|  |TAMS 0x000000008b200000, 0x000000008b100000| Complete 
| 150|0x000000008b200000, 0x000000008b300000, 0x000000008b300000|100%|HC|  |TAMS 0x000000008b300000, 0x000000008b200000| Complete 
| 151|0x000000008b300000, 0x000000008b400000, 0x000000008b400000|100%|HC|  |TAMS 0x000000008b400000, 0x000000008b300000| Complete 
| 152|0x000000008b400000, 0x000000008b500000, 0x000000008b500000|100%|HS|  |TAMS 0x000000008b500000, 0x000000008b400000| Complete 
| 153|0x000000008b500000, 0x000000008b600000, 0x000000008b600000|100%|HC|  |TAMS 0x000000008b600000, 0x000000008b500000| Complete 
| 154|0x000000008b600000, 0x000000008b700000, 0x000000008b700000|100%|HC|  |TAMS 0x000000008b700000, 0x000000008b600000| Complete 
| 155|0x000000008b700000, 0x000000008b800000, 0x000000008b800000|100%|HC|  |TAMS 0x000000008b800000, 0x000000008b700000| Complete 
| 156|0x000000008b800000, 0x000000008b900000, 0x000000008b900000|100%|HS|  |TAMS 0x000000008b900000, 0x000000008b800000| Complete 
| 157|0x000000008b900000, 0x000000008ba00000, 0x000000008ba00000|100%|HC|  |TAMS 0x000000008ba00000, 0x000000008b900000| Complete 
| 158|0x000000008ba00000, 0x000000008bb00000, 0x000000008bb00000|100%|HC|  |TAMS 0x000000008bb00000, 0x000000008ba00000| Complete 
| 159|0x000000008bb00000, 0x000000008bc00000, 0x000000008bc00000|100%|HC|  |TAMS 0x000000008bc00000, 0x000000008bb00000| Complete 
| 160|0x000000008bc00000, 0x000000008bd00000, 0x000000008bd00000|100%| O|  |TAMS 0x000000008bd00000, 0x000000008bc00000| Untracked 
| 161|0x000000008bd00000, 0x000000008be00000, 0x000000008be00000|100%|HS|  |TAMS 0x000000008be00000, 0x000000008bd00000| Complete 
| 162|0x000000008be00000, 0x000000008bf00000, 0x000000008bf00000|100%|HC|  |TAMS 0x000000008bf00000, 0x000000008be00000| Complete 
| 163|0x000000008bf00000, 0x000000008c000000, 0x000000008c000000|100%|HC|  |TAMS 0x000000008c000000, 0x000000008bf00000| Complete 
| 164|0x000000008c000000, 0x000000008c100000, 0x000000008c100000|100%|HC|  |TAMS 0x000000008c100000, 0x000000008c000000| Complete 
| 165|0x000000008c100000, 0x000000008c200000, 0x000000008c200000|100%|HS|  |TAMS 0x000000008c200000, 0x000000008c100000| Complete 
| 166|0x000000008c200000, 0x000000008c300000, 0x000000008c300000|100%|HC|  |TAMS 0x000000008c300000, 0x000000008c200000| Complete 
| 167|0x000000008c300000, 0x000000008c400000, 0x000000008c400000|100%|HC|  |TAMS 0x000000008c400000, 0x000000008c300000| Complete 
| 168|0x000000008c400000, 0x000000008c500000, 0x000000008c500000|100%|HC|  |TAMS 0x000000008c500000, 0x000000008c400000| Complete 
| 169|0x000000008c500000, 0x000000008c600000, 0x000000008c600000|100%|HS|  |TAMS 0x000000008c600000, 0x000000008c500000| Complete 
| 170|0x000000008c600000, 0x000000008c700000, 0x000000008c700000|100%|HC|  |TAMS 0x000000008c700000, 0x000000008c600000| Complete 
| 171|0x000000008c700000, 0x000000008c800000, 0x000000008c800000|100%|HC|  |TAMS 0x000000008c800000, 0x000000008c700000| Complete 
| 172|0x000000008c800000, 0x000000008c900000, 0x000000008c900000|100%|HC|  |TAMS 0x000000008c900000, 0x000000008c800000| Complete 
| 173|0x000000008c900000, 0x000000008ca00000, 0x000000008ca00000|100%|HS|  |TAMS 0x000000008ca00000, 0x000000008c900000| Complete 
| 174|0x000000008ca00000, 0x000000008cb00000, 0x000000008cb00000|100%|HC|  |TAMS 0x000000008cb00000, 0x000000008ca00000| Complete 
| 175|0x000000008cb00000, 0x000000008cc00000, 0x000000008cc00000|100%|HC|  |TAMS 0x000000008cc00000, 0x000000008cb00000| Complete 
| 176|0x000000008cc00000, 0x000000008cd00000, 0x000000008cd00000|100%|HC|  |TAMS 0x000000008cd00000, 0x000000008cc00000| Complete 
| 177|0x000000008cd00000, 0x000000008ce00000, 0x000000008ce00000|100%| O|  |TAMS 0x000000008ce00000, 0x000000008cd00000| Untracked 
| 178|0x000000008ce00000, 0x000000008cf00000, 0x000000008cf00000|100%| O|  |TAMS 0x000000008cf00000, 0x000000008ce00000| Untracked 
| 179|0x000000008cf00000, 0x000000008d000000, 0x000000008d000000|100%|HS|  |TAMS 0x000000008d000000, 0x000000008cf00000| Complete 
| 180|0x000000008d000000, 0x000000008d100000, 0x000000008d100000|100%|HS|  |TAMS 0x000000008d100000, 0x000000008d000000| Complete 
| 181|0x000000008d100000, 0x000000008d200000, 0x000000008d200000|100%|HC|  |TAMS 0x000000008d200000, 0x000000008d100000| Complete 
| 182|0x000000008d200000, 0x000000008d300000, 0x000000008d300000|100%|HC|  |TAMS 0x000000008d300000, 0x000000008d200000| Complete 
| 183|0x000000008d300000, 0x000000008d400000, 0x000000008d400000|100%|HC|  |TAMS 0x000000008d400000, 0x000000008d300000| Complete 
| 184|0x000000008d400000, 0x000000008d500000, 0x000000008d500000|100%| O|  |TAMS 0x000000008d500000, 0x000000008d400000| Untracked 
| 185|0x000000008d500000, 0x000000008d600000, 0x000000008d600000|100%|HS|  |TAMS 0x000000008d600000, 0x000000008d500000| Complete 
| 186|0x000000008d600000, 0x000000008d700000, 0x000000008d700000|100%|HC|  |TAMS 0x000000008d700000, 0x000000008d600000| Complete 
| 187|0x000000008d700000, 0x000000008d800000, 0x000000008d800000|100%|HS|  |TAMS 0x000000008d800000, 0x000000008d700000| Complete 
| 188|0x000000008d800000, 0x000000008d900000, 0x000000008d900000|100%|HC|  |TAMS 0x000000008d900000, 0x000000008d800000| Complete 
| 189|0x000000008d900000, 0x000000008da00000, 0x000000008da00000|100%|HC|  |TAMS 0x000000008da00000, 0x000000008d900000| Complete 
| 190|0x000000008da00000, 0x000000008db00000, 0x000000008db00000|100%|HC|  |TAMS 0x000000008db00000, 0x000000008da00000| Complete 
| 191|0x000000008db00000, 0x000000008dc00000, 0x000000008dc00000|100%| O|  |TAMS 0x000000008dc00000, 0x000000008db00000| Untracked 
| 192|0x000000008dc00000, 0x000000008dca6600, 0x000000008dd00000| 64%| O|  |TAMS 0x000000008dca6600, 0x000000008dc00000| Untracked 
| 193|0x000000008dd00000, 0x000000008dd00000, 0x000000008de00000|  0%| F|  |TAMS 0x000000008dd00000, 0x000000008dd00000| Untracked 
| 194|0x000000008de00000, 0x000000008de00000, 0x000000008df00000|  0%| F|  |TAMS 0x000000008de00000, 0x000000008de00000| Untracked 
| 195|0x000000008df00000, 0x000000008df00000, 0x000000008e000000|  0%| F|  |TAMS 0x000000008df00000, 0x000000008df00000| Untracked 
| 196|0x000000008e000000, 0x000000008e000000, 0x000000008e100000|  0%| F|  |TAMS 0x000000008e000000, 0x000000008e000000| Untracked 
| 197|0x000000008e100000, 0x000000008e100000, 0x000000008e200000|  0%| F|  |TAMS 0x000000008e100000, 0x000000008e100000| Untracked 
| 198|0x000000008e200000, 0x000000008e200000, 0x000000008e300000|  0%| F|  |TAMS 0x000000008e200000, 0x000000008e200000| Untracked 
| 199|0x000000008e300000, 0x000000008e300000, 0x000000008e400000|  0%| F|  |TAMS 0x000000008e300000, 0x000000008e300000| Untracked 
| 200|0x000000008e400000, 0x000000008e500000, 0x000000008e500000|100%|HS|  |TAMS 0x000000008e500000, 0x000000008e400000| Complete 
| 201|0x000000008e500000, 0x000000008e600000, 0x000000008e600000|100%|HC|  |TAMS 0x000000008e600000, 0x000000008e500000| Complete 
| 202|0x000000008e600000, 0x000000008e700000, 0x000000008e700000|100%|HC|  |TAMS 0x000000008e700000, 0x000000008e600000| Complete 
| 203|0x000000008e700000, 0x000000008e800000, 0x000000008e800000|100%|HC|  |TAMS 0x000000008e800000, 0x000000008e700000| Complete 
| 204|0x000000008e800000, 0x000000008e900000, 0x000000008e900000|100%|HS|  |TAMS 0x000000008e900000, 0x000000008e800000| Complete 
| 205|0x000000008e900000, 0x000000008ea00000, 0x000000008ea00000|100%|HC|  |TAMS 0x000000008ea00000, 0x000000008e900000| Complete 
| 206|0x000000008ea00000, 0x000000008eb00000, 0x000000008eb00000|100%|HC|  |TAMS 0x000000008eb00000, 0x000000008ea00000| Complete 
| 207|0x000000008eb00000, 0x000000008ec00000, 0x000000008ec00000|100%|HC|  |TAMS 0x000000008ec00000, 0x000000008eb00000| Complete 
| 208|0x000000008ec00000, 0x000000008ed00000, 0x000000008ed00000|100%|HC|  |TAMS 0x000000008ed00000, 0x000000008ec00000| Complete 
| 209|0x000000008ed00000, 0x000000008ee00000, 0x000000008ee00000|100%|HC|  |TAMS 0x000000008ee00000, 0x000000008ed00000| Complete 
| 210|0x000000008ee00000, 0x000000008ef00000, 0x000000008ef00000|100%|HC|  |TAMS 0x000000008ef00000, 0x000000008ee00000| Complete 
| 211|0x000000008ef00000, 0x000000008f000000, 0x000000008f000000|100%|HC|  |TAMS 0x000000008f000000, 0x000000008ef00000| Complete 
| 212|0x000000008f000000, 0x000000008f100000, 0x000000008f100000|100%|HC|  |TAMS 0x000000008f100000, 0x000000008f000000| Complete 
| 213|0x000000008f100000, 0x000000008f200000, 0x000000008f200000|100%|HC|  |TAMS 0x000000008f200000, 0x000000008f100000| Complete 
| 214|0x000000008f200000, 0x000000008f300000, 0x000000008f300000|100%|HC|  |TAMS 0x000000008f300000, 0x000000008f200000| Complete 
| 215|0x000000008f300000, 0x000000008f400000, 0x000000008f400000|100%|HC|  |TAMS 0x000000008f400000, 0x000000008f300000| Complete 
| 216|0x000000008f400000, 0x000000008f500000, 0x000000008f500000|100%|HC|  |TAMS 0x000000008f500000, 0x000000008f400000| Complete 
| 217|0x000000008f500000, 0x000000008f600000, 0x000000008f600000|100%|HC|  |TAMS 0x000000008f600000, 0x000000008f500000| Complete 
| 218|0x000000008f600000, 0x000000008f700000, 0x000000008f700000|100%|HC|  |TAMS 0x000000008f700000, 0x000000008f600000| Complete 
| 219|0x000000008f700000, 0x000000008f800000, 0x000000008f800000|100%|HC|  |TAMS 0x000000008f800000, 0x000000008f700000| Complete 
| 220|0x000000008f800000, 0x000000008f900000, 0x000000008f900000|100%|HC|  |TAMS 0x000000008f900000, 0x000000008f800000| Complete 
| 221|0x000000008f900000, 0x000000008fa00000, 0x000000008fa00000|100%|HC|  |TAMS 0x000000008fa00000, 0x000000008f900000| Complete 
| 222|0x000000008fa00000, 0x000000008fb00000, 0x000000008fb00000|100%|HC|  |TAMS 0x000000008fb00000, 0x000000008fa00000| Complete 
| 223|0x000000008fb00000, 0x000000008fc00000, 0x000000008fc00000|100%|HC|  |TAMS 0x000000008fc00000, 0x000000008fb00000| Complete 
| 224|0x000000008fc00000, 0x000000008fd00000, 0x000000008fd00000|100%|HC|  |TAMS 0x000000008fd00000, 0x000000008fc00000| Complete 
| 225|0x000000008fd00000, 0x000000008fe00000, 0x000000008fe00000|100%|HC|  |TAMS 0x000000008fe00000, 0x000000008fd00000| Complete 
| 226|0x000000008fe00000, 0x000000008fe00000, 0x000000008ff00000|  0%| F|  |TAMS 0x000000008fe00000, 0x000000008fe00000| Untracked 
| 227|0x000000008ff00000, 0x000000008ff00000, 0x0000000090000000|  0%| F|  |TAMS 0x000000008ff00000, 0x000000008ff00000| Untracked 
| 228|0x0000000090000000, 0x0000000090000000, 0x0000000090100000|  0%| F|  |TAMS 0x0000000090000000, 0x0000000090000000| Untracked 
| 229|0x0000000090100000, 0x0000000090100000, 0x0000000090200000|  0%| F|  |TAMS 0x0000000090100000, 0x0000000090100000| Untracked 
| 230|0x0000000090200000, 0x0000000090200000, 0x0000000090300000|  0%| F|  |TAMS 0x0000000090200000, 0x0000000090200000| Untracked 
| 231|0x0000000090300000, 0x0000000090300000, 0x0000000090400000|  0%| F|  |TAMS 0x0000000090300000, 0x0000000090300000| Untracked 
| 232|0x0000000090400000, 0x0000000090400000, 0x0000000090500000|  0%| F|  |TAMS 0x0000000090400000, 0x0000000090400000| Untracked 
| 233|0x0000000090500000, 0x0000000090500000, 0x0000000090600000|  0%| F|  |TAMS 0x0000000090500000, 0x0000000090500000| Untracked 
| 234|0x0000000090600000, 0x0000000090600000, 0x0000000090700000|  0%| F|  |TAMS 0x0000000090600000, 0x0000000090600000| Untracked 
| 235|0x0000000090700000, 0x0000000090700000, 0x0000000090800000|  0%| F|  |TAMS 0x0000000090700000, 0x0000000090700000| Untracked 
| 236|0x0000000090800000, 0x0000000090800000, 0x0000000090900000|  0%| F|  |TAMS 0x0000000090800000, 0x0000000090800000| Untracked 
| 237|0x0000000090900000, 0x0000000090900000, 0x0000000090a00000|  0%| F|  |TAMS 0x0000000090900000, 0x0000000090900000| Untracked 
| 238|0x0000000090a00000, 0x0000000090a00000, 0x0000000090b00000|  0%| F|  |TAMS 0x0000000090a00000, 0x0000000090a00000| Untracked 
| 239|0x0000000090b00000, 0x0000000090b00000, 0x0000000090c00000|  0%| F|  |TAMS 0x0000000090b00000, 0x0000000090b00000| Untracked 
| 240|0x0000000090c00000, 0x0000000090c00000, 0x0000000090d00000|  0%| F|  |TAMS 0x0000000090c00000, 0x0000000090c00000| Untracked 
| 241|0x0000000090d00000, 0x0000000090d00000, 0x0000000090e00000|  0%| F|  |TAMS 0x0000000090d00000, 0x0000000090d00000| Untracked 
| 242|0x0000000090e00000, 0x0000000090e00000, 0x0000000090f00000|  0%| F|  |TAMS 0x0000000090e00000, 0x0000000090e00000| Untracked 
| 243|0x0000000090f00000, 0x0000000090f00000, 0x0000000091000000|  0%| F|  |TAMS 0x0000000090f00000, 0x0000000090f00000| Untracked 
| 244|0x0000000091000000, 0x0000000091000000, 0x0000000091100000|  0%| F|  |TAMS 0x0000000091000000, 0x0000000091000000| Untracked 
| 245|0x0000000091100000, 0x0000000091100000, 0x0000000091200000|  0%| F|  |TAMS 0x0000000091100000, 0x0000000091100000| Untracked 
| 246|0x0000000091200000, 0x0000000091200000, 0x0000000091300000|  0%| F|  |TAMS 0x0000000091200000, 0x0000000091200000| Untracked 
| 247|0x0000000091300000, 0x0000000091300000, 0x0000000091400000|  0%| F|  |TAMS 0x0000000091300000, 0x0000000091300000| Untracked 
| 248|0x0000000091400000, 0x0000000091400000, 0x0000000091500000|  0%| F|  |TAMS 0x0000000091400000, 0x0000000091400000| Untracked 
| 249|0x0000000091500000, 0x0000000091500000, 0x0000000091600000|  0%| F|  |TAMS 0x0000000091500000, 0x0000000091500000| Untracked 
| 250|0x0000000091600000, 0x0000000091600000, 0x0000000091700000|  0%| F|  |TAMS 0x0000000091600000, 0x0000000091600000| Untracked 
| 251|0x0000000091700000, 0x0000000091775058, 0x0000000091800000| 45%| S|CS|TAMS 0x0000000091700000, 0x0000000091700000| Complete 
| 252|0x0000000091800000, 0x0000000091800000, 0x0000000091900000|  0%| F|  |TAMS 0x0000000091800000, 0x0000000091800000| Untracked 
| 253|0x0000000091900000, 0x0000000091900000, 0x0000000091a00000|  0%| F|  |TAMS 0x0000000091900000, 0x0000000091900000| Untracked 
| 254|0x0000000091a00000, 0x0000000091a00000, 0x0000000091b00000|  0%| F|  |TAMS 0x0000000091a00000, 0x0000000091a00000| Untracked 
| 255|0x0000000091b00000, 0x0000000091b00000, 0x0000000091c00000|  0%| F|  |TAMS 0x0000000091b00000, 0x0000000091b00000| Untracked 
| 256|0x0000000091c00000, 0x0000000091c00000, 0x0000000091d00000|  0%| F|  |TAMS 0x0000000091c00000, 0x0000000091c00000| Untracked 
| 257|0x0000000091d00000, 0x0000000091d00000, 0x0000000091e00000|  0%| F|  |TAMS 0x0000000091d00000, 0x0000000091d00000| Untracked 
| 258|0x0000000091e00000, 0x0000000091e00000, 0x0000000091f00000|  0%| F|  |TAMS 0x0000000091e00000, 0x0000000091e00000| Untracked 
| 259|0x0000000091f00000, 0x0000000091f00000, 0x0000000092000000|  0%| F|  |TAMS 0x0000000091f00000, 0x0000000091f00000| Untracked 
| 260|0x0000000092000000, 0x0000000092000000, 0x0000000092100000|  0%| F|  |TAMS 0x0000000092000000, 0x0000000092000000| Untracked 
| 261|0x0000000092100000, 0x0000000092100000, 0x0000000092200000|  0%| F|  |TAMS 0x0000000092100000, 0x0000000092100000| Untracked 
| 262|0x0000000092200000, 0x0000000092200000, 0x0000000092300000|  0%| F|  |TAMS 0x0000000092200000, 0x0000000092200000| Untracked 
| 263|0x0000000092300000, 0x0000000092300000, 0x0000000092400000|  0%| F|  |TAMS 0x0000000092300000, 0x0000000092300000| Untracked 
| 264|0x0000000092400000, 0x0000000092400000, 0x0000000092500000|  0%| F|  |TAMS 0x0000000092400000, 0x0000000092400000| Untracked 
| 265|0x0000000092500000, 0x0000000092569120, 0x0000000092600000| 41%| E|  |TAMS 0x0000000092500000, 0x0000000092500000| Complete 
| 266|0x0000000092600000, 0x0000000092700000, 0x0000000092700000|100%| E|CS|TAMS 0x0000000092600000, 0x0000000092600000| Complete 
| 267|0x0000000092700000, 0x0000000092800000, 0x0000000092800000|100%| E|CS|TAMS 0x0000000092700000, 0x0000000092700000| Complete 
| 268|0x0000000092800000, 0x0000000092900000, 0x0000000092900000|100%| E|CS|TAMS 0x0000000092800000, 0x0000000092800000| Complete 
| 269|0x0000000092900000, 0x0000000092a00000, 0x0000000092a00000|100%| E|CS|TAMS 0x0000000092900000, 0x0000000092900000| Complete 
| 270|0x0000000092a00000, 0x0000000092b00000, 0x0000000092b00000|100%| E|CS|TAMS 0x0000000092a00000, 0x0000000092a00000| Complete 
| 271|0x0000000092b00000, 0x0000000092c00000, 0x0000000092c00000|100%| E|CS|TAMS 0x0000000092b00000, 0x0000000092b00000| Complete 
| 272|0x0000000092c00000, 0x0000000092d00000, 0x0000000092d00000|100%| E|CS|TAMS 0x0000000092c00000, 0x0000000092c00000| Complete 
| 273|0x0000000092d00000, 0x0000000092e00000, 0x0000000092e00000|100%| E|CS|TAMS 0x0000000092d00000, 0x0000000092d00000| Complete 
| 274|0x0000000092e00000, 0x0000000092f00000, 0x0000000092f00000|100%| E|CS|TAMS 0x0000000092e00000, 0x0000000092e00000| Complete 
| 275|0x0000000092f00000, 0x0000000093000000, 0x0000000093000000|100%|HS|  |TAMS 0x0000000093000000, 0x0000000092f00000| Complete 
| 276|0x0000000093000000, 0x0000000093100000, 0x0000000093100000|100%|HC|  |TAMS 0x0000000093100000, 0x0000000093000000| Complete 
| 277|0x0000000093100000, 0x0000000093200000, 0x0000000093200000|100%|HC|  |TAMS 0x0000000093200000, 0x0000000093100000| Complete 
| 278|0x0000000093200000, 0x0000000093300000, 0x0000000093300000|100%|HC|  |TAMS 0x0000000093300000, 0x0000000093200000| Complete 
| 279|0x0000000093300000, 0x0000000093400000, 0x0000000093400000|100%|HC|  |TAMS 0x0000000093400000, 0x0000000093300000| Complete 
| 280|0x0000000093400000, 0x0000000093500000, 0x0000000093500000|100%|HC|  |TAMS 0x0000000093500000, 0x0000000093400000| Complete 
| 281|0x0000000093500000, 0x0000000093600000, 0x0000000093600000|100%|HC|  |TAMS 0x0000000093600000, 0x0000000093500000| Complete 
| 282|0x0000000093600000, 0x0000000093700000, 0x0000000093700000|100%|HC|  |TAMS 0x0000000093700000, 0x0000000093600000| Complete 
| 283|0x0000000093700000, 0x0000000093800000, 0x0000000093800000|100%|HC|  |TAMS 0x0000000093800000, 0x0000000093700000| Complete 
| 284|0x0000000093800000, 0x0000000093900000, 0x0000000093900000|100%|HC|  |TAMS 0x0000000093900000, 0x0000000093800000| Complete 
| 285|0x0000000093900000, 0x0000000093a00000, 0x0000000093a00000|100%|HC|  |TAMS 0x0000000093a00000, 0x0000000093900000| Complete 
| 286|0x0000000093a00000, 0x0000000093b00000, 0x0000000093b00000|100%|HC|  |TAMS 0x0000000093b00000, 0x0000000093a00000| Complete 
| 287|0x0000000093b00000, 0x0000000093c00000, 0x0000000093c00000|100%|HC|  |TAMS 0x0000000093c00000, 0x0000000093b00000| Complete 
| 288|0x0000000093c00000, 0x0000000093d00000, 0x0000000093d00000|100%|HC|  |TAMS 0x0000000093d00000, 0x0000000093c00000| Complete 
| 289|0x0000000093d00000, 0x0000000093e00000, 0x0000000093e00000|100%|HC|  |TAMS 0x0000000093e00000, 0x0000000093d00000| Complete 
| 290|0x0000000093e00000, 0x0000000093f00000, 0x0000000093f00000|100%|HC|  |TAMS 0x0000000093f00000, 0x0000000093e00000| Complete 
| 291|0x0000000093f00000, 0x0000000094000000, 0x0000000094000000|100%|HC|  |TAMS 0x0000000094000000, 0x0000000093f00000| Complete 
| 292|0x0000000094000000, 0x0000000094100000, 0x0000000094100000|100%|HC|  |TAMS 0x0000000094100000, 0x0000000094000000| Complete 
| 293|0x0000000094100000, 0x0000000094200000, 0x0000000094200000|100%|HC|  |TAMS 0x0000000094200000, 0x0000000094100000| Complete 
| 294|0x0000000094200000, 0x0000000094300000, 0x0000000094300000|100%|HC|  |TAMS 0x0000000094300000, 0x0000000094200000| Complete 
| 295|0x0000000094300000, 0x0000000094400000, 0x0000000094400000|100%|HC|  |TAMS 0x0000000094400000, 0x0000000094300000| Complete 
| 296|0x0000000094400000, 0x0000000094500000, 0x0000000094500000|100%|HC|  |TAMS 0x0000000094500000, 0x0000000094400000| Complete 

Card table byte_map: [0x0000021db4e90000,0x0000021db5290000] _byte_map_base: 0x0000021db4a82000

Marking Bits (Prev, Next): (CMBitMap*) 0x0000021d9f90e788, (CMBitMap*) 0x0000021d9f90e7c0
 Prev Bits: [0x0000021db5690000, 0x0000021db7620000)
 Next Bits: [0x0000021db7620000, 0x0000021db95b0000)

Polling page: 0x0000021d9f7d0000

Metaspace:

Usage:
  Non-class:     42.18 MB capacity,    41.20 MB ( 98%) used,   815.34 KB (  2%) free+waste,   182.25 KB ( <1%) overhead. 
      Class:      6.48 MB capacity,     5.85 MB ( 90%) used,   556.46 KB (  8%) free+waste,    89.50 KB (  1%) overhead. 
       Both:     48.66 MB capacity,    47.05 MB ( 97%) used,     1.34 MB (  3%) free+waste,   271.75 KB ( <1%) overhead. 

Virtual space:
  Non-class space:       44.00 MB reserved,      42.25 MB ( 96%) committed 
      Class space:        1.00 GB reserved,       6.50 MB ( <1%) committed 
             Both:        1.04 GB reserved,      48.75 MB (  5%) committed 

Chunk freelists:
   Non-Class:  12.00 KB
       Class:  0 bytes
        Both:  12.00 KB

MaxMetaspaceSize: 17179869184.00 GB
CompressedClassSpaceSize: 1.00 GB

CodeHeap 'non-profiled nmethods': size=238912Kb used=14316Kb max_used=14316Kb free=224595Kb
 bounds [0x0000021da6140000, 0x0000021da6f40000, 0x0000021db4a90000]
CodeHeap 'non-nmethods': size=6848Kb used=1668Kb max_used=1668Kb free=5179Kb
 bounds [0x0000021da5a90000, 0x0000021da5d00000, 0x0000021da6140000]
 total_blobs=9699 nmethods=8038 adapters=1178
 compilation: enabled
              stopped_count=0, restarted_count=0
 full_count=0

Compilation events (20 events):
Event: 421.834 Thread 0x0000021dbba95000 8176       1       sun.security.util.DisabledAlgorithmConstraints$Constraints::permits (94 bytes)
Event: 421.837 Thread 0x0000021dbba95000 nmethod 8176 0x0000021da6f36a10 code [0x0000021da6f36c20, 0x0000021da6f36f60]
Event: 421.837 Thread 0x0000021dbba95000 8175       1       sun.security.util.DisabledAlgorithmConstraints::checkConstraints (64 bytes)
Event: 421.839 Thread 0x0000021dbba95000 nmethod 8175 0x0000021da6f37110 code [0x0000021da6f37320, 0x0000021da6f37700]
Event: 421.839 Thread 0x0000021dbba95000 8177       1       sun.security.util.math.intpoly.IntegerPolynomial::setLimbsValuePositive (49 bytes)
Event: 421.842 Thread 0x0000021dbba95000 nmethod 8177 0x0000021da6f37910 code [0x0000021da6f37b00, 0x0000021da6f37de0]
Event: 425.761 Thread 0x0000021dbba95000 8178   !   1       org.apache.catalina.core.ContainerBase::getRealmInternal (38 bytes)
Event: 425.764 Thread 0x0000021dbba95000 nmethod 8178 0x0000021da6f38010 code [0x0000021da6f38200, 0x0000021da6f38540]
Event: 425.764 Thread 0x0000021dbba95000 8179   !   1       org.apache.catalina.core.ContainerBase::getClusterInternal (38 bytes)
Event: 425.765 Thread 0x0000021dbba95000 nmethod 8179 0x0000021da6f38790 code [0x0000021da6f38980, 0x0000021da6f38cc0]
Event: 435.763 Thread 0x0000021dbba95000 8181   !   1       org.apache.catalina.core.ContainerBase::backgroundProcess (168 bytes)
Event: 435.778 Thread 0x0000021dbba95000 nmethod 8181 0x0000021da6f38f10 code [0x0000021da6f391a0, 0x0000021da6f39bf0]
Event: 435.778 Thread 0x0000021dbba95000 8180   !   1       org.apache.catalina.core.ContainerBase$ContainerBackgroundProcessor::processChildren (191 bytes)
Event: 435.780 Thread 0x0000021dbba95000 nmethod 8180 0x0000021da6f3a190 code [0x0000021da6f3a460, 0x0000021da6f3b1b0]
Event: 435.780 Thread 0x0000021dbba95000 8182       1       org.apache.catalina.core.StandardPipeline::getFirst (17 bytes)
Event: 435.780 Thread 0x0000021dbba95000 nmethod 8182 0x0000021da6f3b910 code [0x0000021da6f3bac0, 0x0000021da6f3bc18]
Event: 435.780 Thread 0x0000021dbba95000 8183       1       org.apache.catalina.mapper.MapperListener::lifecycleEvent (178 bytes)
Event: 435.781 Thread 0x0000021dbba95000 nmethod 8183 0x0000021da6f3bc90 code [0x0000021da6f3bf20, 0x0000021da6f3c7d0]
Event: 435.781 Thread 0x0000021dbba95000 8184       1       org.apache.catalina.core.StandardWrapper::getServlet (5 bytes)
Event: 435.782 Thread 0x0000021dbba95000 nmethod 8184 0x0000021da6f3cb10 code [0x0000021da6f3ccc0, 0x0000021da6f3cdf8]

GC Heap History (20 events):
Event: 426.030 GC heap before
{Heap before GC invocations=658 (full 0):
 garbage-first heap   total 304128K, used 270418K [0x0000000081c00000, 0x0000000100000000)
  region size 1024K, 25 young (25600K), 1 survivors (1024K)
 Metaspace       used 48181K, capacity 49825K, committed 49920K, reserved 1093632K
  class space    used 5991K, capacity 6637K, committed 6656K, reserved 1048576K
}
Event: 426.032 GC heap after
{Heap after GC invocations=659 (full 0):
 garbage-first heap   total 304128K, used 246855K [0x0000000081c00000, 0x0000000100000000)
  region size 1024K, 1 young (1024K), 1 survivors (1024K)
 Metaspace       used 48181K, capacity 49825K, committed 49920K, reserved 1093632K
  class space    used 5991K, capacity 6637K, committed 6656K, reserved 1048576K
}
Event: 427.150 GC heap before
{Heap before GC invocations=660 (full 0):
 garbage-first heap   total 304128K, used 271431K [0x0000000081c00000, 0x0000000100000000)
  region size 1024K, 25 young (25600K), 1 survivors (1024K)
 Metaspace       used 48181K, capacity 49825K, committed 49920K, reserved 1093632K
  class space    used 5991K, capacity 6637K, committed 6656K, reserved 1048576K
}
Event: 427.151 GC heap after
{Heap after GC invocations=661 (full 0):
 garbage-first heap   total 304128K, used 246878K [0x0000000081c00000, 0x0000000100000000)
  region size 1024K, 1 young (1024K), 1 survivors (1024K)
 Metaspace       used 48181K, capacity 49825K, committed 49920K, reserved 1093632K
  class space    used 5991K, capacity 6637K, committed 6656K, reserved 1048576K
}
Event: 428.302 GC heap before
{Heap before GC invocations=661 (full 0):
 garbage-first heap   total 304128K, used 270430K [0x0000000081c00000, 0x0000000100000000)
  region size 1024K, 25 young (25600K), 1 survivors (1024K)
 Metaspace       used 48181K, capacity 49825K, committed 49920K, reserved 1093632K
  class space    used 5991K, capacity 6637K, committed 6656K, reserved 1048576K
}
Event: 428.304 GC heap after
{Heap after GC invocations=662 (full 0):
 garbage-first heap   total 304128K, used 246889K [0x0000000081c00000, 0x0000000100000000)
  region size 1024K, 1 young (1024K), 1 survivors (1024K)
 Metaspace       used 48181K, capacity 49825K, committed 49920K, reserved 1093632K
  class space    used 5991K, capacity 6637K, committed 6656K, reserved 1048576K
}
Event: 429.418 GC heap before
{Heap before GC invocations=663 (full 0):
 garbage-first heap   total 304128K, used 270441K [0x0000000081c00000, 0x0000000100000000)
  region size 1024K, 24 young (24576K), 1 survivors (1024K)
 Metaspace       used 48181K, capacity 49825K, committed 49920K, reserved 1093632K
  class space    used 5991K, capacity 6637K, committed 6656K, reserved 1048576K
}
Event: 429.420 GC heap after
{Heap after GC invocations=664 (full 0):
 garbage-first heap   total 304128K, used 246852K [0x0000000081c00000, 0x0000000100000000)
  region size 1024K, 1 young (1024K), 1 survivors (1024K)
 Metaspace       used 48181K, capacity 49825K, committed 49920K, reserved 1093632K
  class space    used 5991K, capacity 6637K, committed 6656K, reserved 1048576K
}
Event: 430.621 GC heap before
{Heap before GC invocations=664 (full 0):
 garbage-first heap   total 304128K, used 269380K [0x0000000081c00000, 0x0000000100000000)
  region size 1024K, 24 young (24576K), 1 survivors (1024K)
 Metaspace       used 48181K, capacity 49825K, committed 49920K, reserved 1093632K
  class space    used 5991K, capacity 6637K, committed 6656K, reserved 1048576K
}
Event: 430.623 GC heap after
{Heap after GC invocations=665 (full 0):
 garbage-first heap   total 304128K, used 246782K [0x0000000081c00000, 0x0000000100000000)
  region size 1024K, 1 young (1024K), 1 survivors (1024K)
 Metaspace       used 48181K, capacity 49825K, committed 49920K, reserved 1093632K
  class space    used 5991K, capacity 6637K, committed 6656K, reserved 1048576K
}
Event: 431.781 GC heap before
{Heap before GC invocations=666 (full 0):
 garbage-first heap   total 304128K, used 269310K [0x0000000081c00000, 0x0000000100000000)
  region size 1024K, 24 young (24576K), 1 survivors (1024K)
 Metaspace       used 48181K, capacity 49825K, committed 49920K, reserved 1093632K
  class space    used 5991K, capacity 6637K, committed 6656K, reserved 1048576K
}
Event: 431.782 GC heap after
{Heap after GC invocations=667 (full 0):
 garbage-first heap   total 304128K, used 246790K [0x0000000081c00000, 0x0000000100000000)
  region size 1024K, 1 young (1024K), 1 survivors (1024K)
 Metaspace       used 48181K, capacity 49825K, committed 49920K, reserved 1093632K
  class space    used 5991K, capacity 6637K, committed 6656K, reserved 1048576K
}
Event: 434.792 GC heap before
{Heap before GC invocations=667 (full 0):
 garbage-first heap   total 304128K, used 269318K [0x0000000081c00000, 0x0000000100000000)
  region size 1024K, 24 young (24576K), 1 survivors (1024K)
 Metaspace       used 48181K, capacity 49825K, committed 49920K, reserved 1093632K
  class space    used 5991K, capacity 6637K, committed 6656K, reserved 1048576K
}
Event: 434.794 GC heap after
{Heap after GC invocations=668 (full 0):
 garbage-first heap   total 304128K, used 246900K [0x0000000081c00000, 0x0000000100000000)
  region size 1024K, 1 young (1024K), 1 survivors (1024K)
 Metaspace       used 48181K, capacity 49825K, committed 49920K, reserved 1093632K
  class space    used 5991K, capacity 6637K, committed 6656K, reserved 1048576K
}
Event: 436.079 GC heap before
{Heap before GC invocations=669 (full 0):
 garbage-first heap   total 304128K, used 270452K [0x0000000081c00000, 0x0000000100000000)
  region size 1024K, 24 young (24576K), 1 survivors (1024K)
 Metaspace       used 48181K, capacity 49825K, committed 49920K, reserved 1093632K
  class space    used 5991K, capacity 6637K, committed 6656K, reserved 1048576K
}
Event: 436.081 GC heap after
{Heap after GC invocations=670 (full 0):
 garbage-first heap   total 304128K, used 246805K [0x0000000081c00000, 0x0000000100000000)
  region size 1024K, 1 young (1024K), 1 survivors (1024K)
 Metaspace       used 48181K, capacity 49825K, committed 49920K, reserved 1093632K
  class space    used 5991K, capacity 6637K, committed 6656K, reserved 1048576K
}
Event: 438.040 GC heap before
{Heap before GC invocations=670 (full 0):
 garbage-first heap   total 304128K, used 270357K [0x0000000081c00000, 0x0000000100000000)
  region size 1024K, 24 young (24576K), 1 survivors (1024K)
 Metaspace       used 48181K, capacity 49825K, committed 49920K, reserved 1093632K
  class space    used 5991K, capacity 6637K, committed 6656K, reserved 1048576K
}
Event: 438.042 GC heap after
{Heap after GC invocations=671 (full 0):
 garbage-first heap   total 304128K, used 246839K [0x0000000081c00000, 0x0000000100000000)
  region size 1024K, 1 young (1024K), 1 survivors (1024K)
 Metaspace       used 48181K, capacity 49825K, committed 49920K, reserved 1093632K
  class space    used 5991K, capacity 6637K, committed 6656K, reserved 1048576K
}
Event: 440.217 GC heap before
{Heap before GC invocations=672 (full 0):
 garbage-first heap   total 304128K, used 269367K [0x0000000081c00000, 0x0000000100000000)
  region size 1024K, 24 young (24576K), 1 survivors (1024K)
 Metaspace       used 48181K, capacity 49825K, committed 49920K, reserved 1093632K
  class space    used 5991K, capacity 6637K, committed 6656K, reserved 1048576K
}
Event: 440.218 GC heap after
{Heap after GC invocations=673 (full 0):
 garbage-first heap   total 304128K, used 246893K [0x0000000081c00000, 0x0000000100000000)
  region size 1024K, 1 young (1024K), 1 survivors (1024K)
 Metaspace       used 48181K, capacity 49825K, committed 49920K, reserved 1093632K
  class space    used 5991K, capacity 6637K, committed 6656K, reserved 1048576K
}

Deoptimization events (6 events):
Event: 18.144 Thread 0x0000021dbf77b800 DEOPT PACKING pc=0x0000021da631094c sp=0x000000b6f70fd4e0
Event: 18.144 Thread 0x0000021dbf77b800 DEOPT UNPACKING pc=0x0000021da5ab904e sp=0x000000b6f70fc9f8 mode 0
Event: 384.260 Thread 0x0000021dbcb41000 DEOPT PACKING pc=0x0000021da61b67ec sp=0x000000b6f48ff2a0
Event: 384.265 Thread 0x0000021dbcb41000 DEOPT UNPACKING pc=0x0000021da5ab904e sp=0x000000b6f48fe7e0 mode 1
Event: 384.265 Thread 0x0000021dbcb41000 DEOPT PACKING pc=0x0000021da61bdf9c sp=0x000000b6f48ff3e0
Event: 384.267 Thread 0x0000021dbcb41000 DEOPT UNPACKING pc=0x0000021da5ab904e sp=0x000000b6f48fe888 mode 1

Classes redefined (0 events):
No events

Internal exceptions (20 events):
Event: 6.346 Thread 0x0000021dbba72800 NullPointerException in IC check 0x0000021da685ef60
Event: 6.346 Thread 0x0000021dbba72800 Exception <a 'java/lang/NullPointerException'{0x000000008d4018e0}> (0x000000008d4018e0) thrown at [c:/BuildAgent/work/5ff2f6c26000d570/src/hotspot/share/runtime/sharedRuntime.cpp, line 584]
Event: 6.346 Thread 0x0000021dbba72800 NullPointerException in IC check 0x0000021da685ef60
Event: 6.346 Thread 0x0000021dbba72800 Exception <a 'java/lang/NullPointerException'{0x000000008d401bb0}> (0x000000008d401bb0) thrown at [c:/BuildAgent/work/5ff2f6c26000d570/src/hotspot/share/runtime/sharedRuntime.cpp, line 584]
Event: 6.346 Thread 0x0000021dbba72800 NullPointerException in IC check 0x0000021da685ef60
Event: 6.346 Thread 0x0000021dbba72800 Exception <a 'java/lang/NullPointerException'{0x000000008d401e80}> (0x000000008d401e80) thrown at [c:/BuildAgent/work/5ff2f6c26000d570/src/hotspot/share/runtime/sharedRuntime.cpp, line 584]
Event: 6.346 Thread 0x0000021dbba72800 NullPointerException in IC check 0x0000021da685ef60
Event: 6.346 Thread 0x0000021dbba72800 Exception <a 'java/lang/NullPointerException'{0x000000008d402150}> (0x000000008d402150) thrown at [c:/BuildAgent/work/5ff2f6c26000d570/src/hotspot/share/runtime/sharedRuntime.cpp, line 584]
Event: 6.346 Thread 0x0000021dbba72800 NullPointerException in IC check 0x0000021da685ef60
Event: 6.346 Thread 0x0000021dbba72800 Exception <a 'java/lang/NullPointerException'{0x000000008d402420}> (0x000000008d402420) thrown at [c:/BuildAgent/work/5ff2f6c26000d570/src/hotspot/share/runtime/sharedRuntime.cpp, line 584]
Event: 6.346 Thread 0x0000021dbba72800 NullPointerException in IC check 0x0000021da685ef60
Event: 6.346 Thread 0x0000021dbba72800 Exception <a 'java/lang/NullPointerException'{0x000000008d4026f0}> (0x000000008d4026f0) thrown at [c:/BuildAgent/work/5ff2f6c26000d570/src/hotspot/share/runtime/sharedRuntime.cpp, line 584]
Event: 8.621 Thread 0x0000021dbf774000 Exception <a 'java/lang/NoSuchMethodError'{0x000000008d1f77a8}: 'void java.lang.invoke.DirectMethodHandle$Holder.invokeVirtual(java.lang.Object, java.lang.Object)'> (0x000000008d1f77a8) thrown at [c:/BuildAgent/work/5ff2f6c26000d570/src/hotspot/share/inte
Event: 8.622 Thread 0x0000021dbf774000 Exception <a 'java/lang/NoSuchMethodError'{0x000000008d1feb88}: 'void java.lang.invoke.DirectMethodHandle$Holder.invokeInterface(java.lang.Object, java.lang.Object)'> (0x000000008d1feb88) thrown at [c:/BuildAgent/work/5ff2f6c26000d570/src/hotspot/share/in
Event: 17.323 Thread 0x0000021dbf77b800 Exception <a 'sun/nio/fs/WindowsException'{0x000000008db88800}> (0x000000008db88800) thrown at [c:/BuildAgent/work/5ff2f6c26000d570/src/hotspot/share/prims/jni.cpp, line 615]
Event: 37.300 Thread 0x0000021dbf774000 Exception <a 'java/lang/NoSuchMethodError'{0x000000008d87ea10}: 'java.lang.Object java.lang.invoke.Invokers$Holder.linkToTargetMethod(java.lang.Object, int, java.lang.Object)'> (0x000000008d87ea10) thrown at [c:/BuildAgent/work/5ff2f6c26000d570/src/hotspo
Event: 60.490 Thread 0x0000021dbf774000 Exception <a 'java/lang/IncompatibleClassChangeError'{0x0000000092839738}: Found class java.lang.Object, but interface was expected> (0x0000000092839738) thrown at [c:/BuildAgent/work/5ff2f6c26000d570/src/hotspot/share/interpreter/linkResolver.cpp, line 8
Event: 60.492 Thread 0x0000021dbf774000 Exception <a 'java/lang/IncompatibleClassChangeError'{0x0000000092842300}: Found class java.lang.Object, but interface was expected> (0x0000000092842300) thrown at [c:/BuildAgent/work/5ff2f6c26000d570/src/hotspot/share/interpreter/linkResolver.cpp, line 8
Event: 60.492 Thread 0x0000021dbf774000 Exception <a 'java/lang/IncompatibleClassChangeError'{0x0000000092844a50}: Found class java.lang.Object, but interface was expected> (0x0000000092844a50) thrown at [c:/BuildAgent/work/5ff2f6c26000d570/src/hotspot/share/interpreter/linkResolver.cpp, line 8
Event: 384.259 Thread 0x0000021dbcb41000 Exception <a 'sun/net/ConnectionResetException'{0x0000000092034578}: > (0x0000000092034578) thrown at [c:/BuildAgent/work/5ff2f6c26000d570/src/hotspot/share/prims/jni.cpp, line 636]

Events (20 events):
Event: 440.768 loading class org/joda/time/LocalDate
Event: 440.768 loading class org/joda/time/LocalDate done
Event: 440.768 loading class org/joda/time$LocalDate
Event: 440.768 loading class org/joda/time$LocalDate done
Event: 441.131 loading class org/joda/time/LocalDate
Event: 441.131 loading class org/joda/time/LocalDate done
Event: 441.131 loading class org/joda/time$LocalDate
Event: 441.131 loading class org/joda/time$LocalDate done
Event: 441.132 loading class org/joda/time/LocalDate
Event: 441.132 loading class org/joda/time/LocalDate done
Event: 441.132 loading class org/joda/time$LocalDate
Event: 441.132 loading class org/joda/time$LocalDate done
Event: 441.268 loading class org/joda/time/LocalDate
Event: 441.268 loading class org/joda/time/LocalDate done
Event: 441.269 loading class org/joda/time$LocalDate
Event: 441.269 loading class org/joda/time$LocalDate done
Event: 441.269 loading class org/joda/time/LocalDate
Event: 441.269 loading class org/joda/time/LocalDate done
Event: 441.269 loading class org/joda/time$LocalDate
Event: 441.269 loading class org/joda/time$LocalDate done


Dynamic libraries:
0x00007ff675c70000 - 0x00007ff675c7a000 	C:\Program Files\JetBrains\IntelliJ IDEA 2019.3.5\jbr\bin\java.exe
0x00007ffea4700000 - 0x00007ffea48f0000 	C:\WINDOWS\SYSTEM32\ntdll.dll
0x00007ffea3660000 - 0x00007ffea3712000 	C:\WINDOWS\System32\KERNEL32.DLL
0x00007ffea19c0000 - 0x00007ffea1c65000 	C:\WINDOWS\System32\KERNELBASE.dll
0x00007ffea18c0000 - 0x00007ffea19ba000 	C:\WINDOWS\System32\ucrtbase.dll
0x00007ffe85300000 - 0x00007ffe85317000 	C:\Program Files\JetBrains\IntelliJ IDEA 2019.3.5\jbr\bin\VCRUNTIME140.dll
0x00007ffe84820000 - 0x00007ffe84839000 	C:\Program Files\JetBrains\IntelliJ IDEA 2019.3.5\jbr\bin\jli.dll
0x00007ffea2980000 - 0x00007ffea2b14000 	C:\WINDOWS\System32\USER32.dll
0x00007ffe90c00000 - 0x00007ffe90e84000 	C:\WINDOWS\WinSxS\amd64_microsoft.windows.common-controls_6595b64144ccf1df_6.0.18362.1256_none_9e7e379be45e40e2\COMCTL32.dll
0x00007ffea38c0000 - 0x00007ffea395e000 	C:\WINDOWS\System32\msvcrt.dll
0x00007ffea2780000 - 0x00007ffea27a1000 	C:\WINDOWS\System32\win32u.dll
0x00007ffea3960000 - 0x00007ffea3c96000 	C:\WINDOWS\System32\combase.dll
0x00007ffea2950000 - 0x00007ffea2976000 	C:\WINDOWS\System32\GDI32.dll
0x00007ffea3ca0000 - 0x00007ffea3dc0000 	C:\WINDOWS\System32\RPCRT4.dll
0x00007ffea1e50000 - 0x00007ffea1fe6000 	C:\WINDOWS\System32\gdi32full.dll
0x00007ffea1c70000 - 0x00007ffea1cf1000 	C:\WINDOWS\System32\bcryptPrimitives.dll
0x00007ffea16c0000 - 0x00007ffea175e000 	C:\WINDOWS\System32\msvcp_win.dll
0x00007ffea3830000 - 0x00007ffea385e000 	C:\WINDOWS\System32\IMM32.DLL
0x00007ffe84780000 - 0x00007ffe8481d000 	C:\Program Files\JetBrains\IntelliJ IDEA 2019.3.5\jbr\bin\msvcp140.dll
0x00007ffe53fd0000 - 0x00007ffe54a8d000 	C:\Program Files\JetBrains\IntelliJ IDEA 2019.3.5\jbr\bin\server\jvm.dll
0x00007ffea4440000 - 0x00007ffea44e3000 	C:\WINDOWS\System32\ADVAPI32.dll
0x00007ffea4620000 - 0x00007ffea46b7000 	C:\WINDOWS\System32\sechost.dll
0x00007ffea3e20000 - 0x00007ffea3e28000 	C:\WINDOWS\System32\PSAPI.DLL
0x00007ffe8f250000 - 0x00007ffe8f259000 	C:\WINDOWS\SYSTEM32\WSOCK32.dll
0x00007ffea37c0000 - 0x00007ffea382f000 	C:\WINDOWS\System32\WS2_32.dll
0x00007ffe9cec0000 - 0x00007ffe9cee4000 	C:\WINDOWS\SYSTEM32\WINMM.dll
0x00007ffe9aeb0000 - 0x00007ffe9aeba000 	C:\WINDOWS\SYSTEM32\VERSION.dll
0x00007ffe9ce30000 - 0x00007ffe9ce5d000 	C:\WINDOWS\SYSTEM32\WINMMBASE.dll
0x00007ffea1760000 - 0x00007ffea17aa000 	C:\WINDOWS\System32\cfgmgr32.dll
0x00007ffea1630000 - 0x00007ffea1641000 	C:\WINDOWS\System32\kernel.appcore.dll
0x00007ffe85770000 - 0x00007ffe85781000 	C:\Program Files\JetBrains\IntelliJ IDEA 2019.3.5\jbr\bin\verify.dll
0x00007ffe9fe10000 - 0x00007ffea0004000 	C:\WINDOWS\SYSTEM32\DBGHELP.DLL
0x00007ffe8d590000 - 0x00007ffe8d5ba000 	C:\WINDOWS\SYSTEM32\dbgcore.DLL
0x00007ffe852c0000 - 0x00007ffe852e9000 	C:\Program Files\JetBrains\IntelliJ IDEA 2019.3.5\jbr\bin\java.dll
0x00007ffe9d800000 - 0x00007ffe9d80f000 	C:\Program Files\JetBrains\IntelliJ IDEA 2019.3.5\jbr\bin\instrument.dll
0x00007ffe85130000 - 0x00007ffe85148000 	C:\Program Files\JetBrains\IntelliJ IDEA 2019.3.5\jbr\bin\zip.dll
0x00007ffe9c080000 - 0x00007ffe9c08b000 	C:\Program Files\JetBrains\IntelliJ IDEA 2019.3.5\jbr\bin\jimage.dll
0x00007ffea2f70000 - 0x00007ffea3657000 	C:\WINDOWS\System32\SHELL32.dll
0x00007ffea44f0000 - 0x00007ffea4599000 	C:\WINDOWS\System32\shcore.dll
0x00007ffea1ff0000 - 0x00007ffea2771000 	C:\WINDOWS\System32\windows.storage.dll
0x00007ffea1600000 - 0x00007ffea1623000 	C:\WINDOWS\System32\profapi.dll
0x00007ffea15b0000 - 0x00007ffea15fa000 	C:\WINDOWS\System32\powrprof.dll
0x00007ffea15a0000 - 0x00007ffea15b0000 	C:\WINDOWS\System32\UMPDC.dll
0x00007ffea3860000 - 0x00007ffea38b2000 	C:\WINDOWS\System32\shlwapi.dll
0x00007ffea1670000 - 0x00007ffea1687000 	C:\WINDOWS\System32\cryptsp.dll
0x00007ffe845e0000 - 0x00007ffe845fa000 	C:\Program Files\JetBrains\IntelliJ IDEA 2019.3.5\jbr\bin\net.dll
0x00007ffe98a80000 - 0x00007ffe98b70000 	C:\WINDOWS\SYSTEM32\WINHTTP.dll
0x00007ffea0dc0000 - 0x00007ffea0e27000 	C:\WINDOWS\system32\mswsock.dll
0x00007ffe845c0000 - 0x00007ffe845d4000 	C:\Program Files\JetBrains\IntelliJ IDEA 2019.3.5\jbr\bin\nio.dll
0x00007ffe9d7e0000 - 0x00007ffe9d7fa000 	C:\Program Files\JetBrains\IntelliJ IDEA 2019.3.5\bin\breakgen64.dll
0x00007ffea0b10000 - 0x00007ffea0bdb000 	C:\WINDOWS\SYSTEM32\DNSAPI.dll
0x00007ffea37b0000 - 0x00007ffea37b8000 	C:\WINDOWS\System32\NSI.dll
0x00007ffea0ad0000 - 0x00007ffea0b0a000 	C:\WINDOWS\SYSTEM32\IPHLPAPI.DLL
0x00007ffe9a660000 - 0x00007ffe9a66a000 	C:\Windows\System32\rasadhlp.dll
0x00007ffe98a00000 - 0x00007ffe98a77000 	C:\WINDOWS\System32\fwpuclnt.dll
0x00007ffea1690000 - 0x00007ffea16b6000 	C:\WINDOWS\System32\bcrypt.dll
0x00007ffe8c620000 - 0x00007ffe8c62a000 	C:\Program Files\JetBrains\IntelliJ IDEA 2019.3.5\jbr\bin\management.dll
0x00007ffe852b0000 - 0x00007ffe852bc000 	C:\Program Files\JetBrains\IntelliJ IDEA 2019.3.5\jbr\bin\management_ext.dll
0x00007ffea0920000 - 0x00007ffea0953000 	C:\WINDOWS\system32\rsaenh.dll
0x00007ffea1480000 - 0x00007ffea14a5000 	C:\WINDOWS\SYSTEM32\USERENV.dll
0x00007ffea0fc0000 - 0x00007ffea0fcc000 	C:\WINDOWS\SYSTEM32\CRYPTBASE.dll
0x00007ffe999f0000 - 0x00007ffe99a06000 	C:\WINDOWS\SYSTEM32\dhcpcsvc6.DLL
0x00007ffe999b0000 - 0x00007ffe999cc000 	C:\WINDOWS\SYSTEM32\dhcpcsvc.DLL
0x00007ffe8be80000 - 0x00007ffe8be96000 	C:\WINDOWS\system32\napinsp.dll
0x00007ffe8be60000 - 0x00007ffe8be7a000 	C:\WINDOWS\system32\pnrpnsp.dll
0x00007ffe8c7c0000 - 0x00007ffe8c7ce000 	C:\WINDOWS\System32\winrnr.dll
0x00007ffe9d560000 - 0x00007ffe9d57c000 	C:\WINDOWS\system32\NLAapi.dll
0x00007ffe9c890000 - 0x00007ffe9c8a5000 	C:\WINDOWS\system32\wshbth.dll
0x00007ffe84ee0000 - 0x00007ffe84f44000 	C:\Users\48607\AppData\Local\Temp\lwjgl48607\3.2.3-build-13\lwjgl.dll
0x00007ffe82cd0000 - 0x00007ffe82f23000 	C:\Users\48607\AppData\Local\Temp\lwjgl48607\3.2.3-build-13\jemalloc.dll
0x00007ffe84e70000 - 0x00007ffe84ed2000 	C:\Users\48607\AppData\Local\Temp\lwjgl48607\3.2.3-build-13\glfw.dll
0x00007ffe9ed10000 - 0x00007ffe9eda9000 	C:\WINDOWS\system32\uxtheme.dll
0x00007ffe84db0000 - 0x00007ffe84df3000 	C:\WINDOWS\SYSTEM32\dinput8.dll
0x00007ffe9d740000 - 0x00007ffe9d751000 	C:\WINDOWS\SYSTEM32\xinput1_4.dll
0x00007ffea1390000 - 0x00007ffea13ba000 	C:\WINDOWS\SYSTEM32\DEVOBJ.dll
0x00007ffe9f510000 - 0x00007ffe9f53d000 	C:\WINDOWS\SYSTEM32\dwmapi.dll
0x00007ffe82f30000 - 0x00007ffe8304b000 	C:\WINDOWS\SYSTEM32\inputhost.dll
0x00007ffe9ea10000 - 0x00007ffe9eae4000 	C:\WINDOWS\SYSTEM32\CoreMessaging.dll
0x00007ffe9b0f0000 - 0x00007ffe9b41a000 	C:\WINDOWS\SYSTEM32\CoreUIComponents.dll
0x00007ffe9cc90000 - 0x00007ffe9cde3000 	C:\WINDOWS\SYSTEM32\wintypes.dll
0x00007ffe9f870000 - 0x00007ffe9f960000 	C:\WINDOWS\SYSTEM32\PROPSYS.dll
0x00007ffea4370000 - 0x00007ffea4435000 	C:\WINDOWS\System32\OLEAUT32.dll
0x00007ffea05a0000 - 0x00007ffea05d1000 	C:\WINDOWS\SYSTEM32\ntmarta.dll
0x00007ffea27b0000 - 0x00007ffea28e5000 	C:\WINDOWS\System32\MSCTF.dll
0x00007ffe9fe00000 - 0x00007ffe9fe0e000 	C:\WINDOWS\SYSTEM32\HID.DLL
0x00007ffea3f00000 - 0x00007ffea4370000 	C:\WINDOWS\System32\SETUPAPI.DLL
0x00007ffea1860000 - 0x00007ffea18bc000 	C:\WINDOWS\System32\WINTRUST.dll
0x00007ffea1650000 - 0x00007ffea1662000 	C:\WINDOWS\System32\MSASN1.dll
0x00007ffea1d00000 - 0x00007ffea1e49000 	C:\WINDOWS\System32\CRYPT32.dll
0x00007ffe83c10000 - 0x00007ffe83d66000 	C:\WINDOWS\SYSTEM32\opengl32.dll
0x00007ffe83ba0000 - 0x00007ffe83bcc000 	C:\WINDOWS\SYSTEM32\GLU32.dll
0x00007ffea01a0000 - 0x00007ffea01c0000 	C:\WINDOWS\SYSTEM32\dxcore.dll
0x00007ffe48980000 - 0x00007ffe498ca000 	C:\WINDOWS\System32\DriverStore\FileRepository\igdlh64.inf_amd64_baab50003164cdd5\ig9icd64.dll
0x00007ffea2b20000 - 0x00007ffea2c77000 	C:\WINDOWS\System32\ole32.dll
0x00007ffea0230000 - 0x00007ffea031b000 	C:\WINDOWS\system32\dxgi.dll
0x00007ffe95880000 - 0x00007ffe95a27000 	C:\WINDOWS\System32\DriverStore\FileRepository\igdlh64.inf_amd64_baab50003164cdd5\igdgmm64.dll
0x00007ffe92f90000 - 0x00007ffe9587a000 	C:\WINDOWS\System32\DriverStore\FileRepository\igdlh64.inf_amd64_baab50003164cdd5\igc64.dll
0x00007ffe53070000 - 0x00007ffe53461000 	C:\WINDOWS\System32\DriverStore\FileRepository\igdlh64.inf_amd64_baab50003164cdd5\igdml64.dll
0x00007ffe84d50000 - 0x00007ffe84da9000 	C:\Users\48607\AppData\Local\Temp\lwjgl48607\3.2.3-build-13\lwjgl_opengl.dll
0x00007ffe83450000 - 0x00007ffe834ee000 	C:\WINDOWS\System32\TextInputFramework.dll
0x00007ffe8e8a0000 - 0x00007ffe8eb47000 	C:\WINDOWS\System32\iertutil.dll
0x00007ffea2ea0000 - 0x00007ffea2f42000 	C:\WINDOWS\System32\clbcatq.dll
0x00007ffe6e860000 - 0x00007ffe6ea01000 	C:\Program Files\JetBrains\IntelliJ IDEA 2019.3.5\jbr\bin\awt.dll
0x00007ffe9ec20000 - 0x00007ffe9ecaf000 	C:\WINDOWS\SYSTEM32\apphelp.dll
0x00007ffe84530000 - 0x00007ffe845b5000 	C:\Program Files\JetBrains\IntelliJ IDEA 2019.3.5\jbr\bin\freetype.dll
0x00007ffe7f500000 - 0x00007ffe7f5a8000 	C:\Program Files\JetBrains\IntelliJ IDEA 2019.3.5\jbr\bin\fontmanager.dll
0x00007ffe820f0000 - 0x00007ffe82118000 	C:\Program Files\JetBrains\IntelliJ IDEA 2019.3.5\jbr\bin\sunec.dll

dbghelp: loaded successfully - version: 4.0.5 - missing functions: none
symbol engine: initialized successfully - sym options: 0x614 - pdb path: .;C:\Program Files\JetBrains\IntelliJ IDEA 2019.3.5\jbr\bin;C:\WINDOWS\SYSTEM32;C:\WINDOWS\WinSxS\amd64_microsoft.windows.common-controls_6595b64144ccf1df_6.0.18362.1256_none_9e7e379be45e40e2;C:\Program Files\JetBrains\IntelliJ IDEA 2019.3.5\jbr\bin\server;C:\Program Files\JetBrains\IntelliJ IDEA 2019.3.5\bin;C:\Users\48607\AppData\Local\Temp\lwjgl48607\3.2.3-build-13;C:\WINDOWS\System32\DriverStore\FileRepository\igdlh64.inf_amd64_baab50003164cdd5

VM Arguments:
jvm_args: -XX:TieredStopAtLevel=1 -Xverify:none -Dspring.output.ansi.enabled=always -Dcom.sun.management.jmxremote -Dspring.jmx.enabled=true -Dspring.liveBeansView.mbeanDomain -Dspring.application.admin.enabled=true -javaagent:C:\Program Files\JetBrains\IntelliJ IDEA 2019.3.5\lib\idea_rt.jar=52117:C:\Program Files\JetBrains\IntelliJ IDEA 2019.3.5\bin -Dfile.encoding=UTF-8 
java_command: com.khryniewicki.projectX.ProjectXApplication
java_class_path (initial): C:\Users\48607\Desktop\Aplikacje\projectX\target\classes;C:\Users\48607\.m2\repository\org\springframework\spring-beans\5.2.6.RELEASE\spring-beans-5.2.6.RELEASE.jar;C:\Users\48607\.m2\repository\org\springframework\spring-core\5.2.5.RELEASE\spring-core-5.2.5.RELEASE.jar;C:\Users\48607\.m2\repository\org\springframework\spring-jcl\5.2.5.RELEASE\spring-jcl-5.2.5.RELEASE.jar;C:\Users\48607\.m2\repository\org\springframework\boot\spring-boot-starter-web\2.2.6.RELEASE\spring-boot-starter-web-2.2.6.RELEASE.jar;C:\Users\48607\.m2\repository\org\springframework\boot\spring-boot-starter\2.2.6.RELEASE\spring-boot-starter-2.2.6.RELEASE.jar;C:\Users\48607\.m2\repository\org\springframework\boot\spring-boot-starter-logging\2.2.6.RELEASE\spring-boot-starter-logging-2.2.6.RELEASE.jar;C:\Users\48607\.m2\repository\ch\qos\logback\logback-classic\1.2.3\logback-classic-1.2.3.jar;C:\Users\48607\.m2\repository\ch\qos\logback\logback-core\1.2.3\logback-core-1.2.3.jar;C:\Users\48607\.m2\repository\org\apache\logging\log4j\log4j-to-slf4j\2.12.1\log4j-to-slf4j-2.12.1.jar;C:\Users\48607\.m2\repository\org\apache\logging\log4j\log4j-api\2.12.1\log4j-api-2.12.1.jar;C:\Users\48607\.m2\repository\org\slf4j\jul-to-slf4j\1.7.30\jul-to-slf4j-1.7.30.jar;C:\Users\48607\.m2\repository\jakarta\annotation\jakarta.annotation-api\1.3.5\jakarta.annotation-api-1.3.5.jar;C:\Users\48607\.m2\repository\org\yaml\snakeyaml\1.25\snakeyaml-1.25.jar;C:\Users\48607\.m2\repository\org\springframework\boot\spring-boot-starter-json\2.2.6.RELEASE\spring-boot-starter-json-2.2.6.RELEASE.jar;C:\Users\48607\.m2\repository\com\fasterxml\jackson\core\jackson-databind\2.10.3\jackson-databind-2.10.3.jar;C:\Users\48607\.m2\repository\com\fasterxml\jackson\core\jackson-annotations\2.10.3\jackson-annotations-2.10.3.jar;C:\Users\48607\.m2\repository\com\fasterxml\jackson\core\jackson-core\2.10.3\jackson-core-2.10.3.jar;C:\Users\48607\.m2\repository\com\fasterxml\jackson\datatype\jackson-datatype-jdk8\2.
Launcher Type: SUN_STANDARD

[Global flags]
     bool BytecodeVerificationLocal                = false                                     {product} {command line}
     bool BytecodeVerificationRemote               = false                                     {product} {command line}
     intx CICompilerCount                          = 3                                         {product} {ergonomic}
     uint ConcGCThreads                            = 1                                         {product} {ergonomic}
     uint G1ConcRefinementThreads                  = 4                                         {product} {ergonomic}
   size_t G1HeapRegionSize                         = 1048576                                   {product} {ergonomic}
    uintx GCDrainStackTargetSize                   = 64                                        {product} {ergonomic}
   size_t InitialHeapSize                          = 134217728                                 {product} {ergonomic}
     bool ManagementServer                         = true                                      {product} {command line}
   size_t MarkStackSize                            = 4194304                                   {product} {ergonomic}
   size_t MaxHeapSize                              = 2118123520                                {product} {ergonomic}
   size_t MaxNewSize                               = 1270874112                                {product} {ergonomic}
   size_t MinHeapDeltaBytes                        = 1048576                                   {product} {ergonomic}
    uintx NonNMethodCodeHeapSize                   = 6973028                                {pd product} {ergonomic}
    uintx NonProfiledCodeHeapSize                  = 244685212                              {pd product} {ergonomic}
    uintx ProfiledCodeHeapSize                     = 0                                      {pd product} {ergonomic}
    uintx ReservedCodeCacheSize                    = 251658240                              {pd product} {ergonomic}
     bool SegmentedCodeCache                       = true                                      {product} {ergonomic}
     intx TieredStopAtLevel                        = 1                                         {product} {command line}
     bool UseCompressedClassPointers               = true                                 {lp64_product} {ergonomic}
     bool UseCompressedOops                        = true                                 {lp64_product} {ergonomic}
     bool UseG1GC                                  = true                                      {product} {ergonomic}
     bool UseLargePagesIndividualAllocation        = false                                  {pd product} {ergonomic}

Logging:
Log output configuration:
 #0: stdout all=warning uptime,level,tags
 #1: stderr all=off uptime,level,tags

Environment Variables:
JAVA_HOME=C:\Program Files\AdoptOpenJDK\jdk-11.0.3.7-hotspot
PATH=C:\Python38\Scripts\;C:\Python38\;C:\Program Files\AdoptOpenJDK\jdk-11.0.3.7-hotspot\bin;C:\WINDOWS\system32;C:\WINDOWS;C:\WINDOWS\System32\Wbem;C:\WINDOWS\System32\WindowsPowerShell\v1.0\;C:\WINDOWS\System32\OpenSSH\;C:\Program Files\Intel\WiFi\bin\;C:\Program Files\Common Files\Intel\WirelessCommon\;C:\Program Files\Git\cmd;C:\Program Files\mosquitto;C:\Program Files\AdoptOpenJDK\jdk-11.0.3.7-hotspot\bin;C:\Users\48607\Downloads\apache-maven-3.6.3\bin;C:\Program Files\nodejs\;C:\ProgramData\chocolatey\bin;C:\Program Files\MySQL\MySQL Shell 8.0\bin\;C:\Users\48607\AppData\Local\Microsoft\WindowsApps;C:\Users\48607\AppData\Local\Programs\Microsoft VS Code\bin;C:\Program Files\Docker Toolbox;C:\Users\48607\AppData\Roaming\npm
USERNAME=48607
OS=Windows_NT
PROCESSOR_IDENTIFIER=Intel64 Family 6 Model 158 Stepping 9, GenuineIntel



---------------  S Y S T E M  ---------------

OS: Windows 10 , 64 bit Build 18362 (10.0.18362.1110)
HyperV virtualization detected

CPU:total 4 (initial active 4) (4 cores per cpu, 1 threads per core) family 6 model 158 stepping 9, cmov, cx8, fxsr, mmx, sse, sse2, sse3, ssse3, sse4.1, sse4.2, popcnt, avx, avx2, aes, clmul, erms, 3dnowpref, lzcnt, tsc, tscinvbit, bmi1, bmi2, adx, fma

Memory: 4k page, system-wide physical 8076M (814M free)
TotalPageFile size 32652M (AvailPageFile size 1M)
current process WorkingSet (physical memory assigned to process): 1815M, peak: 3787M
current process commit charge ("private bytes"): 15897M, peak: 15897M

vm_info: OpenJDK 64-Bit Server VM (11.0.6+8-b520.66) for windows-amd64 JRE (11.0.6+8-b520.66), built on Apr 20 2020 16:47:00 by "" with MS VC++ 14.0 (VS2015)

END.
