#
# A fatal error has been detected by the Java Runtime Environment:
#
#  EXCEPTION_ACCESS_VIOLATION (0xc0000005) at pc=0x00007ffe3ae62fab, pid=9940, tid=9276
#
# JRE version: OpenJDK Runtime Environment (11.0.6+8) (build 11.0.6+8-b520.66)
# Java VM: OpenJDK 64-Bit Server VM (11.0.6+8-b520.66, mixed mode, sharing, tiered, compressed oops, g1 gc, windows-amd64)
# Problematic frame:
# C  [ig9icd64.dll+0x552fab]
#
# No core dump will be written. Minidumps are not enabled by default on client versions of Windows
#
# If you would like to submit a bug report, please visit:
#   #Command Line: -XX:TieredStopAtLevel=1 -Xverify:none -Dspring.output.ansi.enabled=always -Dcom.sun.management.jmxremote -Dspring.jmx.enabled=true -Dspring.liveBeansView.mbeanDomain -Dspring.application.admin.enabled=true -javaagent:C:\Program Files\JetBrains\IntelliJ IDEA 2019.3.5\lib\idea_rt.jar=50364:C:\Program Files\JetBrains\IntelliJ IDEA 2019.3.5\bin -Dfile.encoding=UTF-8 com.khryniewicki.projectX.ProjectXApplication

Host: Intel(R) Core(TM) i5-7300HQ CPU @ 2.50GHz, 4 cores, 7G,  Windows 10 , 64 bit Build 18362 (10.0.18362.1110)
Time: Fri Dec 11 19:49:23 2020 ?rodkowoeuropejski czas stand. elapsed time: 635 seconds (0d 0h 10m 35s)

---------------  T H R E A D  ---------------

Current thread (0x0000018f3540d000):  JavaThread "Game" [_thread_in_native, id=9276, stack(0x0000004d37f00000,0x0000004d38000000)]

Stack: [0x0000004d37f00000,0x0000004d38000000],  sp=0x0000004d37ffd570,  free space=1013k
Native frames: (J=compiled Java code, j=interpreted, Vv=VM code, C=native code)
C  [ig9icd64.dll+0x552fab]

Java frames: (J=compiled Java code, j=interpreted, Vv=VM code)
J 5903  org.lwjgl.opengl.GL11C.nglTexImage2D(IIIIIIIIJ)V (0 bytes) @ 0x0000018f1bf2a6cc [0x0000018f1bf2a640+0x000000000000008c]
J 4402 c1 com.khryniewicki.projectX.graphics.Texture.getPixels([I)I (171 bytes) @ 0x0000018f1bcd0c5c [0x0000018f1bcd08c0+0x000000000000039c]
J 5929 c1 com.khryniewicki.projectX.graphics.Texture.load(Ljava/lang/String;)I (91 bytes) @ 0x0000018f1bf36e04 [0x0000018f1bf36c20+0x00000000000001e4]
J 6290 c1 com.khryniewicki.projectX.game.user_interface.menu.graphic_factory.TextFactory.textInPlayerBar(Ljava/lang/String;Ljava/awt/Color;)Lcom/khryniewicki/projectX/graphics/Texture; (42 bytes) @ 0x0000018f1bff1a14 [0x0000018f1bff1980+0x0000000000000094]
J 6091 c1 com.khryniewicki.projectX.game.user_interface.playerBar.DigitsSymbol.updateNumber()V (47 bytes) @ 0x0000018f1bf82384 [0x0000018f1bf821a0+0x00000000000001e4]
J 6090 c1 com.khryniewicki.projectX.game.user_interface.playerBar.DigitsSymbol.update()V (5 bytes) @ 0x0000018f1bf81e14 [0x0000018f1bf81dc0+0x0000000000000054]
J 5861 c1 com.khryniewicki.projectX.game.user_interface.playerBar.PlayerBar$$Lambda$750.accept(Ljava/lang/Object;)V (10 bytes) @ 0x0000018f1bf1aaf4 [0x0000018f1bf1aa40+0x00000000000000b4]
J 5305 c1 java.util.ArrayList.forEach(Ljava/util/function/Consumer;)V java.base@11.0.6 (74 bytes) @ 0x0000018f1be769bc [0x0000018f1be76900+0x00000000000000bc]
J 6297 c1 com.khryniewicki.projectX.game.user_interface.playerBar.PlayerBar.update()V (15 bytes) @ 0x0000018f1bff3cac [0x0000018f1bff3c40+0x000000000000006c]
J 5966 c1 com.khryniewicki.projectX.game.user_interface.board.Board$$Lambda$749.accept(Ljava/lang/Object;)V (10 bytes) @ 0x0000018f1bf46a74 [0x0000018f1bf469c0+0x00000000000000b4]
J 5305 c1 java.util.ArrayList.forEach(Ljava/util/function/Consumer;)V java.base@11.0.6 (74 bytes) @ 0x0000018f1be769bc [0x0000018f1be76900+0x00000000000000bc]
J 6292 c1 com.khryniewicki.projectX.game.user_interface.board.Board.update()V (43 bytes) @ 0x0000018f1bff2524 [0x0000018f1bff2460+0x00000000000000c4]
J 6291 c1 com.khryniewicki.projectX.game.engine.Game.update()V (11 bytes) @ 0x0000018f1bff2054 [0x0000018f1bff1fe0+0x0000000000000074]
j  com.khryniewicki.projectX.game.engine.GameLoopImp.insideLoop()V+55
j  com.khryniewicki.projectX.game.engine.GameLoopImp.loop()V+13
j  com.khryniewicki.projectX.game.engine.Game.run()V+13
j  java.lang.Thread.run()V+11 java.base@11.0.6
v  ~StubRoutines::call_stub

siginfo: EXCEPTION_ACCESS_VIOLATION (0xc0000005), reading address 0x0000000000000118


Register to memory mapping:

RIP=0x00007ffe3ae62fab ig9icd64.dll
RAX=0x0000000000000100 is an unknown value
RBX=0x0000004d37ffd770 is pointing into the stack for thread: 0x0000018f3540d000
RCX=0x0000000000000001 is an unknown value
RDX=0x0000018f3386efa0 points into unknown readable memory: 00 e3 12 6f fe 7f 00 00
RSP=0x0000004d37ffd570 is pointing into the stack for thread: 0x0000018f3540d000
RBP=0x00000000000000c8 is an unknown value
RSI=0x0 is NULL
RDI=0x0000018f35906840 points into unknown readable memory: 40 30 56 35 8f 01 00 00
R8 =0x0000000000000001 is an unknown value
R9 =
[error occurred during error reporting (printing register info), id 0xc0000005, EXCEPTION_ACCESS_VIOLATION (0xc0000005) at pc=0x00007ffe1fc46e67]

Registers:
RAX=0x0000000000000100, RBX=0x0000004d37ffd770, RCX=0x0000000000000001, RDX=0x0000018f3386efa0
RSP=0x0000004d37ffd570, RBP=0x00000000000000c8, RSI=0x0000000000000000, RDI=0x0000018f35906840
R8 =0x0000000000000001, R9 =0x00000000ffffefff, R10=0x00000000ffffefff, R11=0x0000800100000000
R12=0x0000fffffffff000, R13=0x0000018f3593b6a0, R14=0x0000018f3386efa0, R15=0x0000000000000000
RIP=0x00007ffe3ae62fab, EFLAGS=0x0000000000010206

Top of Stack: (sp=0x0000004d37ffd570)
0x0000004d37ffd570:   0000b80205ce0000 0000018f35906840
0x0000004d37ffd580:   0000018f3386efa0 00007ffe3a94cfb2
0x0000004d37ffd590:   0000004d37ffd770 000001949b442920
0x0000004d37ffd5a0:   0000000000000000 0000000000000000
0x0000004d37ffd5b0:   0000018f3593b6a0 0000018f35906840
0x0000004d37ffd5c0:   0010020000000000 0000004d37ffd689
0x0000004d37ffd5d0:   0000004d37ffd770 00007ffe3aec17fb
0x0000004d37ffd5e0:   0000000000000000 000001949b443d60
0x0000004d37ffd5f0:   0000004d37ffd689 0000000000000000
0x0000004d37ffd600:   0000000000000002 0000018f3593b6a0
0x0000004d37ffd610:   0000018f00000000 0000000000000000
0x0000004d37ffd620:   ffffb80205ce0000 0000020000000000
0x0000004d37ffd630:   0000018f35906801 0000018f3593b310
0x0000004d37ffd640:   0000004161010011 0002000000008000
0x0000004d37ffd650:   0000000000000041 0000b80205ce0041
0x0000004d37ffd660:   0000b80205ce0021 0000800100000021 

Instructions: (pc=0x00007ffe3ae62fab)
0x00007ffe3ae62eab:   c0 74 0f 66 90 39 18 74 4d 48 8b 40 40 48 85 c0
0x00007ffe3ae62ebb:   75 f3 80 bf a0 03 00 00 00 74 11 8b c3 83 e0 0f
0x00007ffe3ae62ecb:   48 6b c0 38 48 03 c7 48 85 c0 75 19 8b d3 48 8b
0x00007ffe3ae62edb:   cf e8 ff 75 ac ff 48 85 c0 75 0a 8b d3 48 8b cf
0x00007ffe3ae62eeb:   e8 00 7a ac ff c6 40 20 01 33 c0 48 8b 5c 24 60
0x00007ffe3ae62efb:   48 83 c4 50 5f c3 48 83 c0 08 eb cb 48 8d 54 24
0x00007ffe3ae62f0b:   20 49 8b c0 ff 15 e3 76 51 00 e9 ff fe ff ff cc
0x00007ffe3ae62f1b:   cc cc cc cc cc 40 53 55 56 57 41 56 48 83 ec 40
0x00007ffe3ae62f2b:   4c 8b f2 48 8b f1 8b 8a d0 01 00 00 48 8d ae c8
0x00007ffe3ae62f3b:   00 00 00 83 f9 10 73 06 48 6b c1 38 eb 5a 8d 51
0x00007ffe3ae62f4b:   f0 8b c2 c1 e8 04 83 f8 03 73 1e 0f ae e8 83 e2
0x00007ffe3ae62f5b:   0f 4c 8b 84 c5 80 03 00 00 4d 85 c0 74 28 8b c2
0x00007ffe3ae62f6b:   48 6b c0 38 49 03 c0 eb 32 48 8b 85 98 03 00 00
0x00007ffe3ae62f7b:   48 85 c0 74 11 39 08 0f 84 1e 01 00 00 48 8b 40
0x00007ffe3ae62f8b:   40 48 85 c0 75 ef 80 bd a0 03 00 00 00 74 26 8b
0x00007ffe3ae62f9b:   c1 83 e0 0f 48 6b c0 38 48 03 c5 48 85 c0 74 15
0x00007ffe3ae62fab:   48 8b 40 18 48 83 f8 fd 0f 86 7e 02 00 00 0f 1f
0x00007ffe3ae62fbb:   80 00 00 00 00 48 8b 96 98 04 00 00 48 85 d2 78
0x00007ffe3ae62fcb:   f4 48 8d 4a 01 48 8b c2 f0 48 0f b1 8e 98 04 00
0x00007ffe3ae62fdb:   00 75 e2 48 85 d2 0f 85 59 01 00 00 48 8b 86 a0
0x00007ffe3ae62feb:   04 00 00 48 89 44 24 78 48 83 f8 fe 0f 82 38 01
0x00007ffe3ae62ffb:   00 00 88 54 24 70 4c 8b ce 48 8d 54 24 78 48 8b
0x00007ffe3ae6300b:   0e e8 4f 99 ff ff 84 c0 75 75 66 66 66 0f 1f 84
0x00007ffe3ae6301b:   00 00 00 00 00 48 8b 4e 08 48 8b 01 ba 02 00 00
0x00007ffe3ae6302b:   00 48 8b 80 e0 02 00 00 ff 15 bf 75 51 00 48 8b
0x00007ffe3ae6303b:   f8 48 8b 1d 6d 19 93 00 48 89 9c 24 88 00 00 00
0x00007ffe3ae6304b:   48 8b cb ff 15 a4 70 51 00 90 4c 8b c7 49 8b d6
0x00007ffe3ae6305b:   48 8d 4c 24 70 e8 5b f4 ff ff 0f b6 f8 48 8b cb
0x00007ffe3ae6306b:   ff 15 cf 71 51 00 40 84 ff 74 14 4c 8b ce 48 8d
0x00007ffe3ae6307b:   54 24 78 48 8b 0e e8 da 98 ff ff 84 c0 74 96 48
0x00007ffe3ae6308b:   8b 7c 24 78 48 83 ff ff 75 1a 48 c7 c7 fe ff ff
0x00007ffe3ae6309b:   ff 48 89 7c 24 78 e9 88 00 00 00 48 83 c0 08 e9 


Stack slot to memory mapping:
stack at sp + 0 slots: 0x0000b80205ce0000 is an unknown value
stack at sp + 1 slots: 0x0000018f35906840 points into unknown readable memory: 40 30 56 35 8f 01 00 00
stack at sp + 2 slots: 0x0000018f3386efa0 points into unknown readable memory: 00 e3 12 6f fe 7f 00 00
stack at sp + 3 slots: 0x00007ffe3a94cfb2 ig9icd64.dll
stack at sp + 4 slots: 0x0000004d37ffd770 is pointing into the stack for thread: 0x0000018f3540d000
stack at sp + 5 slots: 0x000001949b442920 points into unknown readable memory: 30 b8 10 33 8f 01 00 00
stack at sp + 6 slots: 0x0 is NULL
stack at sp + 7 slots: 0x0 is NULL


---------------  P R O C E S S  ---------------

Threads class SMR info:
_java_thread_list=0x0000018f442e5d10, length=39, elements={
0x0000018f3164e000, 0x0000018f3164f000, 0x0000018f31664800, 0x0000018f31665800,
0x0000018f31666800, 0x0000018f31691800, 0x0000018f31628000, 0x0000018f329cd800,
0x0000018f329d4800, 0x0000018f32b64000, 0x0000018f33b6f000, 0x0000018f33976000,
0x0000018f33977000, 0x0000018f33015800, 0x0000018f3208a800, 0x0000018f3208b000,
0x0000018f3208c000, 0x0000018f3208d000, 0x0000018f3540e000, 0x0000018f35408800,
0x0000018f3540f000, 0x0000018f3540a000, 0x0000018f3540c800, 0x0000018f35409000,
0x0000018f35410800, 0x0000018f3540b800, 0x0000018f3540f800, 0x0000018f3540a800,
0x0000018f35411800, 0x0000018f35412000, 0x0000018f3540d000, 0x0000018f35413800,
0x0000018f35415800, 0x0000018f35413000, 0x0000018f35414800, 0x0000018f4478d000,
0x0000018f44792000, 0x0000018f44793000, 0x0000018f44791800
}

Java Threads: ( => current thread )
  0x0000018f3164e000 JavaThread "Reference Handler" daemon [_thread_blocked, id=12244, stack(0x0000004d35700000,0x0000004d35800000)]
  0x0000018f3164f000 JavaThread "Finalizer" daemon [_thread_blocked, id=12700, stack(0x0000004d35800000,0x0000004d35900000)]
  0x0000018f31664800 JavaThread "Signal Dispatcher" daemon [_thread_blocked, id=14040, stack(0x0000004d35900000,0x0000004d35a00000)]
  0x0000018f31665800 JavaThread "Attach Listener" daemon [_thread_blocked, id=4840, stack(0x0000004d35a00000,0x0000004d35b00000)]
  0x0000018f31666800 JavaThread "C1 CompilerThread0" daemon [_thread_blocked, id=32, stack(0x0000004d35b00000,0x0000004d35c00000)]
  0x0000018f31691800 JavaThread "Sweeper thread" daemon [_thread_blocked, id=5888, stack(0x0000004d35c00000,0x0000004d35d00000)]
  0x0000018f31628000 JavaThread "Common-Cleaner" daemon [_thread_blocked, id=12336, stack(0x0000004d35d00000,0x0000004d35e00000)]
  0x0000018f329cd800 JavaThread "Monitor Ctrl-Break" daemon [_thread_in_native, id=12328, stack(0x0000004d35e00000,0x0000004d35f00000)]
  0x0000018f329d4800 JavaThread "Service Thread" daemon [_thread_blocked, id=13240, stack(0x0000004d35f00000,0x0000004d36000000)]
  0x0000018f32b64000 JavaThread "RMI TCP Accept-0" daemon [_thread_in_native, id=7620, stack(0x0000004d36300000,0x0000004d36400000)]
  0x0000018f33b6f000 JavaThread "Catalina-utility-1" [_thread_blocked, id=10576, stack(0x0000004d36700000,0x0000004d36800000)]
  0x0000018f33976000 JavaThread "Catalina-utility-2" [_thread_blocked, id=5876, stack(0x0000004d36900000,0x0000004d36a00000)]
  0x0000018f33977000 JavaThread "container-0" [_thread_blocked, id=13292, stack(0x0000004d36a00000,0x0000004d36b00000)]
  0x0000018f33015800 JavaThread "MessageBroker-1" [_thread_blocked, id=11908, stack(0x0000004d36c00000,0x0000004d36d00000)]
  0x0000018f3208a800 JavaThread "RMI Scheduler(0)" daemon [_thread_blocked, id=1616, stack(0x0000004d36e00000,0x0000004d36f00000)]
  0x0000018f3208b000 JavaThread "File Watcher" daemon [_thread_blocked, id=2876, stack(0x0000004d36f00000,0x0000004d37000000)]
  0x0000018f3208c000 JavaThread "Live Reload Server" daemon [_thread_in_native, id=13820, stack(0x0000004d37100000,0x0000004d37200000)]
  0x0000018f3208d000 JavaThread "http-nio-8086-BlockPoller" daemon [_thread_in_native, id=13984, stack(0x0000004d37000000,0x0000004d37100000)]
  0x0000018f3540e000 JavaThread "http-nio-8086-exec-1" daemon [_thread_blocked, id=4556, stack(0x0000004d37200000,0x0000004d37300000)]
  0x0000018f35408800 JavaThread "http-nio-8086-exec-2" daemon [_thread_blocked, id=12732, stack(0x0000004d37300000,0x0000004d37400000)]
  0x0000018f3540f000 JavaThread "http-nio-8086-exec-3" daemon [_thread_blocked, id=13844, stack(0x0000004d37400000,0x0000004d37500000)]
  0x0000018f3540a000 JavaThread "http-nio-8086-exec-4" daemon [_thread_blocked, id=10960, stack(0x0000004d37500000,0x0000004d37600000)]
  0x0000018f3540c800 JavaThread "http-nio-8086-exec-5" daemon [_thread_blocked, id=4740, stack(0x0000004d37600000,0x0000004d37700000)]
  0x0000018f35409000 JavaThread "http-nio-8086-exec-6" daemon [_thread_blocked, id=1740, stack(0x0000004d37700000,0x0000004d37800000)]
  0x0000018f35410800 JavaThread "http-nio-8086-exec-7" daemon [_thread_blocked, id=10532, stack(0x0000004d37800000,0x0000004d37900000)]
  0x0000018f3540b800 JavaThread "http-nio-8086-exec-8" daemon [_thread_blocked, id=11536, stack(0x0000004d37900000,0x0000004d37a00000)]
  0x0000018f3540f800 JavaThread "http-nio-8086-exec-9" daemon [_thread_blocked, id=7024, stack(0x0000004d37a00000,0x0000004d37b00000)]
  0x0000018f3540a800 JavaThread "http-nio-8086-exec-10" daemon [_thread_blocked, id=7456, stack(0x0000004d37b00000,0x0000004d37c00000)]
  0x0000018f35411800 JavaThread "http-nio-8086-ClientPoller" daemon [_thread_in_native, id=13744, stack(0x0000004d37c00000,0x0000004d37d00000)]
  0x0000018f35412000 JavaThread "http-nio-8086-Acceptor" daemon [_thread_in_native, id=7572, stack(0x0000004d37d00000,0x0000004d37e00000)]
=>0x0000018f3540d000 JavaThread "Game" [_thread_in_native, id=9276, stack(0x0000004d37f00000,0x0000004d38000000)]
  0x0000018f35413800 JavaThread "DestroyJavaVM" [_thread_blocked, id=10264, stack(0x0000004d35000000,0x0000004d35100000)]
  0x0000018f35415800 JavaThread "Java2D Disposer" daemon [_thread_blocked, id=11864, stack(0x0000004d38400000,0x0000004d38500000)]
  0x0000018f35413000 JavaThread "Thread-9" daemon [_thread_in_native, id=12400, stack(0x0000004d38700000,0x0000004d38800000)]
  0x0000018f35414800 JavaThread "WebSocketClient-SecureIO-1" daemon [_thread_blocked, id=14552, stack(0x0000004d38800000,0x0000004d38900000)]
  0x0000018f4478d000 JavaThread "WebSocketClient-SecureIO-2" daemon [_thread_blocked, id=8852, stack(0x0000004d38900000,0x0000004d38a00000)]
  0x0000018f44792000 JavaThread "WebSocket background processing" daemon [_thread_blocked, id=13868, stack(0x0000004d38a00000,0x0000004d38b00000)]
  0x0000018f44793000 JavaThread "Thread-14" [_thread_blocked, id=12920, stack(0x0000004d34d00000,0x0000004d34e00000)]
  0x0000018f44791800 JavaThread "MessageBroker-2" [_thread_blocked, id=12076, stack(0x0000004d34e00000,0x0000004d34f00000)]

Other Threads:
  0x0000018f31645800 VMThread "VM Thread" [stack: 0x0000004d35600000,0x0000004d35700000] [id=1672]
  0x0000018f32a50800 WatcherThread [stack: 0x0000004d36400000,0x0000004d36500000] [id=5420]
  0x0000018f15679800 GCTaskThread "GC Thread#0" [stack: 0x0000004d35100000,0x0000004d35200000] [id=4692]
  0x0000018f32ac8800 GCTaskThread "GC Thread#1" [stack: 0x0000004d36000000,0x0000004d36100000] [id=6584]
  0x0000018f32ac9800 GCTaskThread "GC Thread#2" [stack: 0x0000004d36100000,0x0000004d36200000] [id=15180]
  0x0000018f33227000 GCTaskThread "GC Thread#3" [stack: 0x0000004d36800000,0x0000004d36900000] [id=13000]
  0x0000018f156a8000 ConcurrentGCThread "G1 Main Marker" [stack: 0x0000004d35200000,0x0000004d35300000] [id=11472]
  0x0000018f156a9800 ConcurrentGCThread "G1 Conc#0" [stack: 0x0000004d35300000,0x0000004d35400000] [id=11128]
  0x0000018f314db800 ConcurrentGCThread "G1 Refine#0" [stack: 0x0000004d35400000,0x0000004d35500000] [id=8756]
  0x0000018f3213d000 ConcurrentGCThread "G1 Refine#1" [stack: 0x0000004d36200000,0x0000004d36300000] [id=13200]
  0x0000018f314dd800 ConcurrentGCThread "G1 Young RemSet Sampling" [stack: 0x0000004d35500000,0x0000004d35600000] [id=15136]

Threads with active compile tasks:

VM state:not at safepoint (normal execution)

VM Mutex/Monitor currently owned by a thread: None

Heap address: 0x0000000081c00000, size: 2020 MB, Compressed Oops mode: 32-bit
Narrow klass base: 0x0000000800000000, Narrow klass shift: 3
Compressed class space size: 1073741824 Address: 0x0000000840000000

Heap:
 garbage-first heap   total 315392K, used 272707K [0x0000000081c00000, 0x0000000100000000)
  region size 1024K, 36 young (36864K), 2 survivors (2048K)
 Metaspace       used 47980K, capacity 49584K, committed 49744K, reserved 1093632K
  class space    used 6007K, capacity 6637K, committed 6656K, reserved 1048576K
Heap Regions: E=young(eden), S=young(survivor), O=old, HS=humongous(starts), HC=humongous(continues), CS=collection set, F=free, A=archive, TAMS=top-at-mark-start (previous, next)
|   0|0x0000000081c00000, 0x0000000081d00000, 0x0000000081d00000|100%| O|  |TAMS 0x0000000081d00000, 0x0000000081c00000| Untracked 
|   1|0x0000000081d00000, 0x0000000081e00000, 0x0000000081e00000|100%| O|  |TAMS 0x0000000081e00000, 0x0000000081d00000| Untracked 
|   2|0x0000000081e00000, 0x0000000081f00000, 0x0000000081f00000|100%| O|  |TAMS 0x0000000081f00000, 0x0000000081e00000| Untracked 
|   3|0x0000000081f00000, 0x0000000082000000, 0x0000000082000000|100%| O|  |TAMS 0x0000000082000000, 0x0000000081f00000| Untracked 
|   4|0x0000000082000000, 0x0000000082100000, 0x0000000082100000|100%| O|  |TAMS 0x0000000082100000, 0x0000000082000000| Untracked 
|   5|0x0000000082100000, 0x0000000082200000, 0x0000000082200000|100%| O|  |TAMS 0x0000000082200000, 0x0000000082100000| Untracked 
|   6|0x0000000082200000, 0x0000000082300000, 0x0000000082300000|100%| O|  |TAMS 0x0000000082300000, 0x0000000082200000| Untracked 
|   7|0x0000000082300000, 0x0000000082400000, 0x0000000082400000|100%| O|  |TAMS 0x0000000082400000, 0x0000000082300000| Untracked 
|   8|0x0000000082400000, 0x0000000082500000, 0x0000000082500000|100%| O|  |TAMS 0x0000000082500000, 0x0000000082400000| Untracked 
|   9|0x0000000082500000, 0x0000000082600000, 0x0000000082600000|100%| O|  |TAMS 0x0000000082600000, 0x0000000082500000| Untracked 
|  10|0x0000000082600000, 0x0000000082700000, 0x0000000082700000|100%| O|  |TAMS 0x0000000082700000, 0x0000000082600000| Untracked 
|  11|0x0000000082700000, 0x0000000082800000, 0x0000000082800000|100%| O|  |TAMS 0x0000000082800000, 0x0000000082700000| Untracked 
|  12|0x0000000082800000, 0x0000000082900000, 0x0000000082900000|100%| O|  |TAMS 0x0000000082900000, 0x0000000082800000| Untracked 
|  13|0x0000000082900000, 0x0000000082a00000, 0x0000000082a00000|100%| O|  |TAMS 0x0000000082a00000, 0x0000000082900000| Untracked 
|  14|0x0000000082a00000, 0x0000000082b00000, 0x0000000082b00000|100%| O|  |TAMS 0x0000000082b00000, 0x0000000082a00000| Untracked 
|  15|0x0000000082b00000, 0x0000000082c00000, 0x0000000082c00000|100%|HS|  |TAMS 0x0000000082c00000, 0x0000000082b00000| Complete 
|  16|0x0000000082c00000, 0x0000000082d00000, 0x0000000082d00000|100%|HC|  |TAMS 0x0000000082d00000, 0x0000000082c00000| Complete 
|  17|0x0000000082d00000, 0x0000000082e00000, 0x0000000082e00000|100%|HC|  |TAMS 0x0000000082e00000, 0x0000000082d00000| Complete 
|  18|0x0000000082e00000, 0x0000000082f00000, 0x0000000082f00000|100%|HC|  |TAMS 0x0000000082f00000, 0x0000000082e00000| Complete 
|  19|0x0000000082f00000, 0x0000000083000000, 0x0000000083000000|100%|HC|  |TAMS 0x0000000083000000, 0x0000000082f00000| Complete 
|  20|0x0000000083000000, 0x0000000083100000, 0x0000000083100000|100%|HS|  |TAMS 0x0000000083100000, 0x0000000083000000| Complete 
|  21|0x0000000083100000, 0x0000000083200000, 0x0000000083200000|100%|HC|  |TAMS 0x0000000083200000, 0x0000000083100000| Complete 
|  22|0x0000000083200000, 0x0000000083300000, 0x0000000083300000|100%|HC|  |TAMS 0x0000000083300000, 0x0000000083200000| Complete 
|  23|0x0000000083300000, 0x0000000083400000, 0x0000000083400000|100%|HS|  |TAMS 0x0000000083400000, 0x0000000083300000| Complete 
|  24|0x0000000083400000, 0x0000000083500000, 0x0000000083500000|100%| O|  |TAMS 0x0000000083500000, 0x0000000083400000| Untracked 
|  25|0x0000000083500000, 0x0000000083600000, 0x0000000083600000|100%|HS|  |TAMS 0x0000000083600000, 0x0000000083500000| Complete 
|  26|0x0000000083600000, 0x0000000083700000, 0x0000000083700000|100%|HC|  |TAMS 0x0000000083700000, 0x0000000083600000| Complete 
|  27|0x0000000083700000, 0x0000000083800000, 0x0000000083800000|100%|HC|  |TAMS 0x0000000083800000, 0x0000000083700000| Complete 
|  28|0x0000000083800000, 0x0000000083900000, 0x0000000083900000|100%|HC|  |TAMS 0x0000000083900000, 0x0000000083800000| Complete 
|  29|0x0000000083900000, 0x0000000083a00000, 0x0000000083a00000|100%|HC|  |TAMS 0x0000000083a00000, 0x0000000083900000| Complete 
|  30|0x0000000083a00000, 0x0000000083b00000, 0x0000000083b00000|100%|HS|  |TAMS 0x0000000083b00000, 0x0000000083a00000| Complete 
|  31|0x0000000083b00000, 0x0000000083c00000, 0x0000000083c00000|100%|HC|  |TAMS 0x0000000083c00000, 0x0000000083b00000| Complete 
|  32|0x0000000083c00000, 0x0000000083d00000, 0x0000000083d00000|100%|HC|  |TAMS 0x0000000083d00000, 0x0000000083c00000| Complete 
|  33|0x0000000083d00000, 0x0000000083e00000, 0x0000000083e00000|100%|HC|  |TAMS 0x0000000083e00000, 0x0000000083d00000| Complete 
|  34|0x0000000083e00000, 0x0000000083f00000, 0x0000000083f00000|100%|HC|  |TAMS 0x0000000083f00000, 0x0000000083e00000| Complete 
|  35|0x0000000083f00000, 0x0000000084000000, 0x0000000084000000|100%| O|  |TAMS 0x0000000084000000, 0x0000000083f00000| Untracked 
|  36|0x0000000084000000, 0x0000000084100000, 0x0000000084100000|100%|HS|  |TAMS 0x0000000084100000, 0x0000000084000000| Complete 
|  37|0x0000000084100000, 0x0000000084200000, 0x0000000084200000|100%|HC|  |TAMS 0x0000000084200000, 0x0000000084100000| Complete 
|  38|0x0000000084200000, 0x0000000084300000, 0x0000000084300000|100%| O|  |TAMS 0x0000000084300000, 0x0000000084200000| Untracked 
|  39|0x0000000084300000, 0x0000000084400000, 0x0000000084400000|100%| O|  |TAMS 0x0000000084400000, 0x0000000084300000| Untracked 
|  40|0x0000000084400000, 0x0000000084500000, 0x0000000084500000|100%| O|  |TAMS 0x0000000084500000, 0x0000000084400000| Untracked 
|  41|0x0000000084500000, 0x0000000084600000, 0x0000000084600000|100%| O|  |TAMS 0x0000000084600000, 0x0000000084500000| Untracked 
|  42|0x0000000084600000, 0x0000000084700000, 0x0000000084700000|100%| O|  |TAMS 0x0000000084700000, 0x0000000084600000| Untracked 
|  43|0x0000000084700000, 0x0000000084800000, 0x0000000084800000|100%| O|  |TAMS 0x0000000084800000, 0x0000000084700000| Untracked 
|  44|0x0000000084800000, 0x0000000084900000, 0x0000000084900000|100%| O|  |TAMS 0x0000000084900000, 0x0000000084800000| Untracked 
|  45|0x0000000084900000, 0x0000000084a00000, 0x0000000084a00000|100%|HS|  |TAMS 0x0000000084a00000, 0x0000000084900000| Complete 
|  46|0x0000000084a00000, 0x0000000084b00000, 0x0000000084b00000|100%|HC|  |TAMS 0x0000000084b00000, 0x0000000084a00000| Complete 
|  47|0x0000000084b00000, 0x0000000084c00000, 0x0000000084c00000|100%|HS|  |TAMS 0x0000000084c00000, 0x0000000084b00000| Complete 
|  48|0x0000000084c00000, 0x0000000084d00000, 0x0000000084d00000|100%|HC|  |TAMS 0x0000000084d00000, 0x0000000084c00000| Complete 
|  49|0x0000000084d00000, 0x0000000084e00000, 0x0000000084e00000|100%|HC|  |TAMS 0x0000000084e00000, 0x0000000084d00000| Complete 
|  50|0x0000000084e00000, 0x0000000084f00000, 0x0000000084f00000|100%|HS|  |TAMS 0x0000000084f00000, 0x0000000084e00000| Complete 
|  51|0x0000000084f00000, 0x0000000085000000, 0x0000000085000000|100%|HS|  |TAMS 0x0000000085000000, 0x0000000084f00000| Complete 
|  52|0x0000000085000000, 0x0000000085100000, 0x0000000085100000|100%|HS|  |TAMS 0x0000000085100000, 0x0000000085000000| Complete 
|  53|0x0000000085100000, 0x0000000085200000, 0x0000000085200000|100%|HC|  |TAMS 0x0000000085200000, 0x0000000085100000| Complete 
|  54|0x0000000085200000, 0x0000000085300000, 0x0000000085300000|100%|HC|  |TAMS 0x0000000085300000, 0x0000000085200000| Complete 
|  55|0x0000000085300000, 0x0000000085400000, 0x0000000085400000|100%|HC|  |TAMS 0x0000000085400000, 0x0000000085300000| Complete 
|  56|0x0000000085400000, 0x0000000085500000, 0x0000000085500000|100%|HC|  |TAMS 0x0000000085500000, 0x0000000085400000| Complete 
|  57|0x0000000085500000, 0x0000000085600000, 0x0000000085600000|100%|HS|  |TAMS 0x0000000085600000, 0x0000000085500000| Complete 
|  58|0x0000000085600000, 0x0000000085700000, 0x0000000085700000|100%|HC|  |TAMS 0x0000000085700000, 0x0000000085600000| Complete 
|  59|0x0000000085700000, 0x0000000085800000, 0x0000000085800000|100%|HC|  |TAMS 0x0000000085800000, 0x0000000085700000| Complete 
|  60|0x0000000085800000, 0x0000000085900000, 0x0000000085900000|100%|HC|  |TAMS 0x0000000085900000, 0x0000000085800000| Complete 
|  61|0x0000000085900000, 0x0000000085a00000, 0x0000000085a00000|100%|HC|  |TAMS 0x0000000085a00000, 0x0000000085900000| Complete 
|  62|0x0000000085a00000, 0x0000000085b00000, 0x0000000085b00000|100%|HC|  |TAMS 0x0000000085b00000, 0x0000000085a00000| Complete 
|  63|0x0000000085b00000, 0x0000000085c00000, 0x0000000085c00000|100%|HC|  |TAMS 0x0000000085c00000, 0x0000000085b00000| Complete 
|  64|0x0000000085c00000, 0x0000000085d00000, 0x0000000085d00000|100%|HC|  |TAMS 0x0000000085d00000, 0x0000000085c00000| Complete 
|  65|0x0000000085d00000, 0x0000000085e00000, 0x0000000085e00000|100%|HS|  |TAMS 0x0000000085e00000, 0x0000000085d00000| Complete 
|  66|0x0000000085e00000, 0x0000000085f00000, 0x0000000085f00000|100%|HC|  |TAMS 0x0000000085f00000, 0x0000000085e00000| Complete 
|  67|0x0000000085f00000, 0x0000000086000000, 0x0000000086000000|100%|HC|  |TAMS 0x0000000086000000, 0x0000000085f00000| Complete 
|  68|0x0000000086000000, 0x0000000086100000, 0x0000000086100000|100%|HC|  |TAMS 0x0000000086100000, 0x0000000086000000| Complete 
|  69|0x0000000086100000, 0x0000000086200000, 0x0000000086200000|100%|HS|  |TAMS 0x0000000086200000, 0x0000000086100000| Complete 
|  70|0x0000000086200000, 0x0000000086300000, 0x0000000086300000|100%|HC|  |TAMS 0x0000000086300000, 0x0000000086200000| Complete 
|  71|0x0000000086300000, 0x0000000086400000, 0x0000000086400000|100%|HC|  |TAMS 0x0000000086400000, 0x0000000086300000| Complete 
|  72|0x0000000086400000, 0x0000000086500000, 0x0000000086500000|100%|HC|  |TAMS 0x0000000086500000, 0x0000000086400000| Complete 
|  73|0x0000000086500000, 0x0000000086600000, 0x0000000086600000|100%|HC|  |TAMS 0x0000000086600000, 0x0000000086500000| Complete 
|  74|0x0000000086600000, 0x0000000086700000, 0x0000000086700000|100%|HC|  |TAMS 0x0000000086700000, 0x0000000086600000| Complete 
|  75|0x0000000086700000, 0x0000000086800000, 0x0000000086800000|100%|HC|  |TAMS 0x0000000086800000, 0x0000000086700000| Complete 
|  76|0x0000000086800000, 0x0000000086900000, 0x0000000086900000|100%|HC|  |TAMS 0x0000000086900000, 0x0000000086800000| Complete 
|  77|0x0000000086900000, 0x0000000086a00000, 0x0000000086a00000|100%|HC|  |TAMS 0x0000000086a00000, 0x0000000086900000| Complete 
|  78|0x0000000086a00000, 0x0000000086b00000, 0x0000000086b00000|100%|HC|  |TAMS 0x0000000086b00000, 0x0000000086a00000| Complete 
|  79|0x0000000086b00000, 0x0000000086c00000, 0x0000000086c00000|100%|HC|  |TAMS 0x0000000086c00000, 0x0000000086b00000| Complete 
|  80|0x0000000086c00000, 0x0000000086d00000, 0x0000000086d00000|100%|HC|  |TAMS 0x0000000086d00000, 0x0000000086c00000| Complete 
|  81|0x0000000086d00000, 0x0000000086e00000, 0x0000000086e00000|100%|HC|  |TAMS 0x0000000086e00000, 0x0000000086d00000| Complete 
|  82|0x0000000086e00000, 0x0000000086f00000, 0x0000000086f00000|100%|HS|  |TAMS 0x0000000086f00000, 0x0000000086e00000| Complete 
|  83|0x0000000086f00000, 0x0000000087000000, 0x0000000087000000|100%|HC|  |TAMS 0x0000000087000000, 0x0000000086f00000| Complete 
|  84|0x0000000087000000, 0x0000000087100000, 0x0000000087100000|100%|HC|  |TAMS 0x0000000087100000, 0x0000000087000000| Complete 
|  85|0x0000000087100000, 0x0000000087200000, 0x0000000087200000|100%|HC|  |TAMS 0x0000000087200000, 0x0000000087100000| Complete 
|  86|0x0000000087200000, 0x0000000087300000, 0x0000000087300000|100%|HC|  |TAMS 0x0000000087300000, 0x0000000087200000| Complete 
|  87|0x0000000087300000, 0x0000000087400000, 0x0000000087400000|100%|HC|  |TAMS 0x0000000087400000, 0x0000000087300000| Complete 
|  88|0x0000000087400000, 0x0000000087500000, 0x0000000087500000|100%|HC|  |TAMS 0x0000000087500000, 0x0000000087400000| Complete 
|  89|0x0000000087500000, 0x0000000087600000, 0x0000000087600000|100%|HC|  |TAMS 0x0000000087600000, 0x0000000087500000| Complete 
|  90|0x0000000087600000, 0x0000000087700000, 0x0000000087700000|100%|HC|  |TAMS 0x0000000087700000, 0x0000000087600000| Complete 
|  91|0x0000000087700000, 0x0000000087800000, 0x0000000087800000|100%|HC|  |TAMS 0x0000000087800000, 0x0000000087700000| Complete 
|  92|0x0000000087800000, 0x0000000087900000, 0x0000000087900000|100%|HC|  |TAMS 0x0000000087900000, 0x0000000087800000| Complete 
|  93|0x0000000087900000, 0x0000000087a00000, 0x0000000087a00000|100%|HC|  |TAMS 0x0000000087a00000, 0x0000000087900000| Complete 
|  94|0x0000000087a00000, 0x0000000087b00000, 0x0000000087b00000|100%|HC|  |TAMS 0x0000000087b00000, 0x0000000087a00000| Complete 
|  95|0x0000000087b00000, 0x0000000087c00000, 0x0000000087c00000|100%|HS|  |TAMS 0x0000000087c00000, 0x0000000087b00000| Complete 
|  96|0x0000000087c00000, 0x0000000087d00000, 0x0000000087d00000|100%|HC|  |TAMS 0x0000000087d00000, 0x0000000087c00000| Complete 
|  97|0x0000000087d00000, 0x0000000087e00000, 0x0000000087e00000|100%|HC|  |TAMS 0x0000000087e00000, 0x0000000087d00000| Complete 
|  98|0x0000000087e00000, 0x0000000087f00000, 0x0000000087f00000|100%|HS|  |TAMS 0x0000000087f00000, 0x0000000087e00000| Complete 
|  99|0x0000000087f00000, 0x0000000088000000, 0x0000000088000000|100%|HC|  |TAMS 0x0000000088000000, 0x0000000087f00000| Complete 
| 100|0x0000000088000000, 0x0000000088100000, 0x0000000088100000|100%|HC|  |TAMS 0x0000000088100000, 0x0000000088000000| Complete 
| 101|0x0000000088100000, 0x0000000088200000, 0x0000000088200000|100%|HC|  |TAMS 0x0000000088200000, 0x0000000088100000| Complete 
| 102|0x0000000088200000, 0x0000000088300000, 0x0000000088300000|100%|HS|  |TAMS 0x0000000088300000, 0x0000000088200000| Complete 
| 103|0x0000000088300000, 0x0000000088400000, 0x0000000088400000|100%|HC|  |TAMS 0x0000000088400000, 0x0000000088300000| Complete 
| 104|0x0000000088400000, 0x0000000088500000, 0x0000000088500000|100%|HC|  |TAMS 0x0000000088500000, 0x0000000088400000| Complete 
| 105|0x0000000088500000, 0x0000000088600000, 0x0000000088600000|100%|HS|  |TAMS 0x0000000088600000, 0x0000000088500000| Complete 
| 106|0x0000000088600000, 0x0000000088700000, 0x0000000088700000|100%|HC|  |TAMS 0x0000000088700000, 0x0000000088600000| Complete 
| 107|0x0000000088700000, 0x0000000088800000, 0x0000000088800000|100%|HC|  |TAMS 0x0000000088800000, 0x0000000088700000| Complete 
| 108|0x0000000088800000, 0x0000000088900000, 0x0000000088900000|100%|HC|  |TAMS 0x0000000088900000, 0x0000000088800000| Complete 
| 109|0x0000000088900000, 0x0000000088a00000, 0x0000000088a00000|100%|HC|  |TAMS 0x0000000088a00000, 0x0000000088900000| Complete 
| 110|0x0000000088a00000, 0x0000000088b00000, 0x0000000088b00000|100%| O|  |TAMS 0x0000000088b00000, 0x0000000088a00000| Untracked 
| 111|0x0000000088b00000, 0x0000000088c00000, 0x0000000088c00000|100%|HS|  |TAMS 0x0000000088c00000, 0x0000000088b00000| Complete 
| 112|0x0000000088c00000, 0x0000000088d00000, 0x0000000088d00000|100%|HS|  |TAMS 0x0000000088d00000, 0x0000000088c00000| Complete 
| 113|0x0000000088d00000, 0x0000000088e00000, 0x0000000088e00000|100%|HC|  |TAMS 0x0000000088e00000, 0x0000000088d00000| Complete 
| 114|0x0000000088e00000, 0x0000000088f00000, 0x0000000088f00000|100%|HC|  |TAMS 0x0000000088f00000, 0x0000000088e00000| Complete 
| 115|0x0000000088f00000, 0x0000000089000000, 0x0000000089000000|100%|HC|  |TAMS 0x0000000089000000, 0x0000000088f00000| Complete 
| 116|0x0000000089000000, 0x0000000089100000, 0x0000000089100000|100%|HC|  |TAMS 0x0000000089100000, 0x0000000089000000| Complete 
| 117|0x0000000089100000, 0x0000000089200000, 0x0000000089200000|100%|HC|  |TAMS 0x0000000089200000, 0x0000000089100000| Complete 
| 118|0x0000000089200000, 0x0000000089300000, 0x0000000089300000|100%|HC|  |TAMS 0x0000000089300000, 0x0000000089200000| Complete 
| 119|0x0000000089300000, 0x0000000089400000, 0x0000000089400000|100%|HS|  |TAMS 0x0000000089400000, 0x0000000089300000| Complete 
| 120|0x0000000089400000, 0x0000000089500000, 0x0000000089500000|100%|HC|  |TAMS 0x0000000089500000, 0x0000000089400000| Complete 
| 121|0x0000000089500000, 0x0000000089600000, 0x0000000089600000|100%|HS|  |TAMS 0x0000000089600000, 0x0000000089500000| Complete 
| 122|0x0000000089600000, 0x0000000089700000, 0x0000000089700000|100%|HC|  |TAMS 0x0000000089700000, 0x0000000089600000| Complete 
| 123|0x0000000089700000, 0x0000000089800000, 0x0000000089800000|100%|HS|  |TAMS 0x0000000089800000, 0x0000000089700000| Complete 
| 124|0x0000000089800000, 0x0000000089900000, 0x0000000089900000|100%|HC|  |TAMS 0x0000000089900000, 0x0000000089800000| Complete 
| 125|0x0000000089900000, 0x0000000089a00000, 0x0000000089a00000|100%|HC|  |TAMS 0x0000000089a00000, 0x0000000089900000| Complete 
| 126|0x0000000089a00000, 0x0000000089b00000, 0x0000000089b00000|100%|HS|  |TAMS 0x0000000089b00000, 0x0000000089a00000| Complete 
| 127|0x0000000089b00000, 0x0000000089c00000, 0x0000000089c00000|100%|HS|  |TAMS 0x0000000089c00000, 0x0000000089b00000| Complete 
| 128|0x0000000089c00000, 0x0000000089d00000, 0x0000000089d00000|100%|HS|  |TAMS 0x0000000089d00000, 0x0000000089c00000| Complete 
| 129|0x0000000089d00000, 0x0000000089e00000, 0x0000000089e00000|100%|HS|  |TAMS 0x0000000089e00000, 0x0000000089d00000| Complete 
| 130|0x0000000089e00000, 0x0000000089f00000, 0x0000000089f00000|100%|HS|  |TAMS 0x0000000089f00000, 0x0000000089e00000| Complete 
| 131|0x0000000089f00000, 0x000000008a000000, 0x000000008a000000|100%|HS|  |TAMS 0x000000008a000000, 0x0000000089f00000| Complete 
| 132|0x000000008a000000, 0x000000008a100000, 0x000000008a100000|100%|HS|  |TAMS 0x000000008a100000, 0x000000008a000000| Complete 
| 133|0x000000008a100000, 0x000000008a200000, 0x000000008a200000|100%|HS|  |TAMS 0x000000008a200000, 0x000000008a100000| Complete 
| 134|0x000000008a200000, 0x000000008a300000, 0x000000008a300000|100%|HS|  |TAMS 0x000000008a300000, 0x000000008a200000| Complete 
| 135|0x000000008a300000, 0x000000008a400000, 0x000000008a400000|100%|HS|  |TAMS 0x000000008a400000, 0x000000008a300000| Complete 
| 136|0x000000008a400000, 0x000000008a500000, 0x000000008a500000|100%| O|  |TAMS 0x000000008a500000, 0x000000008a400000| Untracked 
| 137|0x000000008a500000, 0x000000008a600000, 0x000000008a600000|100%| O|  |TAMS 0x000000008a600000, 0x000000008a500000| Untracked 
| 138|0x000000008a600000, 0x000000008a700000, 0x000000008a700000|100%|HS|  |TAMS 0x000000008a700000, 0x000000008a600000| Complete 
| 139|0x000000008a700000, 0x000000008a800000, 0x000000008a800000|100%|HS|  |TAMS 0x000000008a800000, 0x000000008a700000| Complete 
| 140|0x000000008a800000, 0x000000008a900000, 0x000000008a900000|100%| O|  |TAMS 0x000000008a900000, 0x000000008a800000| Untracked 
| 141|0x000000008a900000, 0x000000008aa00000, 0x000000008aa00000|100%|HS|  |TAMS 0x000000008aa00000, 0x000000008a900000| Complete 
| 142|0x000000008aa00000, 0x000000008ab00000, 0x000000008ab00000|100%|HC|  |TAMS 0x000000008ab00000, 0x000000008aa00000| Complete 
| 143|0x000000008ab00000, 0x000000008ac00000, 0x000000008ac00000|100%|HS|  |TAMS 0x000000008ac00000, 0x000000008ab00000| Complete 
| 144|0x000000008ac00000, 0x000000008ad00000, 0x000000008ad00000|100%|HC|  |TAMS 0x000000008ad00000, 0x000000008ac00000| Complete 
| 145|0x000000008ad00000, 0x000000008ae00000, 0x000000008ae00000|100%|HC|  |TAMS 0x000000008ae00000, 0x000000008ad00000| Complete 
| 146|0x000000008ae00000, 0x000000008af00000, 0x000000008af00000|100%|HC|  |TAMS 0x000000008af00000, 0x000000008ae00000| Complete 
| 147|0x000000008af00000, 0x000000008b000000, 0x000000008b000000|100%|HS|  |TAMS 0x000000008b000000, 0x000000008af00000| Complete 
| 148|0x000000008b000000, 0x000000008b100000, 0x000000008b100000|100%|HC|  |TAMS 0x000000008b100000, 0x000000008b000000| Complete 
| 149|0x000000008b100000, 0x000000008b200000, 0x000000008b200000|100%|HC|  |TAMS 0x000000008b200000, 0x000000008b100000| Complete 
| 150|0x000000008b200000, 0x000000008b300000, 0x000000008b300000|100%|HC|  |TAMS 0x000000008b300000, 0x000000008b200000| Complete 
| 151|0x000000008b300000, 0x000000008b400000, 0x000000008b400000|100%|HS|  |TAMS 0x000000008b400000, 0x000000008b300000| Complete 
| 152|0x000000008b400000, 0x000000008b500000, 0x000000008b500000|100%|HC|  |TAMS 0x000000008b500000, 0x000000008b400000| Complete 
| 153|0x000000008b500000, 0x000000008b600000, 0x000000008b600000|100%|HC|  |TAMS 0x000000008b600000, 0x000000008b500000| Complete 
| 154|0x000000008b600000, 0x000000008b700000, 0x000000008b700000|100%|HC|  |TAMS 0x000000008b700000, 0x000000008b600000| Complete 
| 155|0x000000008b700000, 0x000000008b800000, 0x000000008b800000|100%|HS|  |TAMS 0x000000008b800000, 0x000000008b700000| Complete 
| 156|0x000000008b800000, 0x000000008b900000, 0x000000008b900000|100%|HC|  |TAMS 0x000000008b900000, 0x000000008b800000| Complete 
| 157|0x000000008b900000, 0x000000008ba00000, 0x000000008ba00000|100%|HC|  |TAMS 0x000000008ba00000, 0x000000008b900000| Complete 
| 158|0x000000008ba00000, 0x000000008bb00000, 0x000000008bb00000|100%|HC|  |TAMS 0x000000008bb00000, 0x000000008ba00000| Complete 
| 159|0x000000008bb00000, 0x000000008bc00000, 0x000000008bc00000|100%|HS|  |TAMS 0x000000008bc00000, 0x000000008bb00000| Complete 
| 160|0x000000008bc00000, 0x000000008bd00000, 0x000000008bd00000|100%|HC|  |TAMS 0x000000008bd00000, 0x000000008bc00000| Complete 
| 161|0x000000008bd00000, 0x000000008be00000, 0x000000008be00000|100%|HC|  |TAMS 0x000000008be00000, 0x000000008bd00000| Complete 
| 162|0x000000008be00000, 0x000000008bf00000, 0x000000008bf00000|100%|HC|  |TAMS 0x000000008bf00000, 0x000000008be00000| Complete 
| 163|0x000000008bf00000, 0x000000008c000000, 0x000000008c000000|100%|HS|  |TAMS 0x000000008c000000, 0x000000008bf00000| Complete 
| 164|0x000000008c000000, 0x000000008c100000, 0x000000008c100000|100%|HC|  |TAMS 0x000000008c100000, 0x000000008c000000| Complete 
| 165|0x000000008c100000, 0x000000008c200000, 0x000000008c200000|100%|HC|  |TAMS 0x000000008c200000, 0x000000008c100000| Complete 
| 166|0x000000008c200000, 0x000000008c300000, 0x000000008c300000|100%|HC|  |TAMS 0x000000008c300000, 0x000000008c200000| Complete 
| 167|0x000000008c300000, 0x000000008c400000, 0x000000008c400000|100%|HS|  |TAMS 0x000000008c400000, 0x000000008c300000| Complete 
| 168|0x000000008c400000, 0x000000008c500000, 0x000000008c500000|100%|HC|  |TAMS 0x000000008c500000, 0x000000008c400000| Complete 
| 169|0x000000008c500000, 0x000000008c600000, 0x000000008c600000|100%|HC|  |TAMS 0x000000008c600000, 0x000000008c500000| Complete 
| 170|0x000000008c600000, 0x000000008c700000, 0x000000008c700000|100%|HC|  |TAMS 0x000000008c700000, 0x000000008c600000| Complete 
| 171|0x000000008c700000, 0x000000008c800000, 0x000000008c800000|100%|HS|  |TAMS 0x000000008c800000, 0x000000008c700000| Complete 
| 172|0x000000008c800000, 0x000000008c900000, 0x000000008c900000|100%|HC|  |TAMS 0x000000008c900000, 0x000000008c800000| Complete 
| 173|0x000000008c900000, 0x000000008ca00000, 0x000000008ca00000|100%|HC|  |TAMS 0x000000008ca00000, 0x000000008c900000| Complete 
| 174|0x000000008ca00000, 0x000000008cb00000, 0x000000008cb00000|100%|HC|  |TAMS 0x000000008cb00000, 0x000000008ca00000| Complete 
| 175|0x000000008cb00000, 0x000000008cc00000, 0x000000008cc00000|100%|HS|  |TAMS 0x000000008cc00000, 0x000000008cb00000| Complete 
| 176|0x000000008cc00000, 0x000000008cd00000, 0x000000008cd00000|100%|HC|  |TAMS 0x000000008cd00000, 0x000000008cc00000| Complete 
| 177|0x000000008cd00000, 0x000000008ce00000, 0x000000008ce00000|100%|HC|  |TAMS 0x000000008ce00000, 0x000000008cd00000| Complete 
| 178|0x000000008ce00000, 0x000000008cf00000, 0x000000008cf00000|100%|HC|  |TAMS 0x000000008cf00000, 0x000000008ce00000| Complete 
| 179|0x000000008cf00000, 0x000000008d000000, 0x000000008d000000|100%| O|  |TAMS 0x000000008d000000, 0x000000008cf00000| Untracked 
| 180|0x000000008d000000, 0x000000008d100000, 0x000000008d100000|100%| O|  |TAMS 0x000000008d100000, 0x000000008d000000| Untracked 
| 181|0x000000008d100000, 0x000000008d200000, 0x000000008d200000|100%|HS|  |TAMS 0x000000008d200000, 0x000000008d100000| Complete 
| 182|0x000000008d200000, 0x000000008d300000, 0x000000008d300000|100%|HC|  |TAMS 0x000000008d300000, 0x000000008d200000| Complete 
| 183|0x000000008d300000, 0x000000008d400000, 0x000000008d400000|100%|HC|  |TAMS 0x000000008d400000, 0x000000008d300000| Complete 
| 184|0x000000008d400000, 0x000000008d500000, 0x000000008d500000|100%|HC|  |TAMS 0x000000008d500000, 0x000000008d400000| Complete 
| 185|0x000000008d500000, 0x000000008d600000, 0x000000008d600000|100%|HS|  |TAMS 0x000000008d600000, 0x000000008d500000| Complete 
| 186|0x000000008d600000, 0x000000008d700000, 0x000000008d700000|100%|HC|  |TAMS 0x000000008d700000, 0x000000008d600000| Complete 
| 187|0x000000008d700000, 0x000000008d796800, 0x000000008d800000| 58%| O|  |TAMS 0x000000008d796800, 0x000000008d700000| Untracked 
| 188|0x000000008d800000, 0x000000008d800000, 0x000000008d900000|  0%| F|  |TAMS 0x000000008d800000, 0x000000008d800000| Untracked 
| 189|0x000000008d900000, 0x000000008d900000, 0x000000008da00000|  0%| F|  |TAMS 0x000000008d900000, 0x000000008d900000| Untracked 
| 190|0x000000008da00000, 0x000000008da00000, 0x000000008db00000|  0%| F|  |TAMS 0x000000008da00000, 0x000000008da00000| Untracked 
| 191|0x000000008db00000, 0x000000008db00000, 0x000000008dc00000|  0%| F|  |TAMS 0x000000008db00000, 0x000000008db00000| Untracked 
| 192|0x000000008dc00000, 0x000000008dc00000, 0x000000008dd00000|  0%| F|  |TAMS 0x000000008dc00000, 0x000000008dc00000| Untracked 
| 193|0x000000008dd00000, 0x000000008dd00000, 0x000000008de00000|  0%| F|  |TAMS 0x000000008dd00000, 0x000000008dd00000| Untracked 
| 194|0x000000008de00000, 0x000000008de00000, 0x000000008df00000|  0%| F|  |TAMS 0x000000008de00000, 0x000000008de00000| Untracked 
| 195|0x000000008df00000, 0x000000008df00000, 0x000000008e000000|  0%| F|  |TAMS 0x000000008df00000, 0x000000008df00000| Untracked 
| 196|0x000000008e000000, 0x000000008e100000, 0x000000008e100000|100%|HS|  |TAMS 0x000000008e100000, 0x000000008e000000| Complete 
| 197|0x000000008e100000, 0x000000008e200000, 0x000000008e200000|100%|HC|  |TAMS 0x000000008e200000, 0x000000008e100000| Complete 
| 198|0x000000008e200000, 0x000000008e300000, 0x000000008e300000|100%|HC|  |TAMS 0x000000008e300000, 0x000000008e200000| Complete 
| 199|0x000000008e300000, 0x000000008e400000, 0x000000008e400000|100%|HC|  |TAMS 0x000000008e400000, 0x000000008e300000| Complete 
| 200|0x000000008e400000, 0x000000008e500000, 0x000000008e500000|100%|HC|  |TAMS 0x000000008e500000, 0x000000008e400000| Complete 
| 201|0x000000008e500000, 0x000000008e600000, 0x000000008e600000|100%|HC|  |TAMS 0x000000008e600000, 0x000000008e500000| Complete 
| 202|0x000000008e600000, 0x000000008e700000, 0x000000008e700000|100%|HC|  |TAMS 0x000000008e700000, 0x000000008e600000| Complete 
| 203|0x000000008e700000, 0x000000008e800000, 0x000000008e800000|100%|HC|  |TAMS 0x000000008e800000, 0x000000008e700000| Complete 
| 204|0x000000008e800000, 0x000000008e900000, 0x000000008e900000|100%|HC|  |TAMS 0x000000008e900000, 0x000000008e800000| Complete 
| 205|0x000000008e900000, 0x000000008ea00000, 0x000000008ea00000|100%|HC|  |TAMS 0x000000008ea00000, 0x000000008e900000| Complete 
| 206|0x000000008ea00000, 0x000000008eb00000, 0x000000008eb00000|100%|HC|  |TAMS 0x000000008eb00000, 0x000000008ea00000| Complete 
| 207|0x000000008eb00000, 0x000000008ec00000, 0x000000008ec00000|100%|HC|  |TAMS 0x000000008ec00000, 0x000000008eb00000| Complete 
| 208|0x000000008ec00000, 0x000000008ed00000, 0x000000008ed00000|100%|HC|  |TAMS 0x000000008ed00000, 0x000000008ec00000| Complete 
| 209|0x000000008ed00000, 0x000000008ee00000, 0x000000008ee00000|100%|HC|  |TAMS 0x000000008ee00000, 0x000000008ed00000| Complete 
| 210|0x000000008ee00000, 0x000000008ef00000, 0x000000008ef00000|100%|HC|  |TAMS 0x000000008ef00000, 0x000000008ee00000| Complete 
| 211|0x000000008ef00000, 0x000000008f000000, 0x000000008f000000|100%|HC|  |TAMS 0x000000008f000000, 0x000000008ef00000| Complete 
| 212|0x000000008f000000, 0x000000008f100000, 0x000000008f100000|100%|HC|  |TAMS 0x000000008f100000, 0x000000008f000000| Complete 
| 213|0x000000008f100000, 0x000000008f200000, 0x000000008f200000|100%|HC|  |TAMS 0x000000008f200000, 0x000000008f100000| Complete 
| 214|0x000000008f200000, 0x000000008f300000, 0x000000008f300000|100%|HC|  |TAMS 0x000000008f300000, 0x000000008f200000| Complete 
| 215|0x000000008f300000, 0x000000008f400000, 0x000000008f400000|100%|HC|  |TAMS 0x000000008f400000, 0x000000008f300000| Complete 
| 216|0x000000008f400000, 0x000000008f500000, 0x000000008f500000|100%|HC|  |TAMS 0x000000008f500000, 0x000000008f400000| Complete 
| 217|0x000000008f500000, 0x000000008f600000, 0x000000008f600000|100%|HC|  |TAMS 0x000000008f600000, 0x000000008f500000| Complete 
| 218|0x000000008f600000, 0x000000008f700000, 0x000000008f700000|100%|HS|  |TAMS 0x000000008f700000, 0x000000008f600000| Complete 
| 219|0x000000008f700000, 0x000000008f800000, 0x000000008f800000|100%|HC|  |TAMS 0x000000008f800000, 0x000000008f700000| Complete 
| 220|0x000000008f800000, 0x000000008f900000, 0x000000008f900000|100%|HC|  |TAMS 0x000000008f900000, 0x000000008f800000| Complete 
| 221|0x000000008f900000, 0x000000008fa00000, 0x000000008fa00000|100%|HC|  |TAMS 0x000000008fa00000, 0x000000008f900000| Complete 
| 222|0x000000008fa00000, 0x000000008fb00000, 0x000000008fb00000|100%|HC|  |TAMS 0x000000008fb00000, 0x000000008fa00000| Complete 
| 223|0x000000008fb00000, 0x000000008fc00000, 0x000000008fc00000|100%|HC|  |TAMS 0x000000008fc00000, 0x000000008fb00000| Complete 
| 224|0x000000008fc00000, 0x000000008fd00000, 0x000000008fd00000|100%|HC|  |TAMS 0x000000008fd00000, 0x000000008fc00000| Complete 
| 225|0x000000008fd00000, 0x000000008fe00000, 0x000000008fe00000|100%|HC|  |TAMS 0x000000008fe00000, 0x000000008fd00000| Complete 
| 226|0x000000008fe00000, 0x000000008ff00000, 0x000000008ff00000|100%|HC|  |TAMS 0x000000008ff00000, 0x000000008fe00000| Complete 
| 227|0x000000008ff00000, 0x0000000090000000, 0x0000000090000000|100%|HC|  |TAMS 0x0000000090000000, 0x000000008ff00000| Complete 
| 228|0x0000000090000000, 0x0000000090100000, 0x0000000090100000|100%|HC|  |TAMS 0x0000000090100000, 0x0000000090000000| Complete 
| 229|0x0000000090100000, 0x0000000090200000, 0x0000000090200000|100%|HC|  |TAMS 0x0000000090200000, 0x0000000090100000| Complete 
| 230|0x0000000090200000, 0x0000000090300000, 0x0000000090300000|100%|HC|  |TAMS 0x0000000090300000, 0x0000000090200000| Complete 
| 231|0x0000000090300000, 0x0000000090400000, 0x0000000090400000|100%|HC|  |TAMS 0x0000000090400000, 0x0000000090300000| Complete 
| 232|0x0000000090400000, 0x0000000090500000, 0x0000000090500000|100%|HC|  |TAMS 0x0000000090500000, 0x0000000090400000| Complete 
| 233|0x0000000090500000, 0x0000000090600000, 0x0000000090600000|100%|HC|  |TAMS 0x0000000090600000, 0x0000000090500000| Complete 
| 234|0x0000000090600000, 0x0000000090700000, 0x0000000090700000|100%|HC|  |TAMS 0x0000000090700000, 0x0000000090600000| Complete 
| 235|0x0000000090700000, 0x0000000090800000, 0x0000000090800000|100%|HC|  |TAMS 0x0000000090800000, 0x0000000090700000| Complete 
| 236|0x0000000090800000, 0x0000000090900000, 0x0000000090900000|100%|HC|  |TAMS 0x0000000090900000, 0x0000000090800000| Complete 
| 237|0x0000000090900000, 0x0000000090a00000, 0x0000000090a00000|100%|HC|  |TAMS 0x0000000090a00000, 0x0000000090900000| Complete 
| 238|0x0000000090a00000, 0x0000000090b00000, 0x0000000090b00000|100%|HC|  |TAMS 0x0000000090b00000, 0x0000000090a00000| Complete 
| 239|0x0000000090b00000, 0x0000000090c00000, 0x0000000090c00000|100%|HC|  |TAMS 0x0000000090c00000, 0x0000000090b00000| Complete 
| 240|0x0000000090c00000, 0x0000000090c00000, 0x0000000090d00000|  0%| F|  |TAMS 0x0000000090c00000, 0x0000000090c00000| Untracked 
| 241|0x0000000090d00000, 0x0000000090d00000, 0x0000000090e00000|  0%| F|  |TAMS 0x0000000090d00000, 0x0000000090d00000| Untracked 
| 242|0x0000000090e00000, 0x0000000090e00000, 0x0000000090f00000|  0%| F|  |TAMS 0x0000000090e00000, 0x0000000090e00000| Untracked 
| 243|0x0000000090f00000, 0x0000000090f00000, 0x0000000091000000|  0%| F|  |TAMS 0x0000000090f00000, 0x0000000090f00000| Untracked 
| 244|0x0000000091000000, 0x0000000091000000, 0x0000000091100000|  0%| F|  |TAMS 0x0000000091000000, 0x0000000091000000| Untracked 
| 245|0x0000000091100000, 0x0000000091100000, 0x0000000091200000|  0%| F|  |TAMS 0x0000000091100000, 0x0000000091100000| Untracked 
| 246|0x0000000091200000, 0x0000000091200000, 0x0000000091300000|  0%| F|  |TAMS 0x0000000091200000, 0x0000000091200000| Untracked 
| 247|0x0000000091300000, 0x0000000091300000, 0x0000000091400000|  0%| F|  |TAMS 0x0000000091300000, 0x0000000091300000| Untracked 
| 248|0x0000000091400000, 0x0000000091400000, 0x0000000091500000|  0%| F|  |TAMS 0x0000000091400000, 0x0000000091400000| Untracked 
| 249|0x0000000091500000, 0x0000000091500000, 0x0000000091600000|  0%| F|  |TAMS 0x0000000091500000, 0x0000000091500000| Untracked 
| 250|0x0000000091600000, 0x0000000091600000, 0x0000000091700000|  0%| F|  |TAMS 0x0000000091600000, 0x0000000091600000| Untracked 
| 251|0x0000000091700000, 0x0000000091700000, 0x0000000091800000|  0%| F|  |TAMS 0x0000000091700000, 0x0000000091700000| Untracked 
| 252|0x0000000091800000, 0x0000000091800000, 0x0000000091900000|  0%| F|  |TAMS 0x0000000091800000, 0x0000000091800000| Untracked 
| 253|0x0000000091900000, 0x0000000091900000, 0x0000000091a00000|  0%| F|  |TAMS 0x0000000091900000, 0x0000000091900000| Untracked 
| 254|0x0000000091a00000, 0x0000000091a00000, 0x0000000091b00000|  0%| F|  |TAMS 0x0000000091a00000, 0x0000000091a00000| Untracked 
| 255|0x0000000091b00000, 0x0000000091b00000, 0x0000000091c00000|  0%| F|  |TAMS 0x0000000091b00000, 0x0000000091b00000| Untracked 
| 256|0x0000000091c00000, 0x0000000091c00000, 0x0000000091d00000|  0%| F|  |TAMS 0x0000000091c00000, 0x0000000091c00000| Untracked 
| 257|0x0000000091d00000, 0x0000000091d00000, 0x0000000091e00000|  0%| F|  |TAMS 0x0000000091d00000, 0x0000000091d00000| Untracked 
| 258|0x0000000091e00000, 0x0000000091e00000, 0x0000000091f00000|  0%| F|  |TAMS 0x0000000091e00000, 0x0000000091e00000| Untracked 
| 259|0x0000000091f00000, 0x0000000091f00000, 0x0000000092000000|  0%| F|  |TAMS 0x0000000091f00000, 0x0000000091f00000| Untracked 
| 260|0x0000000092000000, 0x0000000092000000, 0x0000000092100000|  0%| F|  |TAMS 0x0000000092000000, 0x0000000092000000| Untracked 
| 261|0x0000000092100000, 0x0000000092100000, 0x0000000092200000|  0%| F|  |TAMS 0x0000000092100000, 0x0000000092100000| Untracked 
| 262|0x0000000092200000, 0x0000000092200000, 0x0000000092300000|  0%| F|  |TAMS 0x0000000092200000, 0x0000000092200000| Untracked 
| 263|0x0000000092300000, 0x0000000092300000, 0x0000000092400000|  0%| F|  |TAMS 0x0000000092300000, 0x0000000092300000| Untracked 
| 264|0x0000000092400000, 0x0000000092400000, 0x0000000092500000|  0%| F|  |TAMS 0x0000000092400000, 0x0000000092400000| Untracked 
| 265|0x0000000092500000, 0x00000000925ba660, 0x0000000092600000| 72%| S|CS|TAMS 0x0000000092500000, 0x0000000092500000| Complete 
| 266|0x0000000092600000, 0x0000000092700000, 0x0000000092700000|100%| S|CS|TAMS 0x0000000092600000, 0x0000000092600000| Complete 
| 267|0x0000000092700000, 0x0000000092700000, 0x0000000092800000|  0%| F|  |TAMS 0x0000000092700000, 0x0000000092700000| Untracked 
| 268|0x0000000092800000, 0x0000000092800000, 0x0000000092900000|  0%| F|  |TAMS 0x0000000092800000, 0x0000000092800000| Untracked 
| 269|0x0000000092900000, 0x0000000092900000, 0x0000000092a00000|  0%| F|  |TAMS 0x0000000092900000, 0x0000000092900000| Untracked 
| 270|0x0000000092a00000, 0x0000000092a00000, 0x0000000092b00000|  0%| F|  |TAMS 0x0000000092a00000, 0x0000000092a00000| Untracked 
| 271|0x0000000092b00000, 0x0000000092b00000, 0x0000000092c00000|  0%| F|  |TAMS 0x0000000092b00000, 0x0000000092b00000| Untracked 
| 272|0x0000000092c00000, 0x0000000092c00000, 0x0000000092d00000|  0%| F|  |TAMS 0x0000000092c00000, 0x0000000092c00000| Untracked 
| 273|0x0000000092d00000, 0x0000000092d00000, 0x0000000092e00000|  0%| F|  |TAMS 0x0000000092d00000, 0x0000000092d00000| Untracked 
| 274|0x0000000092e00000, 0x0000000092ea4e98, 0x0000000092f00000| 64%| E|  |TAMS 0x0000000092e00000, 0x0000000092e00000| Complete 
| 275|0x0000000092f00000, 0x0000000093000000, 0x0000000093000000|100%| E|CS|TAMS 0x0000000092f00000, 0x0000000092f00000| Complete 
| 276|0x0000000093000000, 0x0000000093100000, 0x0000000093100000|100%| E|CS|TAMS 0x0000000093000000, 0x0000000093000000| Complete 
| 277|0x0000000093100000, 0x0000000093200000, 0x0000000093200000|100%| E|CS|TAMS 0x0000000093100000, 0x0000000093100000| Complete 
| 278|0x0000000093200000, 0x0000000093300000, 0x0000000093300000|100%| E|CS|TAMS 0x0000000093200000, 0x0000000093200000| Complete 
| 279|0x0000000093300000, 0x0000000093400000, 0x0000000093400000|100%| E|CS|TAMS 0x0000000093300000, 0x0000000093300000| Complete 
| 280|0x0000000093400000, 0x0000000093500000, 0x0000000093500000|100%| E|CS|TAMS 0x0000000093400000, 0x0000000093400000| Complete 
| 281|0x0000000093500000, 0x0000000093600000, 0x0000000093600000|100%| E|CS|TAMS 0x0000000093500000, 0x0000000093500000| Complete 
| 282|0x0000000093600000, 0x0000000093700000, 0x0000000093700000|100%| E|CS|TAMS 0x0000000093600000, 0x0000000093600000| Complete 
| 283|0x0000000093700000, 0x0000000093800000, 0x0000000093800000|100%| E|CS|TAMS 0x0000000093700000, 0x0000000093700000| Complete 
| 284|0x0000000093800000, 0x0000000093900000, 0x0000000093900000|100%| E|CS|TAMS 0x0000000093800000, 0x0000000093800000| Complete 
| 285|0x0000000093900000, 0x0000000093a00000, 0x0000000093a00000|100%| E|CS|TAMS 0x0000000093900000, 0x0000000093900000| Complete 
| 286|0x0000000093a00000, 0x0000000093b00000, 0x0000000093b00000|100%| E|CS|TAMS 0x0000000093a00000, 0x0000000093a00000| Complete 
| 287|0x0000000093b00000, 0x0000000093c00000, 0x0000000093c00000|100%| E|CS|TAMS 0x0000000093b00000, 0x0000000093b00000| Complete 
| 288|0x0000000093c00000, 0x0000000093d00000, 0x0000000093d00000|100%| E|CS|TAMS 0x0000000093c00000, 0x0000000093c00000| Complete 
| 289|0x0000000093d00000, 0x0000000093e00000, 0x0000000093e00000|100%| E|CS|TAMS 0x0000000093d00000, 0x0000000093d00000| Complete 
| 290|0x0000000093e00000, 0x0000000093f00000, 0x0000000093f00000|100%| E|CS|TAMS 0x0000000093e00000, 0x0000000093e00000| Complete 
| 291|0x0000000093f00000, 0x0000000094000000, 0x0000000094000000|100%| E|CS|TAMS 0x0000000093f00000, 0x0000000093f00000| Complete 
| 292|0x0000000094000000, 0x0000000094100000, 0x0000000094100000|100%| E|CS|TAMS 0x0000000094000000, 0x0000000094000000| Complete 
| 293|0x0000000094100000, 0x0000000094200000, 0x0000000094200000|100%| E|CS|TAMS 0x0000000094100000, 0x0000000094100000| Complete 
| 294|0x0000000094200000, 0x0000000094300000, 0x0000000094300000|100%| E|CS|TAMS 0x0000000094200000, 0x0000000094200000| Complete 
| 295|0x0000000094300000, 0x0000000094400000, 0x0000000094400000|100%| E|CS|TAMS 0x0000000094300000, 0x0000000094300000| Complete 
| 296|0x0000000094400000, 0x0000000094500000, 0x0000000094500000|100%| E|CS|TAMS 0x0000000094400000, 0x0000000094400000| Complete 
| 297|0x0000000094500000, 0x0000000094600000, 0x0000000094600000|100%| E|CS|TAMS 0x0000000094500000, 0x0000000094500000| Complete 
| 298|0x0000000094600000, 0x0000000094700000, 0x0000000094700000|100%| E|CS|TAMS 0x0000000094600000, 0x0000000094600000| Complete 
| 299|0x0000000094700000, 0x0000000094800000, 0x0000000094800000|100%| E|CS|TAMS 0x0000000094700000, 0x0000000094700000| Complete 
| 300|0x0000000094800000, 0x0000000094900000, 0x0000000094900000|100%| E|CS|TAMS 0x0000000094800000, 0x0000000094800000| Complete 
| 301|0x0000000094900000, 0x0000000094a00000, 0x0000000094a00000|100%| E|CS|TAMS 0x0000000094900000, 0x0000000094900000| Complete 
| 302|0x0000000094a00000, 0x0000000094b00000, 0x0000000094b00000|100%| E|CS|TAMS 0x0000000094a00000, 0x0000000094a00000| Complete 
| 303|0x0000000094b00000, 0x0000000094c00000, 0x0000000094c00000|100%| E|CS|TAMS 0x0000000094b00000, 0x0000000094b00000| Complete 
| 304|0x0000000094c00000, 0x0000000094d00000, 0x0000000094d00000|100%| E|CS|TAMS 0x0000000094c00000, 0x0000000094c00000| Complete 
| 305|0x0000000094d00000, 0x0000000094e00000, 0x0000000094e00000|100%| E|CS|TAMS 0x0000000094d00000, 0x0000000094d00000| Complete 
| 306|0x0000000094e00000, 0x0000000094f00000, 0x0000000094f00000|100%| E|CS|TAMS 0x0000000094e00000, 0x0000000094e00000| Complete 
| 307|0x0000000094f00000, 0x0000000095000000, 0x0000000095000000|100%| E|CS|TAMS 0x0000000094f00000, 0x0000000094f00000| Complete 

Card table byte_map: [0x0000018f2a900000,0x0000018f2ad00000] _byte_map_base: 0x0000018f2a4f2000

Marking Bits (Prev, Next): (CMBitMap*) 0x0000018f1569f518, (CMBitMap*) 0x0000018f1569f550
 Prev Bits: [0x0000018f2b100000, 0x0000018f2d090000)
 Next Bits: [0x0000018f2d090000, 0x0000018f2f020000)

Polling page: 0x0000018f154f0000

Metaspace:

Usage:
  Non-class:     41.94 MB capacity,    40.99 MB ( 98%) used,   788.79 KB (  2%) free+waste,   185.38 KB ( <1%) overhead. 
      Class:      6.48 MB capacity,     5.87 MB ( 91%) used,   537.67 KB (  8%) free+waste,    91.44 KB (  1%) overhead. 
       Both:     48.42 MB capacity,    46.86 MB ( 97%) used,     1.30 MB (  3%) free+waste,   276.81 KB ( <1%) overhead. 

Virtual space:
  Non-class space:       44.00 MB reserved,      42.08 MB ( 96%) committed 
      Class space:        1.00 GB reserved,       6.50 MB ( <1%) committed 
             Both:        1.04 GB reserved,      48.58 MB (  5%) committed 

Chunk freelists:
   Non-Class:  13.00 KB
       Class:  0 bytes
        Both:  13.00 KB

MaxMetaspaceSize: 17179869184.00 GB
CompressedClassSpaceSize: 1.00 GB

CodeHeap 'non-profiled nmethods': size=238912Kb used=12293Kb max_used=12293Kb free=226618Kb
 bounds [0x0000018f1b590000, 0x0000018f1c1a0000, 0x0000018f29ee0000]
CodeHeap 'non-nmethods': size=6848Kb used=1671Kb max_used=1671Kb free=5176Kb
 bounds [0x0000018f1aee0000, 0x0000018f1b150000, 0x0000018f1b590000]
 total_blobs=8716 nmethods=7098 adapters=1181
 compilation: enabled
              stopped_count=0, restarted_count=0
 full_count=0

Compilation events (20 events):
Event: 441.479 Thread 0x0000018f31666800 7179   !   1       org.apache.catalina.core.ContainerBase::backgroundProcess (168 bytes)
Event: 441.484 Thread 0x0000018f31666800 nmethod 7179 0x0000018f1c18d790 code [0x0000018f1c18da20, 0x0000018f1c18e470]
Event: 441.484 Thread 0x0000018f31666800 7180       1       org.apache.catalina.core.StandardPipeline::getFirst (17 bytes)
Event: 441.484 Thread 0x0000018f31666800 nmethod 7180 0x0000018f1c18ea10 code [0x0000018f1c18ebc0, 0x0000018f1c18ed18]
Event: 441.484 Thread 0x0000018f31666800 7181       1       org.apache.catalina.mapper.MapperListener::lifecycleEvent (178 bytes)
Event: 441.486 Thread 0x0000018f31666800 nmethod 7181 0x0000018f1c18ed90 code [0x0000018f1c18f020, 0x0000018f1c18f8d0]
Event: 441.486 Thread 0x0000018f31666800 7182       1       org.apache.catalina.core.StandardWrapper::getServlet (5 bytes)
Event: 441.486 Thread 0x0000018f31666800 nmethod 7182 0x0000018f1c18fc10 code [0x0000018f1c18fdc0, 0x0000018f1c18fef8]
Event: 445.285 Thread 0x0000018f31666800 7183       1       com.khryniewicki.projectX.game.heroes.character.properties.SuperHero::createHero (235 bytes)
Event: 445.288 Thread 0x0000018f31666800 nmethod 7183 0x0000018f1c18ff90 code [0x0000018f1c1901c0, 0x0000018f1c190710]
Event: 492.130 Thread 0x0000018f31666800 7184       1       java.lang.invoke.DirectMethodHandle$Holder::invokeStatic (22 bytes)
Event: 492.132 Thread 0x0000018f31666800 nmethod 7184 0x0000018f1c190810 code [0x0000018f1c1909e0, 0x0000018f1c190b60]
Event: 505.177 Thread 0x0000018f31666800 7185       1       ch.qos.logback.classic.Logger::buildLoggingEventAndAppend (31 bytes)
Event: 505.179 Thread 0x0000018f31666800 nmethod 7185 0x0000018f1c190c90 code [0x0000018f1c190e60, 0x0000018f1c1911b0]
Event: 505.179 Thread 0x0000018f31666800 7186       1       ch.qos.logback.classic.spi.LoggingEvent::setMarker (23 bytes)
Event: 505.179 Thread 0x0000018f31666800 nmethod 7186 0x0000018f1c191310 code [0x0000018f1c1914e0, 0x0000018f1c191750]
Event: 505.179 Thread 0x0000018f31666800 7187       1       com.khryniewicki.projectX.game.control_settings.mouse_settings.MousePosition::getWindowPositionY (5 bytes)
Event: 505.179 Thread 0x0000018f31666800 nmethod 7187 0x0000018f1c191810 code [0x0000018f1c1919c0, 0x0000018f1c191af8]
Event: 521.701 Thread 0x0000018f31666800 7188   !   1       org.apache.catalina.webresources.AbstractArchiveResourceSet::gc (55 bytes)
Event: 521.702 Thread 0x0000018f31666800 nmethod 7188 0x0000018f1c191b90 code [0x0000018f1c191d60, 0x0000018f1c192130]

GC Heap History (20 events):
Event: 603.136 GC heap before
{Heap before GC invocations=583 (full 0):
 garbage-first heap   total 315392K, used 278832K [0x0000000081c00000, 0x0000000100000000)
  region size 1024K, 41 young (41984K), 2 survivors (2048K)
 Metaspace       used 47980K, capacity 49584K, committed 49744K, reserved 1093632K
  class space    used 6007K, capacity 6637K, committed 6656K, reserved 1048576K
}
Event: 603.142 GC heap after
{Heap after GC invocations=584 (full 0):
 garbage-first heap   total 315392K, used 238886K [0x0000000081c00000, 0x0000000100000000)
  region size 1024K, 2 young (2048K), 2 survivors (2048K)
 Metaspace       used 47980K, capacity 49584K, committed 49744K, reserved 1093632K
  class space    used 6007K, capacity 6637K, committed 6656K, reserved 1048576K
}
Event: 606.190 GC heap before
{Heap before GC invocations=585 (full 0):
 garbage-first heap   total 315392K, used 278822K [0x0000000081c00000, 0x0000000100000000)
  region size 1024K, 41 young (41984K), 2 survivors (2048K)
 Metaspace       used 47980K, capacity 49584K, committed 49744K, reserved 1093632K
  class space    used 6007K, capacity 6637K, committed 6656K, reserved 1048576K
}
Event: 606.199 GC heap after
{Heap after GC invocations=586 (full 0):
 garbage-first heap   total 315392K, used 238962K [0x0000000081c00000, 0x0000000100000000)
  region size 1024K, 2 young (2048K), 2 survivors (2048K)
 Metaspace       used 47980K, capacity 49584K, committed 49744K, reserved 1093632K
  class space    used 6007K, capacity 6637K, committed 6656K, reserved 1048576K
}
Event: 609.274 GC heap before
{Heap before GC invocations=586 (full 0):
 garbage-first heap   total 315392K, used 278898K [0x0000000081c00000, 0x0000000100000000)
  region size 1024K, 41 young (41984K), 2 survivors (2048K)
 Metaspace       used 47980K, capacity 49584K, committed 49744K, reserved 1093632K
  class space    used 6007K, capacity 6637K, committed 6656K, reserved 1048576K
}
Event: 609.284 GC heap after
{Heap after GC invocations=587 (full 0):
 garbage-first heap   total 315392K, used 238984K [0x0000000081c00000, 0x0000000100000000)
  region size 1024K, 2 young (2048K), 2 survivors (2048K)
 Metaspace       used 47980K, capacity 49584K, committed 49744K, reserved 1093632K
  class space    used 6007K, capacity 6637K, committed 6656K, reserved 1048576K
}
Event: 612.444 GC heap before
{Heap before GC invocations=588 (full 0):
 garbage-first heap   total 315392K, used 278920K [0x0000000081c00000, 0x0000000100000000)
  region size 1024K, 41 young (41984K), 2 survivors (2048K)
 Metaspace       used 47980K, capacity 49584K, committed 49744K, reserved 1093632K
  class space    used 6007K, capacity 6637K, committed 6656K, reserved 1048576K
}
Event: 612.451 GC heap after
{Heap after GC invocations=589 (full 0):
 garbage-first heap   total 315392K, used 239075K [0x0000000081c00000, 0x0000000100000000)
  region size 1024K, 2 young (2048K), 2 survivors (2048K)
 Metaspace       used 47980K, capacity 49584K, committed 49744K, reserved 1093632K
  class space    used 6007K, capacity 6637K, committed 6656K, reserved 1048576K
}
Event: 615.619 GC heap before
{Heap before GC invocations=589 (full 0):
 garbage-first heap   total 315392K, used 279011K [0x0000000081c00000, 0x0000000100000000)
  region size 1024K, 41 young (41984K), 2 survivors (2048K)
 Metaspace       used 47980K, capacity 49584K, committed 49744K, reserved 1093632K
  class space    used 6007K, capacity 6637K, committed 6656K, reserved 1048576K
}
Event: 615.635 GC heap after
{Heap after GC invocations=590 (full 0):
 garbage-first heap   total 315392K, used 239003K [0x0000000081c00000, 0x0000000100000000)
  region size 1024K, 2 young (2048K), 2 survivors (2048K)
 Metaspace       used 47980K, capacity 49584K, committed 49744K, reserved 1093632K
  class space    used 6007K, capacity 6637K, committed 6656K, reserved 1048576K
}
Event: 618.818 GC heap before
{Heap before GC invocations=591 (full 0):
 garbage-first heap   total 315392K, used 278939K [0x0000000081c00000, 0x0000000100000000)
  region size 1024K, 41 young (41984K), 2 survivors (2048K)
 Metaspace       used 47980K, capacity 49584K, committed 49744K, reserved 1093632K
  class space    used 6007K, capacity 6637K, committed 6656K, reserved 1048576K
}
Event: 618.824 GC heap after
{Heap after GC invocations=592 (full 0):
 garbage-first heap   total 315392K, used 238919K [0x0000000081c00000, 0x0000000100000000)
  region size 1024K, 2 young (2048K), 2 survivors (2048K)
 Metaspace       used 47980K, capacity 49584K, committed 49744K, reserved 1093632K
  class space    used 6007K, capacity 6637K, committed 6656K, reserved 1048576K
}
Event: 622.034 GC heap before
{Heap before GC invocations=592 (full 0):
 garbage-first heap   total 315392K, used 278855K [0x0000000081c00000, 0x0000000100000000)
  region size 1024K, 41 young (41984K), 2 survivors (2048K)
 Metaspace       used 47980K, capacity 49584K, committed 49744K, reserved 1093632K
  class space    used 6007K, capacity 6637K, committed 6656K, reserved 1048576K
}
Event: 622.043 GC heap after
{Heap after GC invocations=593 (full 0):
 garbage-first heap   total 315392K, used 239006K [0x0000000081c00000, 0x0000000100000000)
  region size 1024K, 2 young (2048K), 2 survivors (2048K)
 Metaspace       used 47980K, capacity 49584K, committed 49744K, reserved 1093632K
  class space    used 6007K, capacity 6637K, committed 6656K, reserved 1048576K
}
Event: 625.454 GC heap before
{Heap before GC invocations=594 (full 0):
 garbage-first heap   total 315392K, used 278942K [0x0000000081c00000, 0x0000000100000000)
  region size 1024K, 41 young (41984K), 2 survivors (2048K)
 Metaspace       used 47980K, capacity 49584K, committed 49744K, reserved 1093632K
  class space    used 6007K, capacity 6637K, committed 6656K, reserved 1048576K
}
Event: 625.461 GC heap after
{Heap after GC invocations=595 (full 0):
 garbage-first heap   total 315392K, used 238840K [0x0000000081c00000, 0x0000000100000000)
  region size 1024K, 2 young (2048K), 2 survivors (2048K)
 Metaspace       used 47980K, capacity 49584K, committed 49744K, reserved 1093632K
  class space    used 6007K, capacity 6637K, committed 6656K, reserved 1048576K
}
Event: 628.534 GC heap before
{Heap before GC invocations=595 (full 0):
 garbage-first heap   total 315392K, used 278776K [0x0000000081c00000, 0x0000000100000000)
  region size 1024K, 41 young (41984K), 2 survivors (2048K)
 Metaspace       used 47980K, capacity 49584K, committed 49744K, reserved 1093632K
  class space    used 6007K, capacity 6637K, committed 6656K, reserved 1048576K
}
Event: 628.540 GC heap after
{Heap after GC invocations=596 (full 0):
 garbage-first heap   total 315392K, used 238917K [0x0000000081c00000, 0x0000000100000000)
  region size 1024K, 2 young (2048K), 2 survivors (2048K)
 Metaspace       used 47980K, capacity 49584K, committed 49744K, reserved 1093632K
  class space    used 6007K, capacity 6637K, committed 6656K, reserved 1048576K
}
Event: 631.799 GC heap before
{Heap before GC invocations=597 (full 0):
 garbage-first heap   total 315392K, used 278853K [0x0000000081c00000, 0x0000000100000000)
  region size 1024K, 41 young (41984K), 2 survivors (2048K)
 Metaspace       used 47980K, capacity 49584K, committed 49744K, reserved 1093632K
  class space    used 6007K, capacity 6637K, committed 6656K, reserved 1048576K
}
Event: 631.804 GC heap after
{Heap after GC invocations=598 (full 0):
 garbage-first heap   total 315392K, used 238915K [0x0000000081c00000, 0x0000000100000000)
  region size 1024K, 2 young (2048K), 2 survivors (2048K)
 Metaspace       used 47980K, capacity 49584K, committed 49744K, reserved 1093632K
  class space    used 6007K, capacity 6637K, committed 6656K, reserved 1048576K
}

Deoptimization events (2 events):
Event: 23.923 Thread 0x0000018f32fdc800 DEOPT PACKING pc=0x0000018f1b7680cc sp=0x0000004d36bfcde0
Event: 23.923 Thread 0x0000018f32fdc800 DEOPT UNPACKING pc=0x0000018f1af0904e sp=0x0000004d36bfc2f8 mode 0

Classes redefined (0 events):
No events

Internal exceptions (20 events):
Event: 14.135 Thread 0x0000018f3540d000 Exception <a 'java/lang/ClassNotFoundException'{0x00000000869df1b0}: sun/awt/resources/spi/awtProvider> (0x00000000869df1b0) thrown at [c:/BuildAgent/work/5ff2f6c26000d570/src/hotspot/share/classfile/systemDictionary.cpp, line 231]
Event: 14.147 Thread 0x0000018f3540d000 Exception <a 'java/io/FileNotFoundException'{0x0000000086826a88}> (0x0000000086826a88) thrown at [c:/BuildAgent/work/5ff2f6c26000d570/src/hotspot/share/prims/jni.cpp, line 615]
Event: 14.148 Thread 0x0000018f3540d000 Exception <a 'java/io/FileNotFoundException'{0x000000008682a980}> (0x000000008682a980) thrown at [c:/BuildAgent/work/5ff2f6c26000d570/src/hotspot/share/prims/jni.cpp, line 615]
Event: 14.678 Thread 0x0000018f3164f000 NullPointerException in IC check 0x0000018f1bc7b7e0
Event: 14.678 Thread 0x0000018f3164f000 Exception <a 'java/lang/NullPointerException'{0x0000000089b00000}> (0x0000000089b00000) thrown at [c:/BuildAgent/work/5ff2f6c26000d570/src/hotspot/share/runtime/sharedRuntime.cpp, line 584]
Event: 14.678 Thread 0x0000018f3164f000 NullPointerException in IC check 0x0000018f1bc7b7e0
Event: 14.678 Thread 0x0000018f3164f000 Exception <a 'java/lang/NullPointerException'{0x0000000089b002d0}> (0x0000000089b002d0) thrown at [c:/BuildAgent/work/5ff2f6c26000d570/src/hotspot/share/runtime/sharedRuntime.cpp, line 584]
Event: 14.678 Thread 0x0000018f3164f000 NullPointerException in IC check 0x0000018f1bc7b7e0
Event: 14.678 Thread 0x0000018f3164f000 Exception <a 'java/lang/NullPointerException'{0x0000000089b005a0}> (0x0000000089b005a0) thrown at [c:/BuildAgent/work/5ff2f6c26000d570/src/hotspot/share/runtime/sharedRuntime.cpp, line 584]
Event: 14.678 Thread 0x0000018f3164f000 NullPointerException in IC check 0x0000018f1bc7b7e0
Event: 14.678 Thread 0x0000018f3164f000 Exception <a 'java/lang/NullPointerException'{0x0000000089b00870}> (0x0000000089b00870) thrown at [c:/BuildAgent/work/5ff2f6c26000d570/src/hotspot/share/runtime/sharedRuntime.cpp, line 584]
Event: 16.839 Thread 0x0000018f3540d000 Exception <a 'java/lang/NoSuchMethodError'{0x0000000089a9ca40}: 'void java.lang.invoke.DirectMethodHandle$Holder.invokeVirtual(java.lang.Object, java.lang.Object)'> (0x0000000089a9ca40) thrown at [c:/BuildAgent/work/5ff2f6c26000d570/src/hotspot/share/inte
Event: 16.840 Thread 0x0000018f3540d000 Exception <a 'java/lang/NoSuchMethodError'{0x0000000089aa3dd0}: 'void java.lang.invoke.DirectMethodHandle$Holder.invokeInterface(java.lang.Object, java.lang.Object)'> (0x0000000089aa3dd0) thrown at [c:/BuildAgent/work/5ff2f6c26000d570/src/hotspot/share/in
Event: 23.131 Thread 0x0000018f32fdc800 Exception <a 'sun/nio/fs/WindowsException'{0x000000008d819608}> (0x000000008d819608) thrown at [c:/BuildAgent/work/5ff2f6c26000d570/src/hotspot/share/prims/jni.cpp, line 615]
Event: 25.621 Thread 0x0000018f3540d000 Exception <a 'java/lang/NoSuchMethodError'{0x000000008d682800}: 'java.lang.Object java.lang.invoke.DirectMethodHandle$Holder.invokeStatic(java.lang.Object, java.lang.Object, java.lang.Object, java.lang.Object, java.lang.Object, java.lang.Object, java.lang
Event: 25.621 Thread 0x0000018f3540d000 Exception <a 'java/lang/NoSuchMethodError'{0x000000008d6a2fa8}: 'java.lang.Object java.lang.invoke.DirectMethodHandle$Holder.invokeStatic(java.lang.Object, java.lang.Object, java.lang.Object, java.lang.Object, java.lang.Object, java.lang.Object, java.lang
Event: 25.624 Thread 0x0000018f3540d000 Exception <a 'java/lang/NoSuchMethodError'{0x000000008d6e97d8}: 'java.lang.Object java.lang.invoke.Invokers$Holder.linkToTargetMethod(java.lang.Object, int, java.lang.Object)'> (0x000000008d6e97d8) thrown at [c:/BuildAgent/work/5ff2f6c26000d570/src/hotspo
Event: 37.755 Thread 0x0000018f3540d000 Exception <a 'java/lang/IncompatibleClassChangeError'{0x0000000094577298}: Found class java.lang.Object, but interface was expected> (0x0000000094577298) thrown at [c:/BuildAgent/work/5ff2f6c26000d570/src/hotspot/share/interpreter/linkResolver.cpp, line 8
Event: 37.757 Thread 0x0000018f3540d000 Exception <a 'java/lang/IncompatibleClassChangeError'{0x000000009457fe68}: Found class java.lang.Object, but interface was expected> (0x000000009457fe68) thrown at [c:/BuildAgent/work/5ff2f6c26000d570/src/hotspot/share/interpreter/linkResolver.cpp, line 8
Event: 37.757 Thread 0x0000018f3540d000 Exception <a 'java/lang/IncompatibleClassChangeError'{0x00000000945825b8}: Found class java.lang.Object, but interface was expected> (0x00000000945825b8) thrown at [c:/BuildAgent/work/5ff2f6c26000d570/src/hotspot/share/interpreter/linkResolver.cpp, line 8

Events (20 events):
Event: 615.708 Executing VM operation: CGC_Operation
Event: 615.708 Executing VM operation: CGC_Operation done
Event: 618.818 Executing VM operation: G1CollectForAllocation
Event: 618.824 Executing VM operation: G1CollectForAllocation done
Event: 622.034 Executing VM operation: G1CollectForAllocation
Event: 622.043 Executing VM operation: G1CollectForAllocation done
Event: 622.136 Executing VM operation: CGC_Operation
Event: 622.163 Executing VM operation: CGC_Operation done
Event: 622.184 Executing VM operation: CGC_Operation
Event: 622.184 Executing VM operation: CGC_Operation done
Event: 625.453 Executing VM operation: G1CollectForAllocation
Event: 625.461 Executing VM operation: G1CollectForAllocation done
Event: 628.534 Executing VM operation: G1CollectForAllocation
Event: 628.540 Executing VM operation: G1CollectForAllocation done
Event: 628.582 Executing VM operation: CGC_Operation
Event: 628.587 Executing VM operation: CGC_Operation done
Event: 628.606 Executing VM operation: CGC_Operation
Event: 628.607 Executing VM operation: CGC_Operation done
Event: 631.799 Executing VM operation: G1CollectForAllocation
Event: 631.804 Executing VM operation: G1CollectForAllocation done


Dynamic libraries:
0x00007ff797530000 - 0x00007ff79753a000 	C:\Program Files\JetBrains\IntelliJ IDEA 2019.3.5\jbr\bin\java.exe
0x00007ffe6f680000 - 0x00007ffe6f870000 	C:\WINDOWS\SYSTEM32\ntdll.dll
0x00007ffe6e710000 - 0x00007ffe6e7c2000 	C:\WINDOWS\System32\KERNEL32.DLL
0x00007ffe6c9e0000 - 0x00007ffe6cc85000 	C:\WINDOWS\System32\KERNELBASE.dll
0x00007ffe6d470000 - 0x00007ffe6d56a000 	C:\WINDOWS\System32\ucrtbase.dll
0x00007ffe4bed0000 - 0x00007ffe4bee9000 	C:\Program Files\JetBrains\IntelliJ IDEA 2019.3.5\jbr\bin\jli.dll
0x00007ffe6f170000 - 0x00007ffe6f304000 	C:\WINDOWS\System32\USER32.dll
0x00007ffe495a0000 - 0x00007ffe495b7000 	C:\Program Files\JetBrains\IntelliJ IDEA 2019.3.5\jbr\bin\VCRUNTIME140.dll
0x00007ffe6d570000 - 0x00007ffe6d591000 	C:\WINDOWS\System32\win32u.dll
0x00007ffe6e940000 - 0x00007ffe6e966000 	C:\WINDOWS\System32\GDI32.dll
0x00007ffe5c480000 - 0x00007ffe5c704000 	C:\WINDOWS\WinSxS\amd64_microsoft.windows.common-controls_6595b64144ccf1df_6.0.18362.1256_none_9e7e379be45e40e2\COMCTL32.dll
0x00007ffe6eb30000 - 0x00007ffe6ebce000 	C:\WINDOWS\System32\msvcrt.dll
0x00007ffe6e210000 - 0x00007ffe6e546000 	C:\WINDOWS\System32\combase.dll
0x00007ffe6f050000 - 0x00007ffe6f170000 	C:\WINDOWS\System32\RPCRT4.dll
0x00007ffe6d5f0000 - 0x00007ffe6d671000 	C:\WINDOWS\System32\bcryptPrimitives.dll
0x00007ffe6c840000 - 0x00007ffe6c9d6000 	C:\WINDOWS\System32\gdi32full.dll
0x00007ffe6c740000 - 0x00007ffe6c7de000 	C:\WINDOWS\System32\msvcp_win.dll
0x00007ffe6f370000 - 0x00007ffe6f39e000 	C:\WINDOWS\System32\IMM32.DLL
0x00007ffe488e0000 - 0x00007ffe4897d000 	C:\Program Files\JetBrains\IntelliJ IDEA 2019.3.5\jbr\bin\msvcp140.dll
0x00007ffe1f970000 - 0x00007ffe2042d000 	C:\Program Files\JetBrains\IntelliJ IDEA 2019.3.5\jbr\bin\server\jvm.dll
0x00007ffe6f4e0000 - 0x00007ffe6f583000 	C:\WINDOWS\System32\ADVAPI32.dll
0x00007ffe6e170000 - 0x00007ffe6e207000 	C:\WINDOWS\System32\sechost.dll
0x00007ffe6ebd0000 - 0x00007ffe6ebd8000 	C:\WINDOWS\System32\PSAPI.DLL
0x00007ffe52340000 - 0x00007ffe52349000 	C:\WINDOWS\SYSTEM32\WSOCK32.dll
0x00007ffe6de20000 - 0x00007ffe6de8f000 	C:\WINDOWS\System32\WS2_32.dll
0x00007ffe67800000 - 0x00007ffe67824000 	C:\WINDOWS\SYSTEM32\WINMM.dll
0x00007ffe654c0000 - 0x00007ffe654ca000 	C:\WINDOWS\SYSTEM32\VERSION.dll
0x00007ffe677d0000 - 0x00007ffe677fd000 	C:\WINDOWS\SYSTEM32\WINMMBASE.dll
0x00007ffe6d5a0000 - 0x00007ffe6d5ea000 	C:\WINDOWS\System32\cfgmgr32.dll
0x00007ffe6c5a0000 - 0x00007ffe6c5b1000 	C:\WINDOWS\System32\kernel.appcore.dll
0x00007ffe684f0000 - 0x00007ffe68501000 	C:\Program Files\JetBrains\IntelliJ IDEA 2019.3.5\jbr\bin\verify.dll
0x00007ffe6ad90000 - 0x00007ffe6af84000 	C:\WINDOWS\SYSTEM32\DBGHELP.DLL
0x00007ffe58700000 - 0x00007ffe5872a000 	C:\WINDOWS\SYSTEM32\dbgcore.DLL
0x00007ffe684c0000 - 0x00007ffe684e9000 	C:\Program Files\JetBrains\IntelliJ IDEA 2019.3.5\jbr\bin\java.dll
0x00007ffe67510000 - 0x00007ffe6751f000 	C:\Program Files\JetBrains\IntelliJ IDEA 2019.3.5\jbr\bin\instrument.dll
0x00007ffe67cc0000 - 0x00007ffe67cd8000 	C:\Program Files\JetBrains\IntelliJ IDEA 2019.3.5\jbr\bin\zip.dll
0x00007ffe67cb0000 - 0x00007ffe67cbb000 	C:\Program Files\JetBrains\IntelliJ IDEA 2019.3.5\jbr\bin\jimage.dll
0x00007ffe6d730000 - 0x00007ffe6de17000 	C:\WINDOWS\System32\SHELL32.dll
0x00007ffe6dff0000 - 0x00007ffe6e099000 	C:\WINDOWS\System32\shcore.dll
0x00007ffe6cc90000 - 0x00007ffe6d411000 	C:\WINDOWS\System32\windows.storage.dll
0x00007ffe6c5c0000 - 0x00007ffe6c5e3000 	C:\WINDOWS\System32\profapi.dll
0x00007ffe6c530000 - 0x00007ffe6c57a000 	C:\WINDOWS\System32\powrprof.dll
0x00007ffe6c520000 - 0x00007ffe6c530000 	C:\WINDOWS\System32\UMPDC.dll
0x00007ffe6f420000 - 0x00007ffe6f472000 	C:\WINDOWS\System32\shlwapi.dll
0x00007ffe6d450000 - 0x00007ffe6d467000 	C:\WINDOWS\System32\cryptsp.dll
0x00007ffe67c90000 - 0x00007ffe67caa000 	C:\Program Files\JetBrains\IntelliJ IDEA 2019.3.5\jbr\bin\net.dll
0x00007ffe63610000 - 0x00007ffe63700000 	C:\WINDOWS\SYSTEM32\WINHTTP.dll
0x00007ffe6bd40000 - 0x00007ffe6bda7000 	C:\WINDOWS\system32\mswsock.dll
0x00007ffe67c70000 - 0x00007ffe67c84000 	C:\Program Files\JetBrains\IntelliJ IDEA 2019.3.5\jbr\bin\nio.dll
0x00007ffe64810000 - 0x00007ffe6482a000 	C:\Program Files\JetBrains\IntelliJ IDEA 2019.3.5\bin\breakgen64.dll
0x00007ffe6ba90000 - 0x00007ffe6bb5b000 	C:\WINDOWS\SYSTEM32\DNSAPI.dll
0x00007ffe6e700000 - 0x00007ffe6e708000 	C:\WINDOWS\System32\NSI.dll
0x00007ffe6ba50000 - 0x00007ffe6ba8a000 	C:\WINDOWS\SYSTEM32\IPHLPAPI.DLL
0x00007ffe651a0000 - 0x00007ffe651aa000 	C:\Windows\System32\rasadhlp.dll
0x00007ffe63be0000 - 0x00007ffe63c57000 	C:\WINDOWS\System32\fwpuclnt.dll
0x00007ffe6d420000 - 0x00007ffe6d446000 	C:\WINDOWS\System32\bcrypt.dll
0x00007ffe67c60000 - 0x00007ffe67c6a000 	C:\Program Files\JetBrains\IntelliJ IDEA 2019.3.5\jbr\bin\management.dll
0x00007ffe67c50000 - 0x00007ffe67c5c000 	C:\Program Files\JetBrains\IntelliJ IDEA 2019.3.5\jbr\bin\management_ext.dll
0x00007ffe6b8a0000 - 0x00007ffe6b8d3000 	C:\WINDOWS\system32\rsaenh.dll
0x00007ffe6c400000 - 0x00007ffe6c425000 	C:\WINDOWS\SYSTEM32\USERENV.dll
0x00007ffe6bf40000 - 0x00007ffe6bf4c000 	C:\WINDOWS\SYSTEM32\CRYPTBASE.dll
0x00007ffe652e0000 - 0x00007ffe652f6000 	C:\WINDOWS\SYSTEM32\dhcpcsvc6.DLL
0x00007ffe652c0000 - 0x00007ffe652dc000 	C:\WINDOWS\SYSTEM32\dhcpcsvc.DLL
0x00007ffe51710000 - 0x00007ffe51726000 	C:\WINDOWS\system32\napinsp.dll
0x00007ffe516f0000 - 0x00007ffe5170a000 	C:\WINDOWS\system32\pnrpnsp.dll
0x00007ffe516d0000 - 0x00007ffe516de000 	C:\WINDOWS\System32\winrnr.dll
0x00007ffe68550000 - 0x00007ffe6856c000 	C:\WINDOWS\system32\NLAapi.dll
0x00007ffe67750000 - 0x00007ffe67765000 	C:\WINDOWS\system32\wshbth.dll
0x00007ffe4dd50000 - 0x00007ffe4ddb4000 	C:\Users\48607\AppData\Local\Temp\lwjgl48607\3.2.3-build-13\lwjgl.dll
0x00007ffe3b860000 - 0x00007ffe3bab3000 	C:\Users\48607\AppData\Local\Temp\lwjgl48607\3.2.3-build-13\jemalloc.dll
0x00007ffe49250000 - 0x00007ffe492b2000 	C:\Users\48607\AppData\Local\Temp\lwjgl48607\3.2.3-build-13\glfw.dll
0x00007ffe69c90000 - 0x00007ffe69d29000 	C:\WINDOWS\system32\uxtheme.dll
0x00007ffe4e4c0000 - 0x00007ffe4e503000 	C:\WINDOWS\SYSTEM32\dinput8.dll
0x00007ffe68720000 - 0x00007ffe68731000 	C:\WINDOWS\SYSTEM32\xinput1_4.dll
0x00007ffe6c310000 - 0x00007ffe6c33a000 	C:\WINDOWS\SYSTEM32\DEVOBJ.dll
0x00007ffe6a4c0000 - 0x00007ffe6a4ed000 	C:\WINDOWS\SYSTEM32\dwmapi.dll
0x00007ffe6de90000 - 0x00007ffe6dfc5000 	C:\WINDOWS\System32\MSCTF.dll
0x00007ffe6e0a0000 - 0x00007ffe6e165000 	C:\WINDOWS\System32\OLEAUT32.dll
0x00007ffe6ad80000 - 0x00007ffe6ad8e000 	C:\WINDOWS\SYSTEM32\HID.DLL
0x00007ffe6ebe0000 - 0x00007ffe6f050000 	C:\WINDOWS\System32\SETUPAPI.DLL
0x00007ffe52e20000 - 0x00007ffe52f3b000 	C:\WINDOWS\SYSTEM32\inputhost.dll
0x00007ffe69990000 - 0x00007ffe69a64000 	C:\WINDOWS\SYSTEM32\CoreMessaging.dll
0x00007ffe65cd0000 - 0x00007ffe65ffa000 	C:\WINDOWS\SYSTEM32\CoreUIComponents.dll
0x00007ffe6a7e0000 - 0x00007ffe6a8d0000 	C:\WINDOWS\SYSTEM32\PROPSYS.dll
0x00007ffe67ce0000 - 0x00007ffe67e33000 	C:\WINDOWS\SYSTEM32\wintypes.dll
0x00007ffe6b520000 - 0x00007ffe6b551000 	C:\WINDOWS\SYSTEM32\ntmarta.dll
0x00007ffe6c7e0000 - 0x00007ffe6c83c000 	C:\WINDOWS\System32\WINTRUST.dll
0x00007ffe6c580000 - 0x00007ffe6c592000 	C:\WINDOWS\System32\MSASN1.dll
0x00007ffe6c5f0000 - 0x00007ffe6c739000 	C:\WINDOWS\System32\CRYPT32.dll
0x00007ffe4fdf0000 - 0x00007ffe4ff46000 	C:\WINDOWS\SYSTEM32\opengl32.dll
0x00007ffe4fd80000 - 0x00007ffe4fdac000 	C:\WINDOWS\SYSTEM32\GLU32.dll
0x00007ffe6b120000 - 0x00007ffe6b140000 	C:\WINDOWS\SYSTEM32\dxcore.dll
0x00007ffe3a910000 - 0x00007ffe3b85a000 	C:\WINDOWS\System32\DriverStore\FileRepository\igdlh64.inf_amd64_baab50003164cdd5\ig9icd64.dll
0x00007ffe6e7d0000 - 0x00007ffe6e927000 	C:\WINDOWS\System32\ole32.dll
0x00007ffe6b1b0000 - 0x00007ffe6b29b000 	C:\WINDOWS\system32\dxgi.dll
0x00007ffe607f0000 - 0x00007ffe60997000 	C:\WINDOWS\System32\DriverStore\FileRepository\igdlh64.inf_amd64_baab50003164cdd5\igdgmm64.dll
0x00007ffe5df00000 - 0x00007ffe607ea000 	C:\WINDOWS\System32\DriverStore\FileRepository\igdlh64.inf_amd64_baab50003164cdd5\igc64.dll
0x00007ffe3a510000 - 0x00007ffe3a901000 	C:\WINDOWS\System32\DriverStore\FileRepository\igdlh64.inf_amd64_baab50003164cdd5\igdml64.dll
0x00007ffe44730000 - 0x00007ffe44789000 	C:\Users\48607\AppData\Local\Temp\lwjgl48607\3.2.3-build-13\lwjgl_opengl.dll
0x00007ffe645f0000 - 0x00007ffe64791000 	C:\Program Files\JetBrains\IntelliJ IDEA 2019.3.5\jbr\bin\awt.dll
0x00007ffe69ba0000 - 0x00007ffe69c2f000 	C:\WINDOWS\SYSTEM32\apphelp.dll
0x00007ffe4c6a0000 - 0x00007ffe4c725000 	C:\Program Files\JetBrains\IntelliJ IDEA 2019.3.5\jbr\bin\freetype.dll
0x00007ffe4c5f0000 - 0x00007ffe4c698000 	C:\Program Files\JetBrains\IntelliJ IDEA 2019.3.5\jbr\bin\fontmanager.dll
0x00007ffe674e0000 - 0x00007ffe67508000 	C:\Program Files\JetBrains\IntelliJ IDEA 2019.3.5\jbr\bin\sunec.dll
0x00007ffe554f0000 - 0x00007ffe5558e000 	C:\WINDOWS\System32\TextInputFramework.dll
0x00007ffe5a160000 - 0x00007ffe5a407000 	C:\WINDOWS\System32\iertutil.dll
0x00007ffe6f590000 - 0x00007ffe6f632000 	C:\WINDOWS\System32\clbcatq.dll

dbghelp: loaded successfully - version: 4.0.5 - missing functions: none
symbol engine: initialized successfully - sym options: 0x614 - pdb path: .;C:\Program Files\JetBrains\IntelliJ IDEA 2019.3.5\jbr\bin;C:\WINDOWS\SYSTEM32;C:\WINDOWS\WinSxS\amd64_microsoft.windows.common-controls_6595b64144ccf1df_6.0.18362.1256_none_9e7e379be45e40e2;C:\Program Files\JetBrains\IntelliJ IDEA 2019.3.5\jbr\bin\server;C:\Program Files\JetBrains\IntelliJ IDEA 2019.3.5\bin;C:\Users\48607\AppData\Local\Temp\lwjgl48607\3.2.3-build-13;C:\WINDOWS\System32\DriverStore\FileRepository\igdlh64.inf_amd64_baab50003164cdd5

VM Arguments:
jvm_args: -XX:TieredStopAtLevel=1 -Xverify:none -Dspring.output.ansi.enabled=always -Dcom.sun.management.jmxremote -Dspring.jmx.enabled=true -Dspring.liveBeansView.mbeanDomain -Dspring.application.admin.enabled=true -javaagent:C:\Program Files\JetBrains\IntelliJ IDEA 2019.3.5\lib\idea_rt.jar=50364:C:\Program Files\JetBrains\IntelliJ IDEA 2019.3.5\bin -Dfile.encoding=UTF-8 
java_command: com.khryniewicki.projectX.ProjectXApplication
java_class_path (initial): C:\Users\48607\Desktop\Aplikacje\projectX\target\classes;C:\Users\48607\.m2\repository\org\springframework\spring-beans\5.2.6.RELEASE\spring-beans-5.2.6.RELEASE.jar;C:\Users\48607\.m2\repository\org\springframework\spring-core\5.2.5.RELEASE\spring-core-5.2.5.RELEASE.jar;C:\Users\48607\.m2\repository\org\springframework\spring-jcl\5.2.5.RELEASE\spring-jcl-5.2.5.RELEASE.jar;C:\Users\48607\.m2\repository\org\springframework\boot\spring-boot-starter-web\2.2.6.RELEASE\spring-boot-starter-web-2.2.6.RELEASE.jar;C:\Users\48607\.m2\repository\org\springframework\boot\spring-boot-starter\2.2.6.RELEASE\spring-boot-starter-2.2.6.RELEASE.jar;C:\Users\48607\.m2\repository\org\springframework\boot\spring-boot-starter-logging\2.2.6.RELEASE\spring-boot-starter-logging-2.2.6.RELEASE.jar;C:\Users\48607\.m2\repository\ch\qos\logback\logback-classic\1.2.3\logback-classic-1.2.3.jar;C:\Users\48607\.m2\repository\ch\qos\logback\logback-core\1.2.3\logback-core-1.2.3.jar;C:\Users\48607\.m2\repository\org\apache\logging\log4j\log4j-to-slf4j\2.12.1\log4j-to-slf4j-2.12.1.jar;C:\Users\48607\.m2\repository\org\apache\logging\log4j\log4j-api\2.12.1\log4j-api-2.12.1.jar;C:\Users\48607\.m2\repository\org\slf4j\jul-to-slf4j\1.7.30\jul-to-slf4j-1.7.30.jar;C:\Users\48607\.m2\repository\jakarta\annotation\jakarta.annotation-api\1.3.5\jakarta.annotation-api-1.3.5.jar;C:\Users\48607\.m2\repository\org\yaml\snakeyaml\1.25\snakeyaml-1.25.jar;C:\Users\48607\.m2\repository\org\springframework\boot\spring-boot-starter-json\2.2.6.RELEASE\spring-boot-starter-json-2.2.6.RELEASE.jar;C:\Users\48607\.m2\repository\com\fasterxml\jackson\core\jackson-databind\2.10.3\jackson-databind-2.10.3.jar;C:\Users\48607\.m2\repository\com\fasterxml\jackson\core\jackson-annotations\2.10.3\jackson-annotations-2.10.3.jar;C:\Users\48607\.m2\repository\com\fasterxml\jackson\core\jackson-core\2.10.3\jackson-core-2.10.3.jar;C:\Users\48607\.m2\repository\com\fasterxml\jackson\datatype\jackson-datatype-jdk8\2.
Launcher Type: SUN_STANDARD

[Global flags]
     bool BytecodeVerificationLocal                = false                                     {product} {command line}
     bool BytecodeVerificationRemote               = false                                     {product} {command line}
     intx CICompilerCount                          = 3                                         {product} {ergonomic}
     uint ConcGCThreads                            = 1                                         {product} {ergonomic}
     uint G1ConcRefinementThreads                  = 4                                         {product} {ergonomic}
   size_t G1HeapRegionSize                         = 1048576                                   {product} {ergonomic}
    uintx GCDrainStackTargetSize                   = 64                                        {product} {ergonomic}
   size_t InitialHeapSize                          = 134217728                                 {product} {ergonomic}
     bool ManagementServer                         = true                                      {product} {command line}
   size_t MarkStackSize                            = 4194304                                   {product} {ergonomic}
   size_t MaxHeapSize                              = 2118123520                                {product} {ergonomic}
   size_t MaxNewSize                               = 1270874112                                {product} {ergonomic}
   size_t MinHeapDeltaBytes                        = 1048576                                   {product} {ergonomic}
    uintx NonNMethodCodeHeapSize                   = 6973028                                {pd product} {ergonomic}
    uintx NonProfiledCodeHeapSize                  = 244685212                              {pd product} {ergonomic}
    uintx ProfiledCodeHeapSize                     = 0                                      {pd product} {ergonomic}
    uintx ReservedCodeCacheSize                    = 251658240                              {pd product} {ergonomic}
     bool SegmentedCodeCache                       = true                                      {product} {ergonomic}
     intx TieredStopAtLevel                        = 1                                         {product} {command line}
     bool UseCompressedClassPointers               = true                                 {lp64_product} {ergonomic}
     bool UseCompressedOops                        = true                                 {lp64_product} {ergonomic}
     bool UseG1GC                                  = true                                      {product} {ergonomic}
     bool UseLargePagesIndividualAllocation        = false                                  {pd product} {ergonomic}

Logging:
Log output configuration:
 #0: stdout all=warning uptime,level,tags
 #1: stderr all=off uptime,level,tags

Environment Variables:
JAVA_HOME=C:\Program Files\AdoptOpenJDK\jdk-11.0.3.7-hotspot
PATH=C:\Python38\Scripts\;C:\Python38\;C:\Program Files\AdoptOpenJDK\jdk-11.0.3.7-hotspot\bin;C:\WINDOWS\system32;C:\WINDOWS;C:\WINDOWS\System32\Wbem;C:\WINDOWS\System32\WindowsPowerShell\v1.0\;C:\WINDOWS\System32\OpenSSH\;C:\Program Files\Intel\WiFi\bin\;C:\Program Files\Common Files\Intel\WirelessCommon\;C:\Program Files\Git\cmd;C:\Program Files\mosquitto;C:\Program Files\AdoptOpenJDK\jdk-11.0.3.7-hotspot\bin;C:\Users\48607\Downloads\apache-maven-3.6.3\bin;C:\Program Files\nodejs\;C:\ProgramData\chocolatey\bin;C:\Program Files\MySQL\MySQL Shell 8.0\bin\;C:\Users\48607\AppData\Local\Microsoft\WindowsApps;C:\Users\48607\AppData\Local\Programs\Microsoft VS Code\bin;C:\Program Files\Docker Toolbox;C:\Users\48607\AppData\Roaming\npm
USERNAME=48607
OS=Windows_NT
PROCESSOR_IDENTIFIER=Intel64 Family 6 Model 158 Stepping 9, GenuineIntel



---------------  S Y S T E M  ---------------

OS: Windows 10 , 64 bit Build 18362 (10.0.18362.1110)
HyperV virtualization detected

CPU:total 4 (initial active 4) (4 cores per cpu, 1 threads per core) family 6 model 158 stepping 9, cmov, cx8, fxsr, mmx, sse, sse2, sse3, ssse3, sse4.1, sse4.2, popcnt, avx, avx2, aes, clmul, erms, 3dnowpref, lzcnt, tsc, tscinvbit, bmi1, bmi2, adx, fma

Memory: 4k page, system-wide physical 8076M (222M free)
TotalPageFile size 32652M (AvailPageFile size 27M)
current process WorkingSet (physical memory assigned to process): 361M, peak: 4639M
current process commit charge ("private bytes"): 22652M, peak: 22653M

vm_info: OpenJDK 64-Bit Server VM (11.0.6+8-b520.66) for windows-amd64 JRE (11.0.6+8-b520.66), built on Apr 20 2020 16:47:00 by "" with MS VC++ 14.0 (VS2015)

END.
